<!DOCTYPE html>
<html lang="en">
  <head>
    <meta charset="utf-8">
    <meta name="viewport" content="width=device-width,initial-scale=1">
    <title>ReFrame logs :: Ktirio Benchmarks</title>
    <link rel="canonical" href="https://feelpp.github.io/bench.ktirio.fr/ktirio_benchmarks/logs/vega/feelpp_kub_cem/Paris_partitioned/2025_04_03T09_46_13Z0200/a4863876.html">
    <meta name="generator" content="Antora 3.1.10">
    <link rel="stylesheet" href="../../../../../../_/css/site.css">
<link rel="icon" href="../../../../../../_/img/favicon.ico" type="image/x-icon">
<script>!function(l,p){if(l.protocol!==p&&l.host=="docs.antora.org"){l.protocol=p}else if(/\.gitlab\.io$/.test(l.host)){l.replace(p+"//docs.antora.org"+l.pathname.substr(l.pathname.indexOf("/",1))+l.search+l.hash)}}(location,"https:")</script>

<script src="../../../../../../_/js/vendor/tabs-block-extension.js"></script>
<script src="../../../../../../_/js/vendor/tabs-block-behavior.js"></script>



<script type="text/x-mathjax-config">
MathJax.Hub.Config({
  messageStyle: "none",
  tex2jax: {
    inlineMath: [['$','$'], ['\\(','\\)']],
    displayMath: [['$$','$$'], ['\\[','\\]']],
    processEscapes: true,
    processEnvironments: true,
    ignoreClass: "nostem|nolatexmath"
  },
  asciimath2jax: {
    delimiters: [["\\$", "\\$"]],
    ignoreClass: "nostem|noasciimath"
  },

  TeX: {
      Macros: {
      bold: ["{\\bf #1}",1],
      calTh: "{\\mathcal{T}_h}",
      card: ["{\\operatorname{card}(#1)}",1],
      card: ["{\\operatorname{card}(#1)}",1],
      Ck: ["{\\mathcal{C}^{#1}}",1],
      deformt: ["{\\mathbf{\\varepsilon(#1)}}",1],
      diam: "{\\operatorname{diam}}",
      dim: ["{\\operatorname{dim}(#1)}",1],
      disp: ["{\\mathbf{#1}}",1],
      domain: "{\\Omega}",
      ds: "",
      essinf: "{\\operatorname{ess}\\, \\operatorname{inf}}",
      F:"{\\mathcal{F}}",
      geo: "{\\mathrm{geo}}",
      Ich: ["{\\mathcal{I}^{#1}_{c,h}#2}",2],
      Id: "{\\mathcal{I}}",
      Ilag: ["{\\mathcal{I}^{\\mathrm{lag}}_{#1}}",1],
      jump: ["{[\\![ #1 ]\\!]}",1],
      n:"{\\mathbf{n}}",
      Ne: "{N_{\\mathrm{e}}}",
      Next: "{\\mathrm{n}}",
      nf: "{n_f}",
      ngeo: "{n_{\\mathrm{geo}}}",
      Nma: "{N_{\\mathrm{ma}}}",
      NN: "{\\mathbb N}",
      Nno: "{N_{\\mathrm{no}}}",
      Nso: "{N_{\\mathrm{so}}}",
      opdim: "{\\operatorname{dim}}",
      p: "{\\mathrm{p}}",
      P:"{\\mathcal{P}}",
      Pch: ["{P^{#1}_{c,h}}",1],
      Pcho: ["{P^{#1}_{c,h,0}}",1],
      Pk: ["{\\mathcal{P}^{#1}}",1],
      poly: ["{\\mathbb{#1}",1],
      poly: ["{\\mathbb{#1}}",1],
      prect: ["{\\left\\(#1\\right\\)}",1],
      q:"{\\mathbf{q}}",
      Qch: ["{Q^{#1}_{c,h}}",1],
      Qk: ["{\\mathcal{Q}^{#1}}",1],
      R: ["{\\mathbb{R}^{#1}}",1],
      RR: "{\\mathbb R}",
      set: ["{\\left\\{#1\\right\\}}",1],
      stresst: ["{\\mathbf{\\sigma(#1)}}",1],
      T:"{\\mathcal{T}}",
      tr: "{\\operatorname{tr}}",
      v:"{\\mathbf{v}}",
      vertiii: ["\\left\\vert\\kern-0.25ex\\left\\vert\\kern-0.25ex\\left\\vert #1 \\right\\vert\\kern-0.25ex\\right\\vert\\kern-0.25ex\\right\\vert",1]
  },
  extensions: ["mhchem.js"] 
  }
});
</script>
<!--<script type="text/javascript" async src="https://cdnjs.cloudflare.com/ajax/libs/mathjax/2.7.3/MathJax.js?config=TeX-MML-AM_CHTML"></script>-->
<!-- <script src='https://cdnjs.cloudflare.com/ajax/libs/mathjax/2.7.4/MathJax.js?config=TeX-MML-AM_CHTML' async></script> -->
<script src='https://cdnjs.cloudflare.com/ajax/libs/mathjax/2.7.7/MathJax.js?config=TeX-AMS_CHTML'></script>
<!--<script src="https://cdnjs.cloudflare.com/ajax/libs/mathjax/2.6.0/MathJax.js?config=TeX-MML-AM_HTMLorMML"></script>-->

<!--<link rel="stylesheet" href="https://cdnjs.cloudflare.com/ajax/libs/KaTeX/0.9.0/katex.min.css" integrity="sha384-TEMocfGvRuD1rIAacqrknm5BQZ7W7uWitoih+jMNFXQIbNl16bO8OZmylH/Vi/Ei" crossorigin="anonymous">
<script src="https://cdnjs.cloudflare.com/ajax/libs/KaTeX/0.9.0/katex.min.js" integrity="sha384-jmxIlussZWB7qCuB+PgKG1uLjjxbVVIayPJwi6cG6Zb4YKq0JIw+OMnkkEC7kYCq" crossorigin="anonymous"></script>-->
<script>var uiRootPath = '../../../../../../_'</script>

  </head>
  <body class="article">
<header class="header">
    <nav class="navbar navbar-expand-sm bg-dark navbar-dark navbar-template-project" style="border-top: 4px solid #9E9E9E">
        <div class="navbar-brand">
            <div class="navbar-item feelpp-logo">
            <a href="https://hidalgo2.eu"><img class="cemosis-logo" src="../../../../../../_/img/logo-hidalgo2-color.png" alt="Ktirio Benchmarks"></a>            
            &nbsp;&nbsp;&nbsp;&nbsp;
            <a href="https://eurohpc-ju.europa.eu/"><img class="cemosis-logo" src="../../../../../../_/img/logo-eurohpc-ju.png" alt="Ktirio Benchmarks"></a>            
            &nbsp;&nbsp;&nbsp;&nbsp;
            <a href="https://numpex.org/"><img class="cemosis-logo" src="../../../../../../_/img/logo-numpex.png" alt="Ktirio Benchmarks"></a>            
            &nbsp;&nbsp;&nbsp;&nbsp;
            <a href="https://www.economie.gouv.fr/france-2030"><img class="cemosis-logo" src="../../../../../../_/img/logo-france-2030.jpg" alt="Ktirio Benchmarks"></a>
            </div>  
            <button class="navbar-burger" data-target="topbar-nav">
                <span></span>
                <span></span>
                <span></span>
            </button>
        </div>

        <div id="topbar-nav" class="navbar-menu">
            <div class="navbar-end">
                <div class="navbar-item">
                    <a href="https://docs.feelpp.org/">Documentation Reference</a>
                </div>
                <div class="navbar-item">
                    <a class="navbar-brand"  href="https://www.cemosis.fr">
                        <a href="https://feelpp.github.io/bench.ktirio.fr"><img class="cemosis-logo" src="../../../../../../_/img/logo-unistra.svg"></a>
                        &nbsp;&nbsp;&nbsp;&nbsp;
                        <a href="https://feelpp.github.io/bench.ktirio.fr"><img class="cemosis-logo" src="../../../../../../_/img/logo-cnrs.svg"></a>
                        &nbsp;&nbsp;&nbsp;&nbsp;
                        <img class="cemosis-logo"  src="../../../../../../_/img/cemosis-logo.svg" alt="Cemosis logo"/>
                    </a>
                </div>
            </div>
        </div>
    </nav>
</header>
<div class="body">
<a href="#" class="menu-expand-toggle"></a>
<div class="nav-container" data-component="ktirio_benchmarks" data-version="">
  <aside class="nav">
    <div class="panels">
<div class="nav-panel-menu is-active" data-panel="menu">
  <nav class="nav-menu">
    <h3 class="title"><a href="../../../../../index.html">Ktirio Benchmarks</a></h3>
<ul class="nav-list">
  <li class="nav-item" data-depth="0">
<ul class="nav-list">
  <li class="nav-item" data-depth="1">
    <a class="nav-link" href="../../../../../index.html">Ktirio Benchmarks</a>
  </li>
  <li class="nav-item" data-depth="1">
    <a class="nav-link" href="../../../../../about.html">About</a>
  </li>
</ul>
  </li>
</ul>
  </nav>
</div>
<div class="nav-panel-explore" data-panel="explore">
  <div class="context">
    <span class="title">Ktirio Benchmarks</span>
    <span class="version"></span>
  </div>
  <ul class="components">
      <li class="component is-current">
        <a class="title" href="../../../../../index.html">Ktirio Benchmarks</a>
      </li>
  </ul>
</div>
    </div>
  </aside>
</div>
<main class="article">
<div class="toolbar" role="navigation">
  <button class="nav-toggle"></button>
    <a href="../../../../../index.html" class="home-link"></a>
  <nav class="breadcrumbs" aria-label="breadcrumbs">
  <ul>
    <li><a href="../../../../../index.html">Ktirio Benchmarks</a></li>
    <li><a href="a4863876.html">ReFrame logs</a></li>
  </ul>
</nav>

  
    <div class="edit-this-page"><a href="https://github.com/feelpp/bench.ktirio.fr/edit/HEAD/docs/modules/ROOT/pages/logs/vega/feelpp_kub_cem/Paris_partitioned/2025_04_03T09_46_13Z0200/a4863876.adoc">Edit this Page</a></div>
  
  <div class="page-downloads">
  <span class="label">Download as</span>
  <ul class="download-options">
    <li>
      <a onclick="print(this)" href="#" data-toggle="tooltip" data-placement="left" title="Print to PDF"
         class="pdf-download">
        <img class="pdf-file-icon icon" src="../../../../../../_/img/pdf.svg"/> .pdf
      </a>
    </li>
  </ul>
</div>
</div>

  <div class="content">
<aside class="toc sidebar" data-title="Contents" data-levels="2">
  <div class="toc-menu"></div>
</aside>
<article class="doc">
<h1 class="page">ReFrame logs</h1>
<div class="sect1">
<h2 id="_reframe_scheduler_script"><a class="anchor" href="#_reframe_scheduler_script"></a>1. ReFrame scheduler script</h2>
<div class="sectionbody">
<div class="listingblock">
<div class="content">
<pre class="highlightjs highlight"><code class="language-bash hljs" data-lang="bash">#!/bin/bash
#SBATCH --job-name="rfm_RegressionTest_a4863876"
#SBATCH --ntasks=512
#SBATCH --cpus-per-task=1
#SBATCH --output=rfm_job.out
#SBATCH --error=rfm_job.err
#SBATCH --exclusive
#SBATCH --partition=cpu
#SBATCH --nodes=4
#SBATCH --threads-per-core=1
#SBATCH --time=0-00:30:0
module load OpenMPI/4.1.5-GCC-12.3.0
srun --cpus-per-task=1 singularity exec -B"/ceph/hpc/home/euvincentc/actions-runner/_work/bench.ktirio.fr/bench.ktirio.fr/build/reframe/stage/vega/cpu/default/RegressionTest_a4863876:/rfm_workdir" --home /exa5/data/d2024d05-047-users/euvincentc/apptainer_home --bind /exa5/data/d2024d05-047-users/euvincentc/inputdataset:/input_data --env OMP_NUM_THREADS=1 --bind /opt:/opt /ceph/hpc/home/euvincentc/images_sif/kub_feature-cem_partitioning-sif feelpp_kub_cem --config-files /input_data/kub/idealHeaters.cfg --cem.simulator.sun.filename=/input_data/kub/simulators/Sun.fmu --cem.simulator.lod0.modelisation.maxfloors=10 --cem.preprocessing.dataregistry.directory=/input_data/kub_benchmark/5km/preprocessing --cem.weather.filename=/input_data/kub/Paris/weather.csv --cem.scenarios.filename=/input_data/kub/scenarios_local/scenarios.json --cem.instance.time.start=0 --cem.instance.time.stop=86400 --cem.instance.time.step=3600 --cem.instance.postprocess.export.visualization.enabled=true --cem.instance.postprocess.export.report.enabled=true --cem.instance.postprocess.export.outputs.csv.enabled=false --cem.instance.postprocess.export.outputs.enabled=true --cem.instance.solar_shading.enabled=true --cem.instance.idealflows.enabled=true --cem.database.directory /exa5/data/d2024d05-047-users/euvincentc/apptainer_home/kub/a4863876/Paris_partitioned --directory /exa5/data/d2024d05-047-users/euvincentc/apptainer_home/kub/a4863876/Paris_partitioned --cem.instance.solar_shading.ray-tracing.quad-order 1</code></pre>
</div>
</div>
</div>
</div>
<div class="sect1">
<h2 id="_reframe_error_log"><a class="anchor" href="#_reframe_error_log"></a>2. ReFrame error log</h2>
<div class="sectionbody">
<div class="listingblock">
<div class="content">
<pre class="highlightjs highlight"><code class="language-bash hljs" data-lang="bash">[cn0466:284815] PMIX ERROR: ERROR in file ../../../../../../src/mca/gds/ds12/gds_ds12_lock_pthread.c at line 169
[cn0428:273357] PMIX ERROR: ERROR in file ../../../../../../src/mca/gds/ds12/gds_ds12_lock_pthread.c at line 169
[cn0466:284821] PMIX ERROR: ERROR in file ../../../../../../src/mca/gds/ds12/gds_ds12_lock_pthread.c at line 169
[cn0428:273358] PMIX ERROR: ERROR in file ../../../../../../src/mca/gds/ds12/gds_ds12_lock_pthread.c at line 169
[cn0880:3933347] PMIX ERROR: ERROR in file ../../../../../../src/mca/gds/ds12/gds_ds12_lock_pthread.c at line 169
[cn0428:273363] PMIX ERROR: ERROR in file ../../../../../../src/mca/gds/ds12/gds_ds12_lock_pthread.c at line 169
[cn0880:3933335] PMIX ERROR: ERROR in file ../../../../../../src/mca/gds/ds12/gds_ds12_lock_pthread.c at line 169
[cn0428:273356] PMIX ERROR: ERROR in file ../../../../../../src/mca/gds/ds12/gds_ds12_lock_pthread.c at line 169
[cn0466:284838] PMIX ERROR: ERROR in file ../../../../../../src/mca/gds/ds12/gds_ds12_lock_pthread.c at line 169
[cn0466:284824] PMIX ERROR: ERROR in file ../../../../../../src/mca/gds/ds12/gds_ds12_lock_pthread.c at line 169
[cn0867:1803465] PMIX ERROR: ERROR in file ../../../../../../src/mca/gds/ds12/gds_ds12_lock_pthread.c at line 169
[cn0466:284830] PMIX ERROR: ERROR in file ../../../../../../src/mca/gds/ds12/gds_ds12_lock_pthread.c at line 169
[cn0880:3933331] PMIX ERROR: ERROR in file ../../../../../../src/mca/gds/ds12/gds_ds12_lock_pthread.c at line 169
[cn0880:3933339] PMIX ERROR: ERROR in file ../../../../../../src/mca/gds/ds12/gds_ds12_lock_pthread.c at line 169
[cn0867:1803470] PMIX ERROR: ERROR in file ../../../../../../src/mca/gds/ds12/gds_ds12_lock_pthread.c at line 169
[cn0466:284841] PMIX ERROR: ERROR in file ../../../../../../src/mca/gds/ds12/gds_ds12_lock_pthread.c at line 169
[cn0428:273353] PMIX ERROR: ERROR in file ../../../../../../src/mca/gds/ds12/gds_ds12_lock_pthread.c at line 169
[cn0880:3933336] PMIX ERROR: ERROR in file ../../../../../../src/mca/gds/ds12/gds_ds12_lock_pthread.c at line 169
[cn0466:284836] PMIX ERROR: ERROR in file ../../../../../../src/mca/gds/ds12/gds_ds12_lock_pthread.c at line 169
[cn0867:1803487] PMIX ERROR: ERROR in file ../../../../../../src/mca/gds/ds12/gds_ds12_lock_pthread.c at line 169
[cn0428:273355] PMIX ERROR: ERROR in file ../../../../../../src/mca/gds/ds12/gds_ds12_lock_pthread.c at line 169
[cn0867:1803485] PMIX ERROR: ERROR in file ../../../../../../src/mca/gds/ds12/gds_ds12_lock_pthread.c at line 169
[cn0466:284840] PMIX ERROR: ERROR in file ../../../../../../src/mca/gds/ds12/gds_ds12_lock_pthread.c at line 169
[cn0880:3933329] PMIX ERROR: ERROR in file ../../../../../../src/mca/gds/ds12/gds_ds12_lock_pthread.c at line 169
[cn0466:284997] PMIX ERROR: ERROR in file ../../../../../../src/mca/gds/ds12/gds_ds12_lock_pthread.c at line 169
[cn0428:273354] PMIX ERROR: ERROR in file ../../../../../../src/mca/gds/ds12/gds_ds12_lock_pthread.c at line 169
[cn0428:273362] PMIX ERROR: ERROR in file ../../../../../../src/mca/gds/ds12/gds_ds12_lock_pthread.c at line 169
[cn0880:3933337] PMIX ERROR: ERROR in file ../../../../../../src/mca/gds/ds12/gds_ds12_lock_pthread.c at line 169
[cn0867:1803484] PMIX ERROR: ERROR in file ../../../../../../src/mca/gds/ds12/gds_ds12_lock_pthread.c at line 169
[cn0466:284999] PMIX ERROR: ERROR in file ../../../../../../src/mca/gds/ds12/gds_ds12_lock_pthread.c at line 169
[cn0880:3933348] PMIX ERROR: ERROR in file ../../../../../../src/mca/gds/ds12/gds_ds12_lock_pthread.c at line 169
[cn0867:1803556] PMIX ERROR: ERROR in file ../../../../../../src/mca/gds/ds12/gds_ds12_lock_pthread.c at line 169
[cn0428:273359] PMIX ERROR: ERROR in file ../../../../../../src/mca/gds/ds12/gds_ds12_lock_pthread.c at line 169
[cn0466:284998] PMIX ERROR: ERROR in file ../../../../../../src/mca/gds/ds12/gds_ds12_lock_pthread.c at line 169
[cn0880:3933340] PMIX ERROR: ERROR in file ../../../../../../src/mca/gds/ds12/gds_ds12_lock_pthread.c at line 169
[cn0867:1803489] PMIX ERROR: ERROR in file ../../../../../../src/mca/gds/ds12/gds_ds12_lock_pthread.c at line 169
[cn0867:1803555] PMIX ERROR: ERROR in file ../../../../../../src/mca/gds/ds12/gds_ds12_lock_pthread.c at line 169
[cn0880:3933364] PMIX ERROR: ERROR in file ../../../../../../src/mca/gds/ds12/gds_ds12_lock_pthread.c at line 169
[cn0867:1803488] PMIX ERROR: ERROR in file ../../../../../../src/mca/gds/ds12/gds_ds12_lock_pthread.c at line 169
[cn0466:285046] PMIX ERROR: ERROR in file ../../../../../../src/mca/gds/ds12/gds_ds12_lock_pthread.c at line 169
[cn0466:285027] PMIX ERROR: ERROR in file ../../../../../../src/mca/gds/ds12/gds_ds12_lock_pthread.c at line 169
[cn0867:1803566] PMIX ERROR: ERROR in file ../../../../../../src/mca/gds/ds12/gds_ds12_lock_pthread.c at line 169
[cn0428:273497] PMIX ERROR: ERROR in file ../../../../../../src/mca/gds/ds12/gds_ds12_lock_pthread.c at line 169
[cn0880:3933342] PMIX ERROR: ERROR in file ../../../../../../src/mca/gds/ds12/gds_ds12_lock_pthread.c at line 169
[cn0880:3933354] PMIX ERROR: ERROR in file ../../../../../../src/mca/gds/ds12/gds_ds12_lock_pthread.c at line 169
[cn0428:273499] PMIX ERROR: ERROR in file ../../../../../../src/mca/gds/ds12/gds_ds12_lock_pthread.c at line 169
[cn0880:3933361] PMIX ERROR: ERROR in file ../../../../../../src/mca/gds/ds12/gds_ds12_lock_pthread.c at line 169
[cn0428:273498] PMIX ERROR: ERROR in file ../../../../../../src/mca/gds/ds12/gds_ds12_lock_pthread.c at line 169
[cn0466:285050] PMIX ERROR: ERROR in file ../../../../../../src/mca/gds/ds12/gds_ds12_lock_pthread.c at line 169
[cn0428:273659] PMIX ERROR: ERROR in file ../../../../../../src/mca/gds/ds12/gds_ds12_lock_pthread.c at line 169
[cn0466:285100] PMIX ERROR: ERROR in file ../../../../../../src/mca/gds/ds12/gds_ds12_lock_pthread.c at line 169
[cn0466:285074] PMIX ERROR: ERROR in file ../../../../../../src/mca/gds/ds12/gds_ds12_lock_pthread.c at line 169
[cn0466:285075] PMIX ERROR: ERROR in file ../../../../../../src/mca/gds/ds12/gds_ds12_lock_pthread.c at line 169
[cn0428:273723] PMIX ERROR: ERROR in file ../../../../../../src/mca/gds/ds12/gds_ds12_lock_pthread.c at line 169
[cn0867:1803579] PMIX ERROR: ERROR in file ../../../../../../src/mca/gds/ds12/gds_ds12_lock_pthread.c at line 169
[cn0867:1803581] PMIX ERROR: ERROR in file ../../../../../../src/mca/gds/ds12/gds_ds12_lock_pthread.c at line 169
[cn0867:1803626] PMIX ERROR: ERROR in file ../../../../../../src/mca/gds/ds12/gds_ds12_lock_pthread.c at line 169
[cn0880:3933365] PMIX ERROR: ERROR in file ../../../../../../src/mca/gds/ds12/gds_ds12_lock_pthread.c at line 169
[cn0880:3933369] PMIX ERROR: ERROR in file ../../../../../../src/mca/gds/ds12/gds_ds12_lock_pthread.c at line 169
[cn0880:3933349] PMIX ERROR: ERROR in file ../../../../../../src/mca/gds/ds12/gds_ds12_lock_pthread.c at line 169
[cn0466:285078] PMIX ERROR: ERROR in file ../../../../../../src/mca/gds/ds12/gds_ds12_lock_pthread.c at line 169
[cn0867:1803625] PMIX ERROR: ERROR in file ../../../../../../src/mca/gds/ds12/gds_ds12_lock_pthread.c at line 169
[cn0466:285281] PMIX ERROR: ERROR in file ../../../../../../src/mca/gds/ds12/gds_ds12_lock_pthread.c at line 169
[cn0428:273746] PMIX ERROR: ERROR in file ../../../../../../src/mca/gds/ds12/gds_ds12_lock_pthread.c at line 169
[cn0867:1803580] PMIX ERROR: ERROR in file ../../../../../../src/mca/gds/ds12/gds_ds12_lock_pthread.c at line 169
[cn0466:285262] PMIX ERROR: ERROR in file ../../../../../../src/mca/gds/ds12/gds_ds12_lock_pthread.c at line 169
[cn0880:3933366] PMIX ERROR: ERROR in file ../../../../../../src/mca/gds/ds12/gds_ds12_lock_pthread.c at line 169
[cn0880:3933454] PMIX ERROR: ERROR in file ../../../../../../src/mca/gds/ds12/gds_ds12_lock_pthread.c at line 169
[cn0880:3933358] PMIX ERROR: ERROR in file ../../../../../../src/mca/gds/ds12/gds_ds12_lock_pthread.c at line 169
[cn0428:273747] PMIX ERROR: ERROR in file ../../../../../../src/mca/gds/ds12/gds_ds12_lock_pthread.c at line 169
[cn0466:285319] PMIX ERROR: ERROR in file ../../../../../../src/mca/gds/ds12/gds_ds12_lock_pthread.c at line 169
[cn0867:1803582] PMIX ERROR: ERROR in file ../../../../../../src/mca/gds/ds12/gds_ds12_lock_pthread.c at line 169
[cn0867:1803629] PMIX ERROR: ERROR in file ../../../../../../src/mca/gds/ds12/gds_ds12_lock_pthread.c at line 169
[cn0428:273745] PMIX ERROR: ERROR in file ../../../../../../src/mca/gds/ds12/gds_ds12_lock_pthread.c at line 169
[cn0880:3933359] PMIX ERROR: ERROR in file ../../../../../../src/mca/gds/ds12/gds_ds12_lock_pthread.c at line 169
[cn0428:273774] PMIX ERROR: ERROR in file ../../../../../../src/mca/gds/ds12/gds_ds12_lock_pthread.c at line 169
[cn0466:285320] PMIX ERROR: ERROR in file ../../../../../../src/mca/gds/ds12/gds_ds12_lock_pthread.c at line 169
[cn0880:3933360] PMIX ERROR: ERROR in file ../../../../../../src/mca/gds/ds12/gds_ds12_lock_pthread.c at line 169
[cn0428:273773] PMIX ERROR: ERROR in file ../../../../../../src/mca/gds/ds12/gds_ds12_lock_pthread.c at line 169
[cn0867:1803603] PMIX ERROR: ERROR in file ../../../../../../src/mca/gds/ds12/gds_ds12_lock_pthread.c at line 169
[cn0466:285316] PMIX ERROR: ERROR in file ../../../../../../src/mca/gds/ds12/gds_ds12_lock_pthread.c at line 169
[cn0880:3933386] PMIX ERROR: ERROR in file ../../../../../../src/mca/gds/ds12/gds_ds12_lock_pthread.c at line 169
[cn0428:273782] PMIX ERROR: ERROR in file ../../../../../../src/mca/gds/ds12/gds_ds12_lock_pthread.c at line 169
[cn0466:285371] PMIX ERROR: ERROR in file ../../../../../../src/mca/gds/ds12/gds_ds12_lock_pthread.c at line 169
[cn0867:1803656] PMIX ERROR: ERROR in file ../../../../../../src/mca/gds/ds12/gds_ds12_lock_pthread.c at line 169
[cn0428:273768] PMIX ERROR: ERROR in file ../../../../../../src/mca/gds/ds12/gds_ds12_lock_pthread.c at line 169
[cn0466:285370] PMIX ERROR: ERROR in file ../../../../../../src/mca/gds/ds12/gds_ds12_lock_pthread.c at line 169
[cn0867:1803628] PMIX ERROR: ERROR in file ../../../../../../src/mca/gds/ds12/gds_ds12_lock_pthread.c at line 169
[cn0867:1803786] PMIX ERROR: ERROR in file ../../../../../../src/mca/gds/ds12/gds_ds12_lock_pthread.c at line 169
[cn0466:285367] PMIX ERROR: ERROR in file ../../../../../../src/mca/gds/ds12/gds_ds12_lock_pthread.c at line 169
[cn0880:3933367] PMIX ERROR: ERROR in file ../../../../../../src/mca/gds/ds12/gds_ds12_lock_pthread.c at line 169
[cn0880:3933330] PMIX ERROR: ERROR in file ../../../../../../src/mca/gds/ds12/gds_ds12_lock_pthread.c at line 169
[cn0867:1803692] PMIX ERROR: ERROR in file ../../../../../../src/mca/gds/ds12/gds_ds12_lock_pthread.c at line 169
[cn0428:273783] PMIX ERROR: ERROR in file ../../../../../../src/mca/gds/ds12/gds_ds12_lock_pthread.c at line 169
[cn0466:285393] PMIX ERROR: ERROR in file ../../../../../../src/mca/gds/ds12/gds_ds12_lock_pthread.c at line 169
[cn0880:3933362] PMIX ERROR: ERROR in file ../../../../../../src/mca/gds/ds12/gds_ds12_lock_pthread.c at line 169
[cn0428:273792] PMIX ERROR: ERROR in file ../../../../../../src/mca/gds/ds12/gds_ds12_lock_pthread.c at line 169
[cn0867:1803743] PMIX ERROR: ERROR in file ../../../../../../src/mca/gds/ds12/gds_ds12_lock_pthread.c at line 169
[cn0867:1803694] PMIX ERROR: ERROR in file ../../../../../../src/mca/gds/ds12/gds_ds12_lock_pthread.c at line 169
[cn0466:285368] PMIX ERROR: ERROR in file ../../../../../../src/mca/gds/ds12/gds_ds12_lock_pthread.c at line 169
[cn0880:3933357] PMIX ERROR: ERROR in file ../../../../../../src/mca/gds/ds12/gds_ds12_lock_pthread.c at line 169
[cn0880:3933385] PMIX ERROR: ERROR in file ../../../../../../src/mca/gds/ds12/gds_ds12_lock_pthread.c at line 169
[cn0428:273960] PMIX ERROR: ERROR in file ../../../../../../src/mca/gds/ds12/gds_ds12_lock_pthread.c at line 169
[cn0466:285361] PMIX ERROR: ERROR in file ../../../../../../src/mca/gds/ds12/gds_ds12_lock_pthread.c at line 169
[cn0428:273973] PMIX ERROR: ERROR in file ../../../../../../src/mca/gds/ds12/gds_ds12_lock_pthread.c at line 169
[cn0880:3933705] PMIX ERROR: ERROR in file ../../../../../../src/mca/gds/ds12/gds_ds12_lock_pthread.c at line 169
[cn0867:1803695] PMIX ERROR: ERROR in file ../../../../../../src/mca/gds/ds12/gds_ds12_lock_pthread.c at line 169
[cn0867:1803791] PMIX ERROR: ERROR in file ../../../../../../src/mca/gds/ds12/gds_ds12_lock_pthread.c at line 169
[cn0466:285364] PMIX ERROR: ERROR in file ../../../../../../src/mca/gds/ds12/gds_ds12_lock_pthread.c at line 169
[cn0880:3933368] PMIX ERROR: ERROR in file ../../../../../../src/mca/gds/ds12/gds_ds12_lock_pthread.c at line 169
[cn0428:273983] PMIX ERROR: ERROR in file ../../../../../../src/mca/gds/ds12/gds_ds12_lock_pthread.c at line 169
[cn0466:285365] PMIX ERROR: ERROR in file ../../../../../../src/mca/gds/ds12/gds_ds12_lock_pthread.c at line 169
[cn0428:273987] PMIX ERROR: ERROR in file ../../../../../../src/mca/gds/ds12/gds_ds12_lock_pthread.c at line 169
[cn0867:1803693] PMIX ERROR: ERROR in file ../../../../../../src/mca/gds/ds12/gds_ds12_lock_pthread.c at line 169
[cn0466:285570] PMIX ERROR: ERROR in file ../../../../../../src/mca/gds/ds12/gds_ds12_lock_pthread.c at line 169
[cn0880:3933890] PMIX ERROR: ERROR in file ../../../../../../src/mca/gds/ds12/gds_ds12_lock_pthread.c at line 169
[cn0428:274089] PMIX ERROR: ERROR in file ../../../../../../src/mca/gds/ds12/gds_ds12_lock_pthread.c at line 169
[cn0867:1803803] PMIX ERROR: ERROR in file ../../../../../../src/mca/gds/ds12/gds_ds12_lock_pthread.c at line 169
[cn0428:273995] PMIX ERROR: ERROR in file ../../../../../../src/mca/gds/ds12/gds_ds12_lock_pthread.c at line 169
[cn0880:3933887] PMIX ERROR: ERROR in file ../../../../../../src/mca/gds/ds12/gds_ds12_lock_pthread.c at line 169
[cn0466:285569] PMIX ERROR: ERROR in file ../../../../../../src/mca/gds/ds12/gds_ds12_lock_pthread.c at line 169
[cn0466:285582] PMIX ERROR: ERROR in file ../../../../../../src/mca/gds/ds12/gds_ds12_lock_pthread.c at line 169
[cn0428:274399] PMIX ERROR: ERROR in file ../../../../../../src/mca/gds/ds12/gds_ds12_lock_pthread.c at line 169
[cn0428:274294] PMIX ERROR: ERROR in file ../../../../../../src/mca/gds/ds12/gds_ds12_lock_pthread.c at line 169
[cn0880:3933891] PMIX ERROR: ERROR in file ../../../../../../src/mca/gds/ds12/gds_ds12_lock_pthread.c at line 169
[cn0880:3933888] PMIX ERROR: ERROR in file ../../../../../../src/mca/gds/ds12/gds_ds12_lock_pthread.c at line 169
[cn0428:274414] PMIX ERROR: ERROR in file ../../../../../../src/mca/gds/ds12/gds_ds12_lock_pthread.c at line 169
[cn0466:285581] PMIX ERROR: ERROR in file ../../../../../../src/mca/gds/ds12/gds_ds12_lock_pthread.c at line 169
[cn0867:1803766] PMIX ERROR: ERROR in file ../../../../../../src/mca/gds/ds12/gds_ds12_lock_pthread.c at line 169
[cn0867:1803767] PMIX ERROR: ERROR in file ../../../../../../src/mca/gds/ds12/gds_ds12_lock_pthread.c at line 169
[cn0466:285900] PMIX ERROR: ERROR in file ../../../../../../src/mca/gds/ds12/gds_ds12_lock_pthread.c at line 169
[cn0428:274380] PMIX ERROR: ERROR in file ../../../../../../src/mca/gds/ds12/gds_ds12_lock_pthread.c at line 169
[cn0880:3933889] PMIX ERROR: ERROR in file ../../../../../../src/mca/gds/ds12/gds_ds12_lock_pthread.c at line 169
[cn0880:3933902] PMIX ERROR: ERROR in file ../../../../../../src/mca/gds/ds12/gds_ds12_lock_pthread.c at line 169
[cn0867:1803685] PMIX ERROR: ERROR in file ../../../../../../src/mca/gds/ds12/gds_ds12_lock_pthread.c at line 169
[cn0466:285912] PMIX ERROR: ERROR in file ../../../../../../src/mca/gds/ds12/gds_ds12_lock_pthread.c at line 169
[cn0466:285909] PMIX ERROR: ERROR in file ../../../../../../src/mca/gds/ds12/gds_ds12_lock_pthread.c at line 169
[cn0428:274379] PMIX ERROR: ERROR in file ../../../../../../src/mca/gds/ds12/gds_ds12_lock_pthread.c at line 169
[cn0428:274417] PMIX ERROR: ERROR in file ../../../../../../src/mca/gds/ds12/gds_ds12_lock_pthread.c at line 169
[cn0867:1803802] PMIX ERROR: ERROR in file ../../../../../../src/mca/gds/ds12/gds_ds12_lock_pthread.c at line 169
[cn0867:1803687] PMIX ERROR: ERROR in file ../../../../../../src/mca/gds/ds12/gds_ds12_lock_pthread.c at line 169
[cn0880:3933903] PMIX ERROR: ERROR in file ../../../../../../src/mca/gds/ds12/gds_ds12_lock_pthread.c at line 169
[cn0466:285914] PMIX ERROR: ERROR in file ../../../../../../src/mca/gds/ds12/gds_ds12_lock_pthread.c at line 169
[cn0466:285934] PMIX ERROR: ERROR in file ../../../../../../src/mca/gds/ds12/gds_ds12_lock_pthread.c at line 169
[cn0880:3934510] PMIX ERROR: ERROR in file ../../../../../../src/mca/gds/ds12/gds_ds12_lock_pthread.c at line 169
[cn0880:3934310] PMIX ERROR: ERROR in file ../../../../../../src/mca/gds/ds12/gds_ds12_lock_pthread.c at line 169
[cn0428:274448] PMIX ERROR: ERROR in file ../../../../../../src/mca/gds/ds12/gds_ds12_lock_pthread.c at line 169
[cn0466:285976] PMIX ERROR: ERROR in file ../../../../../../src/mca/gds/ds12/gds_ds12_lock_pthread.c at line 169
[cn0466:285913] PMIX ERROR: ERROR in file ../../../../../../src/mca/gds/ds12/gds_ds12_lock_pthread.c at line 169
[cn0867:1803782] PMIX ERROR: ERROR in file ../../../../../../src/mca/gds/ds12/gds_ds12_lock_pthread.c at line 169
[cn0880:3934247] PMIX ERROR: ERROR in file ../../../../../../src/mca/gds/ds12/gds_ds12_lock_pthread.c at line 169
[cn0428:274389] PMIX ERROR: ERROR in file ../../../../../../src/mca/gds/ds12/gds_ds12_lock_pthread.c at line 169
[cn0466:285920] PMIX ERROR: ERROR in file ../../../../../../src/mca/gds/ds12/gds_ds12_lock_pthread.c at line 169
[cn0867:1803742] PMIX ERROR: ERROR in file ../../../../../../src/mca/gds/ds12/gds_ds12_lock_pthread.c at line 169
[cn0428:274401] PMIX ERROR: ERROR in file ../../../../../../src/mca/gds/ds12/gds_ds12_lock_pthread.c at line 169
[cn0880:3934308] PMIX ERROR: ERROR in file ../../../../../../src/mca/gds/ds12/gds_ds12_lock_pthread.c at line 169
[cn0880:3934271] PMIX ERROR: ERROR in file ../../../../../../src/mca/gds/ds12/gds_ds12_lock_pthread.c at line 169
[cn0466:286027] PMIX ERROR: ERROR in file ../../../../../../src/mca/gds/ds12/gds_ds12_lock_pthread.c at line 169
[cn0867:1803783] PMIX ERROR: ERROR in file ../../../../../../src/mca/gds/ds12/gds_ds12_lock_pthread.c at line 169
[cn0428:274718] PMIX ERROR: ERROR in file ../../../../../../src/mca/gds/ds12/gds_ds12_lock_pthread.c at line 169
[cn0867:1804219] PMIX ERROR: ERROR in file ../../../../../../src/mca/gds/ds12/gds_ds12_lock_pthread.c at line 169
[cn0466:285919] PMIX ERROR: ERROR in file ../../../../../../src/mca/gds/ds12/gds_ds12_lock_pthread.c at line 169
[cn0880:3934272] PMIX ERROR: ERROR in file ../../../../../../src/mca/gds/ds12/gds_ds12_lock_pthread.c at line 169
[cn0428:274427] PMIX ERROR: ERROR in file ../../../../../../src/mca/gds/ds12/gds_ds12_lock_pthread.c at line 169
[cn0867:1804422] PMIX ERROR: ERROR in file ../../../../../../src/mca/gds/ds12/gds_ds12_lock_pthread.c at line 169
[cn0466:285984] PMIX ERROR: ERROR in file ../../../../../../src/mca/gds/ds12/gds_ds12_lock_pthread.c at line 169
[cn0428:274412] PMIX ERROR: ERROR in file ../../../../../../src/mca/gds/ds12/gds_ds12_lock_pthread.c at line 169
[cn0867:1804488] PMIX ERROR: ERROR in file ../../../../../../src/mca/gds/ds12/gds_ds12_lock_pthread.c at line 169
[cn0880:3934300] PMIX ERROR: ERROR in file ../../../../../../src/mca/gds/ds12/gds_ds12_lock_pthread.c at line 169
[cn0466:286253] PMIX ERROR: ERROR in file ../../../../../../src/mca/gds/ds12/gds_ds12_lock_pthread.c at line 169
[cn0867:1804453] PMIX ERROR: ERROR in file ../../../../../../src/mca/gds/ds12/gds_ds12_lock_pthread.c at line 169
[cn0466:286203] PMIX ERROR: ERROR in file ../../../../../../src/mca/gds/ds12/gds_ds12_lock_pthread.c at line 169
[cn0428:274402] PMIX ERROR: ERROR in file ../../../../../../src/mca/gds/ds12/gds_ds12_lock_pthread.c at line 169
[cn0880:3934299] PMIX ERROR: ERROR in file ../../../../../../src/mca/gds/ds12/gds_ds12_lock_pthread.c at line 169
[cn0428:274415] PMIX ERROR: ERROR in file ../../../../../../src/mca/gds/ds12/gds_ds12_lock_pthread.c at line 169
[cn0466:286274] PMIX ERROR: ERROR in file ../../../../../../src/mca/gds/ds12/gds_ds12_lock_pthread.c at line 169
[cn0880:3934301] PMIX ERROR: ERROR in file ../../../../../../src/mca/gds/ds12/gds_ds12_lock_pthread.c at line 169
[cn0428:274403] PMIX ERROR: ERROR in file ../../../../../../src/mca/gds/ds12/gds_ds12_lock_pthread.c at line 169
[cn0867:1804585] PMIX ERROR: ERROR in file ../../../../../../src/mca/gds/ds12/gds_ds12_lock_pthread.c at line 169
[cn0428:274421] PMIX ERROR: ERROR in file ../../../../../../src/mca/gds/ds12/gds_ds12_lock_pthread.c at line 169
[cn0880:3934258] PMIX ERROR: ERROR in file ../../../../../../src/mca/gds/ds12/gds_ds12_lock_pthread.c at line 169
[cn0880:3934259] PMIX ERROR: ERROR in file ../../../../../../src/mca/gds/ds12/gds_ds12_lock_pthread.c at line 169
[cn0466:286188] PMIX ERROR: ERROR in file ../../../../../../src/mca/gds/ds12/gds_ds12_lock_pthread.c at line 169
[cn0867:1804583] PMIX ERROR: ERROR in file ../../../../../../src/mca/gds/ds12/gds_ds12_lock_pthread.c at line 169
[cn0428:274404] PMIX ERROR: ERROR in file ../../../../../../src/mca/gds/ds12/gds_ds12_lock_pthread.c at line 169
[cn0466:286276] PMIX ERROR: ERROR in file ../../../../../../src/mca/gds/ds12/gds_ds12_lock_pthread.c at line 169
[cn0867:1804592] PMIX ERROR: ERROR in file ../../../../../../src/mca/gds/ds12/gds_ds12_lock_pthread.c at line 169
[cn0428:274400] PMIX ERROR: ERROR in file ../../../../../../src/mca/gds/ds12/gds_ds12_lock_pthread.c at line 169
[cn0466:286076] PMIX ERROR: ERROR in file ../../../../../../src/mca/gds/ds12/gds_ds12_lock_pthread.c at line 169
[cn0428:274424] PMIX ERROR: ERROR in file ../../../../../../src/mca/gds/ds12/gds_ds12_lock_pthread.c at line 169
[cn0466:285975] PMIX ERROR: ERROR in file ../../../../../../src/mca/gds/ds12/gds_ds12_lock_pthread.c at line 169
[cn0880:3934306] PMIX ERROR: ERROR in file ../../../../../../src/mca/gds/ds12/gds_ds12_lock_pthread.c at line 169
[cn0867:1804599] PMIX ERROR: ERROR in file ../../../../../../src/mca/gds/ds12/gds_ds12_lock_pthread.c at line 169
[cn0466:286243] PMIX ERROR: ERROR in file ../../../../../../src/mca/gds/ds12/gds_ds12_lock_pthread.c at line 169
[cn0867:1804649] PMIX ERROR: ERROR in file ../../../../../../src/mca/gds/ds12/gds_ds12_lock_pthread.c at line 169
[cn0880:3934458] PMIX ERROR: ERROR in file ../../../../../../src/mca/gds/ds12/gds_ds12_lock_pthread.c at line 169
[cn0880:3934296] PMIX ERROR: ERROR in file ../../../../../../src/mca/gds/ds12/gds_ds12_lock_pthread.c at line 169
[cn0428:274453] PMIX ERROR: ERROR in file ../../../../../../src/mca/gds/ds12/gds_ds12_lock_pthread.c at line 169
[cn0466:285985] PMIX ERROR: ERROR in file ../../../../../../src/mca/gds/ds12/gds_ds12_lock_pthread.c at line 169
[cn0428:274420] PMIX ERROR: ERROR in file ../../../../../../src/mca/gds/ds12/gds_ds12_lock_pthread.c at line 169
[cn0428:274413] PMIX ERROR: ERROR in file ../../../../../../src/mca/gds/ds12/gds_ds12_lock_pthread.c at line 169
[cn0428:274436] PMIX ERROR: ERROR in file ../../../../../../src/mca/gds/ds12/gds_ds12_lock_pthread.c at line 169
[cn0466:286244] PMIX ERROR: ERROR in file ../../../../../../src/mca/gds/ds12/gds_ds12_lock_pthread.c at line 169
[cn0880:3934445] PMIX ERROR: ERROR in file ../../../../../../src/mca/gds/ds12/gds_ds12_lock_pthread.c at line 169
[cn0867:1804593] PMIX ERROR: ERROR in file ../../../../../../src/mca/gds/ds12/gds_ds12_lock_pthread.c at line 169
[cn0867:1804639] PMIX ERROR: ERROR in file ../../../../../../src/mca/gds/ds12/gds_ds12_lock_pthread.c at line 169
[cn0880:3934459] PMIX ERROR: ERROR in file ../../../../../../src/mca/gds/ds12/gds_ds12_lock_pthread.c at line 169
[cn0466:286222] PMIX ERROR: ERROR in file ../../../../../../src/mca/gds/ds12/gds_ds12_lock_pthread.c at line 169
[cn0428:274468] PMIX ERROR: ERROR in file ../../../../../../src/mca/gds/ds12/gds_ds12_lock_pthread.c at line 169
[cn0867:1804594] PMIX ERROR: ERROR in file ../../../../../../src/mca/gds/ds12/gds_ds12_lock_pthread.c at line 169
[cn0428:274495] PMIX ERROR: ERROR in file ../../../../../../src/mca/gds/ds12/gds_ds12_lock_pthread.c at line 169
[cn0466:286143] PMIX ERROR: ERROR in file ../../../../../../src/mca/gds/ds12/gds_ds12_lock_pthread.c at line 169
[cn0428:274464] PMIX ERROR: ERROR in file ../../../../../../src/mca/gds/ds12/gds_ds12_lock_pthread.c at line 169
[cn0428:274471] PMIX ERROR: ERROR in file ../../../../../../src/mca/gds/ds12/gds_ds12_lock_pthread.c at line 169
[cn0880:3934420] PMIX ERROR: ERROR in file ../../../../../../src/mca/gds/ds12/gds_ds12_lock_pthread.c at line 169
[cn0880:3934298] PMIX ERROR: ERROR in file ../../../../../../src/mca/gds/ds12/gds_ds12_lock_pthread.c at line 169
[cn0466:286246] PMIX ERROR: ERROR in file ../../../../../../src/mca/gds/ds12/gds_ds12_lock_pthread.c at line 169
[cn0867:1804653] PMIX ERROR: ERROR in file ../../../../../../src/mca/gds/ds12/gds_ds12_lock_pthread.c at line 169
[cn0466:285987] PMIX ERROR: ERROR in file ../../../../../../src/mca/gds/ds12/gds_ds12_lock_pthread.c at line 169
[cn0466:286245] PMIX ERROR: ERROR in file ../../../../../../src/mca/gds/ds12/gds_ds12_lock_pthread.c at line 169
[cn0867:1804598] PMIX ERROR: ERROR in file ../../../../../../src/mca/gds/ds12/gds_ds12_lock_pthread.c at line 169
[cn0867:1804618] PMIX ERROR: ERROR in file ../../../../../../src/mca/gds/ds12/gds_ds12_lock_pthread.c at line 169
[cn0880:3934500] PMIX ERROR: ERROR in file ../../../../../../src/mca/gds/ds12/gds_ds12_lock_pthread.c at line 169
[cn0428:274469] PMIX ERROR: ERROR in file ../../../../../../src/mca/gds/ds12/gds_ds12_lock_pthread.c at line 169
[cn0466:285988] PMIX ERROR: ERROR in file ../../../../../../src/mca/gds/ds12/gds_ds12_lock_pthread.c at line 169
[cn0428:274475] PMIX ERROR: ERROR in file ../../../../../../src/mca/gds/ds12/gds_ds12_lock_pthread.c at line 169
[cn0880:3934305] PMIX ERROR: ERROR in file ../../../../../../src/mca/gds/ds12/gds_ds12_lock_pthread.c at line 169
[cn0880:3934467] PMIX ERROR: ERROR in file ../../../../../../src/mca/gds/ds12/gds_ds12_lock_pthread.c at line 169
[cn0428:274477] PMIX ERROR: ERROR in file ../../../../../../src/mca/gds/ds12/gds_ds12_lock_pthread.c at line 169
[cn0466:286252] PMIX ERROR: ERROR in file ../../../../../../src/mca/gds/ds12/gds_ds12_lock_pthread.c at line 169
[cn0867:1804640] PMIX ERROR: ERROR in file ../../../../../../src/mca/gds/ds12/gds_ds12_lock_pthread.c at line 169
[cn0428:274460] PMIX ERROR: ERROR in file ../../../../../../src/mca/gds/ds12/gds_ds12_lock_pthread.c at line 169
[cn0867:1804624] PMIX ERROR: ERROR in file ../../../../../../src/mca/gds/ds12/gds_ds12_lock_pthread.c at line 169
[cn0428:274492] PMIX ERROR: ERROR in file ../../../../../../src/mca/gds/ds12/gds_ds12_lock_pthread.c at line 169
[cn0466:286247] PMIX ERROR: ERROR in file ../../../../../../src/mca/gds/ds12/gds_ds12_lock_pthread.c at line 169
[cn0880:3934488] PMIX ERROR: ERROR in file ../../../../../../src/mca/gds/ds12/gds_ds12_lock_pthread.c at line 169
[cn0867:1804600] PMIX ERROR: ERROR in file ../../../../../../src/mca/gds/ds12/gds_ds12_lock_pthread.c at line 169
[cn0466:286235] PMIX ERROR: ERROR in file ../../../../../../src/mca/gds/ds12/gds_ds12_lock_pthread.c at line 169
[cn0428:274494] PMIX ERROR: ERROR in file ../../../../../../src/mca/gds/ds12/gds_ds12_lock_pthread.c at line 169
[cn0428:274487] PMIX ERROR: ERROR in file ../../../../../../src/mca/gds/ds12/gds_ds12_lock_pthread.c at line 169
[cn0867:1804647] PMIX ERROR: ERROR in file ../../../../../../src/mca/gds/ds12/gds_ds12_lock_pthread.c at line 169
[cn0428:274497] PMIX ERROR: ERROR in file ../../../../../../src/mca/gds/ds12/gds_ds12_lock_pthread.c at line 169
[cn0880:3934302] PMIX ERROR: ERROR in file ../../../../../../src/mca/gds/ds12/gds_ds12_lock_pthread.c at line 169
[cn0880:3934513] PMIX ERROR: ERROR in file ../../../../../../src/mca/gds/ds12/gds_ds12_lock_pthread.c at line 169
[cn0880:3934489] PMIX ERROR: ERROR in file ../../../../../../src/mca/gds/ds12/gds_ds12_lock_pthread.c at line 169
[cn0466:286263] PMIX ERROR: ERROR in file ../../../../../../src/mca/gds/ds12/gds_ds12_lock_pthread.c at line 169
[cn0428:274491] PMIX ERROR: ERROR in file ../../../../../../src/mca/gds/ds12/gds_ds12_lock_pthread.c at line 169
[cn0880:3934487] PMIX ERROR: ERROR in file ../../../../../../src/mca/gds/ds12/gds_ds12_lock_pthread.c at line 169
[cn0466:286231] PMIX ERROR: ERROR in file ../../../../../../src/mca/gds/ds12/gds_ds12_lock_pthread.c at line 169
[cn0428:274502] PMIX ERROR: ERROR in file ../../../../../../src/mca/gds/ds12/gds_ds12_lock_pthread.c at line 169
[cn0867:1804696] PMIX ERROR: ERROR in file ../../../../../../src/mca/gds/ds12/gds_ds12_lock_pthread.c at line 169
[cn0428:274485] PMIX ERROR: ERROR in file ../../../../../../src/mca/gds/ds12/gds_ds12_lock_pthread.c at line 169
[cn0466:286275] PMIX ERROR: ERROR in file ../../../../../../src/mca/gds/ds12/gds_ds12_lock_pthread.c at line 169
[cn0466:286262] PMIX ERROR: ERROR in file ../../../../../../src/mca/gds/ds12/gds_ds12_lock_pthread.c at line 169
[cn0867:1804646] PMIX ERROR: ERROR in file ../../../../../../src/mca/gds/ds12/gds_ds12_lock_pthread.c at line 169
[cn0880:3934506] PMIX ERROR: ERROR in file ../../../../../../src/mca/gds/ds12/gds_ds12_lock_pthread.c at line 169
[cn0880:3934511] PMIX ERROR: ERROR in file ../../../../../../src/mca/gds/ds12/gds_ds12_lock_pthread.c at line 169
[cn0466:285991] PMIX ERROR: ERROR in file ../../../../../../src/mca/gds/ds12/gds_ds12_lock_pthread.c at line 169
[cn0867:1804652] PMIX ERROR: ERROR in file ../../../../../../src/mca/gds/ds12/gds_ds12_lock_pthread.c at line 169
[cn0466:286229] PMIX ERROR: ERROR in file ../../../../../../src/mca/gds/ds12/gds_ds12_lock_pthread.c at line 169
[cn0428:274513] PMIX ERROR: ERROR in file ../../../../../../src/mca/gds/ds12/gds_ds12_lock_pthread.c at line 169
[cn0428:274472] PMIX ERROR: ERROR in file ../../../../../../src/mca/gds/ds12/gds_ds12_lock_pthread.c at line 169
[cn0428:274493] PMIX ERROR: ERROR in file ../../../../../../src/mca/gds/ds12/gds_ds12_lock_pthread.c at line 169
[cn0428:274505] PMIX ERROR: ERROR in file ../../../../../../src/mca/gds/ds12/gds_ds12_lock_pthread.c at line 169
[cn0880:3934297] PMIX ERROR: ERROR in file ../../../../../../src/mca/gds/ds12/gds_ds12_lock_pthread.c at line 169
[cn0466:285990] PMIX ERROR: ERROR in file ../../../../../../src/mca/gds/ds12/gds_ds12_lock_pthread.c at line 169
[cn0466:286230] PMIX ERROR: ERROR in file ../../../../../../src/mca/gds/ds12/gds_ds12_lock_pthread.c at line 169
[cn0867:1804645] PMIX ERROR: ERROR in file ../../../../../../src/mca/gds/ds12/gds_ds12_lock_pthread.c at line 169
[cn0428:274503] PMIX ERROR: ERROR in file ../../../../../../src/mca/gds/ds12/gds_ds12_lock_pthread.c at line 169
[cn0466:286266] PMIX ERROR: ERROR in file ../../../../../../src/mca/gds/ds12/gds_ds12_lock_pthread.c at line 169
[cn0867:1804644] PMIX ERROR: ERROR in file ../../../../../../src/mca/gds/ds12/gds_ds12_lock_pthread.c at line 169
[cn0428:274501] PMIX ERROR: ERROR in file ../../../../../../src/mca/gds/ds12/gds_ds12_lock_pthread.c at line 169
[cn0466:286267] PMIX ERROR: ERROR in file ../../../../../../src/mca/gds/ds12/gds_ds12_lock_pthread.c at line 169
[cn0880:3934295] PMIX ERROR: ERROR in file ../../../../../../src/mca/gds/ds12/gds_ds12_lock_pthread.c at line 169
[cn0867:1804634] PMIX ERROR: ERROR in file ../../../../../../src/mca/gds/ds12/gds_ds12_lock_pthread.c at line 169
[cn0466:285989] PMIX ERROR: ERROR in file ../../../../../../src/mca/gds/ds12/gds_ds12_lock_pthread.c at line 169
[cn0428:274489] PMIX ERROR: ERROR in file ../../../../../../src/mca/gds/ds12/gds_ds12_lock_pthread.c at line 169
[cn0428:274490] PMIX ERROR: ERROR in file ../../../../../../src/mca/gds/ds12/gds_ds12_lock_pthread.c at line 169
[cn0466:286265] PMIX ERROR: ERROR in file ../../../../../../src/mca/gds/ds12/gds_ds12_lock_pthread.c at line 169
[cn0428:274500] PMIX ERROR: ERROR in file ../../../../../../src/mca/gds/ds12/gds_ds12_lock_pthread.c at line 169
[cn0880:3934491] PMIX ERROR: ERROR in file ../../../../../../src/mca/gds/ds12/gds_ds12_lock_pthread.c at line 169
[cn0880:3934490] PMIX ERROR: ERROR in file ../../../../../../src/mca/gds/ds12/gds_ds12_lock_pthread.c at line 169
[cn0867:1804638] PMIX ERROR: ERROR in file ../../../../../../src/mca/gds/ds12/gds_ds12_lock_pthread.c at line 169
[cn0428:274488] PMIX ERROR: ERROR in file ../../../../../../src/mca/gds/ds12/gds_ds12_lock_pthread.c at line 169
[cn0466:286233] PMIX ERROR: ERROR in file ../../../../../../src/mca/gds/ds12/gds_ds12_lock_pthread.c at line 169
[cn0428:274504] PMIX ERROR: ERROR in file ../../../../../../src/mca/gds/ds12/gds_ds12_lock_pthread.c at line 169
[cn0880:3934752] PMIX ERROR: ERROR in file ../../../../../../src/mca/gds/ds12/gds_ds12_lock_pthread.c at line 169
[cn0428:274496] PMIX ERROR: ERROR in file ../../../../../../src/mca/gds/ds12/gds_ds12_lock_pthread.c at line 169
[cn0867:1804632] PMIX ERROR: ERROR in file ../../../../../../src/mca/gds/ds12/gds_ds12_lock_pthread.c at line 169
[cn0880:3934505] PMIX ERROR: ERROR in file ../../../../../../src/mca/gds/ds12/gds_ds12_lock_pthread.c at line 169
[cn0466:286474] PMIX ERROR: ERROR in file ../../../../../../src/mca/gds/ds12/gds_ds12_lock_pthread.c at line 169
[cn0428:274498] PMIX ERROR: ERROR in file ../../../../../../src/mca/gds/ds12/gds_ds12_lock_pthread.c at line 169
[cn0428:274499] PMIX ERROR: ERROR in file ../../../../../../src/mca/gds/ds12/gds_ds12_lock_pthread.c at line 169
[cn0867:1804719] PMIX ERROR: ERROR in file ../../../../../../src/mca/gds/ds12/gds_ds12_lock_pthread.c at line 169
[cn0867:1804648] PMIX ERROR: ERROR in file ../../../../../../src/mca/gds/ds12/gds_ds12_lock_pthread.c at line 169
[cn0466:286232] PMIX ERROR: ERROR in file ../../../../../../src/mca/gds/ds12/gds_ds12_lock_pthread.c at line 169
[cn0880:3934486] PMIX ERROR: ERROR in file ../../../../../../src/mca/gds/ds12/gds_ds12_lock_pthread.c at line 169
[cn0466:286260] PMIX ERROR: ERROR in file ../../../../../../src/mca/gds/ds12/gds_ds12_lock_pthread.c at line 169
[cn0466:286273] PMIX ERROR: ERROR in file ../../../../../../src/mca/gds/ds12/gds_ds12_lock_pthread.c at line 169
[cn0428:275016] PMIX ERROR: ERROR in file ../../../../../../src/mca/gds/ds12/gds_ds12_lock_pthread.c at line 169
[cn0428:274514] PMIX ERROR: ERROR in file ../../../../../../src/mca/gds/ds12/gds_ds12_lock_pthread.c at line 169
[cn0867:1804657] PMIX ERROR: ERROR in file ../../../../../../src/mca/gds/ds12/gds_ds12_lock_pthread.c at line 169
[cn0880:3934667] PMIX ERROR: ERROR in file ../../../../../../src/mca/gds/ds12/gds_ds12_lock_pthread.c at line 169
[cn0428:275026] PMIX ERROR: ERROR in file ../../../../../../src/mca/gds/ds12/gds_ds12_lock_pthread.c at line 169
[cn0466:286465] PMIX ERROR: ERROR in file ../../../../../../src/mca/gds/ds12/gds_ds12_lock_pthread.c at line 169
[cn0880:3934670] PMIX ERROR: ERROR in file ../../../../../../src/mca/gds/ds12/gds_ds12_lock_pthread.c at line 169
[cn0428:275176] PMIX ERROR: ERROR in file ../../../../../../src/mca/gds/ds12/gds_ds12_lock_pthread.c at line 169
[cn0466:286473] PMIX ERROR: ERROR in file ../../../../../../src/mca/gds/ds12/gds_ds12_lock_pthread.c at line 169
[cn0466:286764] PMIX ERROR: ERROR in file ../../../../../../src/mca/gds/ds12/gds_ds12_lock_pthread.c at line 169
[cn0466:286344] PMIX ERROR: ERROR in file ../../../../../../src/mca/gds/ds12/gds_ds12_lock_pthread.c at line 169
[cn0428:275044] PMIX ERROR: ERROR in file ../../../../../../src/mca/gds/ds12/gds_ds12_lock_pthread.c at line 169
[cn0880:3934303] PMIX ERROR: ERROR in file ../../../../../../src/mca/gds/ds12/gds_ds12_lock_pthread.c at line 169
[cn0428:275189] PMIX ERROR: ERROR in file ../../../../../../src/mca/gds/ds12/gds_ds12_lock_pthread.c at line 169
[cn0428:275178] PMIX ERROR: ERROR in file ../../../../../../src/mca/gds/ds12/gds_ds12_lock_pthread.c at line 169
[cn0466:286254] PMIX ERROR: ERROR in file ../../../../../../src/mca/gds/ds12/gds_ds12_lock_pthread.c at line 169
[cn0867:1804694] PMIX ERROR: ERROR in file ../../../../../../src/mca/gds/ds12/gds_ds12_lock_pthread.c at line 169
[cn0880:3934495] PMIX ERROR: ERROR in file ../../../../../../src/mca/gds/ds12/gds_ds12_lock_pthread.c at line 169
[cn0428:275313] PMIX ERROR: ERROR in file ../../../../../../src/mca/gds/ds12/gds_ds12_lock_pthread.c at line 169
[cn0880:3934516] PMIX ERROR: ERROR in file ../../../../../../src/mca/gds/ds12/gds_ds12_lock_pthread.c at line 169
[cn0867:1804663] PMIX ERROR: ERROR in file ../../../../../../src/mca/gds/ds12/gds_ds12_lock_pthread.c at line 169
[cn0428:275186] PMIX ERROR: ERROR in file ../../../../../../src/mca/gds/ds12/gds_ds12_lock_pthread.c at line 169
[cn0880:3934498] PMIX ERROR: ERROR in file ../../../../../../src/mca/gds/ds12/gds_ds12_lock_pthread.c at line 169
[cn0428:275152] PMIX ERROR: ERROR in file ../../../../../../src/mca/gds/ds12/gds_ds12_lock_pthread.c at line 169
[cn0466:286234] PMIX ERROR: ERROR in file ../../../../../../src/mca/gds/ds12/gds_ds12_lock_pthread.c at line 169
[cn0880:3934494] PMIX ERROR: ERROR in file ../../../../../../src/mca/gds/ds12/gds_ds12_lock_pthread.c at line 169
[cn0466:286334] PMIX ERROR: ERROR in file ../../../../../../src/mca/gds/ds12/gds_ds12_lock_pthread.c at line 169
[cn0867:1804682] PMIX ERROR: ERROR in file ../../../../../../src/mca/gds/ds12/gds_ds12_lock_pthread.c at line 169
[cn0867:1804667] PMIX ERROR: ERROR in file ../../../../../../src/mca/gds/ds12/gds_ds12_lock_pthread.c at line 169
[cn0466:286426] PMIX ERROR: ERROR in file ../../../../../../src/mca/gds/ds12/gds_ds12_lock_pthread.c at line 169
[cn0466:286348] PMIX ERROR: ERROR in file ../../../../../../src/mca/gds/ds12/gds_ds12_lock_pthread.c at line 169
[cn0867:1804748] PMIX ERROR: ERROR in file ../../../../../../src/mca/gds/ds12/gds_ds12_lock_pthread.c at line 169
[cn0428:275319] PMIX ERROR: ERROR in file ../../../../../../src/mca/gds/ds12/gds_ds12_lock_pthread.c at line 169
[cn0466:286259] PMIX ERROR: ERROR in file ../../../../../../src/mca/gds/ds12/gds_ds12_lock_pthread.c at line 169
[cn0867:1804664] PMIX ERROR: ERROR in file ../../../../../../src/mca/gds/ds12/gds_ds12_lock_pthread.c at line 169
[cn0466:286579] PMIX ERROR: ERROR in file ../../../../../../src/mca/gds/ds12/gds_ds12_lock_pthread.c at line 169
[cn0428:275187] PMIX ERROR: ERROR in file ../../../../../../src/mca/gds/ds12/gds_ds12_lock_pthread.c at line 169
[cn0867:1804681] PMIX ERROR: ERROR in file ../../../../../../src/mca/gds/ds12/gds_ds12_lock_pthread.c at line 169
[cn0867:1804720] PMIX ERROR: ERROR in file ../../../../../../src/mca/gds/ds12/gds_ds12_lock_pthread.c at line 169
[cn0466:286587] PMIX ERROR: ERROR in file ../../../../../../src/mca/gds/ds12/gds_ds12_lock_pthread.c at line 169
[cn0867:1804714] PMIX ERROR: ERROR in file ../../../../../../src/mca/gds/ds12/gds_ds12_lock_pthread.c at line 169
[cn0428:275264] PMIX ERROR: ERROR in file ../../../../../../src/mca/gds/ds12/gds_ds12_lock_pthread.c at line 169
[cn0466:286333] PMIX ERROR: ERROR in file ../../../../../../src/mca/gds/ds12/gds_ds12_lock_pthread.c at line 169
[cn0428:275263] PMIX ERROR: ERROR in file ../../../../../../src/mca/gds/ds12/gds_ds12_lock_pthread.c at line 169
[cn0880:3934669] PMIX ERROR: ERROR in file ../../../../../../src/mca/gds/ds12/gds_ds12_lock_pthread.c at line 169
[cn0428:275172] PMIX ERROR: ERROR in file ../../../../../../src/mca/gds/ds12/gds_ds12_lock_pthread.c at line 169
[cn0428:275290] PMIX ERROR: ERROR in file ../../../../../../src/mca/gds/ds12/gds_ds12_lock_pthread.c at line 169
[cn0867:1804695] PMIX ERROR: ERROR in file ../../../../../../src/mca/gds/ds12/gds_ds12_lock_pthread.c at line 169
[cn0466:286768] PMIX ERROR: ERROR in file ../../../../../../src/mca/gds/ds12/gds_ds12_lock_pthread.c at line 169
[cn0880:3934499] PMIX ERROR: ERROR in file ../../../../../../src/mca/gds/ds12/gds_ds12_lock_pthread.c at line 169
[cn0880:3934304] PMIX ERROR: ERROR in file ../../../../../../src/mca/gds/ds12/gds_ds12_lock_pthread.c at line 169
[cn0880:3934492] PMIX ERROR: ERROR in file ../../../../../../src/mca/gds/ds12/gds_ds12_lock_pthread.c at line 169
[cn0867:1804754] PMIX ERROR: ERROR in file ../../../../../../src/mca/gds/ds12/gds_ds12_lock_pthread.c at line 169
[cn0466:286424] PMIX ERROR: ERROR in file ../../../../../../src/mca/gds/ds12/gds_ds12_lock_pthread.c at line 169
[cn0428:275308] PMIX ERROR: ERROR in file ../../../../../../src/mca/gds/ds12/gds_ds12_lock_pthread.c at line 169
[cn0867:1804718] PMIX ERROR: ERROR in file ../../../../../../src/mca/gds/ds12/gds_ds12_lock_pthread.c at line 169
[cn0466:286429] PMIX ERROR: ERROR in file ../../../../../../src/mca/gds/ds12/gds_ds12_lock_pthread.c at line 169
[cn0428:275147] PMIX ERROR: ERROR in file ../../../../../../src/mca/gds/ds12/gds_ds12_lock_pthread.c at line 169
[cn0880:3934496] PMIX ERROR: ERROR in file ../../../../../../src/mca/gds/ds12/gds_ds12_lock_pthread.c at line 169
[cn0466:286755] PMIX ERROR: ERROR in file ../../../../../../src/mca/gds/ds12/gds_ds12_lock_pthread.c at line 169
[cn0880:3934701] PMIX ERROR: ERROR in file ../../../../../../src/mca/gds/ds12/gds_ds12_lock_pthread.c at line 169
[cn0428:275327] PMIX ERROR: ERROR in file ../../../../../../src/mca/gds/ds12/gds_ds12_lock_pthread.c at line 169
[cn0428:275344] PMIX ERROR: ERROR in file ../../../../../../src/mca/gds/ds12/gds_ds12_lock_pthread.c at line 169
[cn0428:275306] PMIX ERROR: ERROR in file ../../../../../../src/mca/gds/ds12/gds_ds12_lock_pthread.c at line 169
[cn0867:1804734] PMIX ERROR: ERROR in file ../../../../../../src/mca/gds/ds12/gds_ds12_lock_pthread.c at line 169
[cn0466:286258] PMIX ERROR: ERROR in file ../../../../../../src/mca/gds/ds12/gds_ds12_lock_pthread.c at line 169
[cn0880:3934649] PMIX ERROR: ERROR in file ../../../../../../src/mca/gds/ds12/gds_ds12_lock_pthread.c at line 169
[cn0466:286255] PMIX ERROR: ERROR in file ../../../../../../src/mca/gds/ds12/gds_ds12_lock_pthread.c at line 169
[cn0428:275342] PMIX ERROR: ERROR in file ../../../../../../src/mca/gds/ds12/gds_ds12_lock_pthread.c at line 169
[cn0428:275307] PMIX ERROR: ERROR in file ../../../../../../src/mca/gds/ds12/gds_ds12_lock_pthread.c at line 169
[cn0428:275305] PMIX ERROR: ERROR in file ../../../../../../src/mca/gds/ds12/gds_ds12_lock_pthread.c at line 169
[cn0867:1804678] PMIX ERROR: ERROR in file ../../../../../../src/mca/gds/ds12/gds_ds12_lock_pthread.c at line 169
[cn0880:3934497] PMIX ERROR: ERROR in file ../../../../../../src/mca/gds/ds12/gds_ds12_lock_pthread.c at line 169
[cn0880:3934493] PMIX ERROR: ERROR in file ../../../../../../src/mca/gds/ds12/gds_ds12_lock_pthread.c at line 169
[cn0466:286679] PMIX ERROR: ERROR in file ../../../../../../src/mca/gds/ds12/gds_ds12_lock_pthread.c at line 169
[cn0466:286649] PMIX ERROR: ERROR in file ../../../../../../src/mca/gds/ds12/gds_ds12_lock_pthread.c at line 169
[cn0428:275356] PMIX ERROR: ERROR in file ../../../../../../src/mca/gds/ds12/gds_ds12_lock_pthread.c at line 169
[cn0428:275357] PMIX ERROR: ERROR in file ../../../../../../src/mca/gds/ds12/gds_ds12_lock_pthread.c at line 169
[cn0428:275347] PMIX ERROR: ERROR in file ../../../../../../src/mca/gds/ds12/gds_ds12_lock_pthread.c at line 169
[cn0867:1804656] PMIX ERROR: ERROR in file ../../../../../../src/mca/gds/ds12/gds_ds12_lock_pthread.c at line 169
[cn0880:3934693] PMIX ERROR: ERROR in file ../../../../../../src/mca/gds/ds12/gds_ds12_lock_pthread.c at line 169
[cn0867:1804698] PMIX ERROR: ERROR in file ../../../../../../src/mca/gds/ds12/gds_ds12_lock_pthread.c at line 169
[cn0466:286425] PMIX ERROR: ERROR in file ../../../../../../src/mca/gds/ds12/gds_ds12_lock_pthread.c at line 169
[cn0428:275350] PMIX ERROR: ERROR in file ../../../../../../src/mca/gds/ds12/gds_ds12_lock_pthread.c at line 169
[cn0880:3934826] PMIX ERROR: ERROR in file ../../../../../../src/mca/gds/ds12/gds_ds12_lock_pthread.c at line 169
[cn0880:3934821] PMIX ERROR: ERROR in file ../../../../../../src/mca/gds/ds12/gds_ds12_lock_pthread.c at line 169
[cn0867:1804693] PMIX ERROR: ERROR in file ../../../../../../src/mca/gds/ds12/gds_ds12_lock_pthread.c at line 169
[cn0867:1804654] PMIX ERROR: ERROR in file ../../../../../../src/mca/gds/ds12/gds_ds12_lock_pthread.c at line 169
[cn0466:286257] PMIX ERROR: ERROR in file ../../../../../../src/mca/gds/ds12/gds_ds12_lock_pthread.c at line 169
[cn0466:286256] PMIX ERROR: ERROR in file ../../../../../../src/mca/gds/ds12/gds_ds12_lock_pthread.c at line 169
[cn0466:286680] PMIX ERROR: ERROR in file ../../../../../../src/mca/gds/ds12/gds_ds12_lock_pthread.c at line 169
[cn0428:275352] PMIX ERROR: ERROR in file ../../../../../../src/mca/gds/ds12/gds_ds12_lock_pthread.c at line 169
[cn0428:275349] PMIX ERROR: ERROR in file ../../../../../../src/mca/gds/ds12/gds_ds12_lock_pthread.c at line 169
[cn0428:275354] PMIX ERROR: ERROR in file ../../../../../../src/mca/gds/ds12/gds_ds12_lock_pthread.c at line 169
[cn0428:275348] PMIX ERROR: ERROR in file ../../../../../../src/mca/gds/ds12/gds_ds12_lock_pthread.c at line 169
[cn0428:275333] PMIX ERROR: ERROR in file ../../../../../../src/mca/gds/ds12/gds_ds12_lock_pthread.c at line 169
[cn0428:275332] PMIX ERROR: ERROR in file ../../../../../../src/mca/gds/ds12/gds_ds12_lock_pthread.c at line 169
[cn0466:286719] PMIX ERROR: ERROR in file ../../../../../../src/mca/gds/ds12/gds_ds12_lock_pthread.c at line 169
[cn0867:1804665] PMIX ERROR: ERROR in file ../../../../../../src/mca/gds/ds12/gds_ds12_lock_pthread.c at line 169
[cn0867:1804655] PMIX ERROR: ERROR in file ../../../../../../src/mca/gds/ds12/gds_ds12_lock_pthread.c at line 169
[cn0880:3934848] PMIX ERROR: ERROR in file ../../../../../../src/mca/gds/ds12/gds_ds12_lock_pthread.c at line 169
[cn0428:275325] PMIX ERROR: ERROR in file ../../../../../../src/mca/gds/ds12/gds_ds12_lock_pthread.c at line 169
[cn0880:3934855] PMIX ERROR: ERROR in file ../../../../../../src/mca/gds/ds12/gds_ds12_lock_pthread.c at line 169
[cn0466:286715] PMIX ERROR: ERROR in file ../../../../../../src/mca/gds/ds12/gds_ds12_lock_pthread.c at line 169
[cn0867:1804662] PMIX ERROR: ERROR in file ../../../../../../src/mca/gds/ds12/gds_ds12_lock_pthread.c at line 169
[cn0466:286771] PMIX ERROR: ERROR in file ../../../../../../src/mca/gds/ds12/gds_ds12_lock_pthread.c at line 169
[cn0428:275359] PMIX ERROR: ERROR in file ../../../../../../src/mca/gds/ds12/gds_ds12_lock_pthread.c at line 169
[cn0867:1804679] PMIX ERROR: ERROR in file ../../../../../../src/mca/gds/ds12/gds_ds12_lock_pthread.c at line 169
[cn0428:275343] PMIX ERROR: ERROR in file ../../../../../../src/mca/gds/ds12/gds_ds12_lock_pthread.c at line 169
[cn0880:3934803] PMIX ERROR: ERROR in file ../../../../../../src/mca/gds/ds12/gds_ds12_lock_pthread.c at line 169
[cn0880:3934847] PMIX ERROR: ERROR in file ../../../../../../src/mca/gds/ds12/gds_ds12_lock_pthread.c at line 169
[cn0880:3934856] PMIX ERROR: ERROR in file ../../../../../../src/mca/gds/ds12/gds_ds12_lock_pthread.c at line 169
[cn0867:1804666] PMIX ERROR: ERROR in file ../../../../../../src/mca/gds/ds12/gds_ds12_lock_pthread.c at line 169
[cn0466:286765] PMIX ERROR: ERROR in file ../../../../../../src/mca/gds/ds12/gds_ds12_lock_pthread.c at line 169
[cn0466:286718] PMIX ERROR: ERROR in file ../../../../../../src/mca/gds/ds12/gds_ds12_lock_pthread.c at line 169
[cn0428:275326] PMIX ERROR: ERROR in file ../../../../../../src/mca/gds/ds12/gds_ds12_lock_pthread.c at line 169
[cn0428:275329] PMIX ERROR: ERROR in file ../../../../../../src/mca/gds/ds12/gds_ds12_lock_pthread.c at line 169
[cn0880:3934949] PMIX ERROR: ERROR in file ../../../../../../src/mca/gds/ds12/gds_ds12_lock_pthread.c at line 169
[cn0880:3934688] PMIX ERROR: ERROR in file ../../../../../../src/mca/gds/ds12/gds_ds12_lock_pthread.c at line 169
[cn0867:1804668] PMIX ERROR: ERROR in file ../../../../../../src/mca/gds/ds12/gds_ds12_lock_pthread.c at line 169
[cn0466:286716] PMIX ERROR: ERROR in file ../../../../../../src/mca/gds/ds12/gds_ds12_lock_pthread.c at line 169
[cn0428:275346] PMIX ERROR: ERROR in file ../../../../../../src/mca/gds/ds12/gds_ds12_lock_pthread.c at line 169
[cn0428:275330] PMIX ERROR: ERROR in file ../../../../../../src/mca/gds/ds12/gds_ds12_lock_pthread.c at line 169
[cn0428:275328] PMIX ERROR: ERROR in file ../../../../../../src/mca/gds/ds12/gds_ds12_lock_pthread.c at line 169
[cn0466:286770] PMIX ERROR: ERROR in file ../../../../../../src/mca/gds/ds12/gds_ds12_lock_pthread.c at line 169
[cn0867:1804723] PMIX ERROR: ERROR in file ../../../../../../src/mca/gds/ds12/gds_ds12_lock_pthread.c at line 169
[cn0428:275331] PMIX ERROR: ERROR in file ../../../../../../src/mca/gds/ds12/gds_ds12_lock_pthread.c at line 169
[cn0867:1804721] PMIX ERROR: ERROR in file ../../../../../../src/mca/gds/ds12/gds_ds12_lock_pthread.c at line 169
[cn0466:286717] PMIX ERROR: ERROR in file ../../../../../../src/mca/gds/ds12/gds_ds12_lock_pthread.c at line 169
[cn0428:275355] PMIX ERROR: ERROR in file ../../../../../../src/mca/gds/ds12/gds_ds12_lock_pthread.c at line 169
[cn0466:286766] PMIX ERROR: ERROR in file ../../../../../../src/mca/gds/ds12/gds_ds12_lock_pthread.c at line 169
[cn0880:3934851] PMIX ERROR: ERROR in file ../../../../../../src/mca/gds/ds12/gds_ds12_lock_pthread.c at line 169
[cn0880:3934820] PMIX ERROR: ERROR in file ../../../../../../src/mca/gds/ds12/gds_ds12_lock_pthread.c at line 169
[cn0880:3934819] PMIX ERROR: ERROR in file ../../../../../../src/mca/gds/ds12/gds_ds12_lock_pthread.c at line 169
[cn0428:275358] PMIX ERROR: ERROR in file ../../../../../../src/mca/gds/ds12/gds_ds12_lock_pthread.c at line 169
[cn0880:3934818] PMIX ERROR: ERROR in file ../../../../../../src/mca/gds/ds12/gds_ds12_lock_pthread.c at line 169
[cn0466:286788] PMIX ERROR: ERROR in file ../../../../../../src/mca/gds/ds12/gds_ds12_lock_pthread.c at line 169
[cn0867:1804680] PMIX ERROR: ERROR in file ../../../../../../src/mca/gds/ds12/gds_ds12_lock_pthread.c at line 169
[cn0867:1804722] PMIX ERROR: ERROR in file ../../../../../../src/mca/gds/ds12/gds_ds12_lock_pthread.c at line 169
[cn0428:275353] PMIX ERROR: ERROR in file ../../../../../../src/mca/gds/ds12/gds_ds12_lock_pthread.c at line 169
[cn0867:1804692] PMIX ERROR: ERROR in file ../../../../../../src/mca/gds/ds12/gds_ds12_lock_pthread.c at line 169
[cn0867:1804661] PMIX ERROR: ERROR in file ../../../../../../src/mca/gds/ds12/gds_ds12_lock_pthread.c at line 169
[cn0880:3935051] PMIX ERROR: ERROR in file ../../../../../../src/mca/gds/ds12/gds_ds12_lock_pthread.c at line 169
[cn0428:275351] PMIX ERROR: ERROR in file ../../../../../../src/mca/gds/ds12/gds_ds12_lock_pthread.c at line 169
[cn0466:286787] PMIX ERROR: ERROR in file ../../../../../../src/mca/gds/ds12/gds_ds12_lock_pthread.c at line 169
[cn0466:286789] PMIX ERROR: ERROR in file ../../../../../../src/mca/gds/ds12/gds_ds12_lock_pthread.c at line 169
[cn0880:3934804] PMIX ERROR: ERROR in file ../../../../../../src/mca/gds/ds12/gds_ds12_lock_pthread.c at line 169
[cn0880:3934852] PMIX ERROR: ERROR in file ../../../../../../src/mca/gds/ds12/gds_ds12_lock_pthread.c at line 169
[cn0466:286791] PMIX ERROR: ERROR in file ../../../../../../src/mca/gds/ds12/gds_ds12_lock_pthread.c at line 169
[cn0466:286786] PMIX ERROR: ERROR in file ../../../../../../src/mca/gds/ds12/gds_ds12_lock_pthread.c at line 169
[cn0867:1804731] PMIX ERROR: ERROR in file ../../../../../../src/mca/gds/ds12/gds_ds12_lock_pthread.c at line 169
[cn0880:3935102] PMIX ERROR: ERROR in file ../../../../../../src/mca/gds/ds12/gds_ds12_lock_pthread.c at line 169
[cn0880:3935085] PMIX ERROR: ERROR in file ../../../../../../src/mca/gds/ds12/gds_ds12_lock_pthread.c at line 169
[cn0466:286754] PMIX ERROR: ERROR in file ../../../../../../src/mca/gds/ds12/gds_ds12_lock_pthread.c at line 169
[cn0466:286790] PMIX ERROR: ERROR in file ../../../../../../src/mca/gds/ds12/gds_ds12_lock_pthread.c at line 169
[cn0880:3934854] PMIX ERROR: ERROR in file ../../../../../../src/mca/gds/ds12/gds_ds12_lock_pthread.c at line 169
[cn0880:3935084] PMIX ERROR: ERROR in file ../../../../../../src/mca/gds/ds12/gds_ds12_lock_pthread.c at line 169
[cn0880:3935104] PMIX ERROR: ERROR in file ../../../../../../src/mca/gds/ds12/gds_ds12_lock_pthread.c at line 169
[cn0867:1804746] PMIX ERROR: ERROR in file ../../../../../../src/mca/gds/ds12/gds_ds12_lock_pthread.c at line 169
[cn0466:286793] PMIX ERROR: ERROR in file ../../../../../../src/mca/gds/ds12/gds_ds12_lock_pthread.c at line 169
[cn0880:3935101] PMIX ERROR: ERROR in file ../../../../../../src/mca/gds/ds12/gds_ds12_lock_pthread.c at line 169
[cn0466:286792] PMIX ERROR: ERROR in file ../../../../../../src/mca/gds/ds12/gds_ds12_lock_pthread.c at line 169
[cn0466:286767] PMIX ERROR: ERROR in file ../../../../../../src/mca/gds/ds12/gds_ds12_lock_pthread.c at line 169
[cn0466:286772] PMIX ERROR: ERROR in file ../../../../../../src/mca/gds/ds12/gds_ds12_lock_pthread.c at line 169
[cn0880:3935100] PMIX ERROR: ERROR in file ../../../../../../src/mca/gds/ds12/gds_ds12_lock_pthread.c at line 169
[cn0867:1804749] PMIX ERROR: ERROR in file ../../../../../../src/mca/gds/ds12/gds_ds12_lock_pthread.c at line 169
[cn0867:1804732] PMIX ERROR: ERROR in file ../../../../../../src/mca/gds/ds12/gds_ds12_lock_pthread.c at line 169
[cn0880:3935057] PMIX ERROR: ERROR in file ../../../../../../src/mca/gds/ds12/gds_ds12_lock_pthread.c at line 169
[cn0466:286769] PMIX ERROR: ERROR in file ../../../../../../src/mca/gds/ds12/gds_ds12_lock_pthread.c at line 169
[cn0880:3935096] PMIX ERROR: ERROR in file ../../../../../../src/mca/gds/ds12/gds_ds12_lock_pthread.c at line 169
[cn0867:1804733] PMIX ERROR: ERROR in file ../../../../../../src/mca/gds/ds12/gds_ds12_lock_pthread.c at line 169
[cn0867:1804683] PMIX ERROR: ERROR in file ../../../../../../src/mca/gds/ds12/gds_ds12_lock_pthread.c at line 169
[cn0880:3935108] PMIX ERROR: ERROR in file ../../../../../../src/mca/gds/ds12/gds_ds12_lock_pthread.c at line 169
[cn0867:1804715] PMIX ERROR: ERROR in file ../../../../../../src/mca/gds/ds12/gds_ds12_lock_pthread.c at line 169
[cn0880:3935107] PMIX ERROR: ERROR in file ../../../../../../src/mca/gds/ds12/gds_ds12_lock_pthread.c at line 169
[cn0867:1804745] PMIX ERROR: ERROR in file ../../../../../../src/mca/gds/ds12/gds_ds12_lock_pthread.c at line 169
[cn0867:1804739] PMIX ERROR: ERROR in file ../../../../../../src/mca/gds/ds12/gds_ds12_lock_pthread.c at line 169
[cn0867:1804738] PMIX ERROR: ERROR in file ../../../../../../src/mca/gds/ds12/gds_ds12_lock_pthread.c at line 169
[cn0880:3935068] PMIX ERROR: ERROR in file ../../../../../../src/mca/gds/ds12/gds_ds12_lock_pthread.c at line 169
[cn0867:1804725] PMIX ERROR: ERROR in file ../../../../../../src/mca/gds/ds12/gds_ds12_lock_pthread.c at line 169
[cn0880:3935083] PMIX ERROR: ERROR in file ../../../../../../src/mca/gds/ds12/gds_ds12_lock_pthread.c at line 169
[cn0867:1804742] PMIX ERROR: ERROR in file ../../../../../../src/mca/gds/ds12/gds_ds12_lock_pthread.c at line 169
[cn0867:1804740] PMIX ERROR: ERROR in file ../../../../../../src/mca/gds/ds12/gds_ds12_lock_pthread.c at line 169
[cn0880:3935097] PMIX ERROR: ERROR in file ../../../../../../src/mca/gds/ds12/gds_ds12_lock_pthread.c at line 169
[cn0880:3935095] PMIX ERROR: ERROR in file ../../../../../../src/mca/gds/ds12/gds_ds12_lock_pthread.c at line 169
[cn0867:1804741] PMIX ERROR: ERROR in file ../../../../../../src/mca/gds/ds12/gds_ds12_lock_pthread.c at line 169
[cn0880:3935106] PMIX ERROR: ERROR in file ../../../../../../src/mca/gds/ds12/gds_ds12_lock_pthread.c at line 169
[cn0880:3935103] PMIX ERROR: ERROR in file ../../../../../../src/mca/gds/ds12/gds_ds12_lock_pthread.c at line 169
[cn0880:3935098] PMIX ERROR: ERROR in file ../../../../../../src/mca/gds/ds12/gds_ds12_lock_pthread.c at line 169
[cn0880:3935105] PMIX ERROR: ERROR in file ../../../../../../src/mca/gds/ds12/gds_ds12_lock_pthread.c at line 169
[cn0880:3935087] PMIX ERROR: ERROR in file ../../../../../../src/mca/gds/ds12/gds_ds12_lock_pthread.c at line 169
[cn0880:3935094] PMIX ERROR: ERROR in file ../../../../../../src/mca/gds/ds12/gds_ds12_lock_pthread.c at line 169
[cn0880:3935109] PMIX ERROR: ERROR in file ../../../../../../src/mca/gds/ds12/gds_ds12_lock_pthread.c at line 169
[cn0867:1804724] PMIX ERROR: ERROR in file ../../../../../../src/mca/gds/ds12/gds_ds12_lock_pthread.c at line 169
[cn0880:3935072] PMIX ERROR: ERROR in file ../../../../../../src/mca/gds/ds12/gds_ds12_lock_pthread.c at line 169
[cn0867:1804744] PMIX ERROR: ERROR in file ../../../../../../src/mca/gds/ds12/gds_ds12_lock_pthread.c at line 169
[cn0867:1804758] PMIX ERROR: ERROR in file ../../../../../../src/mca/gds/ds12/gds_ds12_lock_pthread.c at line 169
[cn0867:1804726] PMIX ERROR: ERROR in file ../../../../../../src/mca/gds/ds12/gds_ds12_lock_pthread.c at line 169
[cn0867:1804752] PMIX ERROR: ERROR in file ../../../../../../src/mca/gds/ds12/gds_ds12_lock_pthread.c at line 169
[cn0867:1804743] PMIX ERROR: ERROR in file ../../../../../../src/mca/gds/ds12/gds_ds12_lock_pthread.c at line 169
[cn0867:1804751] PMIX ERROR: ERROR in file ../../../../../../src/mca/gds/ds12/gds_ds12_lock_pthread.c at line 169
[cn0880:3935099] PMIX ERROR: ERROR in file ../../../../../../src/mca/gds/ds12/gds_ds12_lock_pthread.c at line 169
[cn0867:1804747] PMIX ERROR: ERROR in file ../../../../../../src/mca/gds/ds12/gds_ds12_lock_pthread.c at line 169
[cn0867:1804757] PMIX ERROR: ERROR in file ../../../../../../src/mca/gds/ds12/gds_ds12_lock_pthread.c at line 169
[cn0867:1804759] PMIX ERROR: ERROR in file ../../../../../../src/mca/gds/ds12/gds_ds12_lock_pthread.c at line 169
[cn0867:1804728] PMIX ERROR: ERROR in file ../../../../../../src/mca/gds/ds12/gds_ds12_lock_pthread.c at line 169
[cn0867:1804729] PMIX ERROR: ERROR in file ../../../../../../src/mca/gds/ds12/gds_ds12_lock_pthread.c at line 169
[cn0867:1804730] PMIX ERROR: ERROR in file ../../../../../../src/mca/gds/ds12/gds_ds12_lock_pthread.c at line 169
[cn0867:1804760] PMIX ERROR: ERROR in file ../../../../../../src/mca/gds/ds12/gds_ds12_lock_pthread.c at line 169
[cn0867:1804756] PMIX ERROR: ERROR in file ../../../../../../src/mca/gds/ds12/gds_ds12_lock_pthread.c at line 169
[cn0867:1804761] PMIX ERROR: ERROR in file ../../../../../../src/mca/gds/ds12/gds_ds12_lock_pthread.c at line 169
[cn0867:1804727] PMIX ERROR: ERROR in file ../../../../../../src/mca/gds/ds12/gds_ds12_lock_pthread.c at line 169
[cn0867:1804755] PMIX ERROR: ERROR in file ../../../../../../src/mca/gds/ds12/gds_ds12_lock_pthread.c at line 169
slurmstepd: error: Detected 1 oom_kill event in StepId=57643120.0. Some of the step tasks have been OOM Killed.
srun: error: cn0466: task 184: Out Of Memory
slurmstepd: error:  mpi/pmix_v3: _errhandler: cn0466 [1]: pmixp_client_v2.c:212: Error handler invoked: status = -25, source = [slurm.pmix.57643120.0:184]
slurmstepd: error:  mpi/pmix_v3: _errhandler: cn0466 [1]: pmixp_client_v2.c:212: Error handler invoked: status = -25, source = [slurm.pmix.57643120.0:208]
slurmstepd: error: *** STEP 57643120.0 ON cn0428 CANCELLED AT 2025-04-03T19:32:16 ***
slurmstepd: error:  mpi/pmix_v3: _errhandler: cn0880 [3]: pmixp_client_v2.c:212: Error handler invoked: status = -25, source = [slurm.pmix.57643120.0:435]
slurmstepd: error:  mpi/pmix_v3: _errhandler: cn0867 [2]: pmixp_client_v2.c:212: Error handler invoked: status = -25, source = [slurm.pmix.57643120.0:272]
srun: Job step aborted: Waiting up to 32 seconds for job step to finish.
srun: error: cn0880: tasks 384-511: Killed
srun: error: cn0867: tasks 256-383: Killed
slurmstepd: error:  mpi/pmix_v3: _errhandler: cn0428 [0]: pmixp_client_v2.c:212: Error handler invoked: status = -25, source = [slurm.pmix.57643120.0:3]
srun: error: cn0428: tasks 0-127: Killed</code></pre>
</div>
</div>
</div>
</div>
<div class="sect1">
<h2 id="_reframe_output_log"><a class="anchor" href="#_reframe_output_log"></a>3. ReFrame output log</h2>
<div class="sectionbody">
<div class="listingblock">
<div class="content">
<pre class="highlightjs highlight"><code class="language-bash hljs" data-lang="bash">Reading /input_data/kub/idealHeaters.cfg...
[ Starting Feel++ ] application City_Energy_Modeling version 0.111.0-preview.120 date 2025-Apr-03
[feelpp] create Feel++ root repository: /exa5/data/d2024d05-047-users/euvincentc/apptainer_home/kub/a4863876/Paris_partitioned

[feelpp] create Feel++ geo repository: /exa5/data/d2024d05-047-users/euvincentc/apptainer_home/kub/a4863876/Paris_partitioned/geo

[feelpp] create Feel++ results directory: /exa5/data/d2024d05-047-users/euvincentc/apptainer_home/kub/a4863876/Paris_partitioned/np_512

[feelpp] create Feel++ expressions directory: /exa5/data/d2024d05-047-users/euvincentc/apptainer_home/kub/a4863876/Paris_partitioned/exprs

[feelpp] create Feel++ logs directory: /exa5/data/d2024d05-047-users/euvincentc/apptainer_home/kub/a4863876/Paris_partitioned/np_512/logs

 . City_Energy_Modeling files are stored in /exa5/data/d2024d05-047-users/euvincentc/apptainer_home/kub/a4863876/Paris_partitioned/np_512
 .. logfiles :/exa5/data/d2024d05-047-users/euvincentc/apptainer_home/kub/a4863876/Paris_partitioned/np_512/logs
[ KUB ] application City_Energy_modeling version 0.5.0
[CityEnergyModelload] constructor start ...
[CityEnergyModelload] constructor current done in 0.0922629 s
[CityEnergyModelload] updateForUse start ...
[CityEnergyModelload] preprocessing start ...
[CityEnergyModelload] updatePreprocessingForUse start ...
[CityEnergyModelload] updatePreprocessingForUse current done in 0.0328353 s
[CityEnergyModelload] preprocessing current done in 0.037996 s
[CityEnergyModelload] importPreprocessing start ...
[loadMesh] Loading mesh in format json+h5: "/input_data/kub_benchmark/5km/preprocessing/partitioning/np_512/mesh.lod0.json"
[CityEnergyModelload] importPreprocessing current done in 8.13511 s
[CityEnergyModelload] scenarios start ...
[CityEnergyModelload] scenarios current done in 0.133536 s
[CityEnergyModelload] weather start ...
[CityEnergyModelload] weather current done in 0.0874768 s
[CityEnergyModelload] sunModel start ...
checking if fmu tmp path /exa5/data/d2024d05-047-users/euvincentc/apptainer_home/kub/a4863876/Paris_partitioned/np_512/fmus/fmi4cpp_sun exists: false
unzipping /exa5/data/d2024d05-047-users/euvincentc/apptainer_home/kub/a4863876/Paris_partitioned/simulators/sun.fmu in /exa5/data/d2024d05-047-users/euvincentc/apptainer_home/kub/a4863876/Paris_partitioned/np_512/fmus/fmi4cpp_sun
[CityEnergyModelload] sunModel current done in 0.0846506 s
[CityEnergyModelload] initBuildingModels start ...
checking if fmu tmp path /exa5/data/d2024d05-047-users/euvincentc/apptainer_home/kub/a4863876/Paris_partitioned/np_512/fmus/fmi4cpp_lod0.buildingfloor0 exists: false
unzipping /exa5/data/d2024d05-047-users/euvincentc/apptainer_home/kub/a4863876/Paris_partitioned/simulators/lod0.buildingfloor0.fmu in /exa5/data/d2024d05-047-users/euvincentc/apptainer_home/kub/a4863876/Paris_partitioned/np_512/fmus/fmi4cpp_lod0.buildingfloor0
checking if fmu tmp path /exa5/data/d2024d05-047-users/euvincentc/apptainer_home/kub/a4863876/Paris_partitioned/np_512/fmus/fmi4cpp_lod0.buildingfloor1 exists: false
unzipping /exa5/data/d2024d05-047-users/euvincentc/apptainer_home/kub/a4863876/Paris_partitioned/simulators/lod0.buildingfloor1.fmu in /exa5/data/d2024d05-047-users/euvincentc/apptainer_home/kub/a4863876/Paris_partitioned/np_512/fmus/fmi4cpp_lod0.buildingfloor1
checking if fmu tmp path /exa5/data/d2024d05-047-users/euvincentc/apptainer_home/kub/a4863876/Paris_partitioned/np_512/fmus/fmi4cpp_lod0.buildingfloor2 exists: false
unzipping /exa5/data/d2024d05-047-users/euvincentc/apptainer_home/kub/a4863876/Paris_partitioned/simulators/lod0.buildingfloor2.fmu in /exa5/data/d2024d05-047-users/euvincentc/apptainer_home/kub/a4863876/Paris_partitioned/np_512/fmus/fmi4cpp_lod0.buildingfloor2
checking if fmu tmp path /exa5/data/d2024d05-047-users/euvincentc/apptainer_home/kub/a4863876/Paris_partitioned/np_512/fmus/fmi4cpp_lod0.buildingfloor3 exists: false
unzipping /exa5/data/d2024d05-047-users/euvincentc/apptainer_home/kub/a4863876/Paris_partitioned/simulators/lod0.buildingfloor3.fmu in /exa5/data/d2024d05-047-users/euvincentc/apptainer_home/kub/a4863876/Paris_partitioned/np_512/fmus/fmi4cpp_lod0.buildingfloor3
checking if fmu tmp path /exa5/data/d2024d05-047-users/euvincentc/apptainer_home/kub/a4863876/Paris_partitioned/np_512/fmus/fmi4cpp_lod0.buildingfloor4 exists: false
unzipping /exa5/data/d2024d05-047-users/euvincentc/apptainer_home/kub/a4863876/Paris_partitioned/simulators/lod0.buildingfloor4.fmu in /exa5/data/d2024d05-047-users/euvincentc/apptainer_home/kub/a4863876/Paris_partitioned/np_512/fmus/fmi4cpp_lod0.buildingfloor4
checking if fmu tmp path /exa5/data/d2024d05-047-users/euvincentc/apptainer_home/kub/a4863876/Paris_partitioned/np_512/fmus/fmi4cpp_lod0.buildingfloor5 exists: false
unzipping /exa5/data/d2024d05-047-users/euvincentc/apptainer_home/kub/a4863876/Paris_partitioned/simulators/lod0.buildingfloor5.fmu in /exa5/data/d2024d05-047-users/euvincentc/apptainer_home/kub/a4863876/Paris_partitioned/np_512/fmus/fmi4cpp_lod0.buildingfloor5
checking if fmu tmp path /exa5/data/d2024d05-047-users/euvincentc/apptainer_home/kub/a4863876/Paris_partitioned/np_512/fmus/fmi4cpp_lod0.buildingfloor6 exists: false
unzipping /exa5/data/d2024d05-047-users/euvincentc/apptainer_home/kub/a4863876/Paris_partitioned/simulators/lod0.buildingfloor6.fmu in /exa5/data/d2024d05-047-users/euvincentc/apptainer_home/kub/a4863876/Paris_partitioned/np_512/fmus/fmi4cpp_lod0.buildingfloor6
checking if fmu tmp path /exa5/data/d2024d05-047-users/euvincentc/apptainer_home/kub/a4863876/Paris_partitioned/np_512/fmus/fmi4cpp_lod0.buildingfloor7 exists: false
unzipping /exa5/data/d2024d05-047-users/euvincentc/apptainer_home/kub/a4863876/Paris_partitioned/simulators/lod0.buildingfloor7.fmu in /exa5/data/d2024d05-047-users/euvincentc/apptainer_home/kub/a4863876/Paris_partitioned/np_512/fmus/fmi4cpp_lod0.buildingfloor7
checking if fmu tmp path /exa5/data/d2024d05-047-users/euvincentc/apptainer_home/kub/a4863876/Paris_partitioned/np_512/fmus/fmi4cpp_lod0.buildingfloor8 exists: false
unzipping /exa5/data/d2024d05-047-users/euvincentc/apptainer_home/kub/a4863876/Paris_partitioned/simulators/lod0.buildingfloor8.fmu in /exa5/data/d2024d05-047-users/euvincentc/apptainer_home/kub/a4863876/Paris_partitioned/np_512/fmus/fmi4cpp_lod0.buildingfloor8
checking if fmu tmp path /exa5/data/d2024d05-047-users/euvincentc/apptainer_home/kub/a4863876/Paris_partitioned/np_512/fmus/fmi4cpp_lod0.buildingfloor9 exists: false
unzipping /exa5/data/d2024d05-047-users/euvincentc/apptainer_home/kub/a4863876/Paris_partitioned/simulators/lod0.buildingfloor9.fmu in /exa5/data/d2024d05-047-users/euvincentc/apptainer_home/kub/a4863876/Paris_partitioned/np_512/fmus/fmi4cpp_lod0.buildingfloor9
[CityEnergyModelload] initBuildingModels current done in 3.80243 s
[CityEnergyModelload] updateForUse current done in 12.2815 s

Warning: Failed to solve nonlinear system using Newton solver.
  During initialization at time: 0
  Tag: extended initialization.nonlinear[1]

  Common causes:
   * The system of equations has no solution - the residual will be above zero.
     - This may be caused by initial conditions not being fully specified, check the translation log.
     - In some cases the event-logic can cause this.
   * Starting values are too far from the solution, see homotopy in the manual.
     - In rare cases this could occur at events.
   * The equations are too discontinuous for the nonlinear solver - the residual will have knees.
     - Likely caused by over-using noEvent.
  Especially consider the first two items above when the nonlinear solver fails during initialization.

  To get more information consider the options:
   * Simulation/Setup/Translation/Generate listing of translated Modelica code in dsmodel.mof
   * Simulation/Setup/Translation/List non-linear iteration variables
   * Simulation/Setup/Debug/Store variables after failed initialization
     - If a failure to solve a nonlinear equation caused failed initialization.
   * The options under the group Simulation/Setup/Debug/Nonlinear solver diagnostics

  Jacobian inverse norm estimate: 13359.2
  Condition number estimate: 3878.88
  1-norm of the residual = 785346

  Last value of the solution:
  Last value of the residual:


Warning: Failed to solve nonlinear system using Newton solver.
  During initialization at time: 0
  Tag: extended initialization.nonlinear[1]

  For debugging help refer to the first error message of this type.

  Jacobian inverse norm estimate: 13358.3
  Condition number estimate: 3878.49
  1-norm of the residual = 653802

  Last value of the solution:
  Last value of the residual:


Warning: Failed to solve nonlinear system using Newton solver.
  During initialization at time: 0
  Tag: extended initialization.nonlinear[1]

  Common causes:
   * The system of equations has no solution - the residual will be above zero.
     - This may be caused by initial conditions not being fully specified, check the translation log.
     - In some cases the event-logic can cause this.
   * Starting values are too far from the solution, see homotopy in the manual.
     - In rare cases this could occur at events.
   * The equations are too discontinuous for the nonlinear solver - the residual will have knees.
     - Likely caused by over-using noEvent.
  Especially consider the first two items above when the nonlinear solver fails during initialization.

  To get more information consider the options:
   * Simulation/Setup/Translation/Generate listing of translated Modelica code in dsmodel.mof
   * Simulation/Setup/Translation/List non-linear iteration variables
   * Simulation/Setup/Debug/Store variables after failed initialization
     - If a failure to solve a nonlinear equation caused failed initialization.
   * The options under the group Simulation/Setup/Debug/Nonlinear solver diagnostics

  Jacobian inverse norm estimate: 13356.3
  Condition number estimate: 3877.43
  1-norm of the residual = 653716

  Last value of the solution:
  Last value of the residual:


Warning: Failed to solve nonlinear system using Newton solver.
  During initialization at time: 0
  Tag: extended initialization.nonlinear[1]

  Common causes:
   * The system of equations has no solution - the residual will be above zero.
     - This may be caused by initial conditions not being fully specified, check the translation log.
     - In some cases the event-logic can cause this.
   * Starting values are too far from the solution, see homotopy in the manual.
     - In rare cases this could occur at events.
   * The equations are too discontinuous for the nonlinear solver - the residual will have knees.
     - Likely caused by over-using noEvent.
  Especially consider the first two items above when the nonlinear solver fails during initialization.

  To get more information consider the options:
   * Simulation/Setup/Translation/Generate listing of translated Modelica code in dsmodel.mof
   * Simulation/Setup/Translation/List non-linear iteration variables
   * Simulation/Setup/Debug/Store variables after failed initialization
     - If a failure to solve a nonlinear equation caused failed initialization.
   * The options under the group Simulation/Setup/Debug/Nonlinear solver diagnostics

  Jacobian inverse norm estimate: 13355.2
  Condition number estimate: 4240.66
  1-norm of the residual = 653674

  Last value of the solution:
  Last value of the residual:


Warning: Failed to solve nonlinear system using Newton solver.
  During initialization at time: 0
  Tag: extended initialization.nonlinear[1]

  Common causes:
   * The system of equations has no solution - the residual will be above zero.
     - This may be caused by initial conditions not being fully specified, check the translation log.
     - In some cases the event-logic can cause this.
   * Starting values are too far from the solution, see homotopy in the manual.
     - In rare cases this could occur at events.
   * The equations are too discontinuous for the nonlinear solver - the residual will have knees.
     - Likely caused by over-using noEvent.
  Especially consider the first two items above when the nonlinear solver fails during initialization.

  To get more information consider the options:
   * Simulation/Setup/Translation/Generate listing of translated Modelica code in dsmodel.mof
   * Simulation/Setup/Translation/List non-linear iteration variables
   * Simulation/Setup/Debug/Store variables after failed initialization
     - If a failure to solve a nonlinear equation caused failed initialization.
   * The options under the group Simulation/Setup/Debug/Nonlinear solver diagnostics

  Jacobian inverse norm estimate: 13354.7
  Condition number estimate: 3874.69
  1-norm of the residual = 653630

  Last value of the solution:
  Last value of the residual:


Warning: Failed to solve nonlinear system using Newton solver.
  During initialization at time: 0
  Tag: extended initialization.nonlinear[1]

  Common causes:
   * The system of equations has no solution - the residual will be above zero.
     - This may be caused by initial conditions not being fully specified, check the translation log.
     - In some cases the event-logic can cause this.
   * Starting values are too far from the solution, see homotopy in the manual.
     - In rare cases this could occur at events.
   * The equations are too discontinuous for the nonlinear solver - the residual will have knees.
     - Likely caused by over-using noEvent.
  Especially consider the first two items above when the nonlinear solver fails during initialization.

  To get more information consider the options:
   * Simulation/Setup/Translation/Generate listing of translated Modelica code in dsmodel.mof
   * Simulation/Setup/Translation/List non-linear iteration variables
   * Simulation/Setup/Debug/Store variables after failed initialization
     - If a failure to solve a nonlinear equation caused failed initialization.
   * The options under the group Simulation/Setup/Debug/Nonlinear solver diagnostics

  Jacobian inverse norm estimate: 13338
  Condition number estimate: 3867.14
  1-norm of the residual = 652401

  Last value of the solution:
  Last value of the residual:


Warning: Failed to solve nonlinear system using Newton solver.
  During initialization at time: 0
  Tag: extended initialization.nonlinear[1]

  Common causes:
   * The system of equations has no solution - the residual will be above zero.
     - This may be caused by initial conditions not being fully specified, check the translation log.
     - In some cases the event-logic can cause this.
   * Starting values are too far from the solution, see homotopy in the manual.
     - In rare cases this could occur at events.
   * The equations are too discontinuous for the nonlinear solver - the residual will have knees.
     - Likely caused by over-using noEvent.
  Especially consider the first two items above when the nonlinear solver fails during initialization.

  To get more information consider the options:
   * Simulation/Setup/Translation/Generate listing of translated Modelica code in dsmodel.mof
   * Simulation/Setup/Translation/List non-linear iteration variables
   * Simulation/Setup/Debug/Store variables after failed initialization
     - If a failure to solve a nonlinear equation caused failed initialization.
   * The options under the group Simulation/Setup/Debug/Nonlinear solver diagnostics

  Jacobian inverse norm estimate: 13323.1
  Condition number estimate: 3860.67
  1-norm of the residual = 652058

  Last value of the solution:
  Last value of the residual:


Warning: Failed to solve nonlinear system using Newton solver.
  During initialization at time: 0
  Tag: extended initialization.nonlinear[1]

  Common causes:
   * The system of equations has no solution - the residual will be above zero.
     - This may be caused by initial conditions not being fully specified, check the translation log.
     - In some cases the event-logic can cause this.
   * Starting values are too far from the solution, see homotopy in the manual.
     - In rare cases this could occur at events.
   * The equations are too discontinuous for the nonlinear solver - the residual will have knees.
     - Likely caused by over-using noEvent.
  Especially consider the first two items above when the nonlinear solver fails during initialization.

  To get more information consider the options:
   * Simulation/Setup/Translation/Generate listing of translated Modelica code in dsmodel.mof
   * Simulation/Setup/Translation/List non-linear iteration variables
   * Simulation/Setup/Debug/Store variables after failed initialization
     - If a failure to solve a nonlinear equation caused failed initialization.
   * The options under the group Simulation/Setup/Debug/Nonlinear solver diagnostics

  Jacobian inverse norm estimate: 13322
  Condition number estimate: 3855.24
  1-norm of the residual = 651998

  Last value of the solution:
  Last value of the residual:


Warning: Failed to solve nonlinear system using Newton solver.
  During initialization at time: 0
  Tag: extended initialization.nonlinear[1]

  Common causes:
   * The system of equations has no solution - the residual will be above zero.
     - This may be caused by initial conditions not being fully specified, check the translation log.
     - In some cases the event-logic can cause this.
   * Starting values are too far from the solution, see homotopy in the manual.
     - In rare cases this could occur at events.
   * The equations are too discontinuous for the nonlinear solver - the residual will have knees.
     - Likely caused by over-using noEvent.
  Especially consider the first two items above when the nonlinear solver fails during initialization.

  To get more information consider the options:
   * Simulation/Setup/Translation/Generate listing of translated Modelica code in dsmodel.mof
   * Simulation/Setup/Translation/List non-linear iteration variables
   * Simulation/Setup/Debug/Store variables after failed initialization
     - If a failure to solve a nonlinear equation caused failed initialization.
   * The options under the group Simulation/Setup/Debug/Nonlinear solver diagnostics

  Jacobian inverse norm estimate: 13321.2
  Condition number estimate: 4312.48
  1-norm of the residual = 651962

  Last value of the solution:
  Last value of the residual:


Warning: Failed to solve nonlinear system using Newton solver.
  During initialization at time: 0
  Tag: extended initialization.nonlinear[1]

  Common causes:
   * The system of equations has no solution - the residual will be above zero.
     - This may be caused by initial conditions not being fully specified, check the translation log.
     - In some cases the event-logic can cause this.
   * Starting values are too far from the solution, see homotopy in the manual.
     - In rare cases this could occur at events.
   * The equations are too discontinuous for the nonlinear solver - the residual will have knees.
     - Likely caused by over-using noEvent.
  Especially consider the first two items above when the nonlinear solver fails during initialization.

  To get more information consider the options:
   * Simulation/Setup/Translation/Generate listing of translated Modelica code in dsmodel.mof
   * Simulation/Setup/Translation/List non-linear iteration variables
   * Simulation/Setup/Debug/Store variables after failed initialization
     - If a failure to solve a nonlinear equation caused failed initialization.
   * The options under the group Simulation/Setup/Debug/Nonlinear solver diagnostics

  Jacobian inverse norm estimate: 13319.7
  Condition number estimate: 3854.74
  1-norm of the residual = 651879

  Last value of the solution:
  Last value of the residual:


Warning: Failed to solve nonlinear system using Newton solver.
  During initialization at time: 0
  Tag: extended initialization.nonlinear[1]

  Common causes:
   * The system of equations has no solution - the residual will be above zero.
     - This may be caused by initial conditions not being fully specified, check the translation log.
     - In some cases the event-logic can cause this.
   * Starting values are too far from the solution, see homotopy in the manual.
     - In rare cases this could occur at events.
   * The equations are too discontinuous for the nonlinear solver - the residual will have knees.
     - Likely caused by over-using noEvent.
  Especially consider the first two items above when the nonlinear solver fails during initialization.

  To get more information consider the options:
   * Simulation/Setup/Translation/Generate listing of translated Modelica code in dsmodel.mof
   * Simulation/Setup/Translation/List non-linear iteration variables
   * Simulation/Setup/Debug/Store variables after failed initialization
     - If a failure to solve a nonlinear equation caused failed initialization.
   * The options under the group Simulation/Setup/Debug/Nonlinear solver diagnostics

  Jacobian inverse norm estimate: 13319.2
  Condition number estimate: 2286.9
  1-norm of the residual = 651864

  Last value of the solution:
  Last value of the residual:


Warning: Failed to solve nonlinear system using Newton solver.
  During initialization at time: 0
  Tag: extended initialization.nonlinear[1]

  Common causes:
   * The system of equations has no solution - the residual will be above zero.
     - This may be caused by initial conditions not being fully specified, check the translation log.
     - In some cases the event-logic can cause this.
   * Starting values are too far from the solution, see homotopy in the manual.
     - In rare cases this could occur at events.
   * The equations are too discontinuous for the nonlinear solver - the residual will have knees.
     - Likely caused by over-using noEvent.
  Especially consider the first two items above when the nonlinear solver fails during initialization.

  To get more information consider the options:
   * Simulation/Setup/Translation/Generate listing of translated Modelica code in dsmodel.mof
   * Simulation/Setup/Translation/List non-linear iteration variables
   * Simulation/Setup/Debug/Store variables after failed initialization
     - If a failure to solve a nonlinear equation caused failed initialization.
   * The options under the group Simulation/Setup/Debug/Nonlinear solver diagnostics

  Jacobian inverse norm estimate: 13318.2
  Condition number estimate: 3853.65
  1-norm of the residual = 651818

  Last value of the solution:
  Last value of the residual:


Warning: Failed to solve nonlinear system using Newton solver.
  During initialization at time: 0
  Tag: extended initialization.nonlinear[1]

  Common causes:
   * The system of equations has no solution - the residual will be above zero.
     - This may be caused by initial conditions not being fully specified, check the translation log.
     - In some cases the event-logic can cause this.
   * Starting values are too far from the solution, see homotopy in the manual.
     - In rare cases this could occur at events.
   * The equations are too discontinuous for the nonlinear solver - the residual will have knees.

Warning: Failed to solve nonlinear system using Newton solver.
  During initialization at time: 0
  Tag: extended initialization.nonlinear[1]

  Common causes:
   * The system of equations has no solution - the residual will be above zero.
     - This may be caused by initial conditions not being fully specified, check the translation log.
     - In some cases the event-logic can cause this.
   * Starting values are too far from the solution, see homotopy in the manual.
     - In rare cases this could occur at events.
   * The equations are too discontinuous for the nonlinear solver - the residual will have knees.
     - Likely caused by over-using noEvent.
  Especially consider the first two items above when the nonlinear solver fails during initialization.

  To get more information consider the options:
   * Simulation/Setup/Translation/Generate listing of translated Modelica code in dsmodel.mof
   * Simulation/Setup/Translation/List non-linear iteration variables
   * Simulation/Setup/Debug/Store variables after failed initialization
     - If a failure to solve a nonlinear equation caused failed initialization.
   * The options under the group Simulation/Setup/Debug/Nonlinear solver diagnostics

  Jacobian inverse norm estimate: 15236.6
  Condition number estimate: 2372.51
  1-norm of the residual = 234473

  Last value of the solution:
  Last value of the residual:


Warning: Failed to solve nonlinear system using Newton solver.
  During initialization at time: 0
  Tag: extended initialization.nonlinear[1]

  For debugging help refer to the first error message of this type.

  Jacobian inverse norm estimate: 15236.5
  Condition number estimate: 4586.39
  1-norm of the residual = 208295

  Last value of the solution:
  Last value of the residual:


Warning: Failed to solve nonlinear system using Newton solver.
  During initialization at time: 0
  Tag: extended initialization.nonlinear[1]

  Common causes:
   * The system of equations has no solution - the residual will be above zero.
     - This may be caused by initial conditions not being fully specified, check the translation log.
     - In some cases the event-logic can cause this.
   * Starting values are too far from the solution, see homotopy in the manual.
     - In rare cases this could occur at events.
   * The equations are too discontinuous for the nonlinear solver - the residual will have knees.
     - Likely caused by over-using noEvent.
  Especially consider the first two items above when the nonlinear solver fails during initialization.

  To get more information consider the options:
   * Simulation/Setup/Translation/Generate listing of translated Modelica code in dsmodel.mof
   * Simulation/Setup/Translation/List non-linear iteration variables
   * Simulation/Setup/Debug/Store variables after failed initialization
     - If a failure to solve a nonlinear equation caused failed initialization.
   * The options under the group Simulation/Setup/Debug/Nonlinear solver diagnostics

  Jacobian inverse norm estimate: 15236.2
  Condition number estimate: 556.087
  1-norm of the residual = 208286

  Last value of the solution:
  Last value of the residual:


Warning: Failed to solve nonlinear system using Newton solver.
  During initialization at time: 0
  Tag: extended initialization.nonlinear[1]

  Common causes:
   * The system of equations has no solution - the residual will be above zero.
     - This may be caused by initial conditions not being fully specified, check the translation log.
     - In some cases the event-logic can cause this.
   * Starting values are too far from the solution, see homotopy in the manual.
     - In rare cases this could occur at events.
   * The equations are too discontinuous for the nonlinear solver - the residual will have knees.
     - Likely caused by over-using noEvent.
  Especially consider the first two items above when the nonlinear solver fails during initialization.

  To get more information consider the options:
   * Simulation/Setup/Translation/Generate listing of translated Modelica code in dsmodel.mof

Warning: Failed to solve nonlinear system using Newton solver.
  During initialization at time: 0
  Tag: extended initialization.nonlinear[1]

  Common causes:
   * The system of equations has no solution - the residual will be above zero.
     - This may be caused by initial conditions not being fully specified, check the translation log.
     - In some cases the event-logic can cause this.
   * Starting values are too far from the solution, see homotopy in the manual.
     - In rare cases this could occur at events.
   * The equations are too discontinuous for the nonlinear solver - the residual will have knees.
     - Likely caused by over-using noEvent.
  Especially consider the first two items above when the nonlinear solver fails during initialization.

  To get more information consider the options:
   * Simulation/Setup/Translation/Generate listing of translated Modelica code in dsmodel.mof
   * Simulation/Setup/Translation/List non-linear iteration variables
   * Simulation/Setup/Debug/Store variables after failed initialization
     - If a failure to solve a nonlinear equation caused failed initialization.
   * The options under the group Simulation/Setup/Debug/Nonlinear solver diagnostics

  Jacobian inverse norm estimate: 10271.9
  Condition number estimate: 1470.69
  1-norm of the residual = 434938

  Last value of the solution:
  Last value of the residual:


Warning: Failed to solve nonlinear system using Newton solver.
  During initialization at time: 0
  Tag: extended initialization.nonlinear[1]

  For debugging help refer to the first error message of this type.

  Jacobian inverse norm estimate: 10271.8
  Condition number estimate: 4503.45
  1-norm of the residual = 432471

  Last value of the solution:
  Last value of the residual:


Warning: Failed to solve nonlinear system using Newton solver.
  During initialization at time: 0
  Tag: extended initialization.nonlinear[1]

  Common causes:
   * The system of equations has no solution - the residual will be above zero.
     - This may be caused by initial conditions not being fully specified, check the translation log.
     - In some cases the event-logic can cause this.
   * Starting values are too far from the solution, see homotopy in the manual.
     - In rare cases this could occur at events.
   * The equations are too discontinuous for the nonlinear solver - the residual will have knees.
     - Likely caused by over-using noEvent.
  Especially consider the first two items above when the nonlinear solver fails during initialization.

  To get more information consider the options:
   * Simulation/Setup/Translation/Generate listing of translated Modelica code in dsmodel.mof
   * Simulation/Setup/Translation/List non-linear iteration variables
   * Simulation/Setup/Debug/Store variables after failed initialization
     - If a failure to solve a nonlinear equation caused failed initialization.
   * The options under the group Simulation/Setup/Debug/Nonlinear solver diagnostics

  Jacobian inverse norm estimate: 10271.7
  Condition number estimate: 3483.17
  1-norm of the residual = 432471

  Last value of the solution:
  Last value of the residual:


Warning: Failed to solve nonlinear system using Newton solver.
  During initialization at time: 0
  Tag: extended initialization.nonlinear[1]

  Common causes:
   * The system of equations has no solution - the residual will be above zero.
     - This may be caused by initial conditions not being fully specified, check the translation log.
     - In some cases the event-logic can cause this.
   * Starting values are too far from the solution, see homotopy in the manual.
     - In rare cases this could occur at events.
   * The equations are too discontinuous for the nonlinear solver - the residual will have knees.
     - Likely caused by over-using noEvent.
  Especially consider the first two items above when the nonlinear solver fails during initialization.

  To get more information consider the options:
   * Simulation/Setup/Translation/Generate listing of translated Modelica code in dsmodel.mof

Warning: Failed to solve nonlinear system using Newton solver.
  During initialization at time: 0
  Tag: extended initialization.nonlinear[1]

  Common causes:
   * The system of equations has no solution - the residual will be above zero.
     - This may be caused by initial conditions not being fully specified, check the translation log.
     - In some cases the event-logic can cause this.
   * Starting values are too far from the solution, see homotopy in the manual.
     - In rare cases this could occur at events.
   * The equations are too discontinuous for the nonlinear solver - the residual will have knees.
     - Likely caused by over-using noEvent.
  Especially consider the first two items above when the nonlinear solver fails during initialization.

  To get more information consider the options:
   * Simulation/Setup/Translation/Generate listing of translated Modelica code in dsmodel.mof
   * Simulation/Setup/Translation/List non-linear iteration variables
   * Simulation/Setup/Debug/Store variables after failed initialization
     - If a failure to solve a nonlinear equation caused failed initialization.
   * The options under the group Simulation/Setup/Debug/Nonlinear solver diagnostics

  Jacobian inverse norm estimate: 16662.2
  Condition number estimate: 10272.4
  1-norm of the residual = 56040.7

  Last value of the solution:
  Last value of the residual:


Warning: Failed to solve nonlinear system using Newton solver.
  During initialization at time: 0
  Tag: extended initialization.nonlinear[1]

  For debugging help refer to the first error message of this type.

  Jacobian inverse norm estimate: 16662.6
  Condition number estimate: 5285.39
  1-norm of the residual = 52041.1

  Last value of the solution:
  Last value of the residual:


Warning: Failed to solve nonlinear system using Newton solver.
  During initialization at time: 0
  Tag: extended initialization.nonlinear[1]

  Common causes:
   * The system of equations has no solution - the residual will be above zero.
     - This may be caused by initial conditions not being fully specified, check the translation log.
     - In some cases the event-logic can cause this.
   * Starting values are too far from the solution, see homotopy in the manual.
     - In rare cases this could occur at events.
   * The equations are too discontinuous for the nonlinear solver - the residual will have knees.
     - Likely caused by over-using noEvent.
  Especially consider the first two items above when the nonlinear solver fails during initialization.

  To get more information consider the options:
   * Simulation/Setup/Translation/Generate listing of translated Modelica code in dsmodel.mof
   * Simulation/Setup/Translation/List non-linear iteration variables
   * Simulation/Setup/Debug/Store variables after failed initialization
     - If a failure to solve a nonlinear equation caused failed initialization.
   * The options under the group Simulation/Setup/Debug/Nonlinear solver diagnostics

  Jacobian inverse norm estimate: 16661.8
  Condition number estimate: 5221.49
  1-norm of the residual = 52040.8

  Last value of the solution:
  Last value of the residual:


Warning: Failed to solve nonlinear system using Newton solver.
  During initialization at time: 0
  Tag: extended initialization.nonlinear[1]

  Common causes:
   * The system of equations has no solution - the residual will be above zero.
     - This may be caused by initial conditions not being fully specified, check the translation log.
     - In some cases the event-logic can cause this.
   * Starting values are too far from the solution, see homotopy in the manual.
     - In rare cases this could occur at events.
   * The equations are too discontinuous for the nonlinear solver - the residual will have knees.
     - Likely caused by over-using noEvent.
  Especially consider the first two items above when the nonlinear solver fails during initialization.

  To get more information consider the options:
   * Simulation/Setup/Translation/Generate listing of translated Modelica code in dsmodel.mof
   * Simulation/Setup/Translation/List non-linear iteration variables
   * Simulation/Setup/Debug/Store variables after failed initialization
     - If a failure to solve a nonlinear equation caused failed initialization.
   * The options under the group Simulation/Setup/Debug/Nonlinear solver diagnostics

  Jacobian inverse norm estimate: 16661
  Condition number estimate: 5302.12
  1-norm of the residual = 52034.8

  Last value of the solution:
  Last value of the residual:


Warning: Failed to solve nonlinear system using Newton solver.
  During initialization at time: 0
  Tag: extended initialization.nonlinear[1]

  Common causes:
   * The system of equations has no solution - the residual will be above zero.
     - This may be caused by initial conditions not being fully specified, check the translation log.
     - In some cases the event-logic can cause this.
   * Starting values are too far from the solution, see homotopy in the manual.
     - In rare cases this could occur at events.
   * The equations are too discontinuous for the nonlinear solver - the residual will have knees.
     - Likely caused by over-using noEvent.
  Especially consider the first two items above when the nonlinear solver fails during initialization.

  To get more information consider the options:
   * Simulation/Setup/Translation/Generate listing of translated Modelica code in dsmodel.mof
   * Simulation/Setup/Translation/List non-linear iteration variables
   * Simulation/Setup/Debug/Store variables after failed initialization
     - If a failure to solve a nonlinear equation caused failed initialization.
   * The options under the group Simulation/Setup/Debug/Nonlinear solver diagnostics

  Jacobian inverse norm estimate: 16661.2
  Condition number estimate: 5197.36
  1-norm of the residual = 52033.8

  Last value of the solution:
  Last value of the residual:


Warning: Failed to solve nonlinear system using Newton solver.
  During initialization at time: 0
  Tag: extended initialization.nonlinear[1]

  Common causes:
   * The system of equations has no solution - the residual will be above zero.
     - This may be caused by initial conditions not being fully specified, check the translation log.
     - In some cases the event-logic can cause this.
   * Starting values are too far from the solution, see homotopy in the manual.
     - In rare cases this could occur at events.
   * The equations are too discontinuous for the nonlinear solver - the residual will have knees.
     - Likely caused by over-using noEvent.
  Especially consider the first two items above when the nonlinear solver fails during initialization.

  To get more information consider the options:
   * Simulation/Setup/Translation/Generate listing of translated Modelica code in dsmodel.mof
   * Simulation/Setup/Translation/List non-linear iteration variables
   * Simulation/Setup/Debug/Store variables after failed initialization
     - If a failure to solve a nonlinear equation caused failed initialization.
   * The options under the group Simulation/Setup/Debug/Nonlinear solver diagnostics

  Jacobian inverse norm estimate: 16660.8
  Condition number estimate: 5301.01
  1-norm of the residual = 52033.5

  Last value of the solution:
  Last value of the residual:


Warning: Failed to solve nonlinear system using Newton solver.
  During initialization at time: 0
  Tag: extended initialization.nonlinear[1]

  Common causes:
   * The system of equations has no solution - the residual will be above zero.
     - This may be caused by initial conditions not being fully specified, check the translation log.
     - In some cases the event-logic can cause this.
   * Starting values are too far from the solution, see homotopy in the manual.
     - In rare cases this could occur at events.
   * The equations are too discontinuous for the nonlinear solver - the residual will have knees.
     - Likely caused by over-using noEvent.
  Especially consider the first two items above when the nonlinear solver fails during initialization.

  To get more information consider the options:
   * Simulation/Setup/Translation/Generate listing of translated Modelica code in dsmodel.mof
   * Simulation/Setup/Translation/List non-linear iteration variables
   * Simulation/Setup/Debug/Store variables after failed initialization
     - If a failure to solve a nonlinear equation caused failed initialization.
   * The options under the group Simulation/Setup/Debug/Nonlinear solver diagnostics

  Jacobian inverse norm estimate: 16660.6
  Condition number estimate: 11619
  1-norm of the residual = 52031.9

  Last value of the solution:
  Last value of the residual:


Warning: Failed to solve nonlinear system using Newton solver.
  During initialization at time: 0
  Tag: extended initialization.nonlinear[1]

  Common causes:
   * The system of equations has no solution - the residual will be above zero.
     - This may be caused by initial conditions not being fully specified, check the translation log.
     - In some cases the event-logic can cause this.
   * Starting values are too far from the solution, see homotopy in the manual.
     - In rare cases this could occur at events.
   * The equations are too discontinuous for the nonlinear solver - the residual will have knees.
     - Likely caused by over-using noEvent.
  Especially consider the first two items above when the nonlinear solver fails during initialization.

  To get more information consider the options:
   * Simulation/Setup/Translation/Generate listing of translated Modelica code in dsmodel.mof
   * Simulation/Setup/Translation/List non-linear iteration variables
   * Simulation/Setup/Debug/Store variables after failed initialization
     - If a failure to solve a nonlinear equation caused failed initialization.
   * The options under the group Simulation/Setup/Debug/Nonlinear solver diagnostics

  Jacobian inverse norm estimate: 16660.2
  Condition number estimate: 5082.05
  1-norm of the residual = 52031.7

  Last value of the solution:
  Last value of the residual:


Warning: Failed to solve nonlinear system using Newton solver.
  During initialization at time: 0
  Tag: extended initialization.nonlinear[1]

  Common causes:
   * The system of equations has no solution - the residual will be above zero.
     - This may be caused by initial conditions not being fully specified, check the translation log.
     - In some cases the event-logic can cause this.
   * Starting values are too far from the solution, see homotopy in the manual.
     - In rare cases this could occur at events.
   * The equations are too discontinuous for the nonlinear solver - the residual will have knees.
     - Likely caused by over-using noEvent.
  Especially consider the first two items above when the nonlinear solver fails during initialization.

  To get more information consider the options:
   * Simulation/Setup/Translation/Generate listing of translated Modelica code in dsmodel.mof
   * Simulation/Setup/Translation/List non-linear iteration variables
   * Simulation/Setup/Debug/Store variables after failed initialization
     - If a failure to solve a nonlinear equation caused failed initialization.
   * The options under the group Simulation/Setup/Debug/Nonlinear solver diagnostics

  Jacobian inverse norm estimate: 16660
  Condition number estimate: 5142.86
  1-norm of the residual = 52030.9

  Last value of the solution:
  Last value of the residual:


Warning: Failed to solve nonlinear system using Newton solver.
  During initialization at time: 0
  Tag: extended initialization.nonlinear[1]

  Common causes:
   * The system of equations has no solution - the residual will be above zero.
     - This may be caused by initial conditions not being fully specified, check the translation log.
     - In some cases the event-logic can cause this.
   * Starting values are too far from the solution, see homotopy in the manual.
     - In rare cases this could occur at events.
   * The equations are too discontinuous for the nonlinear solver - the residual will have knees.
     - Likely caused by over-using noEvent.
  Especially consider the first two items above when the nonlinear solver fails during initialization.

  To get more information consider the options:
   * Simulation/Setup/Translation/Generate listing of translated Modelica code in dsmodel.mof
   * Simulation/Setup/Translation/List non-linear iteration variables
   * Simulation/Setup/Debug/Store variables after failed initialization
     - If a failure to solve a nonlinear equation caused failed initialization.
   * The options under the group Simulation/Setup/Debug/Nonlinear solver diagnostics

  Jacobian inverse norm estimate: 16660.3
  Condition number estimate: 7176.84
  1-norm of the residual = 52030.4

  Last value of the solution:
  Last value of the residual:


Warning: Failed to solve nonlinear system using Newton solver.
  During initialization at time: 0
  Tag: extended initialization.nonlinear[1]

  Common causes:
   * The system of equations has no solution - the residual will be above zero.
     - This may be caused by initial conditions not being fully specified, check the translation log.
     - In some cases the event-logic can cause this.
   * Starting values are too far from the solution, see homotopy in the manual.
     - In rare cases this could occur at events.
   * The equations are too discontinuous for the nonlinear solver - the residual will have knees.
     - Likely caused by over-using noEvent.
  Especially consider the first two items above when the nonlinear solver fails during initialization.

  To get more information consider the options:
   * Simulation/Setup/Translation/Generate listing of translated Modelica code in dsmodel.mof
   * Simulation/Setup/Translation/List non-linear iteration variables
   * Simulation/Setup/Debug/Store variables after failed initialization
     - If a failure to solve a nonlinear equation caused failed initialization.
   * The options under the group Simulation/Setup/Debug/Nonlinear solver diagnostics

  Jacobian inverse norm estimate: 16659.8
  Condition number estimate: 6821.09
  1-norm of the residual = 52029.8

  Last value of the solution:
  Last value of the residual:


Warning: Failed to solve nonlinear system using Newton solver.
  During initialization at time: 0
  Tag: extended initialization.nonlinear[1]

  Common causes:
   * The system of equations has no solution - the residual will be above zero.
     - This may be caused by initial conditions not being fully specified, check the translation log.
     - In some cases the event-logic can cause this.
   * Starting values are too far from the solution, see homotopy in the manual.
     - In rare cases this could occur at events.
   * The equations are too discontinuous for the nonlinear solver - the residual will have knees.
     - Likely caused by over-using noEvent.
  Especially consider the first two items above when the nonlinear solver fails during initialization.

  To get more information consider the options:
   * Simulation/Setup/Translation/Generate listing of translated Modelica code in dsmodel.mof
   * Simulation/Setup/Translation/List non-linear iteration variables
   * Simulation/Setup/Debug/Store variables after failed initialization
     - If a failure to solve a nonlinear equation caused failed initialization.
   * The options under the group Simulation/Setup/Debug/Nonlinear solver diagnostics

  Jacobian inverse norm estimate: 16660
  Condition number estimate: 6980.86
  1-norm of the residual = 52029.2

  Last value of the solution:
  Last value of the residual:


Warning: Failed to solve nonlinear system using Newton solver.
  During initialization at time: 0
  Tag: extended initialization.nonlinear[1]

  Common causes:
   * The system of equations has no solution - the residual will be above zero.
     - This may be caused by initial conditions not being fully specified, check the translation log.
     - In some cases the event-logic can cause this.
   * Starting values are too far from the solution, see homotopy in the manual.
     - In rare cases this could occur at events.
   * The equations are too discontinuous for the nonlinear solver - the residual will have knees.
     - Likely caused by over-using noEvent.
  Especially consider the first two items above when the nonlinear solver fails during initialization.

  To get more information consider the options:
   * Simulation/Setup/Translation/Generate listing of translated Modelica code in dsmodel.mof
   * Simulation/Setup/Translation/List non-linear iteration variables
   * Simulation/Setup/Debug/Store variables after failed initialization
     - If a failure to solve a nonlinear equation caused failed initialization.
   * The options under the group Simulation/Setup/Debug/Nonlinear solver diagnostics

  Jacobian inverse norm estimate: 16659.9
  Condition number estimate: 6910.55
  1-norm of the residual = 52028.6

  Last value of the solution:
  Last value of the residual:


Warning: Failed to solve nonlinear system using Newton solver.
  During initialization at time: 0
  Tag: extended initialization.nonlinear[1]

  Common causes:
   * The system of equations has no solution - the residual will be above zero.
     - This may be caused by initial conditions not being fully specified, check the translation log.
     - In some cases the event-logic can cause this.
   * Starting values are too far from the solution, see homotopy in the manual.
     - In rare cases this could occur at events.
   * The equations are too discontinuous for the nonlinear solver - the residual will have knees.
     - Likely caused by over-using noEvent.
  Especially consider the first two items above when the nonlinear solver fails during initialization.

  To get more information consider the options:
   * Simulation/Setup/Translation/Generate listing of translated Modelica code in dsmodel.mof
   * Simulation/Setup/Translation/List non-linear iteration variables
   * Simulation/Setup/Debug/Store variables after failed initialization
     - If a failure to solve a nonlinear equation caused failed initialization.
   * The options under the group Simulation/Setup/Debug/Nonlinear solver diagnostics

  Jacobian inverse norm estimate: 16659.5
  Condition number estimate: 6928.05
  1-norm of the residual = 52028

  Last value of the solution:
  Last value of the residual:


Warning: Failed to solve nonlinear system using Newton solver.
  During initialization at time: 0
  Tag: extended initialization.nonlinear[1]

  Common causes:
   * The system of equations has no solution - the residual will be above zero.
     - This may be caused by initial conditions not being fully specified, check the translation log.
     - In some cases the event-logic can cause this.
   * Starting values are too far from the solution, see homotopy in the manual.
     - In rare cases this could occur at events.
   * The equations are too discontinuous for the nonlinear solver - the residual will have knees.
     - Likely caused by over-using noEvent.
  Especially consider the first two items above when the nonlinear solver fails during initialization.

  To get more information consider the options:
   * Simulation/Setup/Translation/Generate listing of translated Modelica code in dsmodel.mof
   * Simulation/Setup/Translation/List non-linear iteration variables
   * Simulation/Setup/Debug/Store variables after failed initialization
     - If a failure to solve a nonlinear equation caused failed initialization.
   * The options under the group Simulation/Setup/Debug/Nonlinear solver diagnostics

  Jacobian inverse norm estimate: 16659.3
  Condition number estimate: 6908.66
  1-norm of the residual = 52027.4

  Last value of the solution:
  Last value of the residual:


Warning: Failed to solve nonlinear system using Newton solver.
  During initialization at time: 0
  Tag: extended initialization.nonlinear[1]

  Common causes:
   * The system of equations has no solution - the residual will be above zero.
     - This may be caused by initial conditions not being fully specified, check the translation log.
     - In some cases the event-logic can cause this.
   * Starting values are too far from the solution, see homotopy in the manual.
     - In rare cases this could occur at events.
   * The equations are too discontinuous for the nonlinear solver - the residual will have knees.
     - Likely caused by over-using noEvent.
  Especially consider the first two items above when the nonlinear solver fails during initialization.

  To get more information consider the options:
   * Simulation/Setup/Translation/Generate listing of translated Modelica code in dsmodel.mof
   * Simulation/Setup/Translation/List non-linear iteration variables
   * Simulation/Setup/Debug/Store variables after failed initialization
     - If a failure to solve a nonlinear equation caused failed initialization.
   * The options under the group Simulation/Setup/Debug/Nonlinear solver diagnostics

  Jacobian inverse norm estimate: 16659.2
  Condition number estimate: 6905.05
  1-norm of the residual = 52026.8

  Last value of the solution:
  Last value of the residual:


Warning: Failed to solve nonlinear system using Newton solver.
  During initialization at time: 0
  Tag: extended initialization.nonlinear[1]

  Common causes:
   * The system of equations has no solution - the residual will be above zero.
     - This may be caused by initial conditions not being fully specified, check the translation log.
     - In some cases the event-logic can cause this.
   * Starting values are too far from the solution, see homotopy in the manual.
     - In rare cases this could occur at events.
   * The equations are too discontinuous for the nonlinear solver - the residual will have knees.
     - Likely caused by over-using noEvent.
  Especially consider the first two items above when the nonlinear solver fails during initialization.

  To get more information consider the options:
   * Simulation/Setup/Translation/Generate listing of translated Modelica code in dsmodel.mof
   * Simulation/Setup/Translation/List non-linear iteration variables
   * Simulation/Setup/Debug/Store variables after failed initialization
     - If a failure to solve a nonlinear equation caused failed initialization.
   * The options under the group Simulation/Setup/Debug/Nonlinear solver diagnostics

  Jacobian inverse norm estimate: 16659.1
  Condition number estimate: 6893.67
  1-norm of the residual = 52026.2

  Last value of the solution:
  Last value of the residual:


Warning: Failed to solve nonlinear system using Newton solver.
  During initialization at time: 0
  Tag: extended initialization.nonlinear[1]

  Common causes:
   * The system of equations has no solution - the residual will be above zero.
     - This may be caused by initial conditions not being fully specified, check the translation log.
     - In some cases the event-logic can cause this.
   * Starting values are too far from the solution, see homotopy in the manual.
     - In rare cases this could occur at events.
   * The equations are too discontinuous for the nonlinear solver - the residual will have knees.
     - Likely caused by over-using noEvent.
  Especially consider the first two items above when the nonlinear solver fails during initialization.

  To get more information consider the options:
   * Simulation/Setup/Translation/Generate listing of translated Modelica code in dsmodel.mof
   * Simulation/Setup/Translation/List non-linear iteration variables
   * Simulation/Setup/Debug/Store variables after failed initialization
     - If a failure to solve a nonlinear equation caused failed initialization.
   * The options under the group Simulation/Setup/Debug/Nonlinear solver diagnostics

  Jacobian inverse norm estimate: 16659.3
  Condition number estimate: 6886.69
  1-norm of the residual = 52025.6

  Last value of the solution:
  Last value of the residual:


Warning: Failed to solve nonlinear system using Newton solver.
  During initialization at time: 0
  Tag: extended initialization.nonlinear[1]

  Common causes:
   * The system of equations has no solution - the residual will be above zero.
     - This may be caused by initial conditions not being fully specified, check the translation log.
     - In some cases the event-logic can cause this.
   * Starting values are too far from the solution, see homotopy in the manual.
     - In rare cases this could occur at events.
   * The equations are too discontinuous for the nonlinear solver - the residual will have knees.
     - Likely caused by over-using noEvent.
  Especially consider the first two items above when the nonlinear solver fails during initialization.

  To get more information consider the options:
   * Simulation/Setup/Translation/Generate listing of translated Modelica code in dsmodel.mof
   * Simulation/Setup/Translation/List non-linear iteration variables
   * Simulation/Setup/Debug/Store variables after failed initialization
     - If a failure to solve a nonlinear equation caused failed initialization.
   * The options under the group Simulation/Setup/Debug/Nonlinear solver diagnostics

  Jacobian inverse norm estimate: 16659.6
  Condition number estimate: 6876.91
  1-norm of the residual = 52025

  Last value of the solution:
  Last value of the residual:


Warning: Failed to solve nonlinear system using Newton solver.
  During initialization at time: 0
  Tag: extended initialization.nonlinear[1]

  Common causes:
   * The system of equations has no solution - the residual will be above zero.
     - This may be caused by initial conditions not being fully specified, check the translation log.
     - In some cases the event-logic can cause this.
   * Starting values are too far from the solution, see homotopy in the manual.
     - In rare cases this could occur at events.
   * The equations are too discontinuous for the nonlinear solver - the residual will have knees.
     - Likely caused by over-using noEvent.
  Especially consider the first two items above when the nonlinear solver fails during initialization.

  To get more information consider the options:
   * Simulation/Setup/Translation/Generate listing of translated Modelica code in dsmodel.mof
   * Simulation/Setup/Translation/List non-linear iteration variables
   * Simulation/Setup/Debug/Store variables after failed initialization
     - If a failure to solve a nonlinear equation caused failed initialization.
   * The options under the group Simulation/Setup/Debug/Nonlinear solver diagnostics

  Jacobian inverse norm estimate: 16658.8
  Condition number estimate: 6867.82
  1-norm of the residual = 52024.4

  Last value of the solution:
  Last value of the residual:


Warning: Failed to solve nonlinear system using Newton solver.
  During initialization at time: 0
  Tag: extended initialization.nonlinear[1]

  Common causes:
   * The system of equations has no solution - the residual will be above zero.
     - This may be caused by initial conditions not being fully specified, check the translation log.
     - In some cases the event-logic can cause this.
   * Starting values are too far from the solution, see homotopy in the manual.
     - In rare cases this could occur at events.
   * The equations are too discontinuous for the nonlinear solver - the residual will have knees.
     - Likely caused by over-using noEvent.
  Especially consider the first two items above when the nonlinear solver fails during initialization.

  To get more information consider the options:
   * Simulation/Setup/Translation/Generate listing of translated Modelica code in dsmodel.mof
   * Simulation/Setup/Translation/List non-linear iteration variables
   * Simulation/Setup/Debug/Store variables after failed initialization
     - If a failure to solve a nonlinear equation caused failed initialization.
   * The options under the group Simulation/Setup/Debug/Nonlinear solver diagnostics

  Jacobian inverse norm estimate: 16658.7
  Condition number estimate: 6858.26
  1-norm of the residual = 52023.8

  Last value of the solution:
  Last value of the residual:


Warning: Failed to solve nonlinear system using Newton solver.
  During initialization at time: 0
  Tag: extended initialization.nonlinear[1]

  Common causes:
   * The system of equations has no solution - the residual will be above zero.
[SunModel::SunInstance] creating sun new instance
[CityEnergyModel::Instance]
  |-- export outputs enabled: 1
  |-- export visualization enabled: 1
  |-- export report enabled: 1
  |-- export building report enabled: 0
  |-- solar shading coefficients enabled: building
  |-- solar shading components: building
[CityEnergyModelInstance] execute start ...
execute at time=3600
[CityEnergyModelInstance] execute.simulation start ...
[CityEnergyModelInstance] execute.simulation.solarMasks start ...
[CityEnergyModelInstance] updateSolarPosition : create bvh start ...
[CityEnergyModelInstance] updateSolarPosition : create bvh current done in 0.0296966 s
[CityEnergyModelInstance] updateSolarPosition : create rays start ...
[CityEnergyModelInstance] updateSolarPosition : create rays current done in 0.0679554 s
[CityEnergyModelInstance] updateSolarPosition : create rays intersect start ...
[CityEnergyModelInstance] updateSolarPosition : create rays intersect current done in 0.874806 s
[CityEnergyModelInstance] updateSolarPosition :  update solar shading coefficients start ...
[CityEnergyModelInstance] updateSolarPosition :  update solar shading coefficients current done in 1.771e-06 s
[CityEnergyModelInstance] execute.simulation.solarMasks current done in 0.989548 s
[CityEnergyModelInstance] execute.simulation.buildingExecuteStep start ...
[CityEnergyModelInstance] execute.simulation.buildingExecuteStep current done in 58.467 s
[CityEnergyModelInstance] execute.simulation current done in 59.4673 s
[CityEnergyModelInstance] execute.postprocess start ...
[CityEnergyModelInstance] report start ...
[CityEnergyModelInstance] report current done in 0.724967 s
[CityEnergyModelInstance] exportOutputs start ...
[CityEnergyModelInstance] exportOutputs current done in 0.76244 s
[CityEnergyModelInstance] visualization start ...
[CityEnergyModelInstance] visualization current done in 4.33608 s
[CityEnergyModelInstance] execute.postprocess current done in 5.8951 s
execute at time=7200
[CityEnergyModelInstance] execute.simulation start ...
[CityEnergyModelInstance] execute.simulation.solarMasks start ...
[CityEnergyModelInstance] updateSolarPosition : create bvh start ...
[CityEnergyModelInstance] updateSolarPosition : create bvh current done in 1.1e-07 s
[CityEnergyModelInstance] updateSolarPosition : create rays start ...
[CityEnergyModelInstance] updateSolarPosition : create rays current done in 0.000828226 s
[CityEnergyModelInstance] updateSolarPosition : create rays intersect start ...
[CityEnergyModelInstance] updateSolarPosition : create rays intersect current done in 0.018164 s
[CityEnergyModelInstance] updateSolarPosition :  update solar shading coefficients start ...
[CityEnergyModelInstance] updateSolarPosition :  update solar shading coefficients current done in 5.6e-07 s
[CityEnergyModelInstance] execute.simulation.solarMasks current done in 0.0192706 s
[CityEnergyModelInstance] execute.simulation.buildingExecuteStep start ...
[CityEnergyModelInstance] execute.simulation.buildingExecuteStep current done in 1.42253 s
[CityEnergyModelInstance] execute.simulation current done in 1.44225 s
[CityEnergyModelInstance] execute.postprocess start ...
[CityEnergyModelInstance] report start ...
[CityEnergyModelInstance] report current done in 2.01186 s
[CityEnergyModelInstance] exportOutputs start ...
[CityEnergyModelInstance] exportOutputs current done in 0.317431 s
[CityEnergyModelInstance] visualization start ...
[CityEnergyModelInstance] visualization current done in 2.52624 s
[CityEnergyModelInstance] execute.postprocess current done in 4.8742 s
execute at time=10800
[CityEnergyModelInstance] execute.simulation start ...
[CityEnergyModelInstance] execute.simulation.solarMasks start ...
[CityEnergyModelInstance] updateSolarPosition : create bvh start ...
[CityEnergyModelInstance] updateSolarPosition : create bvh current done in 1.1e-07 s
[CityEnergyModelInstance] updateSolarPosition : create rays start ...
[CityEnergyModelInstance] updateSolarPosition : create rays current done in 0.000799846 s
[CityEnergyModelInstance] updateSolarPosition : create rays intersect start ...
[CityEnergyModelInstance] updateSolarPosition : create rays intersect current done in 0.00269743 s
[CityEnergyModelInstance] updateSolarPosition :  update solar shading coefficients start ...
[CityEnergyModelInstance] updateSolarPosition :  update solar shading coefficients current done in 9.4e-07 s
[CityEnergyModelInstance] execute.simulation.solarMasks current done in 0.00384537 s
[CityEnergyModelInstance] execute.simulation.buildingExecuteStep start ...
[CityEnergyModelInstance] execute.simulation.buildingExecuteStep current done in 1.0336 s
[CityEnergyModelInstance] execute.simulation current done in 1.03786 s
[CityEnergyModelInstance] execute.postprocess start ...
[CityEnergyModelInstance] report start ...
[CityEnergyModelInstance] report current done in 0.235405 s
[CityEnergyModelInstance] exportOutputs start ...
[CityEnergyModelInstance] exportOutputs current done in 0.193425 s
[CityEnergyModelInstance] visualization start ...
[CityEnergyModelInstance] visualization current done in 2.61447 s
[CityEnergyModelInstance] execute.postprocess current done in 3.06191 s
execute at time=14400
[CityEnergyModelInstance] execute.simulation start ...
[CityEnergyModelInstance] execute.simulation.solarMasks start ...
[CityEnergyModelInstance] updateSolarPosition : create bvh start ...
[CityEnergyModelInstance] updateSolarPosition : create bvh current done in 3e-07 s
[CityEnergyModelInstance] updateSolarPosition : create rays start ...
[CityEnergyModelInstance] updateSolarPosition : create rays current done in 0.000803966 s
[CityEnergyModelInstance] updateSolarPosition : create rays intersect start ...
[CityEnergyModelInstance] updateSolarPosition : create rays intersect current done in 0.00271338 s
[CityEnergyModelInstance] updateSolarPosition :  update solar shading coefficients start ...
[CityEnergyModelInstance] updateSolarPosition :  update solar shading coefficients current done in 6.8e-07 s
[CityEnergyModelInstance] execute.simulation.solarMasks current done in 0.00388562 s
[CityEnergyModelInstance] execute.simulation.buildingExecuteStep start ...
[CityEnergyModelInstance] execute.simulation.buildingExecuteStep current done in 0.894742 s
[CityEnergyModelInstance] execute.simulation current done in 0.899052 s
[CityEnergyModelInstance] execute.postprocess start ...
[CityEnergyModelInstance] report start ...
[CityEnergyModelInstance] report current done in 0.238439 s
[CityEnergyModelInstance] exportOutputs start ...
[CityEnergyModelInstance] exportOutputs current done in 0.221761 s
[CityEnergyModelInstance] visualization start ...
[CityEnergyModelInstance] visualization current done in 2.37488 s
[CityEnergyModelInstance] execute.postprocess current done in 2.85375 s
execute at time=18000
[CityEnergyModelInstance] execute.simulation start ...
[CityEnergyModelInstance] execute.simulation.solarMasks start ...
[CityEnergyModelInstance] updateSolarPosition : create bvh start ...
[CityEnergyModelInstance] updateSolarPosition : create bvh current done in 1e-07 s
[CityEnergyModelInstance] updateSolarPosition : create rays start ...
[CityEnergyModelInstance] updateSolarPosition : create rays current done in 0.000902357 s
[CityEnergyModelInstance] updateSolarPosition : create rays intersect start ...
[CityEnergyModelInstance] updateSolarPosition : create rays intersect current done in 0.00264297 s
[CityEnergyModelInstance] updateSolarPosition :  update solar shading coefficients start ...
[CityEnergyModelInstance] updateSolarPosition :  update solar shading coefficients current done in 4.5e-07 s
[CityEnergyModelInstance] execute.simulation.solarMasks current done in 0.00383958 s
[CityEnergyModelInstance] execute.simulation.buildingExecuteStep start ...
[CityEnergyModelInstance] execute.simulation.buildingExecuteStep current done in 0.897533 s
[CityEnergyModelInstance] execute.simulation current done in 0.901783 s
[CityEnergyModelInstance] execute.postprocess start ...
[CityEnergyModelInstance] report start ...
[CityEnergyModelInstance] report current done in 0.215635 s
[CityEnergyModelInstance] exportOutputs start ...
[CityEnergyModelInstance] exportOutputs current done in 0.213508 s
[CityEnergyModelInstance] visualization start ...
[CityEnergyModelInstance] visualization current done in 2.37183 s
[CityEnergyModelInstance] execute.postprocess current done in 2.81987 s
execute at time=21600
[CityEnergyModelInstance] execute.simulation start ...
[CityEnergyModelInstance] execute.simulation.solarMasks start ...
[CityEnergyModelInstance] updateSolarPosition : create bvh start ...
[CityEnergyModelInstance] updateSolarPosition : create bvh current done in 1.1e-07 s
[CityEnergyModelInstance] updateSolarPosition : create rays start ...
[CityEnergyModelInstance] updateSolarPosition : create rays current done in 0.000840806 s
[CityEnergyModelInstance] updateSolarPosition : create rays intersect start ...
[CityEnergyModelInstance] updateSolarPosition : create rays intersect current done in 0.00275488 s
[CityEnergyModelInstance] updateSolarPosition :  update solar shading coefficients start ...
[CityEnergyModelInstance] updateSolarPosition :  update solar shading coefficients current done in 6.8e-07 s
[CityEnergyModelInstance] execute.simulation.solarMasks current done in 0.00390044 s
[CityEnergyModelInstance] execute.simulation.buildingExecuteStep start ...
[CityEnergyModelInstance] execute.simulation.buildingExecuteStep current done in 1.05727 s
[CityEnergyModelInstance] execute.simulation current done in 1.06159 s
[CityEnergyModelInstance] execute.postprocess start ...
[CityEnergyModelInstance] report start ...
[CityEnergyModelInstance] report current done in 0.209268 s
[CityEnergyModelInstance] exportOutputs start ...
[CityEnergyModelInstance] exportOutputs current done in 0.223905 s
[CityEnergyModelInstance] visualization start ...
[CityEnergyModelInstance] visualization current done in 2.54924 s
[CityEnergyModelInstance] execute.postprocess current done in 3.00129 s
execute at time=25200
[CityEnergyModelInstance] execute.simulation start ...
[CityEnergyModelInstance] execute.simulation.solarMasks start ...
[CityEnergyModelInstance] updateSolarPosition : create bvh start ...
[CityEnergyModelInstance] updateSolarPosition : create bvh current done in 1.4e-07 s
[CityEnergyModelInstance] updateSolarPosition : create rays start ...
[CityEnergyModelInstance] updateSolarPosition : create rays current done in 0.000904446 s
[CityEnergyModelInstance] updateSolarPosition : create rays intersect start ...
[CityEnergyModelInstance] updateSolarPosition : create rays intersect current done in 0.00299266 s
[CityEnergyModelInstance] updateSolarPosition :  update solar shading coefficients start ...
[CityEnergyModelInstance] updateSolarPosition :  update solar shading coefficients current done in 4.3e-07 s
[CityEnergyModelInstance] execute.simulation.solarMasks current done in 0.00416999 s
[CityEnergyModelInstance] execute.simulation.buildingExecuteStep start ...
[CityEnergyModelInstance] execute.simulation.buildingExecuteStep current done in 1.01155 s
[CityEnergyModelInstance] execute.simulation current done in 1.01619 s
[CityEnergyModelInstance] execute.postprocess start ...
[CityEnergyModelInstance] report start ...
[CityEnergyModelInstance] report current done in 0.244649 s
[CityEnergyModelInstance] exportOutputs start ...
[CityEnergyModelInstance] exportOutputs current done in 0.176078 s
[CityEnergyModelInstance] visualization start ...
[CityEnergyModelInstance] visualization current done in 2.5135 s
[CityEnergyModelInstance] execute.postprocess current done in 2.95315 s
execute at time=28800
[CityEnergyModelInstance] execute.simulation start ...
[CityEnergyModelInstance] execute.simulation.solarMasks start ...
[CityEnergyModelInstance] updateSolarPosition : create bvh start ...
[CityEnergyModelInstance] updateSolarPosition : create bvh current done in 1.1e-07 s
[CityEnergyModelInstance] updateSolarPosition : create rays start ...
[CityEnergyModelInstance] updateSolarPosition : create rays current done in 0.000881477 s
[CityEnergyModelInstance] updateSolarPosition : create rays intersect start ...
[CityEnergyModelInstance] updateSolarPosition : create rays intersect current done in 0.00303165 s
[CityEnergyModelInstance] updateSolarPosition :  update solar shading coefficients start ...
[CityEnergyModelInstance] updateSolarPosition :  update solar shading coefficients current done in 5.9e-07 s
[CityEnergyModelInstance] execute.simulation.solarMasks current done in 0.00421475 s
[CityEnergyModelInstance] execute.simulation.buildingExecuteStep start ...
[CityEnergyModelInstance] execute.simulation.buildingExecuteStep current done in 1.19665 s
[CityEnergyModelInstance] execute.simulation current done in 1.20125 s
[CityEnergyModelInstance] execute.postprocess start ...
[CityEnergyModelInstance] report start ...
[CityEnergyModelInstance] report current done in 0.323889 s
[CityEnergyModelInstance] exportOutputs start ...
[CityEnergyModelInstance] exportOutputs current done in 0.195256 s
[CityEnergyModelInstance] visualization start ...
[CityEnergyModelInstance] visualization current done in 2.63581 s
[CityEnergyModelInstance] execute.postprocess current done in 3.17423 s
execute at time=32400
[CityEnergyModelInstance] execute.simulation start ...
[CityEnergyModelInstance] execute.simulation.solarMasks start ...
[CityEnergyModelInstance] updateSolarPosition : create bvh start ...
[CityEnergyModelInstance] updateSolarPosition : create bvh current done in 1.2e-07 s
[CityEnergyModelInstance] updateSolarPosition : create rays start ...
[CityEnergyModelInstance] updateSolarPosition : create rays current done in 0.00101337 s
[CityEnergyModelInstance] updateSolarPosition : create rays intersect start ...
[CityEnergyModelInstance] updateSolarPosition : create rays intersect current done in 0.00264771 s
[CityEnergyModelInstance] updateSolarPosition :  update solar shading coefficients start ...
[CityEnergyModelInstance] updateSolarPosition :  update solar shading coefficients current done in 9.7e-07 s
[CityEnergyModelInstance] execute.simulation.solarMasks current done in 0.00400368 s
[CityEnergyModelInstance] execute.simulation.buildingExecuteStep start ...
[CityEnergyModelInstance] execute.simulation.buildingExecuteStep current done in 0.953668 s
[CityEnergyModelInstance] execute.simulation current done in 0.958083 s
[CityEnergyModelInstance] execute.postprocess start ...
[CityEnergyModelInstance] report start ...
[CityEnergyModelInstance] report current done in 0.328067 s
[CityEnergyModelInstance] exportOutputs start ...
[CityEnergyModelInstance] exportOutputs current done in 0.240572 s
[CityEnergyModelInstance] visualization start ...
[CityEnergyModelInstance] visualization current done in 2.56699 s
[CityEnergyModelInstance] execute.postprocess current done in 3.15469 s
execute at time=36000
[CityEnergyModelInstance] execute.simulation start ...
[CityEnergyModelInstance] execute.simulation.solarMasks start ...
[CityEnergyModelInstance] updateSolarPosition : create bvh start ...
[CityEnergyModelInstance] updateSolarPosition : create bvh current done in 1.7e-07 s
[CityEnergyModelInstance] updateSolarPosition : create rays start ...
[CityEnergyModelInstance] updateSolarPosition : create rays current done in 0.00230991 s
[CityEnergyModelInstance] updateSolarPosition : create rays intersect start ...
     - Lik     - This may be caused by initial conditions not being fully specified, check the translat</code></pre>
</div>
</div>
</div>
</div>
</article>
  </div>
</main>
</div>
<footer class="footer" style="border-top: 2px solid #e9e9e9; background-color: #fafafa; padding-bottom: 2em; padding-top: 2em;">
    <div class="container" style="display: flex; flex-direction: column; align-items: center; gap: 0.5em;">
        <div>
            <a href="https://www.cemosis.fr">
                <img src="../../../../../../_/img/cemosis-logo.svg" alt="Cemosis logo" height="50">
            </a>
        </div>
        <span style="font-size: 0.8rem; color: #9e9e9e"> 2025 <a href="https://www.cemosis.fr" style="text-decoration: underline;">Cemosis</a>, Universit de Strasbourg</span>
    </div>
</footer>
<script id="site-script" src="../../../../../../_/js/site.js" data-ui-root-path="../../../../../../_"></script>


<script async src="../../../../../../_/js/vendor/fontawesome-icon-defs.js"></script>
<script async src="../../../../../../_/js/vendor/fontawesome.js"></script>
<script async src="../../../../../../_/js/vendor/highlight.js"></script>


<script type="text/javascript">
function toggleFullScreen() {
   var doc = window.document;
   var docEl = doc.documentElement;

   var requestFullScreen = docEl.requestFullscreen || docEl.mozRequestFullScreen || docEl.webkitRequestFullScreen || docEl.msRequestFullscreen;
   var cancelFullScreen = doc.exitFullscreen || doc.mozCancelFullScreen || doc.webkitExitFullscreen || doc.msExitFullscreen;

   if(!doc.fullscreenElement && !doc.mozFullScreenElement && !doc.webkitFullscreenElement && !doc.msFullscreenElement) {
       requestFullScreen.call(docEl);
   }
   else {
       cancelFullScreen.call(doc);
   }
}
</script>
  </body>
</html>
