<!DOCTYPE html>
<html lang="en">
  <head>
    <meta charset="utf-8">
    <meta name="viewport" content="width=device-width,initial-scale=1">
    <title>ReFrame logs :: Ktirio Benchmarks</title>
    <link rel="canonical" href="https://feelpp.github.io/bench.ktirio.fr/ktirio_benchmarks/logs/vega/feelpp_kub_cem/Paris_partitioned/2025_04_03T09_46_13Z0200/b120f86a.html">
    <meta name="generator" content="Antora 3.1.10">
    <link rel="stylesheet" href="../../../../../../_/css/site.css">
<link rel="icon" href="../../../../../../_/img/favicon.ico" type="image/x-icon">
<script>!function(l,p){if(l.protocol!==p&&l.host=="docs.antora.org"){l.protocol=p}else if(/\.gitlab\.io$/.test(l.host)){l.replace(p+"//docs.antora.org"+l.pathname.substr(l.pathname.indexOf("/",1))+l.search+l.hash)}}(location,"https:")</script>

<script src="../../../../../../_/js/vendor/tabs-block-extension.js"></script>
<script src="../../../../../../_/js/vendor/tabs-block-behavior.js"></script>



<script type="text/x-mathjax-config">
MathJax.Hub.Config({
  messageStyle: "none",
  tex2jax: {
    inlineMath: [['$','$'], ['\\(','\\)']],
    displayMath: [['$$','$$'], ['\\[','\\]']],
    processEscapes: true,
    processEnvironments: true,
    ignoreClass: "nostem|nolatexmath"
  },
  asciimath2jax: {
    delimiters: [["\\$", "\\$"]],
    ignoreClass: "nostem|noasciimath"
  },

  TeX: {
      Macros: {
      bold: ["{\\bf #1}",1],
      calTh: "{\\mathcal{T}_h}",
      card: ["{\\operatorname{card}(#1)}",1],
      card: ["{\\operatorname{card}(#1)}",1],
      Ck: ["{\\mathcal{C}^{#1}}",1],
      deformt: ["{\\mathbf{\\varepsilon(#1)}}",1],
      diam: "{\\operatorname{diam}}",
      dim: ["{\\operatorname{dim}(#1)}",1],
      disp: ["{\\mathbf{#1}}",1],
      domain: "{\\Omega}",
      ds: "",
      essinf: "{\\operatorname{ess}\\, \\operatorname{inf}}",
      F:"{\\mathcal{F}}",
      geo: "{\\mathrm{geo}}",
      Ich: ["{\\mathcal{I}^{#1}_{c,h}#2}",2],
      Id: "{\\mathcal{I}}",
      Ilag: ["{\\mathcal{I}^{\\mathrm{lag}}_{#1}}",1],
      jump: ["{[\\![ #1 ]\\!]}",1],
      n:"{\\mathbf{n}}",
      Ne: "{N_{\\mathrm{e}}}",
      Next: "{\\mathrm{n}}",
      nf: "{n_f}",
      ngeo: "{n_{\\mathrm{geo}}}",
      Nma: "{N_{\\mathrm{ma}}}",
      NN: "{\\mathbb N}",
      Nno: "{N_{\\mathrm{no}}}",
      Nso: "{N_{\\mathrm{so}}}",
      opdim: "{\\operatorname{dim}}",
      p: "{\\mathrm{p}}",
      P:"{\\mathcal{P}}",
      Pch: ["{P^{#1}_{c,h}}",1],
      Pcho: ["{P^{#1}_{c,h,0}}",1],
      Pk: ["{\\mathcal{P}^{#1}}",1],
      poly: ["{\\mathbb{#1}",1],
      poly: ["{\\mathbb{#1}}",1],
      prect: ["{\\left\\(#1\\right\\)}",1],
      q:"{\\mathbf{q}}",
      Qch: ["{Q^{#1}_{c,h}}",1],
      Qk: ["{\\mathcal{Q}^{#1}}",1],
      R: ["{\\mathbb{R}^{#1}}",1],
      RR: "{\\mathbb R}",
      set: ["{\\left\\{#1\\right\\}}",1],
      stresst: ["{\\mathbf{\\sigma(#1)}}",1],
      T:"{\\mathcal{T}}",
      tr: "{\\operatorname{tr}}",
      v:"{\\mathbf{v}}",
      vertiii: ["\\left\\vert\\kern-0.25ex\\left\\vert\\kern-0.25ex\\left\\vert #1 \\right\\vert\\kern-0.25ex\\right\\vert\\kern-0.25ex\\right\\vert",1]
  },
  extensions: ["mhchem.js"] 
  }
});
</script>
<!--<script type="text/javascript" async src="https://cdnjs.cloudflare.com/ajax/libs/mathjax/2.7.3/MathJax.js?config=TeX-MML-AM_CHTML"></script>-->
<!-- <script src='https://cdnjs.cloudflare.com/ajax/libs/mathjax/2.7.4/MathJax.js?config=TeX-MML-AM_CHTML' async></script> -->
<script src='https://cdnjs.cloudflare.com/ajax/libs/mathjax/2.7.7/MathJax.js?config=TeX-AMS_CHTML'></script>
<!--<script src="https://cdnjs.cloudflare.com/ajax/libs/mathjax/2.6.0/MathJax.js?config=TeX-MML-AM_HTMLorMML"></script>-->

<!--<link rel="stylesheet" href="https://cdnjs.cloudflare.com/ajax/libs/KaTeX/0.9.0/katex.min.css" integrity="sha384-TEMocfGvRuD1rIAacqrknm5BQZ7W7uWitoih+jMNFXQIbNl16bO8OZmylH/Vi/Ei" crossorigin="anonymous">
<script src="https://cdnjs.cloudflare.com/ajax/libs/KaTeX/0.9.0/katex.min.js" integrity="sha384-jmxIlussZWB7qCuB+PgKG1uLjjxbVVIayPJwi6cG6Zb4YKq0JIw+OMnkkEC7kYCq" crossorigin="anonymous"></script>-->
<script>var uiRootPath = '../../../../../../_'</script>

  </head>
  <body class="article">
<header class="header">
    <nav class="navbar navbar-expand-sm bg-dark navbar-dark navbar-template-project" style="border-top: 4px solid #9E9E9E">
        <div class="navbar-brand">
            <div class="navbar-item feelpp-logo">
            <a href="https://hidalgo2.eu"><img class="cemosis-logo" src="../../../../../../_/img/logo-hidalgo2-color.png" alt="Ktirio Benchmarks"></a>            
            &nbsp;&nbsp;&nbsp;&nbsp;
            <a href="https://eurohpc-ju.europa.eu/"><img class="cemosis-logo" src="../../../../../../_/img/logo-eurohpc-ju.png" alt="Ktirio Benchmarks"></a>            
            &nbsp;&nbsp;&nbsp;&nbsp;
            <a href="https://numpex.org/"><img class="cemosis-logo" src="../../../../../../_/img/logo-numpex.png" alt="Ktirio Benchmarks"></a>            
            &nbsp;&nbsp;&nbsp;&nbsp;
            <a href="https://www.economie.gouv.fr/france-2030"><img class="cemosis-logo" src="../../../../../../_/img/logo-france-2030.jpg" alt="Ktirio Benchmarks"></a>
            </div>  
            <button class="navbar-burger" data-target="topbar-nav">
                <span></span>
                <span></span>
                <span></span>
            </button>
        </div>

        <div id="topbar-nav" class="navbar-menu">
            <div class="navbar-end">
                <div class="navbar-item">
                    <a href="https://docs.feelpp.org/">Documentation Reference</a>
                </div>
                <div class="navbar-item">
                    <a class="navbar-brand"  href="https://www.cemosis.fr">
                        <a href="https://feelpp.github.io/bench.ktirio.fr"><img class="cemosis-logo" src="../../../../../../_/img/logo-unistra.svg"></a>
                        &nbsp;&nbsp;&nbsp;&nbsp;
                        <a href="https://feelpp.github.io/bench.ktirio.fr"><img class="cemosis-logo" src="../../../../../../_/img/logo-cnrs.svg"></a>
                        &nbsp;&nbsp;&nbsp;&nbsp;
                        <img class="cemosis-logo"  src="../../../../../../_/img/cemosis-logo.svg" alt="Cemosis logo"/>
                    </a>
                </div>
            </div>
        </div>
    </nav>
</header>
<div class="body">
<a href="#" class="menu-expand-toggle"></a>
<div class="nav-container" data-component="ktirio_benchmarks" data-version="">
  <aside class="nav">
    <div class="panels">
<div class="nav-panel-menu is-active" data-panel="menu">
  <nav class="nav-menu">
    <h3 class="title"><a href="../../../../../index.html">Ktirio Benchmarks</a></h3>
<ul class="nav-list">
  <li class="nav-item" data-depth="0">
<ul class="nav-list">
  <li class="nav-item" data-depth="1">
    <a class="nav-link" href="../../../../../index.html">Ktirio Benchmarks</a>
  </li>
  <li class="nav-item" data-depth="1">
    <a class="nav-link" href="../../../../../about.html">About</a>
  </li>
</ul>
  </li>
</ul>
  </nav>
</div>
<div class="nav-panel-explore" data-panel="explore">
  <div class="context">
    <span class="title">Ktirio Benchmarks</span>
    <span class="version"></span>
  </div>
  <ul class="components">
      <li class="component is-current">
        <a class="title" href="../../../../../index.html">Ktirio Benchmarks</a>
      </li>
  </ul>
</div>
    </div>
  </aside>
</div>
<main class="article">
<div class="toolbar" role="navigation">
  <button class="nav-toggle"></button>
    <a href="../../../../../index.html" class="home-link"></a>
  <nav class="breadcrumbs" aria-label="breadcrumbs">
  <ul>
    <li><a href="../../../../../index.html">Ktirio Benchmarks</a></li>
    <li><a href="b120f86a.html">ReFrame logs</a></li>
  </ul>
</nav>

  
    <div class="edit-this-page"><a href="https://github.com/feelpp/bench.ktirio.fr/edit/main/docs/modules/ROOT/pages/logs/vega/feelpp_kub_cem/Paris_partitioned/2025_04_03T09_46_13Z0200/b120f86a.adoc">Edit this Page</a></div>
  
  <div class="page-downloads">
  <span class="label">Download as</span>
  <ul class="download-options">
    <li>
      <a onclick="print(this)" href="#" data-toggle="tooltip" data-placement="left" title="Print to PDF"
         class="pdf-download">
        <img class="pdf-file-icon icon" src="../../../../../../_/img/pdf.svg"/> .pdf
      </a>
    </li>
  </ul>
</div>
</div>

  <div class="content">
<aside class="toc sidebar" data-title="Contents" data-levels="2">
  <div class="toc-menu"></div>
</aside>
<article class="doc">
<h1 class="page">ReFrame logs</h1>
<div class="sect1">
<h2 id="_reframe_scheduler_script"><a class="anchor" href="#_reframe_scheduler_script"></a>1. ReFrame scheduler script</h2>
<div class="sectionbody">
<div class="listingblock">
<div class="content">
<pre class="highlightjs highlight"><code class="language-bash hljs" data-lang="bash">#!/bin/bash
#SBATCH --job-name="rfm_RegressionTest_b120f86a"
#SBATCH --ntasks=256
#SBATCH --cpus-per-task=1
#SBATCH --output=rfm_job.out
#SBATCH --error=rfm_job.err
#SBATCH --exclusive
#SBATCH --partition=cpu
#SBATCH --nodes=2
#SBATCH --threads-per-core=1
#SBATCH --time=0-00:30:0
module load OpenMPI/4.1.5-GCC-12.3.0
srun --cpus-per-task=1 singularity exec -B"/ceph/hpc/home/euvincentc/actions-runner/_work/bench.ktirio.fr/bench.ktirio.fr/build/reframe/stage/vega/cpu/default/RegressionTest_b120f86a:/rfm_workdir" --home /exa5/data/d2024d05-047-users/euvincentc/apptainer_home --bind /exa5/data/d2024d05-047-users/euvincentc/inputdataset:/input_data --env OMP_NUM_THREADS=1 --bind /opt:/opt /ceph/hpc/home/euvincentc/images_sif/kub_feature-cem_partitioning-sif feelpp_kub_cem --config-files /input_data/kub/idealHeaters.cfg --cem.simulator.sun.filename=/input_data/kub/simulators/Sun.fmu --cem.simulator.lod0.modelisation.maxfloors=10 --cem.preprocessing.dataregistry.directory=/input_data/kub_benchmark/5km/preprocessing --cem.weather.filename=/input_data/kub/Paris/weather.csv --cem.scenarios.filename=/input_data/kub/scenarios_local/scenarios.json --cem.instance.time.start=0 --cem.instance.time.stop=86400 --cem.instance.time.step=3600 --cem.instance.postprocess.export.visualization.enabled=true --cem.instance.postprocess.export.report.enabled=true --cem.instance.postprocess.export.outputs.csv.enabled=false --cem.instance.postprocess.export.outputs.enabled=true --cem.instance.solar_shading.enabled=true --cem.instance.idealflows.enabled=true --cem.database.directory /exa5/data/d2024d05-047-users/euvincentc/apptainer_home/kub/b120f86a/Paris_partitioned --directory /exa5/data/d2024d05-047-users/euvincentc/apptainer_home/kub/b120f86a/Paris_partitioned --cem.instance.solar_shading.ray-tracing.quad-order 1</code></pre>
</div>
</div>
</div>
</div>
<div class="sect1">
<h2 id="_reframe_error_log"><a class="anchor" href="#_reframe_error_log"></a>2. ReFrame error log</h2>
<div class="sectionbody">
<div class="listingblock">
<div class="content">
<pre class="highlightjs highlight"><code class="language-bash hljs" data-lang="bash">[cn0646:309569] PMIX ERROR: ERROR in file ../../../../../../src/mca/gds/ds12/gds_ds12_lock_pthread.c at line 169
[cn0646:309570] PMIX ERROR: ERROR in file ../../../../../../src/mca/gds/ds12/gds_ds12_lock_pthread.c at line 169
[cn0620:307353] PMIX ERROR: ERROR in file ../../../../../../src/mca/gds/ds12/gds_ds12_lock_pthread.c at line 169
[cn0620:307379] PMIX ERROR: ERROR in file ../../../../../../src/mca/gds/ds12/gds_ds12_lock_pthread.c at line 169
[cn0646:309571] PMIX ERROR: ERROR in file ../../../../../../src/mca/gds/ds12/gds_ds12_lock_pthread.c at line 169
[cn0620:307385] PMIX ERROR: ERROR in file ../../../../../../src/mca/gds/ds12/gds_ds12_lock_pthread.c at line 169
[cn0620:307354] PMIX ERROR: ERROR in file ../../../../../../src/mca/gds/ds12/gds_ds12_lock_pthread.c at line 169
[cn0646:309584] PMIX ERROR: ERROR in file ../../../../../../src/mca/gds/ds12/gds_ds12_lock_pthread.c at line 169
[cn0646:309592] PMIX ERROR: ERROR in file ../../../../../../src/mca/gds/ds12/gds_ds12_lock_pthread.c at line 169
[cn0620:307359] PMIX ERROR: ERROR in file ../../../../../../src/mca/gds/ds12/gds_ds12_lock_pthread.c at line 169
[cn0620:307365] PMIX ERROR: ERROR in file ../../../../../../src/mca/gds/ds12/gds_ds12_lock_pthread.c at line 169
[cn0646:309610] PMIX ERROR: ERROR in file ../../../../../../src/mca/gds/ds12/gds_ds12_lock_pthread.c at line 169
[cn0620:307403] PMIX ERROR: ERROR in file ../../../../../../src/mca/gds/ds12/gds_ds12_lock_pthread.c at line 169
[cn0646:309598] PMIX ERROR: ERROR in file ../../../../../../src/mca/gds/ds12/gds_ds12_lock_pthread.c at line 169
[cn0620:307362] PMIX ERROR: ERROR in file ../../../../../../src/mca/gds/ds12/gds_ds12_lock_pthread.c at line 169
[cn0646:309605] PMIX ERROR: ERROR in file ../../../../../../src/mca/gds/ds12/gds_ds12_lock_pthread.c at line 169
[cn0646:309608] PMIX ERROR: ERROR in file ../../../../../../src/mca/gds/ds12/gds_ds12_lock_pthread.c at line 169
[cn0620:307355] PMIX ERROR: ERROR in file ../../../../../../src/mca/gds/ds12/gds_ds12_lock_pthread.c at line 169
[cn0620:307375] PMIX ERROR: ERROR in file ../../../../../../src/mca/gds/ds12/gds_ds12_lock_pthread.c at line 169
[cn0620:307380] PMIX ERROR: ERROR in file ../../../../../../src/mca/gds/ds12/gds_ds12_lock_pthread.c at line 169
[cn0646:309611] PMIX ERROR: ERROR in file ../../../../../../src/mca/gds/ds12/gds_ds12_lock_pthread.c at line 169
[cn0620:307374] PMIX ERROR: ERROR in file ../../../../../../src/mca/gds/ds12/gds_ds12_lock_pthread.c at line 169
[cn0646:309609] PMIX ERROR: ERROR in file ../../../../../../src/mca/gds/ds12/gds_ds12_lock_pthread.c at line 169
[cn0620:307366] PMIX ERROR: ERROR in file ../../../../../../src/mca/gds/ds12/gds_ds12_lock_pthread.c at line 169
[cn0620:307373] PMIX ERROR: ERROR in file ../../../../../../src/mca/gds/ds12/gds_ds12_lock_pthread.c at line 169
[cn0646:309600] PMIX ERROR: ERROR in file ../../../../../../src/mca/gds/ds12/gds_ds12_lock_pthread.c at line 169
[cn0620:307381] PMIX ERROR: ERROR in file ../../../../../../src/mca/gds/ds12/gds_ds12_lock_pthread.c at line 169
[cn0646:309657] PMIX ERROR: ERROR in file ../../../../../../src/mca/gds/ds12/gds_ds12_lock_pthread.c at line 169
[cn0646:309669] PMIX ERROR: ERROR in file ../../../../../../src/mca/gds/ds12/gds_ds12_lock_pthread.c at line 169
[cn0620:307386] PMIX ERROR: ERROR in file ../../../../../../src/mca/gds/ds12/gds_ds12_lock_pthread.c at line 169
[cn0646:309704] PMIX ERROR: ERROR in file ../../../../../../src/mca/gds/ds12/gds_ds12_lock_pthread.c at line 169
[cn0620:307389] PMIX ERROR: ERROR in file ../../../../../../src/mca/gds/ds12/gds_ds12_lock_pthread.c at line 169
[cn0620:307361] PMIX ERROR: ERROR in file ../../../../../../src/mca/gds/ds12/gds_ds12_lock_pthread.c at line 169
[cn0646:309737] PMIX ERROR: ERROR in file ../../../../../../src/mca/gds/ds12/gds_ds12_lock_pthread.c at line 169
[cn0646:309725] PMIX ERROR: ERROR in file ../../../../../../src/mca/gds/ds12/gds_ds12_lock_pthread.c at line 169
[cn0620:307382] PMIX ERROR: ERROR in file ../../../../../../src/mca/gds/ds12/gds_ds12_lock_pthread.c at line 169
[cn0620:307356] PMIX ERROR: ERROR in file ../../../../../../src/mca/gds/ds12/gds_ds12_lock_pthread.c at line 169
[cn0646:309748] PMIX ERROR: ERROR in file ../../../../../../src/mca/gds/ds12/gds_ds12_lock_pthread.c at line 169
[cn0620:307378] PMIX ERROR: ERROR in file ../../../../../../src/mca/gds/ds12/gds_ds12_lock_pthread.c at line 169
[cn0646:309759] PMIX ERROR: ERROR in file ../../../../../../src/mca/gds/ds12/gds_ds12_lock_pthread.c at line 169
[cn0620:307376] PMIX ERROR: ERROR in file ../../../../../../src/mca/gds/ds12/gds_ds12_lock_pthread.c at line 169
[cn0646:309769] PMIX ERROR: ERROR in file ../../../../../../src/mca/gds/ds12/gds_ds12_lock_pthread.c at line 169
[cn0620:307357] PMIX ERROR: ERROR in file ../../../../../../src/mca/gds/ds12/gds_ds12_lock_pthread.c at line 169
[cn0620:307364] PMIX ERROR: ERROR in file ../../../../../../src/mca/gds/ds12/gds_ds12_lock_pthread.c at line 169
[cn0646:309775] PMIX ERROR: ERROR in file ../../../../../../src/mca/gds/ds12/gds_ds12_lock_pthread.c at line 169
[cn0646:309774] PMIX ERROR: ERROR in file ../../../../../../src/mca/gds/ds12/gds_ds12_lock_pthread.c at line 169
[cn0620:307458] PMIX ERROR: ERROR in file ../../../../../../src/mca/gds/ds12/gds_ds12_lock_pthread.c at line 169
[cn0620:307358] PMIX ERROR: ERROR in file ../../../../../../src/mca/gds/ds12/gds_ds12_lock_pthread.c at line 169
[cn0620:307377] PMIX ERROR: ERROR in file ../../../../../../src/mca/gds/ds12/gds_ds12_lock_pthread.c at line 169
[cn0646:309787] PMIX ERROR: ERROR in file ../../../../../../src/mca/gds/ds12/gds_ds12_lock_pthread.c at line 169
[cn0646:309790] PMIX ERROR: ERROR in file ../../../../../../src/mca/gds/ds12/gds_ds12_lock_pthread.c at line 169
[cn0620:307363] PMIX ERROR: ERROR in file ../../../../../../src/mca/gds/ds12/gds_ds12_lock_pthread.c at line 169
[cn0646:309828] PMIX ERROR: ERROR in file ../../../../../../src/mca/gds/ds12/gds_ds12_lock_pthread.c at line 169
[cn0646:309812] PMIX ERROR: ERROR in file ../../../../../../src/mca/gds/ds12/gds_ds12_lock_pthread.c at line 169
[cn0620:307390] PMIX ERROR: ERROR in file ../../../../../../src/mca/gds/ds12/gds_ds12_lock_pthread.c at line 169
[cn0620:307360] PMIX ERROR: ERROR in file ../../../../../../src/mca/gds/ds12/gds_ds12_lock_pthread.c at line 169
[cn0646:309845] PMIX ERROR: ERROR in file ../../../../../../src/mca/gds/ds12/gds_ds12_lock_pthread.c at line 169
[cn0620:307383] PMIX ERROR: ERROR in file ../../../../../../src/mca/gds/ds12/gds_ds12_lock_pthread.c at line 169
[cn0646:309859] PMIX ERROR: ERROR in file ../../../../../../src/mca/gds/ds12/gds_ds12_lock_pthread.c at line 169
[cn0620:307387] PMIX ERROR: ERROR in file ../../../../../../src/mca/gds/ds12/gds_ds12_lock_pthread.c at line 169
[cn0620:307384] PMIX ERROR: ERROR in file ../../../../../../src/mca/gds/ds12/gds_ds12_lock_pthread.c at line 169
[cn0646:309886] PMIX ERROR: ERROR in file ../../../../../../src/mca/gds/ds12/gds_ds12_lock_pthread.c at line 169
[cn0646:309874] PMIX ERROR: ERROR in file ../../../../../../src/mca/gds/ds12/gds_ds12_lock_pthread.c at line 169
[cn0620:307972] PMIX ERROR: ERROR in file ../../../../../../src/mca/gds/ds12/gds_ds12_lock_pthread.c at line 169
[cn0620:308001] PMIX ERROR: ERROR in file ../../../../../../src/mca/gds/ds12/gds_ds12_lock_pthread.c at line 169
[cn0646:309897] PMIX ERROR: ERROR in file ../../../../../../src/mca/gds/ds12/gds_ds12_lock_pthread.c at line 169
[cn0620:307928] PMIX ERROR: ERROR in file ../../../../../../src/mca/gds/ds12/gds_ds12_lock_pthread.c at line 169
[cn0620:308135] PMIX ERROR: ERROR in file ../../../../../../src/mca/gds/ds12/gds_ds12_lock_pthread.c at line 169
[cn0646:309908] PMIX ERROR: ERROR in file ../../../../../../src/mca/gds/ds12/gds_ds12_lock_pthread.c at line 169
[cn0646:309935] PMIX ERROR: ERROR in file ../../../../../../src/mca/gds/ds12/gds_ds12_lock_pthread.c at line 169
[cn0620:308134] PMIX ERROR: ERROR in file ../../../../../../src/mca/gds/ds12/gds_ds12_lock_pthread.c at line 169
[cn0646:309921] PMIX ERROR: ERROR in file ../../../../../../src/mca/gds/ds12/gds_ds12_lock_pthread.c at line 169
[cn0620:308136] PMIX ERROR: ERROR in file ../../../../../../src/mca/gds/ds12/gds_ds12_lock_pthread.c at line 169
[cn0646:309946] PMIX ERROR: ERROR in file ../../../../../../src/mca/gds/ds12/gds_ds12_lock_pthread.c at line 169
[cn0620:308143] PMIX ERROR: ERROR in file ../../../../../../src/mca/gds/ds12/gds_ds12_lock_pthread.c at line 169
[cn0646:309972] PMIX ERROR: ERROR in file ../../../../../../src/mca/gds/ds12/gds_ds12_lock_pthread.c at line 169
[cn0620:308142] PMIX ERROR: ERROR in file ../../../../../../src/mca/gds/ds12/gds_ds12_lock_pthread.c at line 169
[cn0646:309983] PMIX ERROR: ERROR in file ../../../../../../src/mca/gds/ds12/gds_ds12_lock_pthread.c at line 169
[cn0646:309958] PMIX ERROR: ERROR in file ../../../../../../src/mca/gds/ds12/gds_ds12_lock_pthread.c at line 169
[cn0620:308137] PMIX ERROR: ERROR in file ../../../../../../src/mca/gds/ds12/gds_ds12_lock_pthread.c at line 169
[cn0620:308180] PMIX ERROR: ERROR in file ../../../../../../src/mca/gds/ds12/gds_ds12_lock_pthread.c at line 169
[cn0646:309994] PMIX ERROR: ERROR in file ../../../../../../src/mca/gds/ds12/gds_ds12_lock_pthread.c at line 169
[cn0620:308192] PMIX ERROR: ERROR in file ../../../../../../src/mca/gds/ds12/gds_ds12_lock_pthread.c at line 169
[cn0620:308241] PMIX ERROR: ERROR in file ../../../../../../src/mca/gds/ds12/gds_ds12_lock_pthread.c at line 169
[cn0620:308235] PMIX ERROR: ERROR in file ../../../../../../src/mca/gds/ds12/gds_ds12_lock_pthread.c at line 169
[cn0646:310006] PMIX ERROR: ERROR in file ../../../../../../src/mca/gds/ds12/gds_ds12_lock_pthread.c at line 169
[cn0620:308195] PMIX ERROR: ERROR in file ../../../../../../src/mca/gds/ds12/gds_ds12_lock_pthread.c at line 169
[cn0646:310019] PMIX ERROR: ERROR in file ../../../../../../src/mca/gds/ds12/gds_ds12_lock_pthread.c at line 169
[cn0646:310033] PMIX ERROR: ERROR in file ../../../../../../src/mca/gds/ds12/gds_ds12_lock_pthread.c at line 169
[cn0620:308212] PMIX ERROR: ERROR in file ../../../../../../src/mca/gds/ds12/gds_ds12_lock_pthread.c at line 169
[cn0646:310047] PMIX ERROR: ERROR in file ../../../../../../src/mca/gds/ds12/gds_ds12_lock_pthread.c at line 169
[cn0620:308223] PMIX ERROR: ERROR in file ../../../../../../src/mca/gds/ds12/gds_ds12_lock_pthread.c at line 169
[cn0620:308224] PMIX ERROR: ERROR in file ../../../../../../src/mca/gds/ds12/gds_ds12_lock_pthread.c at line 169
[cn0620:308230] PMIX ERROR: ERROR in file ../../../../../../src/mca/gds/ds12/gds_ds12_lock_pthread.c at line 169
[cn0646:310064] PMIX ERROR: ERROR in file ../../../../../../src/mca/gds/ds12/gds_ds12_lock_pthread.c at line 169
[cn0620:308244] PMIX ERROR: ERROR in file ../../../../../../src/mca/gds/ds12/gds_ds12_lock_pthread.c at line 169
[cn0646:310071] PMIX ERROR: ERROR in file ../../../../../../src/mca/gds/ds12/gds_ds12_lock_pthread.c at line 169
[cn0620:308247] PMIX ERROR: ERROR in file ../../../../../../src/mca/gds/ds12/gds_ds12_lock_pthread.c at line 169
[cn0620:308248] PMIX ERROR: ERROR in file ../../../../../../src/mca/gds/ds12/gds_ds12_lock_pthread.c at line 169
[cn0646:310044] PMIX ERROR: ERROR in file ../../../../../../src/mca/gds/ds12/gds_ds12_lock_pthread.c at line 169
[cn0646:310114] PMIX ERROR: ERROR in file ../../../../../../src/mca/gds/ds12/gds_ds12_lock_pthread.c at line 169
[cn0646:310085] PMIX ERROR: ERROR in file ../../../../../../src/mca/gds/ds12/gds_ds12_lock_pthread.c at line 169
[cn0620:308236] PMIX ERROR: ERROR in file ../../../../../../src/mca/gds/ds12/gds_ds12_lock_pthread.c at line 169
[cn0620:308242] PMIX ERROR: ERROR in file ../../../../../../src/mca/gds/ds12/gds_ds12_lock_pthread.c at line 169
[cn0620:308266] PMIX ERROR: ERROR in file ../../../../../../src/mca/gds/ds12/gds_ds12_lock_pthread.c at line 169
[cn0646:310101] PMIX ERROR: ERROR in file ../../../../../../src/mca/gds/ds12/gds_ds12_lock_pthread.c at line 169
[cn0646:310128] PMIX ERROR: ERROR in file ../../../../../../src/mca/gds/ds12/gds_ds12_lock_pthread.c at line 169
[cn0620:308252] PMIX ERROR: ERROR in file ../../../../../../src/mca/gds/ds12/gds_ds12_lock_pthread.c at line 169
[cn0620:308243] PMIX ERROR: ERROR in file ../../../../../../src/mca/gds/ds12/gds_ds12_lock_pthread.c at line 169
[cn0620:308339] PMIX ERROR: ERROR in file ../../../../../../src/mca/gds/ds12/gds_ds12_lock_pthread.c at line 169
[cn0620:308259] PMIX ERROR: ERROR in file ../../../../../../src/mca/gds/ds12/gds_ds12_lock_pthread.c at line 169
[cn0646:310143] PMIX ERROR: ERROR in file ../../../../../../src/mca/gds/ds12/gds_ds12_lock_pthread.c at line 169
[cn0646:310159] PMIX ERROR: ERROR in file ../../../../../../src/mca/gds/ds12/gds_ds12_lock_pthread.c at line 169
[cn0620:308255] PMIX ERROR: ERROR in file ../../../../../../src/mca/gds/ds12/gds_ds12_lock_pthread.c at line 169
[cn0620:308273] PMIX ERROR: ERROR in file ../../../../../../src/mca/gds/ds12/gds_ds12_lock_pthread.c at line 169
[cn0620:308282] PMIX ERROR: ERROR in file ../../../../../../src/mca/gds/ds12/gds_ds12_lock_pthread.c at line 169
[cn0646:310149] PMIX ERROR: ERROR in file ../../../../../../src/mca/gds/ds12/gds_ds12_lock_pthread.c at line 169
[cn0620:308288] PMIX ERROR: ERROR in file ../../../../../../src/mca/gds/ds12/gds_ds12_lock_pthread.c at line 169
[cn0646:310163] PMIX ERROR: ERROR in file ../../../../../../src/mca/gds/ds12/gds_ds12_lock_pthread.c at line 169
[cn0620:308309] PMIX ERROR: ERROR in file ../../../../../../src/mca/gds/ds12/gds_ds12_lock_pthread.c at line 169
[cn0620:308280] PMIX ERROR: ERROR in file ../../../../../../src/mca/gds/ds12/gds_ds12_lock_pthread.c at line 169
[cn0646:310184] PMIX ERROR: ERROR in file ../../../../../../src/mca/gds/ds12/gds_ds12_lock_pthread.c at line 169
[cn0646:310182] PMIX ERROR: ERROR in file ../../../../../../src/mca/gds/ds12/gds_ds12_lock_pthread.c at line 169
[cn0646:310200] PMIX ERROR: ERROR in file ../../../../../../src/mca/gds/ds12/gds_ds12_lock_pthread.c at line 169
[cn0646:310210] PMIX ERROR: ERROR in file ../../../../../../src/mca/gds/ds12/gds_ds12_lock_pthread.c at line 169
[cn0620:308278] PMIX ERROR: ERROR in file ../../../../../../src/mca/gds/ds12/gds_ds12_lock_pthread.c at line 169
[cn0620:308260] PMIX ERROR: ERROR in file ../../../../../../src/mca/gds/ds12/gds_ds12_lock_pthread.c at line 169
[cn0646:310236] PMIX ERROR: ERROR in file ../../../../../../src/mca/gds/ds12/gds_ds12_lock_pthread.c at line 169
[cn0620:308269] PMIX ERROR: ERROR in file ../../../../../../src/mca/gds/ds12/gds_ds12_lock_pthread.c at line 169
[cn0620:308256] PMIX ERROR: ERROR in file ../../../../../../src/mca/gds/ds12/gds_ds12_lock_pthread.c at line 169
[cn0620:308268] PMIX ERROR: ERROR in file ../../../../../../src/mca/gds/ds12/gds_ds12_lock_pthread.c at line 169
[cn0646:310245] PMIX ERROR: ERROR in file ../../../../../../src/mca/gds/ds12/gds_ds12_lock_pthread.c at line 169
[cn0646:310237] PMIX ERROR: ERROR in file ../../../../../../src/mca/gds/ds12/gds_ds12_lock_pthread.c at line 169
[cn0646:310259] PMIX ERROR: ERROR in file ../../../../../../src/mca/gds/ds12/gds_ds12_lock_pthread.c at line 169
[cn0620:308267] PMIX ERROR: ERROR in file ../../../../../../src/mca/gds/ds12/gds_ds12_lock_pthread.c at line 169
[cn0620:308194] PMIX ERROR: ERROR in file ../../../../../../src/mca/gds/ds12/gds_ds12_lock_pthread.c at line 169
[cn0620:308231] PMIX ERROR: ERROR in file ../../../../../../src/mca/gds/ds12/gds_ds12_lock_pthread.c at line 169
[cn0646:310262] PMIX ERROR: ERROR in file ../../../../../../src/mca/gds/ds12/gds_ds12_lock_pthread.c at line 169
[cn0646:310284] PMIX ERROR: ERROR in file ../../../../../../src/mca/gds/ds12/gds_ds12_lock_pthread.c at line 169
[cn0620:308345] PMIX ERROR: ERROR in file ../../../../../../src/mca/gds/ds12/gds_ds12_lock_pthread.c at line 169
[cn0620:308347] PMIX ERROR: ERROR in file ../../../../../../src/mca/gds/ds12/gds_ds12_lock_pthread.c at line 169
[cn0646:310323] PMIX ERROR: ERROR in file ../../../../../../src/mca/gds/ds12/gds_ds12_lock_pthread.c at line 169
[cn0620:308263] PMIX ERROR: ERROR in file ../../../../../../src/mca/gds/ds12/gds_ds12_lock_pthread.c at line 169
[cn0620:308298] PMIX ERROR: ERROR in file ../../../../../../src/mca/gds/ds12/gds_ds12_lock_pthread.c at line 169
[cn0620:308262] PMIX ERROR: ERROR in file ../../../../../../src/mca/gds/ds12/gds_ds12_lock_pthread.c at line 169
[cn0646:310296] PMIX ERROR: ERROR in file ../../../../../../src/mca/gds/ds12/gds_ds12_lock_pthread.c at line 169
[cn0646:310322] PMIX ERROR: ERROR in file ../../../../../../src/mca/gds/ds12/gds_ds12_lock_pthread.c at line 169
[cn0620:308322] PMIX ERROR: ERROR in file ../../../../../../src/mca/gds/ds12/gds_ds12_lock_pthread.c at line 169
[cn0620:308303] PMIX ERROR: ERROR in file ../../../../../../src/mca/gds/ds12/gds_ds12_lock_pthread.c at line 169
[cn0646:310299] PMIX ERROR: ERROR in file ../../../../../../src/mca/gds/ds12/gds_ds12_lock_pthread.c at line 169
[cn0646:310341] PMIX ERROR: ERROR in file ../../../../../../src/mca/gds/ds12/gds_ds12_lock_pthread.c at line 169
[cn0646:310363] PMIX ERROR: ERROR in file ../../../../../../src/mca/gds/ds12/gds_ds12_lock_pthread.c at line 169
[cn0620:308286] PMIX ERROR: ERROR in file ../../../../../../src/mca/gds/ds12/gds_ds12_lock_pthread.c at line 169
[cn0620:308316] PMIX ERROR: ERROR in file ../../../../../../src/mca/gds/ds12/gds_ds12_lock_pthread.c at line 169
[cn0646:310388] PMIX ERROR: ERROR in file ../../../../../../src/mca/gds/ds12/gds_ds12_lock_pthread.c at line 169
[cn0646:310409] PMIX ERROR: ERROR in file ../../../../../../src/mca/gds/ds12/gds_ds12_lock_pthread.c at line 169
[cn0646:310379] PMIX ERROR: ERROR in file ../../../../../../src/mca/gds/ds12/gds_ds12_lock_pthread.c at line 169
[cn0620:308261] PMIX ERROR: ERROR in file ../../../../../../src/mca/gds/ds12/gds_ds12_lock_pthread.c at line 169
[cn0646:310354] PMIX ERROR: ERROR in file ../../../../../../src/mca/gds/ds12/gds_ds12_lock_pthread.c at line 169
[cn0620:308272] PMIX ERROR: ERROR in file ../../../../../../src/mca/gds/ds12/gds_ds12_lock_pthread.c at line 169
[cn0646:310444] PMIX ERROR: ERROR in file ../../../../../../src/mca/gds/ds12/gds_ds12_lock_pthread.c at line 169
[cn0620:308287] PMIX ERROR: ERROR in file ../../../../../../src/mca/gds/ds12/gds_ds12_lock_pthread.c at line 169
[cn0620:308302] PMIX ERROR: ERROR in file ../../../../../../src/mca/gds/ds12/gds_ds12_lock_pthread.c at line 169
[cn0620:308350] PMIX ERROR: ERROR in file ../../../../../../src/mca/gds/ds12/gds_ds12_lock_pthread.c at line 169
[cn0620:308321] PMIX ERROR: ERROR in file ../../../../../../src/mca/gds/ds12/gds_ds12_lock_pthread.c at line 169
[cn0620:308349] PMIX ERROR: ERROR in file ../../../../../../src/mca/gds/ds12/gds_ds12_lock_pthread.c at line 169
[cn0620:308308] PMIX ERROR: ERROR in file ../../../../../../src/mca/gds/ds12/gds_ds12_lock_pthread.c at line 169
[cn0646:310412] PMIX ERROR: ERROR in file ../../../../../../src/mca/gds/ds12/gds_ds12_lock_pthread.c at line 169
[cn0620:308279] PMIX ERROR: ERROR in file ../../../../../../src/mca/gds/ds12/gds_ds12_lock_pthread.c at line 169
[cn0620:308343] PMIX ERROR: ERROR in file ../../../../../../src/mca/gds/ds12/gds_ds12_lock_pthread.c at line 169
[cn0620:308294] PMIX ERROR: ERROR in file ../../../../../../src/mca/gds/ds12/gds_ds12_lock_pthread.c at line 169
[cn0646:310401] PMIX ERROR: ERROR in file ../../../../../../src/mca/gds/ds12/gds_ds12_lock_pthread.c at line 169
[cn0646:310405] PMIX ERROR: ERROR in file ../../../../../../src/mca/gds/ds12/gds_ds12_lock_pthread.c at line 169
[cn0646:310438] PMIX ERROR: ERROR in file ../../../../../../src/mca/gds/ds12/gds_ds12_lock_pthread.c at line 169
[cn0646:310402] PMIX ERROR: ERROR in file ../../../../../../src/mca/gds/ds12/gds_ds12_lock_pthread.c at line 169
[cn0620:308258] PMIX ERROR: ERROR in file ../../../../../../src/mca/gds/ds12/gds_ds12_lock_pthread.c at line 169
[cn0646:310423] PMIX ERROR: ERROR in file ../../../../../../src/mca/gds/ds12/gds_ds12_lock_pthread.c at line 169
[cn0620:308348] PMIX ERROR: ERROR in file ../../../../../../src/mca/gds/ds12/gds_ds12_lock_pthread.c at line 169
[cn0646:310454] PMIX ERROR: ERROR in file ../../../../../../src/mca/gds/ds12/gds_ds12_lock_pthread.c at line 169
[cn0646:310473] PMIX ERROR: ERROR in file ../../../../../../src/mca/gds/ds12/gds_ds12_lock_pthread.c at line 169
[cn0646:310462] PMIX ERROR: ERROR in file ../../../../../../src/mca/gds/ds12/gds_ds12_lock_pthread.c at line 169
[cn0620:308352] PMIX ERROR: ERROR in file ../../../../../../src/mca/gds/ds12/gds_ds12_lock_pthread.c at line 169
[cn0620:308346] PMIX ERROR: ERROR in file ../../../../../../src/mca/gds/ds12/gds_ds12_lock_pthread.c at line 169
[cn0620:308283] PMIX ERROR: ERROR in file ../../../../../../src/mca/gds/ds12/gds_ds12_lock_pthread.c at line 169
[cn0620:308271] PMIX ERROR: ERROR in file ../../../../../../src/mca/gds/ds12/gds_ds12_lock_pthread.c at line 169
[cn0620:308304] PMIX ERROR: ERROR in file ../../../../../../src/mca/gds/ds12/gds_ds12_lock_pthread.c at line 169
[cn0620:308307] PMIX ERROR: ERROR in file ../../../../../../src/mca/gds/ds12/gds_ds12_lock_pthread.c at line 169
[cn0646:310451] PMIX ERROR: ERROR in file ../../../../../../src/mca/gds/ds12/gds_ds12_lock_pthread.c at line 169
[cn0646:310453] PMIX ERROR: ERROR in file ../../../../../../src/mca/gds/ds12/gds_ds12_lock_pthread.c at line 169
[cn0620:308276] PMIX ERROR: ERROR in file ../../../../../../src/mca/gds/ds12/gds_ds12_lock_pthread.c at line 169
[cn0646:310476] PMIX ERROR: ERROR in file ../../../../../../src/mca/gds/ds12/gds_ds12_lock_pthread.c at line 169
[cn0620:308354] PMIX ERROR: ERROR in file ../../../../../../src/mca/gds/ds12/gds_ds12_lock_pthread.c at line 169
[cn0646:310464] PMIX ERROR: ERROR in file ../../../../../../src/mca/gds/ds12/gds_ds12_lock_pthread.c at line 169
[cn0646:310461] PMIX ERROR: ERROR in file ../../../../../../src/mca/gds/ds12/gds_ds12_lock_pthread.c at line 169
[cn0646:310463] PMIX ERROR: ERROR in file ../../../../../../src/mca/gds/ds12/gds_ds12_lock_pthread.c at line 169
[cn0620:308293] PMIX ERROR: ERROR in file ../../../../../../src/mca/gds/ds12/gds_ds12_lock_pthread.c at line 169
[cn0620:308284] PMIX ERROR: ERROR in file ../../../../../../src/mca/gds/ds12/gds_ds12_lock_pthread.c at line 169
[cn0620:308341] PMIX ERROR: ERROR in file ../../../../../../src/mca/gds/ds12/gds_ds12_lock_pthread.c at line 169
[cn0646:310460] PMIX ERROR: ERROR in file ../../../../../../src/mca/gds/ds12/gds_ds12_lock_pthread.c at line 169
[cn0646:310472] PMIX ERROR: ERROR in file ../../../../../../src/mca/gds/ds12/gds_ds12_lock_pthread.c at line 169
[cn0620:308285] PMIX ERROR: ERROR in file ../../../../../../src/mca/gds/ds12/gds_ds12_lock_pthread.c at line 169
[cn0646:310452] PMIX ERROR: ERROR in file ../../../../../../src/mca/gds/ds12/gds_ds12_lock_pthread.c at line 169
[cn0620:308351] PMIX ERROR: ERROR in file ../../../../../../src/mca/gds/ds12/gds_ds12_lock_pthread.c at line 169
[cn0620:308292] PMIX ERROR: ERROR in file ../../../../../../src/mca/gds/ds12/gds_ds12_lock_pthread.c at line 169
[cn0620:308353] PMIX ERROR: ERROR in file ../../../../../../src/mca/gds/ds12/gds_ds12_lock_pthread.c at line 169
[cn0646:310488] PMIX ERROR: ERROR in file ../../../../../../src/mca/gds/ds12/gds_ds12_lock_pthread.c at line 169
[cn0646:310486] PMIX ERROR: ERROR in file ../../../../../../src/mca/gds/ds12/gds_ds12_lock_pthread.c at line 169
[cn0620:308297] PMIX ERROR: ERROR in file ../../../../../../src/mca/gds/ds12/gds_ds12_lock_pthread.c at line 169
[cn0620:308295] PMIX ERROR: ERROR in file ../../../../../../src/mca/gds/ds12/gds_ds12_lock_pthread.c at line 169
[cn0646:310481] PMIX ERROR: ERROR in file ../../../../../../src/mca/gds/ds12/gds_ds12_lock_pthread.c at line 169
[cn0620:308342] PMIX ERROR: ERROR in file ../../../../../../src/mca/gds/ds12/gds_ds12_lock_pthread.c at line 169
[cn0620:308277] PMIX ERROR: ERROR in file ../../../../../../src/mca/gds/ds12/gds_ds12_lock_pthread.c at line 169
[cn0620:308344] PMIX ERROR: ERROR in file ../../../../../../src/mca/gds/ds12/gds_ds12_lock_pthread.c at line 169
[cn0646:310537] PMIX ERROR: ERROR in file ../../../../../../src/mca/gds/ds12/gds_ds12_lock_pthread.c at line 169
[cn0646:310482] PMIX ERROR: ERROR in file ../../../../../../src/mca/gds/ds12/gds_ds12_lock_pthread.c at line 169
[cn0620:308340] PMIX ERROR: ERROR in file ../../../../../../src/mca/gds/ds12/gds_ds12_lock_pthread.c at line 169
[cn0646:310471] PMIX ERROR: ERROR in file ../../../../../../src/mca/gds/ds12/gds_ds12_lock_pthread.c at line 169
[cn0620:308338] PMIX ERROR: ERROR in file ../../../../../../src/mca/gds/ds12/gds_ds12_lock_pthread.c at line 169
[cn0646:310480] PMIX ERROR: ERROR in file ../../../../../../src/mca/gds/ds12/gds_ds12_lock_pthread.c at line 169
[cn0646:310538] PMIX ERROR: ERROR in file ../../../../../../src/mca/gds/ds12/gds_ds12_lock_pthread.c at line 169
[cn0646:310475] PMIX ERROR: ERROR in file ../../../../../../src/mca/gds/ds12/gds_ds12_lock_pthread.c at line 169
[cn0620:308318] PMIX ERROR: ERROR in file ../../../../../../src/mca/gds/ds12/gds_ds12_lock_pthread.c at line 169
[cn0620:308335] PMIX ERROR: ERROR in file ../../../../../../src/mca/gds/ds12/gds_ds12_lock_pthread.c at line 169
[cn0620:308337] PMIX ERROR: ERROR in file ../../../../../../src/mca/gds/ds12/gds_ds12_lock_pthread.c at line 169
[cn0646:310474] PMIX ERROR: ERROR in file ../../../../../../src/mca/gds/ds12/gds_ds12_lock_pthread.c at line 169
[cn0620:308319] PMIX ERROR: ERROR in file ../../../../../../src/mca/gds/ds12/gds_ds12_lock_pthread.c at line 169
[cn0620:308336] PMIX ERROR: ERROR in file ../../../../../../src/mca/gds/ds12/gds_ds12_lock_pthread.c at line 169
[cn0646:310533] PMIX ERROR: ERROR in file ../../../../../../src/mca/gds/ds12/gds_ds12_lock_pthread.c at line 169
[cn0620:308312] PMIX ERROR: ERROR in file ../../../../../../src/mca/gds/ds12/gds_ds12_lock_pthread.c at line 169
[cn0646:310624] PMIX ERROR: ERROR in file ../../../../../../src/mca/gds/ds12/gds_ds12_lock_pthread.c at line 169
[cn0620:308317] PMIX ERROR: ERROR in file ../../../../../../src/mca/gds/ds12/gds_ds12_lock_pthread.c at line 169
[cn0646:310667] PMIX ERROR: ERROR in file ../../../../../../src/mca/gds/ds12/gds_ds12_lock_pthread.c at line 169
[cn0646:310668] PMIX ERROR: ERROR in file ../../../../../../src/mca/gds/ds12/gds_ds12_lock_pthread.c at line 169
[cn0646:310529] PMIX ERROR: ERROR in file ../../../../../../src/mca/gds/ds12/gds_ds12_lock_pthread.c at line 169
[cn0646:310661] PMIX ERROR: ERROR in file ../../../../../../src/mca/gds/ds12/gds_ds12_lock_pthread.c at line 169
[cn0620:308311] PMIX ERROR: ERROR in file ../../../../../../src/mca/gds/ds12/gds_ds12_lock_pthread.c at line 169
[cn0646:310652] PMIX ERROR: ERROR in file ../../../../../../src/mca/gds/ds12/gds_ds12_lock_pthread.c at line 169
[cn0620:308315] PMIX ERROR: ERROR in file ../../../../../../src/mca/gds/ds12/gds_ds12_lock_pthread.c at line 169
[cn0646:310666] PMIX ERROR: ERROR in file ../../../../../../src/mca/gds/ds12/gds_ds12_lock_pthread.c at line 169
[cn0646:310669] PMIX ERROR: ERROR in file ../../../../../../src/mca/gds/ds12/gds_ds12_lock_pthread.c at line 169
[cn0646:310653] PMIX ERROR: ERROR in file ../../../../../../src/mca/gds/ds12/gds_ds12_lock_pthread.c at line 169
[cn0646:310704] PMIX ERROR: ERROR in file ../../../../../../src/mca/gds/ds12/gds_ds12_lock_pthread.c at line 169
[cn0646:310670] PMIX ERROR: ERROR in file ../../../../../../src/mca/gds/ds12/gds_ds12_lock_pthread.c at line 169
[cn0646:310654] PMIX ERROR: ERROR in file ../../../../../../src/mca/gds/ds12/gds_ds12_lock_pthread.c at line 169
[cn0646:310693] PMIX ERROR: ERROR in file ../../../../../../src/mca/gds/ds12/gds_ds12_lock_pthread.c at line 169
[cn0646:310758] PMIX ERROR: ERROR in file ../../../../../../src/mca/gds/ds12/gds_ds12_lock_pthread.c at line 169
[cn0646:310720] PMIX ERROR: ERROR in file ../../../../../../src/mca/gds/ds12/gds_ds12_lock_pthread.c at line 169
[cn0646:310760] PMIX ERROR: ERROR in file ../../../../../../src/mca/gds/ds12/gds_ds12_lock_pthread.c at line 169
[cn0646:310733] PMIX ERROR: ERROR in file ../../../../../../src/mca/gds/ds12/gds_ds12_lock_pthread.c at line 169
[cn0646:310754] PMIX ERROR: ERROR in file ../../../../../../src/mca/gds/ds12/gds_ds12_lock_pthread.c at line 169
[cn0646:310759] PMIX ERROR: ERROR in file ../../../../../../src/mca/gds/ds12/gds_ds12_lock_pthread.c at line 169
[cn0646:310729] PMIX ERROR: ERROR in file ../../../../../../src/mca/gds/ds12/gds_ds12_lock_pthread.c at line 169
[cn0646:310730] PMIX ERROR: ERROR in file ../../../../../../src/mca/gds/ds12/gds_ds12_lock_pthread.c at line 169
[cn0646:310757] PMIX ERROR: ERROR in file ../../../../../../src/mca/gds/ds12/gds_ds12_lock_pthread.c at line 169
[cn0646:310756] PMIX ERROR: ERROR in file ../../../../../../src/mca/gds/ds12/gds_ds12_lock_pthread.c at line 169
[cn0646:310755] PMIX ERROR: ERROR in file ../../../../../../src/mca/gds/ds12/gds_ds12_lock_pthread.c at line 169
slurmstepd: error: *** STEP 57643142.0 ON cn0620 CANCELLED AT 2025-04-03T20:00:09 DUE TO TIME LIMIT ***
slurmstepd: error: *** JOB 57643142 ON cn0620 CANCELLED AT 2025-04-03T20:00:09 DUE TO TIME LIMIT ***
srun: Job step aborted: Waiting up to 32 seconds for job step to finish.</code></pre>
</div>
</div>
</div>
</div>
<div class="sect1">
<h2 id="_reframe_output_log"><a class="anchor" href="#_reframe_output_log"></a>3. ReFrame output log</h2>
<div class="sectionbody">
<div class="listingblock">
<div class="content">
<pre class="highlightjs highlight"><code class="language-bash hljs" data-lang="bash">Reading /input_data/kub/idealHeaters.cfg...
[ Starting Feel++ ] application City_Energy_Modeling version 0.111.0-preview.120 date 2025-Apr-03
[feelpp] create Feel++ root repository: /exa5/data/d2024d05-047-users/euvincentc/apptainer_home/kub/b120f86a/Paris_partitioned

[feelpp] create Feel++ geo repository: /exa5/data/d2024d05-047-users/euvincentc/apptainer_home/kub/b120f86a/Paris_partitioned/geo

[feelpp] create Feel++ results directory: /exa5/data/d2024d05-047-users/euvincentc/apptainer_home/kub/b120f86a/Paris_partitioned/np_256

[feelpp] create Feel++ expressions directory: /exa5/data/d2024d05-047-users/euvincentc/apptainer_home/kub/b120f86a/Paris_partitioned/exprs

[feelpp] create Feel++ logs directory: /exa5/data/d2024d05-047-users/euvincentc/apptainer_home/kub/b120f86a/Paris_partitioned/np_256/logs

 . City_Energy_Modeling files are stored in /exa5/data/d2024d05-047-users/euvincentc/apptainer_home/kub/b120f86a/Paris_partitioned/np_256
 .. logfiles :/exa5/data/d2024d05-047-users/euvincentc/apptainer_home/kub/b120f86a/Paris_partitioned/np_256/logs
[ KUB ] application City_Energy_modeling version 0.5.0
[CityEnergyModelload] constructor start ...
[CityEnergyModelload] constructor current done in 0.065529 s
[CityEnergyModelload] updateForUse start ...
[CityEnergyModelload] preprocessing start ...
[CityEnergyModelload] updatePreprocessingForUse start ...
[CityEnergyModelload] updatePreprocessingForUse current done in 0.0153684 s
[CityEnergyModelload] preprocessing current done in 0.0241868 s
[CityEnergyModelload] importPreprocessing start ...
[loadMesh] Loading mesh in format json+h5: "/input_data/kub_benchmark/5km/preprocessing/partitioning/np_256/mesh.lod0.json"
[CityEnergyModelload] importPreprocessing current done in 9.85566 s
[CityEnergyModelload] scenarios start ...
[CityEnergyModelload] scenarios current done in 0.148747 s
[CityEnergyModelload] weather start ...
[CityEnergyModelload] weather current done in 0.0887172 s
[CityEnergyModelload] sunModel start ...
checking if fmu tmp path /exa5/data/d2024d05-047-users/euvincentc/apptainer_home/kub/b120f86a/Paris_partitioned/np_256/fmus/fmi4cpp_sun exists: false
unzipping /exa5/data/d2024d05-047-users/euvincentc/apptainer_home/kub/b120f86a/Paris_partitioned/simulators/sun.fmu in /exa5/data/d2024d05-047-users/euvincentc/apptainer_home/kub/b120f86a/Paris_partitioned/np_256/fmus/fmi4cpp_sun
[CityEnergyModelload] sunModel current done in 0.110025 s
[CityEnergyModelload] initBuildingModels start ...
checking if fmu tmp path /exa5/data/d2024d05-047-users/euvincentc/apptainer_home/kub/b120f86a/Paris_partitioned/np_256/fmus/fmi4cpp_lod0.buildingfloor0 exists: false
unzipping /exa5/data/d2024d05-047-users/euvincentc/apptainer_home/kub/b120f86a/Paris_partitioned/simulators/lod0.buildingfloor0.fmu in /exa5/data/d2024d05-047-users/euvincentc/apptainer_home/kub/b120f86a/Paris_partitioned/np_256/fmus/fmi4cpp_lod0.buildingfloor0
checking if fmu tmp path /exa5/data/d2024d05-047-users/euvincentc/apptainer_home/kub/b120f86a/Paris_partitioned/np_256/fmus/fmi4cpp_lod0.buildingfloor1 exists: false
unzipping /exa5/data/d2024d05-047-users/euvincentc/apptainer_home/kub/b120f86a/Paris_partitioned/simulators/lod0.buildingfloor1.fmu in /exa5/data/d2024d05-047-users/euvincentc/apptainer_home/kub/b120f86a/Paris_partitioned/np_256/fmus/fmi4cpp_lod0.buildingfloor1
checking if fmu tmp path /exa5/data/d2024d05-047-users/euvincentc/apptainer_home/kub/b120f86a/Paris_partitioned/np_256/fmus/fmi4cpp_lod0.buildingfloor2 exists: false
unzipping /exa5/data/d2024d05-047-users/euvincentc/apptainer_home/kub/b120f86a/Paris_partitioned/simulators/lod0.buildingfloor2.fmu in /exa5/data/d2024d05-047-users/euvincentc/apptainer_home/kub/b120f86a/Paris_partitioned/np_256/fmus/fmi4cpp_lod0.buildingfloor2
checking if fmu tmp path /exa5/data/d2024d05-047-users/euvincentc/apptainer_home/kub/b120f86a/Paris_partitioned/np_256/fmus/fmi4cpp_lod0.buildingfloor3 exists: false
unzipping /exa5/data/d2024d05-047-users/euvincentc/apptainer_home/kub/b120f86a/Paris_partitioned/simulators/lod0.buildingfloor3.fmu in /exa5/data/d2024d05-047-users/euvincentc/apptainer_home/kub/b120f86a/Paris_partitioned/np_256/fmus/fmi4cpp_lod0.buildingfloor3
checking if fmu tmp path /exa5/data/d2024d05-047-users/euvincentc/apptainer_home/kub/b120f86a/Paris_partitioned/np_256/fmus/fmi4cpp_lod0.buildingfloor4 exists: false
unzipping /exa5/data/d2024d05-047-users/euvincentc/apptainer_home/kub/b120f86a/Paris_partitioned/simulators/lod0.buildingfloor4.fmu in /exa5/data/d2024d05-047-users/euvincentc/apptainer_home/kub/b120f86a/Paris_partitioned/np_256/fmus/fmi4cpp_lod0.buildingfloor4
checking if fmu tmp path /exa5/data/d2024d05-047-users/euvincentc/apptainer_home/kub/b120f86a/Paris_partitioned/np_256/fmus/fmi4cpp_lod0.buildingfloor5 exists: false
unzipping /exa5/data/d2024d05-047-users/euvincentc/apptainer_home/kub/b120f86a/Paris_partitioned/simulators/lod0.buildingfloor5.fmu in /exa5/data/d2024d05-047-users/euvincentc/apptainer_home/kub/b120f86a/Paris_partitioned/np_256/fmus/fmi4cpp_lod0.buildingfloor5
checking if fmu tmp path /exa5/data/d2024d05-047-users/euvincentc/apptainer_home/kub/b120f86a/Paris_partitioned/np_256/fmus/fmi4cpp_lod0.buildingfloor6 exists: false
unzipping /exa5/data/d2024d05-047-users/euvincentc/apptainer_home/kub/b120f86a/Paris_partitioned/simulators/lod0.buildingfloor6.fmu in /exa5/data/d2024d05-047-users/euvincentc/apptainer_home/kub/b120f86a/Paris_partitioned/np_256/fmus/fmi4cpp_lod0.buildingfloor6
checking if fmu tmp path /exa5/data/d2024d05-047-users/euvincentc/apptainer_home/kub/b120f86a/Paris_partitioned/np_256/fmus/fmi4cpp_lod0.buildingfloor7 exists: false
unzipping /exa5/data/d2024d05-047-users/euvincentc/apptainer_home/kub/b120f86a/Paris_partitioned/simulators/lod0.buildingfloor7.fmu in /exa5/data/d2024d05-047-users/euvincentc/apptainer_home/kub/b120f86a/Paris_partitioned/np_256/fmus/fmi4cpp_lod0.buildingfloor7
checking if fmu tmp path /exa5/data/d2024d05-047-users/euvincentc/apptainer_home/kub/b120f86a/Paris_partitioned/np_256/fmus/fmi4cpp_lod0.buildingfloor8 exists: false
unzipping /exa5/data/d2024d05-047-users/euvincentc/apptainer_home/kub/b120f86a/Paris_partitioned/simulators/lod0.buildingfloor8.fmu in /exa5/data/d2024d05-047-users/euvincentc/apptainer_home/kub/b120f86a/Paris_partitioned/np_256/fmus/fmi4cpp_lod0.buildingfloor8
checking if fmu tmp path /exa5/data/d2024d05-047-users/euvincentc/apptainer_home/kub/b120f86a/Paris_partitioned/np_256/fmus/fmi4cpp_lod0.buildingfloor9 exists: false
unzipping /exa5/data/d2024d05-047-users/euvincentc/apptainer_home/kub/b120f86a/Paris_partitioned/simulators/lod0.buildingfloor9.fmu in /exa5/data/d2024d05-047-users/euvincentc/apptainer_home/kub/b120f86a/Paris_partitioned/np_256/fmus/fmi4cpp_lod0.buildingfloor9
[CityEnergyModelload] initBuildingModels current done in 3.77605 s
[CityEnergyModelload] updateForUse current done in 14.0038 s

Warning: Failed to solve nonlinear system using Newton solver.
  During initialization at time: 0
  Tag: extended initialization.nonlinear[1]

  Common causes:
   * The system of equations has no solution - the residual will be above zero.
     - This may be caused by initial conditions not being fully specified, check the translation log.
     - In some cases the event-logic can cause this.
   * Starting values are too far from the solution, see homotopy in the manual.
     - In rare cases this could occur at events.
   * The equations are too discontinuous for the nonlinear solver - the residual will have knees.
     - Likely caused by over-using noEvent.
  Especially consider the first two items above when the nonlinear solver fails during initialization.

  To get more information consider the options:
   * Simulation/Setup/Translation/Generate listing of translated Modelica code in dsmodel.mof
   * Simulation/Setup/Translation/List non-linear iteration variables
   * Simulation/Setup/Debug/Store variables after failed initialization
     - If a failure to solve a nonlinear equation caused failed initialization.
   * The options under the group Simulation/Setup/Debug/Nonlinear solver diagnostics

  Jacobian inverse norm estimate: 13359.2
  Condition number estimate: 3878.88
  1-norm of the residual = 785346

  Last value of the solution:
  Last value of the residual:


Warning: Failed to solve nonlinear system using Newton solver.
  During initialization at time: 0
  Tag: extended initialization.nonlinear[1]

  For debugging help refer to the first error message of this type.

  Jacobian inverse norm estimate: 13358.3
  Condition number estimate: 3878.49
  1-norm of the residual = 653802

  Last value of the solution:
  Last value of the residual:


Warning: Failed to solve nonlinear system using Newton solver.
  During initialization at time: 0
  Tag: extended initialization.nonlinear[1]

  Common causes:
   * The system of equations has no solution - the residual will be above zero.
     - This may be caused by initial conditions not being fully specified, check the translation log.
     - In some cases the event-logic can cause this.
   * Starting values are too far from the solution, see homotopy in the manual.
     - In rare cases this could occur at events.
   * The equations are too discontinuous for the nonlinear solver - the residual will have knees.
     - Likely caused by over-using noEvent.
  Especially consider the first two items above when the nonlinear solver fails during initialization.

  To get more information consider the options:
   * Simulation/Setup/Translation/Generate listing of translated Modelica code in dsmodel.mof
   * Simulation/Setup/Translation/List non-linear iteration variables
   * Simulation/Setup/Debug/Store variables after failed initialization
     - If a failure to solve a nonlinear equation caused failed initialization.
   * The options under the group Simulation/Setup/Debug/Nonlinear solver diagnostics

  Jacobian inverse norm estimate: 13356.3
  Condition number estimate: 3877.43
  1-norm of the residual = 653716

  Last value of the solution:
  Last value of the residual:


Warning: Failed to solve nonlinear system using Newton solver.
  During initialization at time: 0
  Tag: extended initialization.nonlinear[1]

  Common causes:
   * The system of equations has no solution - the residual will be above zero.
     - This may be caused by initial conditions not being fully specified, check the translation log.
     - In some cases the event-logic can cause this.
   * Starting values are too far from the solution, see homotopy in the manual.
     - In rare cases this could occur at events.
   * The equations are too discontinuous for the nonlinear solver - the residual will have knees.
     - Likely caused by over-using noEvent.
  Especially consider the first two items above when the nonlinear solver fails during initialization.

  To get more information consider the options:
   * Simulation/Setup/Translation/Generate listing of translated Modelica code in dsmodel.mof
   * Simulation/Setup/Translation/List non-linear iteration variables
   * Simulation/Setup/Debug/Store variables after failed initialization
     - If a failure to solve a nonlinear equation caused failed initialization.
   * The options under the group Simulation/Setup/Debug/Nonlinear solver diagnostics

  Jacobian inverse norm estimate: 13355.2
  Condition number estimate: 4240.66
  1-norm of the residual = 653674

  Last value of the solution:
  Last value of the residual:


Warning: Failed to solve nonlinear system using Newton solver.
  During initialization at time: 0
  Tag: extended initialization.nonlinear[1]

  Common causes:
   * The system of equations has no solution - the residual will be above zero.
     - This may be caused by initial conditions not being fully specified, check the translation log.
     - In some cases the event-logic can cause this.
   * Starting values are too far from the solution, see homotopy in the manual.
     - In rare cases this could occur at events.
   * The equations are too discontinuous for the nonlinear solver - the residual will have knees.
     - Likely caused by over-using noEvent.
  Especially consider the first two items above when the nonlinear solver fails during initialization.

  To get more information consider the options:
   * Simulation/Setup/Translation/Generate listing of translated Modelica code in dsmodel.mof
   * Simulation/Setup/Translation/List non-linear iteration variables
   * Simulation/Setup/Debug/Store variables after failed initialization
     - If a failure to solve a nonlinear equation caused failed initialization.
   * The options under the group Simulation/Setup/Debug/Nonlinear solver diagnostics

  Jacobian inverse norm estimate: 13354.7
  Condition number estimate: 3874.69
  1-norm of the residual = 653630

  Last value of the solution:
  Last value of the residual:


Warning: Failed to solve nonlinear system using Newton solver.
  During initialization at time: 0
  Tag: extended initialization.nonlinear[1]

  Common causes:
   * The system of equations has no solution - the residual will be above zero.
     - This may be caused by initial conditions not being fully specified, check the translation log.
     - In some cases the event-logic can cause this.
   * Starting values are too far from the solution, see homotopy in the manual.
     - In rare cases this could occur at events.
   * The equations are too discontinuous for the nonlinear solver - the residual will have knees.
     - Likely caused by over-using noEvent.
  Especially consider the first two items above when the nonlinear solver fails during initialization.

  To get more information consider the options:
   * Simulation/Setup/Translation/Generate listing of translated Modelica code in dsmodel.mof
   * Simulation/Setup/Translation/List non-linear iteration variables
   * Simulation/Setup/Debug/Store variables after failed initialization
     - If a failure to solve a nonlinear equation caused failed initialization.
   * The options under the group Simulation/Setup/Debug/Nonlinear solver diagnostics

  Jacobian inverse norm estimate: 13338
  Condition number estimate: 3867.14
  1-norm of the residual = 652401

  Last value of the solution:
  Last value of the residual:


Warning: Failed to solve nonlinear system using Newton solver.
  During initialization at time: 0
  Tag: extended initialization.nonlinear[1]

  Common causes:
   * The system of equations has no solution - the residual will be above zero.
     - This may be caused by initial conditions not being fully specified, check the translation log.
     - In some cases the event-logic can cause this.
   * Starting values are too far from the solution, see homotopy in the manual.
     - In rare cases this could occur at events.
   * The equations are too discontinuous for the nonlinear solver - the residual will have knees.
     - Likely caused by over-using noEvent.
  Especially consider the first two items above when the nonlinear solver fails during initialization.

  To get more information consider the options:
   * Simulation/Setup/Translation/Generate listing of translated Modelica code in dsmodel.mof
   * Simulation/Setup/Translation/List non-linear iteration variables
   * Simulation/Setup/Debug/Store variables after failed initialization
     - If a failure to solve a nonlinear equation caused failed initialization.
   * The options under the group Simulation/Setup/Debug/Nonlinear solver diagnostics

  Jacobian inverse norm estimate: 13323.1
  Condition number estimate: 3860.67
  1-norm of the residual = 652058

  Last value of the solution:
  Last value of the residual:


Warning: Failed to solve nonlinear system using Newton solver.
  During initialization at time: 0
  Tag: extended initialization.nonlinear[1]

  Common causes:
   * The system of equations has no solution - the residual will be above zero.
     - This may be caused by initial conditions not being fully specified, check the translation log.
     - In some cases the event-logic can cause this.
   * Starting values are too far from the solution, see homotopy in the manual.
     - In rare cases this could occur at events.
   * The equations are too discontinuous for the nonlinear solver - the residual will have knees.
     - Likely caused by over-using noEvent.
  Especially consider the first two items above when the nonlinear solver fails during initialization.

  To get more information consider the options:
   * Simulation/Setup/Translation/Generate listing of translated Modelica code in dsmodel.mof
   * Simulation/Setup/Translation/List non-linear iteration variables
   * Simulation/Setup/Debug/Store variables after failed initialization
     - If a failure to solve a nonlinear equation caused failed initialization.
   * The options under the group Simulation/Setup/Debug/Nonlinear solver diagnostics

  Jacobian inverse norm estimate: 13322
  Condition number estimate: 3855.24
  1-norm of the residual = 651998

  Last value of the solution:
  Last value of the residual:


Warning: Failed to solve nonlinear system using Newton solver.
  During initialization at time: 0
  Tag: extended initialization.nonlinear[1]

  Common causes:
   * The system of equations has no solution - the residual will be above zero.
     - This may be caused by initial conditions not being fully specified, check the translation log.
     - In some cases the event-logic can cause this.
   * Starting values are too far from the solution, see homotopy in the manual.
     - In rare cases this could occur at events.
   * The equations are too discontinuous for the nonlinear solver - the residual will have knees.
     - Likely caused by over-using noEvent.
  Especially consider the first two items above when the nonlinear solver fails during initialization.

  To get more information consider the options:
   * Simulation/Setup/Translation/Generate listing of translated Modelica code in dsmodel.mof
   * Simulation/Setup/Translation/List non-linear iteration variables
   * Simulation/Setup/Debug/Store variables after failed initialization
     - If a failure to solve a nonlinear equation caused failed initialization.
   * The options under the group Simulation/Setup/Debug/Nonlinear solver diagnostics

  Jacobian inverse norm estimate: 13321.2
  Condition number estimate: 4312.48
  1-norm of the residual = 651962

  Last value of the solution:
  Last value of the residual:


Warning: Failed to solve nonlinear system using Newton solver.
  During initialization at time: 0
  Tag: extended initialization.nonlinear[1]

  Common causes:
   * The system of equations has no solution - the residual will be above zero.
     - This may be caused by initial conditions not being fully specified, check the translation log.
     - In some cases the event-logic can cause this.
   * Starting values are too far from the solution, see homotopy in the manual.
     - In rare cases this could occur at events.
   * The equations are too discontinuous for the nonlinear solver - the residual will have knees.
     - Likely caused by over-using noEvent.
  Especially consider the first two items above when the nonlinear solver fails during initialization.

  To get more information consider the options:
   * Simulation/Setup/Translation/Generate listing of translated Modelica code in dsmodel.mof
   * Simulation/Setup/Translation/List non-linear iteration variables
   * Simulation/Setup/Debug/Store variables after failed initialization
     - If a failure to solve a nonlinear equation caused failed initialization.
   * The options under the group Simulation/Setup/Debug/Nonlinear solver diagnostics

  Jacobian inverse norm estimate: 13319.7
  Condition number estimate: 3854.74
  1-norm of the residual = 651879

  Last value of the solution:
  Last value of the residual:


Warning: Failed to solve nonlinear system using Newton solver.
  During initialization at time: 0
  Tag: extended initialization.nonlinear[1]

  Common causes:
   * The system of equations has no solution - the residual will be above zero.
     - This may be caused by initial conditions not being fully specified, check the translation log.
     - In some cases the event-logic can cause this.
   * Starting values are too far from the solution, see homotopy in the manual.
     - In rare cases this could occur at events.
   * The equations are too discontinuous for the nonlinear solver - the residual will have knees.
     - Likely caused by over-using noEvent.
  Especially consider the first two items above when the nonlinear solver fails during initialization.

  To get more information consider the options:
   * Simulation/Setup/Translation/Generate listing of translated Modelica code in dsmodel.mof
   * Simulation/Setup/Translation/List non-linear iteration variables
   * Simulation/Setup/Debug/Store variables after failed initialization
     - If a failure to solve a nonlinear equation caused failed initialization.
   * The options under the group Simulation/Setup/Debug/Nonlinear solver diagnostics

  Jacobian inverse norm estimate: 13319.2
  Condition number estimate: 2286.9
  1-norm of the residual = 651864

  Last value of the solution:
  Last value of the residual:


Warning: Failed to solve nonlinear system using Newton solver.
  During initialization at time: 0
  Tag: extended initialization.nonlinear[1]

  Common causes:
   * The system of equations has no solution - the residual will be above zero.
     - This may be caused by initial conditions not being fully specified, check the translation log.
     - In some cases the event-logic can cause this.
   * Starting values are too far from the solution, see homotopy in the manual.
     - In rare cases this could occur at events.
   * The equations are too discontinuous for the nonlinear solver - the residual will have knees.
     - Likely caused by over-using noEvent.
  Especially consider the first two items above when the nonlinear solver fails during initialization.

  To get more information consider the options:
   * Simulation/Setup/Translation/Generate listing of translated Modelica code in dsmodel.mof
   * Simulation/Setup/Translation/List non-linear iteration variables
   * Simulation/Setup/Debug/Store variables after failed initialization
     - If a failure to solve a nonlinear equation caused failed initialization.
   * The options under the group Simulation/Setup/Debug/Nonlinear solver diagnostics

  Jacobian inverse norm estimate: 13318.2
  Condition number estimate: 3853.65
  1-norm of the residual = 651818

  Last value of the solution:
  Last value of the residual:


Warning: Failed to solve nonlinear system using Newton solver.
  During initialization at time: 0
  Tag: extended initialization.nonlinear[1]

  Common causes:
   * The system of equations has no solution - the residual will be above zero.
     - This may be caused by initial conditions not being fully specified, check the translation log.
     - In some cases the event-logic can cause this.
   * Starting values are too far from the solution, see homotopy in the manual.
     - In rare cases this could occur at events.
   * The equations are too discontinuous for the nonlinear solver - the residual will have knees.

Warning: Failed to solve nonlinear system using Newton solver.
  During initialization at time: 0
  Tag: extended initialization.nonlinear[1]

  Common causes:
   * The system of equations has no solution - the residual will be above zero.
     - This may be caused by initial conditions not being fully specified, check the translation log.
     - In some cases the event-logic can cause this.
   * Starting values are too far from the solution, see homotopy in the manual.
     - In rare cases this could occur at events.
   * The equations are too discontinuous for the nonlinear solver - the residual will have knees.
     - Likely caused by over-using noEvent.
  Especially consider the first two items above when the nonlinear solver fails during initialization.

  To get more information consider the options:
   * Simulation/Setup/Translation/Generate listing of translated Modelica code in dsmodel.mof
   * Simulation/Setup/Translation/List non-linear iteration variables
   * Simulation/Setup/Debug/Store variables after failed initialization
     - If a failure to solve a nonlinear equation caused failed initialization.
   * The options under the group Simulation/Setup/Debug/Nonlinear solver diagnostics

  Jacobian inverse norm estimate: 16662.2
  Condition number estimate: 10272.4
  1-norm of the residual = 56040.7

  Last value of the solution:
  Last value of the residual:


Warning: Failed to solve nonlinear system using Newton solver.
  During initialization at time: 0
  Tag: extended initialization.nonlinear[1]

  For debugging help refer to the first error message of this type.

  Jacobian inverse norm estimate: 16662.6
  Condition number estimate: 5285.39
  1-norm of the residual = 52041.1

  Last value of the solution:
  Last value of the residual:


Warning: Failed to solve nonlinear system using Newton solver.
  During initialization at time: 0
  Tag: extended initialization.nonlinear[1]

  Common causes:
   * The system of equations has no solution - the residual will be above zero.
     - This may be caused by initial conditions not being fully specified, check the translation log.
     - In some cases the event-logic can cause this.
   * Starting values are too far from the solution, see homotopy in the manual.
     - In rare cases this could occur at events.
   * The equations are too discontinuous for the nonlinear solver - the residual will have knees.
     - Likely caused by over-using noEvent.
  Especially consider the first two items above when the nonlinear solver fails during initialization.

  To get more information consider the options:
   * Simulation/Setup/Translation/Generate listing of translated Modelica code in dsmodel.mof
   * Simulation/Setup/Translation/List non-linear iteration variables
   * Simulation/Setup/Debug/Store variables after failed initialization
     - If a failure to solve a nonlinear equation caused failed initialization.
   * The options under the group Simulation/Setup/Debug/Nonlinear solver diagnostics

  Jacobian inverse norm estimate: 16661.8
  Condition number estimate: 5221.49
  1-norm of the residual = 52040.8

  Last value of the solution:
  Last value of the residual:


Warning: Failed to solve nonlinear system using Newton solver.
  During initialization at time: 0
  Tag: extended initialization.nonlinear[1]

  Common causes:
   * The system of equations has no solution - the residual will be above zero.
     - This may be caused by initial conditions not being fully specified, check the translation log.
     - In some cases the event-logic can cause this.
   * Starting values are too far from the solution, see homotopy in the manual.
     - In rare cases this could occur at events.
   * The equations are too discontinuous for the nonlinear solver - the residual will have knees.
     - Likely caused by over-using noEvent.
  Especially consider the first two items above when the nonlinear solver fails during initialization.

  To get more information consider the options:
   * Simulation/Setup/Translation/Generate listing of translated Modelica code in dsmodel.mof
   * Simulation/Setup/Translation/List non-linear iteration variables
   * Simulation/Setup/Debug/Store variables after failed initialization
     - If a failure to solve a nonlinear equation caused failed initialization.
   * The options under the group Simulation/Setup/Debug/Nonlinear solver diagnostics

  Jacobian inverse norm estimate: 16661
  Condition number estimate: 5302.12
  1-norm of the residual = 52034.8

  Last value of the solution:
  Last value of the residual:


Warning: Failed to solve nonlinear system using Newton solver.
  During initialization at time: 0
  Tag: extended initialization.nonlinear[1]

  Common causes:
   * The system of equations has no solution - the residual will be above zero.
     - This may be caused by initial conditions not being fully specified, check the translation log.
     - In some cases the event-logic can cause this.
   * Starting values are too far from the solution, see homotopy in the manual.
     - In rare cases this could occur at events.
   * The equations are too discontinuous for the nonlinear solver - the residual will have knees.
     - Likely caused by over-using noEvent.
  Especially consider the first two items above when the nonlinear solver fails during initialization.

  To get more information consider the options:
   * Simulation/Setup/Translation/Generate listing of translated Modelica code in dsmodel.mof
   * Simulation/Setup/Translation/List non-linear iteration variables
   * Simulation/Setup/Debug/Store variables after failed initialization
     - If a failure to solve a nonlinear equation caused failed initialization.
   * The options under the group Simulation/Setup/Debug/Nonlinear solver diagnostics

  Jacobian inverse norm estimate: 16661.2
  Condition number estimate: 5197.36
  1-norm of the residual = 52033.8

  Last value of the solution:
  Last value of the residual:


Warning: Failed to solve nonlinear system using Newton solver.
  During initialization at time: 0
  Tag: extended initialization.nonlinear[1]

  Common causes:
   * The system of equations has no solution - the residual will be above zero.
     - This may be caused by initial conditions not being fully specified, check the translation log.
     - In some cases the event-logic can cause this.
   * Starting values are too far from the solution, see homotopy in the manual.
     - In rare cases this could occur at events.
   * The equations are too discontinuous for the nonlinear solver - the residual will have knees.
     - Likely caused by over-using noEvent.
  Especially consider the first two items above when the nonlinear solver fails during initialization.

  To get more information consider the options:
   * Simulation/Setup/Translation/Generate listing of translated Modelica code in dsmodel.mof
   * Simulation/Setup/Translation/List non-linear iteration variables
   * Simulation/Setup/Debug/Store variables after failed initialization
     - If a failure to solve a nonlinear equation caused failed initialization.
   * The options under the group Simulation/Setup/Debug/Nonlinear solver diagnostics

  Jacobian inverse norm estimate: 16660.8
  Condition number estimate: 5301.01
  1-norm of the residual = 52033.5

  Last value of the solution:
  Last value of the residual:


Warning: Failed to solve nonlinear system using Newton solver.
  During initialization at time: 0
  Tag: extended initialization.nonlinear[1]

  Common causes:
   * The system of equations has no solution - the residual will be above zero.
     - This may be caused by initial conditions not being fully specified, check the translation log.
     - In some cases the event-logic can cause this.
   * Starting values are too far from the solution, see homotopy in the manual.
     - In rare cases this could occur at events.
   * The equations are too discontinuous for the nonlinear solver - the residual will have knees.
     - Likely caused by over-using noEvent.
  Especially consider the first two items above when the nonlinear solver fails during initialization.

  To get more information consider the options:
   * Simulation/Setup/Translation/Generate listing of translated Modelica code in dsmodel.mof
   * Simulation/Setup/Translation/List non-linear iteration variables
   * Simulation/Setup/Debug/Store variables after failed initialization
     - If a failure to solve a nonlinear equation caused failed initialization.
   * The options under the group Simulation/Setup/Debug/Nonlinear solver diagnostics

  Jacobian inverse norm estimate: 16660.6
  Condition number estimate: 11619
  1-norm of the residual = 52031.9

  Last value of the solution:
  Last value of the residual:


Warning: Failed to solve nonlinear system using Newton solver.
  During initialization at time: 0
  Tag: extended initialization.nonlinear[1]

  Common causes:
   * The system of equations has no solution - the residual will be above zero.
     - This may be caused by initial conditions not being fully specified, check the translation log.
     - In some cases the event-logic can cause this.
   * Starting values are too far from the solution, see homotopy in the manual.
     - In rare cases this could occur at events.
   * The equations are too discontinuous for the nonlinear solver - the residual will have knees.
     - Likely caused by over-using noEvent.
  Especially consider the first two items above when the nonlinear solver fails during initialization.

  To get more information consider the options:
   * Simulation/Setup/Translation/Generate listing of translated Modelica code in dsmodel.mof
   * Simulation/Setup/Translation/List non-linear iteration variables
   * Simulation/Setup/Debug/Store variables after failed initialization
     - If a failure to solve a nonlinear equation caused failed initialization.
   * The options under the group Simulation/Setup/Debug/Nonlinear solver diagnostics

  Jacobian inverse norm estimate: 16660.2
  Condition number estimate: 5082.05
  1-norm of the residual = 52031.7

  Last value of the solution:
  Last value of the residual:


Warning: Failed to solve nonlinear system using Newton solver.
  During initialization at time: 0
  Tag: extended initialization.nonlinear[1]

  Common causes:
   * The system of equations has no solution - the residual will be above zero.
     - This may be caused by initial conditions not being fully specified, check the translation log.
     - In some cases the event-logic can cause this.
   * Starting values are too far from the solution, see homotopy in the manual.
     - In rare cases this could occur at events.
   * The equations are too discontinuous for the nonlinear solver - the residual will have knees.
     - Likely caused by over-using noEvent.
  Especially consider the first two items above when the nonlinear solver fails during initialization.

  To get more information consider the options:
   * Simulation/Setup/Translation/Generate listing of translated Modelica code in dsmodel.mof
   * Simulation/Setup/Translation/List non-linear iteration variables
   * Simulation/Setup/Debug/Store variables after failed initialization
     - If a failure to solve a nonlinear equation caused failed initialization.
   * The options under the group Simulation/Setup/Debug/Nonlinear solver diagnostics

  Jacobian inverse norm estimate: 16660
  Condition number estimate: 5142.86
  1-norm of the residual = 52030.9

  Last value of the solution:
  Last value of the residual:


Warning: Failed to solve nonlinear system using Newton solver.
  During initialization at time: 0
  Tag: extended initialization.nonlinear[1]

  Common causes:
   * The system of equations has no solution - the residual will be above zero.
     - This may be caused by initial conditions not being fully specified, check the translation log.
     - In some cases the event-logic can cause this.
   * Starting values are too far from the solution, see homotopy in the manual.
     - In rare cases this could occur at events.
   * The equations are too discontinuous for the nonlinear solver - the residual will have knees.
     - Likely caused by over-using noEvent.
  Especially consider the first two items above when the nonlinear solver fails during initialization.

  To get more information consider the options:
   * Simulation/Setup/Translation/Generate listing of translated Modelica code in dsmodel.mof
   * Simulation/Setup/Translation/List non-linear iteration variables
   * Simulation/Setup/Debug/Store variables after failed initialization
     - If a failure to solve a nonlinear equation caused failed initialization.
   * The options under the group Simulation/Setup/Debug/Nonlinear solver diagnostics

  Jacobian inverse norm estimate: 16660.3
  Condition number estimate: 7176.84
  1-norm of the residual = 52030.4

  Last value of the solution:
  Last value of the residual:


Warning: Failed to solve nonlinear system using Newton solver.
  During initialization at time: 0
  Tag: extended initialization.nonlinear[1]

  Common causes:
   * The system of equations has no solution - the residual will be above zero.
     - This may be caused by initial conditions not being fully specified, check the translation log.
     - In some cases the event-logic can cause this.
   * Starting values are too far from the solution, see homotopy in the manual.
     - In rare cases this could occur at events.
   * The equations are too discontinuous for the nonlinear solver - the residual will have knees.
     - Likely caused by over-using noEvent.
  Especially consider the first two items above when the nonlinear solver fails during initialization.

  To get more information consider the options:
   * Simulation/Setup/Translation/Generate listing of translated Modelica code in dsmodel.mof
   * Simulation/Setup/Translation/List non-linear iteration variables
   * Simulation/Setup/Debug/Store variables after failed initialization
     - If a failure to solve a nonlinear equation caused failed initialization.
   * The options under the group Simulation/Setup/Debug/Nonlinear solver diagnostics

  Jacobian inverse norm estimate: 16659.8
  Condition number estimate: 6821.09
  1-norm of the residual = 52029.8

  Last value of the solution:
  Last value of the residual:


Warning: Failed to solve nonlinear system using Newton solver.
  During initialization at time: 0
  Tag: extended initialization.nonlinear[1]

  Common causes:
   * The system of equations has no solution - the residual will be above zero.
     - This may be caused by initial conditions not being fully specified, check the translation log.
     - In some cases the event-logic can cause this.
   * Starting values are too far from the solution, see homotopy in the manual.
     - In rare cases this could occur at events.
   * The equations are too discontinuous for the nonlinear solver - the residual will have knees.
     - Likely caused by over-using noEvent.
  Especially consider the first two items above when the nonlinear solver fails during initialization.

  To get more information consider the options:
   * Simulation/Setup/Translation/Generate listing of translated Modelica code in dsmodel.mof
   * Simulation/Setup/Translation/List non-linear iteration variables
   * Simulation/Setup/Debug/Store variables after failed initialization
     - If a failure to solve a nonlinear equation caused failed initialization.
   * The options under the group Simulation/Setup/Debug/Nonlinear solver diagnostics

  Jacobian inverse norm estimate: 16660
  Condition number estimate: 6980.86
  1-norm of the residual = 52029.2

  Last value of the solution:
  Last value of the residual:


Warning: Failed to solve nonlinear system using Newton solver.
  During initialization at time: 0
  Tag: extended initialization.nonlinear[1]

  Common causes:
   * The system of equations has no solution - the residual will be above zero.
     - This may be caused by initial conditions not being fully specified, check the translation log.
     - In some cases the event-logic can cause this.
   * Starting values are too far from the solution, see homotopy in the manual.
     - In rare cases this could occur at events.
   * The equations are too discontinuous for the nonlinear solver - the residual will have knees.
     - Likely caused by over-using noEvent.
  Especially consider the first two items above when the nonlinear solver fails during initialization.

  To get more information consider the options:
   * Simulation/Setup/Translation/Generate listing of translated Modelica code in dsmodel.mof
   * Simulation/Setup/Translation/List non-linear iteration variables
   * Simulation/Setup/Debug/Store variables after failed initialization
     - If a failure to solve a nonlinear equation caused failed initialization.
   * The options under the group Simulation/Setup/Debug/Nonlinear solver diagnostics

  Jacobian inverse norm estimate: 16659.9
  Condition number estimate: 6910.55
  1-norm of the residual = 52028.6

  Last value of the solution:
  Last value of the residual:


Warning: Failed to solve nonlinear system using Newton solver.
  During initialization at time: 0
  Tag: extended initialization.nonlinear[1]

  Common causes:
   * The system of equations has no solution - the residual will be above zero.
     - This may be caused by initial conditions not being fully specified, check the translation log.
     - In some cases the event-logic can cause this.
   * Starting values are too far from the solution, see homotopy in the manual.
     - In rare cases this could occur at events.
   * The equations are too discontinuous for the nonlinear solver - the residual will have knees.
     - Likely caused by over-using noEvent.
  Especially consider the first two items above when the nonlinear solver fails during initialization.

  To get more information consider the options:
   * Simulation/Setup/Translation/Generate listing of translated Modelica code in dsmodel.mof
   * Simulation/Setup/Translation/List non-linear iteration variables
   * Simulation/Setup/Debug/Store variables after failed initialization
     - If a failure to solve a nonlinear equation caused failed initialization.
   * The options under the group Simulation/Setup/Debug/Nonlinear solver diagnostics

  Jacobian inverse norm estimate: 16659.5
  Condition number estimate: 6928.05
  1-norm of the residual = 52028

  Last value of the solution:
  Last value of the residual:


Warning: Failed to solve nonlinear system using Newton solver.
  During initialization at time: 0
  Tag: extended initialization.nonlinear[1]

  Common causes:
   * The system of equations has no solution - the residual will be above zero.
     - This may be caused by initial conditions not being fully specified, check the translation log.
     - In some cases the event-logic can cause this.
   * Starting values are too far from the solution, see homotopy in the manual.
     - In rare cases this could occur at events.
   * The equations are too discontinuous for the nonlinear solver - the residual will have knees.
     - Likely caused by over-using noEvent.
  Especially consider the first two items above when the nonlinear solver fails during initialization.

  To get more information consider the options:
   * Simulation/Setup/Translation/Generate listing of translated Modelica code in dsmodel.mof
   * Simulation/Setup/Translation/List non-linear iteration variables
   * Simulation/Setup/Debug/Store variables after failed initialization
     - If a failure to solve a nonlinear equation caused failed initialization.
   * The options under the group Simulation/Setup/Debug/Nonlinear solver diagnostics

  Jacobian inverse norm estimate: 16659.3
  Condition number estimate: 6908.66
  1-norm of the residual = 52027.4

  Last value of the solution:
  Last value of the residual:


Warning: Failed to solve nonlinear system using Newton solver.
  During initialization at time: 0
  Tag: extended initialization.nonlinear[1]

  Common causes:
   * The system of equations has no solution - the residual will be above zero.
     - This may be caused by initial conditions not being fully specified, check the translation log.
     - In some cases the event-logic can cause this.
   * Starting values are too far from the solution, see homotopy in the manual.
     - In rare cases this could occur at events.
   * The equations are too discontinuous for the nonlinear solver - the residual will have knees.
     - Likely caused by over-using noEvent.
  Especially consider the first two items above when the nonlinear solver fails during initialization.

  To get more information consider the options:
   * Simulation/Setup/Translation/Generate listing of translated Modelica code in dsmodel.mof
   * Simulation/Setup/Translation/List non-linear iteration variables
   * Simulation/Setup/Debug/Store variables after failed initialization
     - If a failure to solve a nonlinear equation caused failed initialization.
   * The options under the group Simulation/Setup/Debug/Nonlinear solver diagnostics

  Jacobian inverse norm estimate: 16659.2
  Condition number estimate: 6905.05
  1-norm of the residual = 52026.8

  Last value of the solution:
  Last value of the residual:


Warning: Failed to solve nonlinear system using Newton solver.
  During initialization at time: 0
  Tag: extended initialization.nonlinear[1]

  Common causes:
   * The system of equations has no solution - the residual will be above zero.
     - This may be caused by initial conditions not being fully specified, check the translation log.
     - In some cases the event-logic can cause this.
   * Starting values are too far from the solution, see homotopy in the manual.
     - In rare cases this could occur at events.
   * The equations are too discontinuous for the nonlinear solver - the residual will have knees.
     - Likely caused by over-using noEvent.
  Especially consider the first two items above when the nonlinear solver fails during initialization.

  To get more information consider the options:
   * Simulation/Setup/Translation/Generate listing of translated Modelica code in dsmodel.mof
   * Simulation/Setup/Translation/List non-linear iteration variables
   * Simulation/Setup/Debug/Store variables after failed initialization
     - If a failure to solve a nonlinear equation caused failed initialization.
   * The options under the group Simulation/Setup/Debug/Nonlinear solver diagnostics

  Jacobian inverse norm estimate: 16659.1
  Condition number estimate: 6893.67
  1-norm of the residual = 52026.2

  Last value of the solution:
  Last value of the residual:


Warning: Failed to solve nonlinear system using Newton solver.
  During initialization at time: 0
  Tag: extended initialization.nonlinear[1]

  Common causes:
   * The system of equations has no solution - the residual will be above zero.
     - This may be caused by initial conditions not being fully specified, check the translation log.
     - In some cases the event-logic can cause this.
   * Starting values are too far from the solution, see homotopy in the manual.
     - In rare cases this could occur at events.
   * The equations are too discontinuous for the nonlinear solver - the residual will have knees.
     - Likely caused by over-using noEvent.
  Especially consider the first two items above when the nonlinear solver fails during initialization.

  To get more information consider the options:
   * Simulation/Setup/Translation/Generate listing of translated Modelica code in dsmodel.mof
   * Simulation/Setup/Translation/List non-linear iteration variables
   * Simulation/Setup/Debug/Store variables after failed initialization
     - If a failure to solve a nonlinear equation caused failed initialization.
   * The options under the group Simulation/Setup/Debug/Nonlinear solver diagnostics

  Jacobian inverse norm estimate: 16659.3
  Condition number estimate: 6886.69
  1-norm of the residual = 52025.6

  Last value of the solution:
  Last value of the residual:


Warning: Failed to solve nonlinear system using Newton solver.
  During initialization at time: 0
  Tag: extended initialization.nonlinear[1]

  Common causes:
   * The system of equations has no solution - the residual will be above zero.
     - This may be caused by initial conditions not being fully specified, check the translation log.
     - In some cases the event-logic can cause this.
   * Starting values are too far from the solution, see homotopy in the manual.
     - In rare cases this could occur at events.
   * The equations are too discontinuous for the nonlinear solver - the residual will have knees.
     - Likely caused by over-using noEvent.
  Especially consider the first two items above when the nonlinear solver fails during initialization.

  To get more information consider the options:
   * Simulation/Setup/Translation/Generate listing of translated Modelica code in dsmodel.mof
   * Simulation/Setup/Translation/List non-linear iteration variables
   * Simulation/Setup/Debug/Store variables after failed initialization
     - If a failure to solve a nonlinear equation caused failed initialization.
   * The options under the group Simulation/Setup/Debug/Nonlinear solver diagnostics

  Jacobian inverse norm estimate: 16659.6
  Condition number estimate: 6876.91
  1-norm of the residual = 52025

  Last value of the solution:
  Last value of the residual:


Warning: Failed to solve nonlinear system using Newton solver.
  During initialization at time: 0
  Tag: extended initialization.nonlinear[1]

  Common causes:
   * The system of equations has no solution - the residual will be above zero.
     - This may be caused by initial conditions not being fully specified, check the translation log.
     - In some cases the event-logic can cause this.
   * Starting values are too far from the solution, see homotopy in the manual.
     - In rare cases this could occur at events.
   * The equations are too discontinuous for the nonlinear solver - the residual will have knees.
     - Likely caused by over-using noEvent.
  Especially consider the first two items above when the nonlinear solver fails during initialization.

  To get more information consider the options:
   * Simulation/Setup/Translation/Generate listing of translated Modelica code in dsmodel.mof
   * Simulation/Setup/Translation/List non-linear iteration variables
   * Simulation/Setup/Debug/Store variables after failed initialization
     - If a failure to solve a nonlinear equation caused failed initialization.
   * The options under the group Simulation/Setup/Debug/Nonlinear solver diagnostics

  Jacobian inverse norm estimate: 16658.8
  Condition number estimate: 6867.82
  1-norm of the residual = 52024.4

  Last value of the solution:
  Last value of the residual:


Warning: Failed to solve nonlinear system using Newton solver.
  During initialization at time: 0
  Tag: extended initialization.nonlinear[1]

  Common causes:
   * The system of equations has no solution - the residual will be above zero.
     - This may be caused by initial conditions not being fully specified, check the translation log.
     - In some cases the event-logic can cause this.
   * Starting values are too far from the solution, see homotopy in the manual.
     - In rare cases this could occur at events.
   * The equations are too discontinuous for the nonlinear solver - the residual will have knees.
     - Likely caused by over-using noEvent.
  Especially consider the first two items above when the nonlinear solver fails during initialization.

  To get more information consider the options:
   * Simulation/Setup/Translation/Generate listing of translated Modelica code in dsmodel.mof
   * Simulation/Setup/Translation/List non-linear iteration variables
   * Simulation/Setup/Debug/Store variables after failed initialization
     - If a failure to solve a nonlinear equation caused failed initialization.
   * The options under the group Simulation/Setup/Debug/Nonlinear solver diagnostics

  Jacobian inverse norm estimate: 16658.7
  Condition number estimate: 6858.26
  1-norm of the residual = 52023.8

  Last value of the solution:
  Last value of the residual:


Warning: Failed to solve nonlinear system using Newton solver.
  During initialization at time: 0
  Tag: extended initialization.nonlinear[1]

  Common causes:
   * The system of equations has no solution - the residual will be above zero.</code></pre>
</div>
</div>
</div>
</div>
</article>
  </div>
</main>
</div>
<footer class="footer" style="border-top: 2px solid #e9e9e9; background-color: #fafafa; padding-bottom: 2em; padding-top: 2em;">
    <div class="container" style="display: flex; flex-direction: column; align-items: center; gap: 0.5em;">
        <div>
            <a href="https://www.cemosis.fr">
                <img src="../../../../../../_/img/cemosis-logo.svg" alt="Cemosis logo" height="50">
            </a>
        </div>
        <span style="font-size: 0.8rem; color: #9e9e9e"> 2025 <a href="https://www.cemosis.fr" style="text-decoration: underline;">Cemosis</a>, Universit de Strasbourg</span>
    </div>
</footer>
<script id="site-script" src="../../../../../../_/js/site.js" data-ui-root-path="../../../../../../_"></script>


<script async src="../../../../../../_/js/vendor/fontawesome-icon-defs.js"></script>
<script async src="../../../../../../_/js/vendor/fontawesome.js"></script>
<script async src="../../../../../../_/js/vendor/highlight.js"></script>


<script type="text/javascript">
function toggleFullScreen() {
   var doc = window.document;
   var docEl = doc.documentElement;

   var requestFullScreen = docEl.requestFullscreen || docEl.mozRequestFullScreen || docEl.webkitRequestFullScreen || docEl.msRequestFullscreen;
   var cancelFullScreen = doc.exitFullscreen || doc.mozCancelFullScreen || doc.webkitExitFullscreen || doc.msExitFullscreen;

   if(!doc.fullscreenElement && !doc.mozFullScreenElement && !doc.webkitFullscreenElement && !doc.msFullscreenElement) {
       requestFullScreen.call(docEl);
   }
   else {
       cancelFullScreen.call(doc);
   }
}
</script>
  </body>
</html>
