<!DOCTYPE html>
<html lang="en">
  <head>
    <meta charset="utf-8">
    <meta name="viewport" content="width=device-width,initial-scale=1">
    <title>ReFrame logs :: Ktirio Benchmarks</title>
    <link rel="canonical" href="https://feelpp.github.io/bench.ktirio.fr/ktirio_benchmarks/logs/discoverer/feelpp_kub_cem/Paris_partitioned/2025_04_04T15_02_21Z0300/02ea806d.html">
    <meta name="generator" content="Antora 3.1.10">
    <link rel="stylesheet" href="../../../../../../_/css/site.css">
<link rel="icon" href="../../../../../../_/img/favicon.ico" type="image/x-icon">
<script>!function(l,p){if(l.protocol!==p&&l.host=="docs.antora.org"){l.protocol=p}else if(/\.gitlab\.io$/.test(l.host)){l.replace(p+"//docs.antora.org"+l.pathname.substr(l.pathname.indexOf("/",1))+l.search+l.hash)}}(location,"https:")</script>

<script src="../../../../../../_/js/vendor/tabs-block-extension.js"></script>
<script src="../../../../../../_/js/vendor/tabs-block-behavior.js"></script>



<script type="text/x-mathjax-config">
MathJax.Hub.Config({
  messageStyle: "none",
  tex2jax: {
    inlineMath: [['$','$'], ['\\(','\\)']],
    displayMath: [['$$','$$'], ['\\[','\\]']],
    processEscapes: true,
    processEnvironments: true,
    ignoreClass: "nostem|nolatexmath"
  },
  asciimath2jax: {
    delimiters: [["\\$", "\\$"]],
    ignoreClass: "nostem|noasciimath"
  },

  TeX: {
      Macros: {
      bold: ["{\\bf #1}",1],
      calTh: "{\\mathcal{T}_h}",
      card: ["{\\operatorname{card}(#1)}",1],
      card: ["{\\operatorname{card}(#1)}",1],
      Ck: ["{\\mathcal{C}^{#1}}",1],
      deformt: ["{\\mathbf{\\varepsilon(#1)}}",1],
      diam: "{\\operatorname{diam}}",
      dim: ["{\\operatorname{dim}(#1)}",1],
      disp: ["{\\mathbf{#1}}",1],
      domain: "{\\Omega}",
      ds: "",
      essinf: "{\\operatorname{ess}\\, \\operatorname{inf}}",
      F:"{\\mathcal{F}}",
      geo: "{\\mathrm{geo}}",
      Ich: ["{\\mathcal{I}^{#1}_{c,h}#2}",2],
      Id: "{\\mathcal{I}}",
      Ilag: ["{\\mathcal{I}^{\\mathrm{lag}}_{#1}}",1],
      jump: ["{[\\![ #1 ]\\!]}",1],
      n:"{\\mathbf{n}}",
      Ne: "{N_{\\mathrm{e}}}",
      Next: "{\\mathrm{n}}",
      nf: "{n_f}",
      ngeo: "{n_{\\mathrm{geo}}}",
      Nma: "{N_{\\mathrm{ma}}}",
      NN: "{\\mathbb N}",
      Nno: "{N_{\\mathrm{no}}}",
      Nso: "{N_{\\mathrm{so}}}",
      opdim: "{\\operatorname{dim}}",
      p: "{\\mathrm{p}}",
      P:"{\\mathcal{P}}",
      Pch: ["{P^{#1}_{c,h}}",1],
      Pcho: ["{P^{#1}_{c,h,0}}",1],
      Pk: ["{\\mathcal{P}^{#1}}",1],
      poly: ["{\\mathbb{#1}",1],
      poly: ["{\\mathbb{#1}}",1],
      prect: ["{\\left\\(#1\\right\\)}",1],
      q:"{\\mathbf{q}}",
      Qch: ["{Q^{#1}_{c,h}}",1],
      Qk: ["{\\mathcal{Q}^{#1}}",1],
      R: ["{\\mathbb{R}^{#1}}",1],
      RR: "{\\mathbb R}",
      set: ["{\\left\\{#1\\right\\}}",1],
      stresst: ["{\\mathbf{\\sigma(#1)}}",1],
      T:"{\\mathcal{T}}",
      tr: "{\\operatorname{tr}}",
      v:"{\\mathbf{v}}",
      vertiii: ["\\left\\vert\\kern-0.25ex\\left\\vert\\kern-0.25ex\\left\\vert #1 \\right\\vert\\kern-0.25ex\\right\\vert\\kern-0.25ex\\right\\vert",1]
  },
  extensions: ["mhchem.js"] 
  }
});
</script>
<!--<script type="text/javascript" async src="https://cdnjs.cloudflare.com/ajax/libs/mathjax/2.7.3/MathJax.js?config=TeX-MML-AM_CHTML"></script>-->
<!-- <script src='https://cdnjs.cloudflare.com/ajax/libs/mathjax/2.7.4/MathJax.js?config=TeX-MML-AM_CHTML' async></script> -->
<script src='https://cdnjs.cloudflare.com/ajax/libs/mathjax/2.7.7/MathJax.js?config=TeX-AMS_CHTML'></script>
<!--<script src="https://cdnjs.cloudflare.com/ajax/libs/mathjax/2.6.0/MathJax.js?config=TeX-MML-AM_HTMLorMML"></script>-->

<!--<link rel="stylesheet" href="https://cdnjs.cloudflare.com/ajax/libs/KaTeX/0.9.0/katex.min.css" integrity="sha384-TEMocfGvRuD1rIAacqrknm5BQZ7W7uWitoih+jMNFXQIbNl16bO8OZmylH/Vi/Ei" crossorigin="anonymous">
<script src="https://cdnjs.cloudflare.com/ajax/libs/KaTeX/0.9.0/katex.min.js" integrity="sha384-jmxIlussZWB7qCuB+PgKG1uLjjxbVVIayPJwi6cG6Zb4YKq0JIw+OMnkkEC7kYCq" crossorigin="anonymous"></script>-->
<script>var uiRootPath = '../../../../../../_'</script>

  </head>
  <body class="article">
<header class="header">
    <nav class="navbar navbar-expand-sm bg-dark navbar-dark navbar-template-project" style="border-top: 4px solid #9E9E9E">
        <div class="navbar-brand">
            <div class="navbar-item feelpp-logo">
            <a href="https://hidalgo2.eu"><img class="cemosis-logo" src="../../../../../../_/img/logo-hidalgo2-color.png" alt="Ktirio Benchmarks"></a>            
            &nbsp;&nbsp;&nbsp;&nbsp;
            <a href="https://eurohpc-ju.europa.eu/"><img class="cemosis-logo" src="../../../../../../_/img/logo-eurohpc-ju.png" alt="Ktirio Benchmarks"></a>            
            &nbsp;&nbsp;&nbsp;&nbsp;
            <a href="https://numpex.org/"><img class="cemosis-logo" src="../../../../../../_/img/logo-numpex.png" alt="Ktirio Benchmarks"></a>            
            &nbsp;&nbsp;&nbsp;&nbsp;
            <a href="https://www.economie.gouv.fr/france-2030"><img class="cemosis-logo" src="../../../../../../_/img/logo-france-2030.jpg" alt="Ktirio Benchmarks"></a>
            </div>  
            <button class="navbar-burger" data-target="topbar-nav">
                <span></span>
                <span></span>
                <span></span>
            </button>
        </div>

        <div id="topbar-nav" class="navbar-menu">
            <div class="navbar-end">
                <div class="navbar-item">
                    <a href="https://docs.feelpp.org/">Documentation Reference</a>
                </div>
                <div class="navbar-item">
                    <a class="navbar-brand"  href="https://www.cemosis.fr">
                        <a href="https://feelpp.github.io/bench.ktirio.fr"><img class="cemosis-logo" src="../../../../../../_/img/logo-unistra.svg"></a>
                        &nbsp;&nbsp;&nbsp;&nbsp;
                        <a href="https://feelpp.github.io/bench.ktirio.fr"><img class="cemosis-logo" src="../../../../../../_/img/logo-cnrs.svg"></a>
                        &nbsp;&nbsp;&nbsp;&nbsp;
                        <img class="cemosis-logo"  src="../../../../../../_/img/cemosis-logo.svg" alt="Cemosis logo"/>
                    </a>
                </div>
            </div>
        </div>
    </nav>
</header>
<div class="body">
<a href="#" class="menu-expand-toggle"></a>
<div class="nav-container" data-component="ktirio_benchmarks" data-version="">
  <aside class="nav">
    <div class="panels">
<div class="nav-panel-menu is-active" data-panel="menu">
  <nav class="nav-menu">
    <h3 class="title"><a href="../../../../../index.html">Ktirio Benchmarks</a></h3>
<ul class="nav-list">
  <li class="nav-item" data-depth="0">
<ul class="nav-list">
  <li class="nav-item" data-depth="1">
    <a class="nav-link" href="../../../../../index.html">Ktirio Benchmarks</a>
  </li>
  <li class="nav-item" data-depth="1">
    <a class="nav-link" href="../../../../../about.html">About</a>
  </li>
</ul>
  </li>
</ul>
  </nav>
</div>
<div class="nav-panel-explore" data-panel="explore">
  <div class="context">
    <span class="title">Ktirio Benchmarks</span>
    <span class="version"></span>
  </div>
  <ul class="components">
      <li class="component is-current">
        <a class="title" href="../../../../../index.html">Ktirio Benchmarks</a>
      </li>
  </ul>
</div>
    </div>
  </aside>
</div>
<main class="article">
<div class="toolbar" role="navigation">
  <button class="nav-toggle"></button>
    <a href="../../../../../index.html" class="home-link"></a>
  <nav class="breadcrumbs" aria-label="breadcrumbs">
  <ul>
    <li><a href="../../../../../index.html">Ktirio Benchmarks</a></li>
    <li><a href="02ea806d.html">ReFrame logs</a></li>
  </ul>
</nav>

  
    <div class="edit-this-page"><a href="https://github.com/feelpp/bench.ktirio.fr/edit/main/docs/modules/ROOT/pages/logs/discoverer/feelpp_kub_cem/Paris_partitioned/2025_04_04T15_02_21Z0300/02ea806d.adoc">Edit this Page</a></div>
  
  <div class="page-downloads">
  <span class="label">Download as</span>
  <ul class="download-options">
    <li>
      <a onclick="print(this)" href="#" data-toggle="tooltip" data-placement="left" title="Print to PDF"
         class="pdf-download">
        <img class="pdf-file-icon icon" src="../../../../../../_/img/pdf.svg"/> .pdf
      </a>
    </li>
  </ul>
</div>
</div>

  <div class="content">
<aside class="toc sidebar" data-title="Contents" data-levels="2">
  <div class="toc-menu"></div>
</aside>
<article class="doc">
<h1 class="page">ReFrame logs</h1>
<div class="sect1">
<h2 id="_reframe_scheduler_script"><a class="anchor" href="#_reframe_scheduler_script"></a>1. ReFrame scheduler script</h2>
<div class="sectionbody">
<div class="listingblock">
<div class="content">
<pre class="highlightjs highlight"><code class="language-bash hljs" data-lang="bash">#!/bin/bash
#SBATCH --job-name="rfm_RegressionTest_02ea806d"
#SBATCH --ntasks=512
#SBATCH --cpus-per-task=1
#SBATCH --output=rfm_job.out
#SBATCH --error=rfm_job.err
#SBATCH --exclusive
#SBATCH --partition=cn
#SBATCH --nodes=4
#SBATCH --account=ehpc-dev-2024d05-047
#SBATCH --qos=ehpc-dev-2024d05-047
#SBATCH --threads-per-core=1
#SBATCH --time=0-00:30:0
source /etc/profile.d/modules.sh
export MODULEPATH=/opt/software/modulefiles:$MODULEPATH
module load openmpi/4/gcc/latest
srun singularity exec -B"/discofs/ehpc-dev-2024d05-047/vchabannes/tmp_reframe/stage/discoverer/cn/default/RegressionTest_02ea806d:/rfm_workdir" --home /disco2fs/ehpc-dev-2024d05-047/vchabannes/apptainer_home --bind /disco2fs/ehpc-dev-2024d05-047/vchabannes/inputdataset/02ea806d:/input_data --env OMP_NUM_THREADS=1 /home/vchabannes/discofs_project/vchabannes/images_sif/kub_feature-cem_partitioning-sif feelpp_kub_cem --config-files /input_data/kub/idealHeaters.cfg --cem.simulator.sun.filename=/input_data/kub/simulators/Sun.fmu --cem.simulator.lod0.modelisation.maxfloors=10 --cem.preprocessing.dataregistry.directory=/input_data/kub_benchmark/5km/preprocessing --cem.weather.filename=/input_data/kub/Paris/weather.csv --cem.scenarios.filename=/input_data/kub/scenarios_local/scenarios.json --cem.instance.time.start=0 --cem.instance.time.stop=86400 --cem.instance.time.step=3600 --cem.instance.postprocess.export.visualization.enabled=false --cem.instance.postprocess.export.report.enabled=false --cem.instance.postprocess.export.outputs.csv.enabled=false --cem.instance.postprocess.export.outputs.enabled=true --cem.instance.solar_shading.enabled=false --cem.instance.idealflows.enabled=true --cem.database.directory /disco2fs/ehpc-dev-2024d05-047/vchabannes/apptainer_home/kub/02ea806d/Paris_partitioned --directory /disco2fs/ehpc-dev-2024d05-047/vchabannes/apptainer_home/kub/02ea806d/Paris_partitioned --cem.instance.solar_shading.ray-tracing.quad-order 3</code></pre>
</div>
</div>
</div>
</div>
<div class="sect1">
<h2 id="_reframe_error_log"><a class="anchor" href="#_reframe_error_log"></a>2. ReFrame error log</h2>
<div class="sectionbody">
<div class="listingblock">
<div class="content">
<pre class="highlightjs highlight"><code class="language-bash hljs" data-lang="bash">slurmstepd: error: Unable to get current working directory: No such file or directory
Loading openmpi/4/gcc/latest
  Loading requirement: ucx/1/latest libfabric/1/latest
slurmstepd: error: Unable to get current working directory: No such file or directory
[cn0086:965024] PMIX ERROR: ERROR in file ../../../../../../src/mca/gds/ds12/gds_ds12_lock_pthread.c at line 169
[cn0086:964463] PMIX ERROR: ERROR in file ../../../../../../src/mca/gds/ds12/gds_ds12_lock_pthread.c at line 169
[cn0086:965096] PMIX ERROR: ERROR in file ../../../../../../src/mca/gds/ds12/gds_ds12_lock_pthread.c at line 169
[cn0086:965607] PMIX ERROR: ERROR in file ../../../../../../src/mca/gds/ds12/gds_ds12_lock_pthread.c at line 169
[cn0086:964583] PMIX ERROR: ERROR in file ../../../../../../src/mca/gds/ds12/gds_ds12_lock_pthread.c at line 169
[cn0086:964461] PMIX ERROR: ERROR in file ../../../../../../src/mca/gds/ds12/gds_ds12_lock_pthread.c at line 169
[cn0086:964658] PMIX ERROR: ERROR in file ../../../../../../src/mca/gds/ds12/gds_ds12_lock_pthread.c at line 169
[cn0086:963822] PMIX ERROR: ERROR in file ../../../../../../src/mca/gds/ds12/gds_ds12_lock_pthread.c at line 169
[cn0086:963809] PMIX ERROR: ERROR in file ../../../../../../src/mca/gds/ds12/gds_ds12_lock_pthread.c at line 169
[cn0086:963819] PMIX ERROR: ERROR in file ../../../../../../src/mca/gds/ds12/gds_ds12_lock_pthread.c at line 169
[cn0086:965157] PMIX ERROR: ERROR in file ../../../../../../src/mca/gds/ds12/gds_ds12_lock_pthread.c at line 169
[cn0086:965045] PMIX ERROR: ERROR in file ../../../../../../src/mca/gds/ds12/gds_ds12_lock_pthread.c at line 169
[cn0086:963813] PMIX ERROR: ERROR in file ../../../../../../src/mca/gds/ds12/gds_ds12_lock_pthread.c at line 169
[cn0086:963828] PMIX ERROR: ERROR in file ../../../../../../src/mca/gds/ds12/gds_ds12_lock_pthread.c at line 169
[cn0086:963834] PMIX ERROR: ERROR in file ../../../../../../src/mca/gds/ds12/gds_ds12_lock_pthread.c at line 169
[cn0086:965063] PMIX ERROR: ERROR in file ../../../../../../src/mca/gds/ds12/gds_ds12_lock_pthread.c at line 169
[cn0086:965150] PMIX ERROR: ERROR in file ../../../../../../src/mca/gds/ds12/gds_ds12_lock_pthread.c at line 169
[cn0086:965613] PMIX ERROR: ERROR in file ../../../../../../src/mca/gds/ds12/gds_ds12_lock_pthread.c at line 169
[cn0086:964656] PMIX ERROR: ERROR in file ../../../../../../src/mca/gds/ds12/gds_ds12_lock_pthread.c at line 169
[cn0086:965155] PMIX ERROR: ERROR in file ../../../../../../src/mca/gds/ds12/gds_ds12_lock_pthread.c at line 169
[cn0086:963807] PMIX ERROR: ERROR in file ../../../../../../src/mca/gds/ds12/gds_ds12_lock_pthread.c at line 169
[cn0086:964456] PMIX ERROR: ERROR in file ../../../../../../src/mca/gds/ds12/gds_ds12_lock_pthread.c at line 169
[cn0086:965046] PMIX ERROR: ERROR in file ../../../../../../src/mca/gds/ds12/gds_ds12_lock_pthread.c at line 169
[cn0086:963827] PMIX ERROR: ERROR in file ../../../../../../src/mca/gds/ds12/gds_ds12_lock_pthread.c at line 169
[cn0086:963814] PMIX ERROR: ERROR in file ../../../../../../src/mca/gds/ds12/gds_ds12_lock_pthread.c at line 169
[cn0086:965128] PMIX ERROR: ERROR in file ../../../../../../src/mca/gds/ds12/gds_ds12_lock_pthread.c at line 169
[cn0086:963831] PMIX ERROR: ERROR in file ../../../../../../src/mca/gds/ds12/gds_ds12_lock_pthread.c at line 169
[cn0086:964647] PMIX ERROR: ERROR in file ../../../../../../src/mca/gds/ds12/gds_ds12_lock_pthread.c at line 169
[cn0086:963833] PMIX ERROR: ERROR in file ../../../../../../src/mca/gds/ds12/gds_ds12_lock_pthread.c at line 169
[cn0086:963821] PMIX ERROR: ERROR in file ../../../../../../src/mca/gds/ds12/gds_ds12_lock_pthread.c at line 169
[cn0086:964646] PMIX ERROR: ERROR in file ../../../../../../src/mca/gds/ds12/gds_ds12_lock_pthread.c at line 169
[cn0086:964462] PMIX ERROR: ERROR in file ../../../../../../src/mca/gds/ds12/gds_ds12_lock_pthread.c at line 169
[cn0086:964464] PMIX ERROR: ERROR in file ../../../../../../src/mca/gds/ds12/gds_ds12_lock_pthread.c at line 169
[cn0086:963820] PMIX ERROR: ERROR in file ../../../../../../src/mca/gds/ds12/gds_ds12_lock_pthread.c at line 169
[cn0086:965029] PMIX ERROR: ERROR in file ../../../../../../src/mca/gds/ds12/gds_ds12_lock_pthread.c at line 169
[cn0086:965061] PMIX ERROR: ERROR in file ../../../../../../src/mca/gds/ds12/gds_ds12_lock_pthread.c at line 169
[cn0086:963824] PMIX ERROR: ERROR in file ../../../../../../src/mca/gds/ds12/gds_ds12_lock_pthread.c at line 169
[cn0086:965620] PMIX ERROR: ERROR in file ../../../../../../src/mca/gds/ds12/gds_ds12_lock_pthread.c at line 169
[cn0086:965623] PMIX ERROR: ERROR in file ../../../../../../src/mca/gds/ds12/gds_ds12_lock_pthread.c at line 169
[cn0086:963806] PMIX ERROR: ERROR in file ../../../../../../src/mca/gds/ds12/gds_ds12_lock_pthread.c at line 169
[cn0086:963823] PMIX ERROR: ERROR in file ../../../../../../src/mca/gds/ds12/gds_ds12_lock_pthread.c at line 169
[cn0086:963835] PMIX ERROR: ERROR in file ../../../../../../src/mca/gds/ds12/gds_ds12_lock_pthread.c at line 169
[cn0086:963836] PMIX ERROR: ERROR in file ../../../../../../src/mca/gds/ds12/gds_ds12_lock_pthread.c at line 169
[cn0086:964459] PMIX ERROR: ERROR in file ../../../../../../src/mca/gds/ds12/gds_ds12_lock_pthread.c at line 169
[cn0086:963832] PMIX ERROR: ERROR in file ../../../../../../src/mca/gds/ds12/gds_ds12_lock_pthread.c at line 169
[cn0086:964660] PMIX ERROR: ERROR in file ../../../../../../src/mca/gds/ds12/gds_ds12_lock_pthread.c at line 169
[cn0086:964455] PMIX ERROR: ERROR in file ../../../../../../src/mca/gds/ds12/gds_ds12_lock_pthread.c at line 169
[cn0086:963816] PMIX ERROR: ERROR in file ../../../../../../src/mca/gds/ds12/gds_ds12_lock_pthread.c at line 169
[cn0086:965133] PMIX ERROR: ERROR in file ../../../../../../src/mca/gds/ds12/gds_ds12_lock_pthread.c at line 169
[cn0086:964457] PMIX ERROR: ERROR in file ../../../../../../src/mca/gds/ds12/gds_ds12_lock_pthread.c at line 169
[cn0086:965085] PMIX ERROR: ERROR in file ../../../../../../src/mca/gds/ds12/gds_ds12_lock_pthread.c at line 169
[cn0086:965023] PMIX ERROR: ERROR in file ../../../../../../src/mca/gds/ds12/gds_ds12_lock_pthread.c at line 169
[cn0086:965026] PMIX ERROR: ERROR in file ../../../../../../src/mca/gds/ds12/gds_ds12_lock_pthread.c at line 169
[cn0086:963815] PMIX ERROR: ERROR in file ../../../../../../src/mca/gds/ds12/gds_ds12_lock_pthread.c at line 169
[cn0086:963818] PMIX ERROR: ERROR in file ../../../../../../src/mca/gds/ds12/gds_ds12_lock_pthread.c at line 169
[cn0086:965050] PMIX ERROR: ERROR in file ../../../../../../src/mca/gds/ds12/gds_ds12_lock_pthread.c at line 169
[cn0086:963810] PMIX ERROR: ERROR in file ../../../../../../src/mca/gds/ds12/gds_ds12_lock_pthread.c at line 169
[cn0086:963830] PMIX ERROR: ERROR in file ../../../../../../src/mca/gds/ds12/gds_ds12_lock_pthread.c at line 169
[cn0086:965084] PMIX ERROR: ERROR in file ../../../../../../src/mca/gds/ds12/gds_ds12_lock_pthread.c at line 169
[cn0086:964460] PMIX ERROR: ERROR in file ../../../../../../src/mca/gds/ds12/gds_ds12_lock_pthread.c at line 169
[cn0086:965125] PMIX ERROR: ERROR in file ../../../../../../src/mca/gds/ds12/gds_ds12_lock_pthread.c at line 169
[cn0086:965030] PMIX ERROR: ERROR in file ../../../../../../src/mca/gds/ds12/gds_ds12_lock_pthread.c at line 169
[cn0086:964454] PMIX ERROR: ERROR in file ../../../../../../src/mca/gds/ds12/gds_ds12_lock_pthread.c at line 169
[cn0086:964650] PMIX ERROR: ERROR in file ../../../../../../src/mca/gds/ds12/gds_ds12_lock_pthread.c at line 169
[cn0086:963817] PMIX ERROR: ERROR in file ../../../../../../src/mca/gds/ds12/gds_ds12_lock_pthread.c at line 169
[cn0086:963826] PMIX ERROR: ERROR in file ../../../../../../src/mca/gds/ds12/gds_ds12_lock_pthread.c at line 169
[cn0086:964659] PMIX ERROR: ERROR in file ../../../../../../src/mca/gds/ds12/gds_ds12_lock_pthread.c at line 169
[cn0086:965049] PMIX ERROR: ERROR in file ../../../../../../src/mca/gds/ds12/gds_ds12_lock_pthread.c at line 169
[cn0086:963808] PMIX ERROR: ERROR in file ../../../../../../src/mca/gds/ds12/gds_ds12_lock_pthread.c at line 169
[cn0086:964661] PMIX ERROR: ERROR in file ../../../../../../src/mca/gds/ds12/gds_ds12_lock_pthread.c at line 169
[cn0086:965609] PMIX ERROR: ERROR in file ../../../../../../src/mca/gds/ds12/gds_ds12_lock_pthread.c at line 169
[cn0086:965047] PMIX ERROR: ERROR in file ../../../../../../src/mca/gds/ds12/gds_ds12_lock_pthread.c at line 169
[cn0086:965097] PMIX ERROR: ERROR in file ../../../../../../src/mca/gds/ds12/gds_ds12_lock_pthread.c at line 169
[cn0086:964662] PMIX ERROR: ERROR in file ../../../../../../src/mca/gds/ds12/gds_ds12_lock_pthread.c at line 169
[cn0086:965152] PMIX ERROR: ERROR in file ../../../../../../src/mca/gds/ds12/gds_ds12_lock_pthread.c at line 169
[cn0086:964645] PMIX ERROR: ERROR in file ../../../../../../src/mca/gds/ds12/gds_ds12_lock_pthread.c at line 169
[cn0086:965615] PMIX ERROR: ERROR in file ../../../../../../src/mca/gds/ds12/gds_ds12_lock_pthread.c at line 169
[cn0086:965614] PMIX ERROR: ERROR in file ../../../../../../src/mca/gds/ds12/gds_ds12_lock_pthread.c at line 169
[cn0086:964458] PMIX ERROR: ERROR in file ../../../../../../src/mca/gds/ds12/gds_ds12_lock_pthread.c at line 169
[cn0086:964657] PMIX ERROR: ERROR in file ../../../../../../src/mca/gds/ds12/gds_ds12_lock_pthread.c at line 169
[cn0086:963825] PMIX ERROR: ERROR in file ../../../../../../src/mca/gds/ds12/gds_ds12_lock_pthread.c at line 169
[cn0086:965022] PMIX ERROR: ERROR in file ../../../../../../src/mca/gds/ds12/gds_ds12_lock_pthread.c at line 169
[cn0086:964465] PMIX ERROR: ERROR in file ../../../../../../src/mca/gds/ds12/gds_ds12_lock_pthread.c at line 169
[cn0086:964466] PMIX ERROR: ERROR in file ../../../../../../src/mca/gds/ds12/gds_ds12_lock_pthread.c at line 169
[cn0086:965053] PMIX ERROR: ERROR in file ../../../../../../src/mca/gds/ds12/gds_ds12_lock_pthread.c at line 169
[cn0086:964654] PMIX ERROR: ERROR in file ../../../../../../src/mca/gds/ds12/gds_ds12_lock_pthread.c at line 169
[cn0086:965075] PMIX ERROR: ERROR in file ../../../../../../src/mca/gds/ds12/gds_ds12_lock_pthread.c at line 169
[cn0086:963829] PMIX ERROR: ERROR in file ../../../../../../src/mca/gds/ds12/gds_ds12_lock_pthread.c at line 169
[cn0086:965608] PMIX ERROR: ERROR in file ../../../../../../src/mca/gds/ds12/gds_ds12_lock_pthread.c at line 169
[cn0086:965610] PMIX ERROR: ERROR in file ../../../../../../src/mca/gds/ds12/gds_ds12_lock_pthread.c at line 169
[cn0086:963811] PMIX ERROR: ERROR in file ../../../../../../src/mca/gds/ds12/gds_ds12_lock_pthread.c at line 169
[cn0086:963812] PMIX ERROR: ERROR in file ../../../../../../src/mca/gds/ds12/gds_ds12_lock_pthread.c at line 169
[cn0086:965621] PMIX ERROR: ERROR in file ../../../../../../src/mca/gds/ds12/gds_ds12_lock_pthread.c at line 169
[cn0086:965629] PMIX ERROR: ERROR in file ../../../../../../src/mca/gds/ds12/gds_ds12_lock_pthread.c at line 169
[cn0086:965611] PMIX ERROR: ERROR in file ../../../../../../src/mca/gds/ds12/gds_ds12_lock_pthread.c at line 169
[cn0086:965622] PMIX ERROR: ERROR in file ../../../../../../src/mca/gds/ds12/gds_ds12_lock_pthread.c at line 169
[cn0086:965630] PMIX ERROR: ERROR in file ../../../../../../src/mca/gds/ds12/gds_ds12_lock_pthread.c at line 169
[cn0086:965617] PMIX ERROR: ERROR in file ../../../../../../src/mca/gds/ds12/gds_ds12_lock_pthread.c at line 169
[cn0086:965618] PMIX ERROR: ERROR in file ../../../../../../src/mca/gds/ds12/gds_ds12_lock_pthread.c at line 169
[cn0086:965625] PMIX ERROR: ERROR in file ../../../../../../src/mca/gds/ds12/gds_ds12_lock_pthread.c at line 169
[cn0086:966057] PMIX ERROR: ERROR in file ../../../../../../src/mca/gds/ds12/gds_ds12_lock_pthread.c at line 169
[cn0086:966037] PMIX ERROR: ERROR in file ../../../../../../src/mca/gds/ds12/gds_ds12_lock_pthread.c at line 169
[cn0086:966040] PMIX ERROR: ERROR in file ../../../../../../src/mca/gds/ds12/gds_ds12_lock_pthread.c at line 169
[cn0086:966046] PMIX ERROR: ERROR in file ../../../../../../src/mca/gds/ds12/gds_ds12_lock_pthread.c at line 169
[cn0086:966035] PMIX ERROR: ERROR in file ../../../../../../src/mca/gds/ds12/gds_ds12_lock_pthread.c at line 169
[cn0086:966058] PMIX ERROR: ERROR in file ../../../../../../src/mca/gds/ds12/gds_ds12_lock_pthread.c at line 169
[cn0086:966068] PMIX ERROR: ERROR in file ../../../../../../src/mca/gds/ds12/gds_ds12_lock_pthread.c at line 169
[cn0086:966072] PMIX ERROR: ERROR in file ../../../../../../src/mca/gds/ds12/gds_ds12_lock_pthread.c at line 169
[cn0086:965624] PMIX ERROR: ERROR in file ../../../../../../src/mca/gds/ds12/gds_ds12_lock_pthread.c at line 169
[cn0086:965631] PMIX ERROR: ERROR in file ../../../../../../src/mca/gds/ds12/gds_ds12_lock_pthread.c at line 169
[cn0086:966069] PMIX ERROR: ERROR in file ../../../../../../src/mca/gds/ds12/gds_ds12_lock_pthread.c at line 169
[cn0086:966063] PMIX ERROR: ERROR in file ../../../../../../src/mca/gds/ds12/gds_ds12_lock_pthread.c at line 169
[cn0079:1293209] PMIX ERROR: ERROR in file ../../../../../../src/mca/gds/ds12/gds_ds12_lock_pthread.c at line 169
[cn0079:1293251] PMIX ERROR: ERROR in file ../../../../../../src/mca/gds/ds12/gds_ds12_lock_pthread.c at line 169
[cn0079:1293227] PMIX ERROR: ERROR in file ../../../../../../src/mca/gds/ds12/gds_ds12_lock_pthread.c at line 169
[cn0079:1294211] PMIX ERROR: ERROR in file ../../../../../../src/mca/gds/ds12/gds_ds12_lock_pthread.c at line 169
[cn0079:1293233] PMIX ERROR: ERROR in file ../../../../../../src/mca/gds/ds12/gds_ds12_lock_pthread.c at line 169
[cn0079:1294252] PMIX ERROR: ERROR in file ../../../../../../src/mca/gds/ds12/gds_ds12_lock_pthread.c at line 169
[cn0079:1294347] PMIX ERROR: ERROR in file ../../../../../../src/mca/gds/ds12/gds_ds12_lock_pthread.c at line 169
[cn0079:1294349] PMIX ERROR: ERROR in file ../../../../../../src/mca/gds/ds12/gds_ds12_lock_pthread.c at line 169
[cn0079:1294100] PMIX ERROR: ERROR in file ../../../../../../src/mca/gds/ds12/gds_ds12_lock_pthread.c at line 169
[cn0079:1294223] PMIX ERROR: ERROR in file ../../../../../../src/mca/gds/ds12/gds_ds12_lock_pthread.c at line 169
[cn0079:1293232] PMIX ERROR: ERROR in file ../../../../../../src/mca/gds/ds12/gds_ds12_lock_pthread.c at line 169
[cn0079:1294844] PMIX ERROR: ERROR in file ../../../../../../src/mca/gds/ds12/gds_ds12_lock_pthread.c at line 169
[cn0079:1294222] PMIX ERROR: ERROR in file ../../../../../../src/mca/gds/ds12/gds_ds12_lock_pthread.c at line 169
[cn0079:1294210] PMIX ERROR: ERROR in file ../../../../../../src/mca/gds/ds12/gds_ds12_lock_pthread.c at line 169
[cn0079:1294794] PMIX ERROR: ERROR in file ../../../../../../src/mca/gds/ds12/gds_ds12_lock_pthread.c at line 169
[cn0079:1293475] PMIX ERROR: ERROR in file ../../../../../../src/mca/gds/ds12/gds_ds12_lock_pthread.c at line 169
[cn0079:1292777] PMIX ERROR: ERROR in file ../../../../../../src/mca/gds/ds12/gds_ds12_lock_pthread.c at line 169
[cn0079:1293483] PMIX ERROR: ERROR in file ../../../../../../src/mca/gds/ds12/gds_ds12_lock_pthread.c at line 169
[cn0079:1293495] PMIX ERROR: ERROR in file ../../../../../../src/mca/gds/ds12/gds_ds12_lock_pthread.c at line 169
[cn0079:1294213] PMIX ERROR: ERROR in file ../../../../../../src/mca/gds/ds12/gds_ds12_lock_pthread.c at line 169
[cn0079:1292770] PMIX ERROR: ERROR in file ../../../../../../src/mca/gds/ds12/gds_ds12_lock_pthread.c at line 169
[cn0079:1294797] PMIX ERROR: ERROR in file ../../../../../../src/mca/gds/ds12/gds_ds12_lock_pthread.c at line 169
[cn0079:1292765] PMIX ERROR: ERROR in file ../../../../../../src/mca/gds/ds12/gds_ds12_lock_pthread.c at line 169
[cn0079:1293228] PMIX ERROR: ERROR in file ../../../../../../src/mca/gds/ds12/gds_ds12_lock_pthread.c at line 169
[cn0079:1295292] PMIX ERROR: ERROR in file ../../../../../../src/mca/gds/ds12/gds_ds12_lock_pthread.c at line 169
[cn0079:1294832] PMIX ERROR: ERROR in file ../../../../../../src/mca/gds/ds12/gds_ds12_lock_pthread.c at line 169
[cn0079:1294343] PMIX ERROR: ERROR in file ../../../../../../src/mca/gds/ds12/gds_ds12_lock_pthread.c at line 169
[cn0079:1294171] PMIX ERROR: ERROR in file ../../../../../../src/mca/gds/ds12/gds_ds12_lock_pthread.c at line 169
[cn0079:1293490] PMIX ERROR: ERROR in file ../../../../../../src/mca/gds/ds12/gds_ds12_lock_pthread.c at line 169
[cn0079:1294348] PMIX ERROR: ERROR in file ../../../../../../src/mca/gds/ds12/gds_ds12_lock_pthread.c at line 169
[cn0079:1294231] PMIX ERROR: ERROR in file ../../../../../../src/mca/gds/ds12/gds_ds12_lock_pthread.c at line 169
[cn0079:1292754] PMIX ERROR: ERROR in file ../../../../../../src/mca/gds/ds12/gds_ds12_lock_pthread.c at line 169
[cn0079:1295291] PMIX ERROR: ERROR in file ../../../../../../src/mca/gds/ds12/gds_ds12_lock_pthread.c at line 169
[cn0079:1294812] PMIX ERROR: ERROR in file ../../../../../../src/mca/gds/ds12/gds_ds12_lock_pthread.c at line 169
[cn0079:1293492] PMIX ERROR: ERROR in file ../../../../../../src/mca/gds/ds12/gds_ds12_lock_pthread.c at line 169
[cn0079:1294790] PMIX ERROR: ERROR in file ../../../../../../src/mca/gds/ds12/gds_ds12_lock_pthread.c at line 169
[cn0079:1294251] PMIX ERROR: ERROR in file ../../../../../../src/mca/gds/ds12/gds_ds12_lock_pthread.c at line 169
[cn0079:1292763] PMIX ERROR: ERROR in file ../../../../../../src/mca/gds/ds12/gds_ds12_lock_pthread.c at line 169
[cn0079:1294828] PMIX ERROR: ERROR in file ../../../../../../src/mca/gds/ds12/gds_ds12_lock_pthread.c at line 169
[cn0079:1294145] PMIX ERROR: ERROR in file ../../../../../../src/mca/gds/ds12/gds_ds12_lock_pthread.c at line 169
[cn0079:1293231] PMIX ERROR: ERROR in file ../../../../../../src/mca/gds/ds12/gds_ds12_lock_pthread.c at line 169
[cn0079:1292769] PMIX ERROR: ERROR in file ../../../../../../src/mca/gds/ds12/gds_ds12_lock_pthread.c at line 169
[cn0079:1293185] PMIX ERROR: ERROR in file ../../../../../../src/mca/gds/ds12/gds_ds12_lock_pthread.c at line 169
[cn0079:1294785] PMIX ERROR: ERROR in file ../../../../../../src/mca/gds/ds12/gds_ds12_lock_pthread.c at line 169
[cn0079:1292780] PMIX ERROR: ERROR in file ../../../../../../src/mca/gds/ds12/gds_ds12_lock_pthread.c at line 169
[cn0079:1293225] PMIX ERROR: ERROR in file ../../../../../../src/mca/gds/ds12/gds_ds12_lock_pthread.c at line 169
[cn0079:1292758] PMIX ERROR: ERROR in file ../../../../../../src/mca/gds/ds12/gds_ds12_lock_pthread.c at line 169
[cn0079:1294143] PMIX ERROR: ERROR in file ../../../../../../src/mca/gds/ds12/gds_ds12_lock_pthread.c at line 169
[cn0079:1294811] PMIX ERROR: ERROR in file ../../../../../../src/mca/gds/ds12/gds_ds12_lock_pthread.c at line 169
[cn0079:1294165] PMIX ERROR: ERROR in file ../../../../../../src/mca/gds/ds12/gds_ds12_lock_pthread.c at line 169
[cn0079:1295281] PMIX ERROR: ERROR in file ../../../../../../src/mca/gds/ds12/gds_ds12_lock_pthread.c at line 169
[cn0079:1292766] PMIX ERROR: ERROR in file ../../../../../../src/mca/gds/ds12/gds_ds12_lock_pthread.c at line 169
[cn0079:1293191] PMIX ERROR: ERROR in file ../../../../../../src/mca/gds/ds12/gds_ds12_lock_pthread.c at line 169
[cn0079:1294791] PMIX ERROR: ERROR in file ../../../../../../src/mca/gds/ds12/gds_ds12_lock_pthread.c at line 169
[cn0079:1292764] PMIX ERROR: ERROR in file ../../../../../../src/mca/gds/ds12/gds_ds12_lock_pthread.c at line 169
[cn0079:1292760] PMIX ERROR: ERROR in file ../../../../../../src/mca/gds/ds12/gds_ds12_lock_pthread.c at line 169
[cn0079:1295279] PMIX ERROR: ERROR in file ../../../../../../src/mca/gds/ds12/gds_ds12_lock_pthread.c at line 169
[cn0079:1293484] PMIX ERROR: ERROR in file ../../../../../../src/mca/gds/ds12/gds_ds12_lock_pthread.c at line 169
[cn0079:1293489] PMIX ERROR: ERROR in file ../../../../../../src/mca/gds/ds12/gds_ds12_lock_pthread.c at line 169
[cn0079:1294839] PMIX ERROR: ERROR in file ../../../../../../src/mca/gds/ds12/gds_ds12_lock_pthread.c at line 169
[cn0079:1292755] PMIX ERROR: ERROR in file ../../../../../../src/mca/gds/ds12/gds_ds12_lock_pthread.c at line 169
[cn0079:1292779] PMIX ERROR: ERROR in file ../../../../../../src/mca/gds/ds12/gds_ds12_lock_pthread.c at line 169
[cn0079:1294826] PMIX ERROR: ERROR in file ../../../../../../src/mca/gds/ds12/gds_ds12_lock_pthread.c at line 169
[cn0079:1294121] PMIX ERROR: ERROR in file ../../../../../../src/mca/gds/ds12/gds_ds12_lock_pthread.c at line 169
[cn0079:1293486] PMIX ERROR: ERROR in file ../../../../../../src/mca/gds/ds12/gds_ds12_lock_pthread.c at line 169
[cn0079:1292762] PMIX ERROR: ERROR in file ../../../../../../src/mca/gds/ds12/gds_ds12_lock_pthread.c at line 169
[cn0079:1293485] PMIX ERROR: ERROR in file ../../../../../../src/mca/gds/ds12/gds_ds12_lock_pthread.c at line 169
[cn0079:1292778] PMIX ERROR: ERROR in file ../../../../../../src/mca/gds/ds12/gds_ds12_lock_pthread.c at line 169
[cn0079:1292773] PMIX ERROR: ERROR in file ../../../../../../src/mca/gds/ds12/gds_ds12_lock_pthread.c at line 169
[cn0079:1294810] PMIX ERROR: ERROR in file ../../../../../../src/mca/gds/ds12/gds_ds12_lock_pthread.c at line 169
[cn0079:1294784] PMIX ERROR: ERROR in file ../../../../../../src/mca/gds/ds12/gds_ds12_lock_pthread.c at line 169
[cn0079:1293224] PMIX ERROR: ERROR in file ../../../../../../src/mca/gds/ds12/gds_ds12_lock_pthread.c at line 169
[cn0079:1294825] PMIX ERROR: ERROR in file ../../../../../../src/mca/gds/ds12/gds_ds12_lock_pthread.c at line 169
[cn0079:1294189] PMIX ERROR: ERROR in file ../../../../../../src/mca/gds/ds12/gds_ds12_lock_pthread.c at line 169
[cn0079:1294789] PMIX ERROR: ERROR in file ../../../../../../src/mca/gds/ds12/gds_ds12_lock_pthread.c at line 169
[cn0079:1292756] PMIX ERROR: ERROR in file ../../../../../../src/mca/gds/ds12/gds_ds12_lock_pthread.c at line 169
[cn0079:1294102] PMIX ERROR: ERROR in file ../../../../../../src/mca/gds/ds12/gds_ds12_lock_pthread.c at line 169
[cn0086:966065] PMIX ERROR: ERROR in file ../../../../../../src/mca/gds/ds12/gds_ds12_lock_pthread.c at line 169
[cn0079:1293190] PMIX ERROR: ERROR in file ../../../../../../src/mca/gds/ds12/gds_ds12_lock_pthread.c at line 169
[cn0079:1294345] PMIX ERROR: ERROR in file ../../../../../../src/mca/gds/ds12/gds_ds12_lock_pthread.c at line 169
[cn0079:1292771] PMIX ERROR: ERROR in file ../../../../../../src/mca/gds/ds12/gds_ds12_lock_pthread.c at line 169
[cn0079:1294146] PMIX ERROR: ERROR in file ../../../../../../src/mca/gds/ds12/gds_ds12_lock_pthread.c at line 169
[cn0079:1292772] PMIX ERROR: ERROR in file ../../../../../../src/mca/gds/ds12/gds_ds12_lock_pthread.c at line 169
[cn0079:1294188] PMIX ERROR: ERROR in file ../../../../../../src/mca/gds/ds12/gds_ds12_lock_pthread.c at line 169
[cn0079:1293481] PMIX ERROR: ERROR in file ../../../../../../src/mca/gds/ds12/gds_ds12_lock_pthread.c at line 169
[cn0079:1295256] PMIX ERROR: ERROR in file ../../../../../../src/mca/gds/ds12/gds_ds12_lock_pthread.c at line 169
[cn0079:1294109] PMIX ERROR: ERROR in file ../../../../../../src/mca/gds/ds12/gds_ds12_lock_pthread.c at line 169
[cn0079:1293210] PMIX ERROR: ERROR in file ../../../../../../src/mca/gds/ds12/gds_ds12_lock_pthread.c at line 169
[cn0079:1292759] PMIX ERROR: ERROR in file ../../../../../../src/mca/gds/ds12/gds_ds12_lock_pthread.c at line 169
[cn0079:1293208] PMIX ERROR: ERROR in file ../../../../../../src/mca/gds/ds12/gds_ds12_lock_pthread.c at line 169
[cn0079:1292767] PMIX ERROR: ERROR in file ../../../../../../src/mca/gds/ds12/gds_ds12_lock_pthread.c at line 169
[cn0079:1295278] PMIX ERROR: ERROR in file ../../../../../../src/mca/gds/ds12/gds_ds12_lock_pthread.c at line 169
[cn0079:1294371] PMIX ERROR: ERROR in file ../../../../../../src/mca/gds/ds12/gds_ds12_lock_pthread.c at line 169
[cn0091:3693672] PMIX ERROR: ERROR in file ../../../../../../src/mca/gds/ds12/gds_ds12_lock_pthread.c at line 169
[cn0091:3691644] PMIX ERROR: ERROR in file ../../../../../../src/mca/gds/ds12/gds_ds12_lock_pthread.c at line 169
[cn0091:3691790] PMIX ERROR: ERROR in file ../../../../../../src/mca/gds/ds12/gds_ds12_lock_pthread.c at line 169
[cn0091:3692846] PMIX ERROR: ERROR in file ../../../../../../src/mca/gds/ds12/gds_ds12_lock_pthread.c at line 169
[cn0079:1295267] PMIX ERROR: ERROR in file ../../../../../../src/mca/gds/ds12/gds_ds12_lock_pthread.c at line 169
[cn0079:1293238] PMIX ERROR: ERROR in file ../../../../../../src/mca/gds/ds12/gds_ds12_lock_pthread.c at line 169
[cn0091:3692843] PMIX ERROR: ERROR in file ../../../../../../src/mca/gds/ds12/gds_ds12_lock_pthread.c at line 169
[cn0079:1293236] PMIX ERROR: ERROR in file ../../../../../../src/mca/gds/ds12/gds_ds12_lock_pthread.c at line 169
[cn0079:1294831] PMIX ERROR: ERROR in file ../../../../../../src/mca/gds/ds12/gds_ds12_lock_pthread.c at line 169
[cn0091:3691365] PMIX ERROR: ERROR in file ../../../../../../src/mca/gds/ds12/gds_ds12_lock_pthread.c at line 169
[cn0079:1293235] PMIX ERROR: ERROR in file ../../../../../../src/mca/gds/ds12/gds_ds12_lock_pthread.c at line 169
[cn0079:1295260] PMIX ERROR: ERROR in file ../../../../../../src/mca/gds/ds12/gds_ds12_lock_pthread.c at line 169
[cn0091:3694169] PMIX ERROR: ERROR in file ../../../../../../src/mca/gds/ds12/gds_ds12_lock_pthread.c at line 169
[cn0079:1293482] PMIX ERROR: ERROR in file ../../../../../../src/mca/gds/ds12/gds_ds12_lock_pthread.c at line 169
[cn0079:1294793] PMIX ERROR: ERROR in file ../../../../../../src/mca/gds/ds12/gds_ds12_lock_pthread.c at line 169
[cn0079:1294809] PMIX ERROR: ERROR in file ../../../../../../src/mca/gds/ds12/gds_ds12_lock_pthread.c at line 169
[cn0091:3693329] PMIX ERROR: ERROR in file ../../../../../../src/mca/gds/ds12/gds_ds12_lock_pthread.c at line 169
[cn0079:1295266] PMIX ERROR: ERROR in file ../../../../../../src/mca/gds/ds12/gds_ds12_lock_pthread.c at line 169
[cn0079:1294266] PMIX ERROR: ERROR in file ../../../../../../src/mca/gds/ds12/gds_ds12_lock_pthread.c at line 169
[cn0091:3692385] PMIX ERROR: ERROR in file ../../../../../../src/mca/gds/ds12/gds_ds12_lock_pthread.c at line 169
[cn0079:1294267] PMIX ERROR: ERROR in file ../../../../../../src/mca/gds/ds12/gds_ds12_lock_pthread.c at line 169
[cn0091:3693632] PMIX ERROR: ERROR in file ../../../../../../src/mca/gds/ds12/gds_ds12_lock_pthread.c at line 169
[cn0079:1294101] PMIX ERROR: ERROR in file ../../../../../../src/mca/gds/ds12/gds_ds12_lock_pthread.c at line 169
[cn0079:1292776] PMIX ERROR: ERROR in file ../../../../../../src/mca/gds/ds12/gds_ds12_lock_pthread.c at line 169
[cn0079:1294229] PMIX ERROR: ERROR in file ../../../../../../src/mca/gds/ds12/gds_ds12_lock_pthread.c at line 169
[cn0091:3693316] PMIX ERROR: ERROR in file ../../../../../../src/mca/gds/ds12/gds_ds12_lock_pthread.c at line 169
[cn0079:1293493] PMIX ERROR: ERROR in file ../../../../../../src/mca/gds/ds12/gds_ds12_lock_pthread.c at line 169
[cn0091:3693533] PMIX ERROR: ERROR in file ../../../../../../src/mca/gds/ds12/gds_ds12_lock_pthread.c at line 169
[cn0079:1294108] PMIX ERROR: ERROR in file ../../../../../../src/mca/gds/ds12/gds_ds12_lock_pthread.c at line 169
[cn0091:3691372] PMIX ERROR: ERROR in file ../../../../../../src/mca/gds/ds12/gds_ds12_lock_pthread.c at line 169
[cn0079:1295290] PMIX ERROR: ERROR in file ../../../../../../src/mca/gds/ds12/gds_ds12_lock_pthread.c at line 169
[cn0091:3691804] PMIX ERROR: ERROR in file ../../../../../../src/mca/gds/ds12/gds_ds12_lock_pthread.c at line 169
[cn0079:1295255] PMIX ERROR: ERROR in file ../../../../../../src/mca/gds/ds12/gds_ds12_lock_pthread.c at line 169
[cn0079:1292768] PMIX ERROR: ERROR in file ../../../../../../src/mca/gds/ds12/gds_ds12_lock_pthread.c at line 169
[cn0079:1293237] PMIX ERROR: ERROR in file ../../../../../../src/mca/gds/ds12/gds_ds12_lock_pthread.c at line 169
[cn0091:3693642] PMIX ERROR: ERROR in file ../../../../../../src/mca/gds/ds12/gds_ds12_lock_pthread.c at line 169
[cn0079:1293226] PMIX ERROR: ERROR in file ../../../../../../src/mca/gds/ds12/gds_ds12_lock_pthread.c at line 169
[cn0079:1294788] PMIX ERROR: ERROR in file ../../../../../../src/mca/gds/ds12/gds_ds12_lock_pthread.c at line 169
[cn0091:3691779] PMIX ERROR: ERROR in file ../../../../../../src/mca/gds/ds12/gds_ds12_lock_pthread.c at line 169
[cn0079:1295271] PMIX ERROR: ERROR in file ../../../../../../src/mca/gds/ds12/gds_ds12_lock_pthread.c at line 169
[cn0091:3692482] PMIX ERROR: ERROR in file ../../../../../../src/mca/gds/ds12/gds_ds12_lock_pthread.c at line 169
[cn0079:1294830] PMIX ERROR: ERROR in file ../../../../../../src/mca/gds/ds12/gds_ds12_lock_pthread.c at line 169
[cn0091:3692396] PMIX ERROR: ERROR in file ../../../../../../src/mca/gds/ds12/gds_ds12_lock_pthread.c at line 169
[cn0091:3693663] PMIX ERROR: ERROR in file ../../../../../../src/mca/gds/ds12/gds_ds12_lock_pthread.c at line 169
[cn0079:1292753] PMIX ERROR: ERROR in file ../../../../../../src/mca/gds/ds12/gds_ds12_lock_pthread.c at line 169
[cn0079:1292757] PMIX ERROR: ERROR in file ../../../../../../src/mca/gds/ds12/gds_ds12_lock_pthread.c at line 169
[cn0091:3692833] PMIX ERROR: ERROR in file ../../../../../../src/mca/gds/ds12/gds_ds12_lock_pthread.c at line 169
[cn0091:3693980] PMIX ERROR: ERROR in file ../../../../../../src/mca/gds/ds12/gds_ds12_lock_pthread.c at line 169
[cn0079:1293204] PMIX ERROR: ERROR in file ../../../../../../src/mca/gds/ds12/gds_ds12_lock_pthread.c at line 169
[cn0079:1294786] PMIX ERROR: ERROR in file ../../../../../../src/mca/gds/ds12/gds_ds12_lock_pthread.c at line 169
[cn0091:3691362] PMIX ERROR: ERROR in file ../../../../../../src/mca/gds/ds12/gds_ds12_lock_pthread.c at line 169
[cn0079:1294128] PMIX ERROR: ERROR in file ../../../../../../src/mca/gds/ds12/gds_ds12_lock_pthread.c at line 169
[cn0091:3693312] PMIX ERROR: ERROR in file ../../../../../../src/mca/gds/ds12/gds_ds12_lock_pthread.c at line 169
[cn0091:3694498] PMIX ERROR: ERROR in file ../../../../../../src/mca/gds/ds12/gds_ds12_lock_pthread.c at line 169
[cn0091:3691359] PMIX ERROR: ERROR in file ../../../../../../src/mca/gds/ds12/gds_ds12_lock_pthread.c at line 169
[cn0091:3691801] PMIX ERROR: ERROR in file ../../../../../../src/mca/gds/ds12/gds_ds12_lock_pthread.c at line 169
[cn0091:3692671] PMIX ERROR: ERROR in file ../../../../../../src/mca/gds/ds12/gds_ds12_lock_pthread.c at line 169
[cn0091:3693676] PMIX ERROR: ERROR in file ../../../../../../src/mca/gds/ds12/gds_ds12_lock_pthread.c at line 169
[cn0091:3693313] PMIX ERROR: ERROR in file ../../../../../../src/mca/gds/ds12/gds_ds12_lock_pthread.c at line 169
[cn0091:3691361] PMIX ERROR: ERROR in file ../../../../../../src/mca/gds/ds12/gds_ds12_lock_pthread.c at line 169
[cn0091:3692420] PMIX ERROR: ERROR in file ../../../../../../src/mca/gds/ds12/gds_ds12_lock_pthread.c at line 169
[cn0091:3693523] PMIX ERROR: ERROR in file ../../../../../../src/mca/gds/ds12/gds_ds12_lock_pthread.c at line 169
[cn0091:3692838] PMIX ERROR: ERROR in file ../../../../../../src/mca/gds/ds12/gds_ds12_lock_pthread.c at line 169
[cn0091:3693981] PMIX ERROR: ERROR in file ../../../../../../src/mca/gds/ds12/gds_ds12_lock_pthread.c at line 169
[cn0091:3694171] PMIX ERROR: ERROR in file ../../../../../../src/mca/gds/ds12/gds_ds12_lock_pthread.c at line 169
[cn0091:3694037] PMIX ERROR: ERROR in file ../../../../../../src/mca/gds/ds12/gds_ds12_lock_pthread.c at line 169
[cn0091:3694177] PMIX ERROR: ERROR in file ../../../../../../src/mca/gds/ds12/gds_ds12_lock_pthread.c at line 169
[cn0079:1294166] PMIX ERROR: ERROR in file ../../../../../../src/mca/gds/ds12/gds_ds12_lock_pthread.c at line 169
[cn0091:3693675] PMIX ERROR: ERROR in file ../../../../../../src/mca/gds/ds12/gds_ds12_lock_pthread.c at line 169
[cn0079:1292774] PMIX ERROR: ERROR in file ../../../../../../src/mca/gds/ds12/gds_ds12_lock_pthread.c at line 169
[cn0091:3692480] PMIX ERROR: ERROR in file ../../../../../../src/mca/gds/ds12/gds_ds12_lock_pthread.c at line 169
[cn0079:1293310] PMIX ERROR: ERROR in file ../../../../../../src/mca/gds/ds12/gds_ds12_lock_pthread.c at line 169
[cn0091:3691360] PMIX ERROR: ERROR in file ../../../../../../src/mca/gds/ds12/gds_ds12_lock_pthread.c at line 169
[cn0079:1292775] PMIX ERROR: ERROR in file ../../../../../../src/mca/gds/ds12/gds_ds12_lock_pthread.c at line 169
[cn0091:3692397] PMIX ERROR: ERROR in file ../../../../../../src/mca/gds/ds12/gds_ds12_lock_pthread.c at line 169
[cn0079:1293234] PMIX ERROR: ERROR in file ../../../../../../src/mca/gds/ds12/gds_ds12_lock_pthread.c at line 169
[cn0079:1292761] PMIX ERROR: ERROR in file ../../../../../../src/mca/gds/ds12/gds_ds12_lock_pthread.c at line 169
[cn0091:3691796] PMIX ERROR: ERROR in file ../../../../../../src/mca/gds/ds12/gds_ds12_lock_pthread.c at line 169
[cn0091:3694176] PMIX ERROR: ERROR in file ../../../../../../src/mca/gds/ds12/gds_ds12_lock_pthread.c at line 169
[cn0091:3691807] PMIX ERROR: ERROR in file ../../../../../../src/mca/gds/ds12/gds_ds12_lock_pthread.c at line 169
[cn0091:3691795] PMIX ERROR: ERROR in file ../../../../../../src/mca/gds/ds12/gds_ds12_lock_pthread.c at line 169
[cn0091:3691369] PMIX ERROR: ERROR in file ../../../../../../src/mca/gds/ds12/gds_ds12_lock_pthread.c at line 169
[cn0091:3694170] PMIX ERROR: ERROR in file ../../../../../../src/mca/gds/ds12/gds_ds12_lock_pthread.c at line 169
[cn0091:3691603] PMIX ERROR: ERROR in file ../../../../../../src/mca/gds/ds12/gds_ds12_lock_pthread.c at line 169
[cn0086:966056] PMIX ERROR: ERROR in file ../../../../../../src/mca/gds/ds12/gds_ds12_lock_pthread.c at line 169
[cn0091:3693668] PMIX ERROR: ERROR in file ../../../../../../src/mca/gds/ds12/gds_ds12_lock_pthread.c at line 169
[cn0091:3692501] PMIX ERROR: ERROR in file ../../../../../../src/mca/gds/ds12/gds_ds12_lock_pthread.c at line 169
[cn0091:3693314] PMIX ERROR: ERROR in file ../../../../../../src/mca/gds/ds12/gds_ds12_lock_pthread.c at line 169
[cn0086:965626] PMIX ERROR: ERROR in file ../../../../../../src/mca/gds/ds12/gds_ds12_lock_pthread.c at line 169
[cn0091:3693325] PMIX ERROR: ERROR in file ../../../../../../src/mca/gds/ds12/gds_ds12_lock_pthread.c at line 169
[cn0091:3694165] PMIX ERROR: ERROR in file ../../../../../../src/mca/gds/ds12/gds_ds12_lock_pthread.c at line 169
[cn0091:3691793] PMIX ERROR: ERROR in file ../../../../../../src/mca/gds/ds12/gds_ds12_lock_pthread.c at line 169
[cn0091:3692381] PMIX ERROR: ERROR in file ../../../../../../src/mca/gds/ds12/gds_ds12_lock_pthread.c at line 169
[cn0091:3693322] PMIX ERROR: ERROR in file ../../../../../../src/mca/gds/ds12/gds_ds12_lock_pthread.c at line 169
[cn0091:3693311] PMIX ERROR: ERROR in file ../../../../../../src/mca/gds/ds12/gds_ds12_lock_pthread.c at line 169
[cn0091:3691794] PMIX ERROR: ERROR in file ../../../../../../src/mca/gds/ds12/gds_ds12_lock_pthread.c at line 169
[cn0091:3691800] PMIX ERROR: ERROR in file ../../../../../../src/mca/gds/ds12/gds_ds12_lock_pthread.c at line 169
[cn0091:3692673] PMIX ERROR: ERROR in file ../../../../../../src/mca/gds/ds12/gds_ds12_lock_pthread.c at line 169
[cn0091:3694167] PMIX ERROR: ERROR in file ../../../../../../src/mca/gds/ds12/gds_ds12_lock_pthread.c at line 169
[cn0091:3694162] PMIX ERROR: ERROR in file ../../../../../../src/mca/gds/ds12/gds_ds12_lock_pthread.c at line 169
[cn0091:3691363] PMIX ERROR: ERROR in file ../../../../../../src/mca/gds/ds12/gds_ds12_lock_pthread.c at line 169
[cn0091:3692839] PMIX ERROR: ERROR in file ../../../../../../src/mca/gds/ds12/gds_ds12_lock_pthread.c at line 169
[cn0086:966070] PMIX ERROR: ERROR in file ../../../../../../src/mca/gds/ds12/gds_ds12_lock_pthread.c at line 169
[cn0091:3692382] PMIX ERROR: ERROR in file ../../../../../../src/mca/gds/ds12/gds_ds12_lock_pthread.c at line 169
[cn0091:3692835] PMIX ERROR: ERROR in file ../../../../../../src/mca/gds/ds12/gds_ds12_lock_pthread.c at line 169
[cn0091:3691371] PMIX ERROR: ERROR in file ../../../../../../src/mca/gds/ds12/gds_ds12_lock_pthread.c at line 169
[cn0091:3692837] PMIX ERROR: ERROR in file ../../../../../../src/mca/gds/ds12/gds_ds12_lock_pthread.c at line 169
[cn0091:3694168] PMIX ERROR: ERROR in file ../../../../../../src/mca/gds/ds12/gds_ds12_lock_pthread.c at line 169
[cn0091:3691368] PMIX ERROR: ERROR in file ../../../../../../src/mca/gds/ds12/gds_ds12_lock_pthread.c at line 169
[cn0091:3692841] PMIX ERROR: ERROR in file ../../../../../../src/mca/gds/ds12/gds_ds12_lock_pthread.c at line 169
[cn0091:3691802] PMIX ERROR: ERROR in file ../../../../../../src/mca/gds/ds12/gds_ds12_lock_pthread.c at line 169
[cn0091:3692395] PMIX ERROR: ERROR in file ../../../../../../src/mca/gds/ds12/gds_ds12_lock_pthread.c at line 169
[cn0091:3693319] PMIX ERROR: ERROR in file ../../../../../../src/mca/gds/ds12/gds_ds12_lock_pthread.c at line 169
[cn0091:3693665] PMIX ERROR: ERROR in file ../../../../../../src/mca/gds/ds12/gds_ds12_lock_pthread.c at line 169
[cn0091:3692699] PMIX ERROR: ERROR in file ../../../../../../src/mca/gds/ds12/gds_ds12_lock_pthread.c at line 169
[cn0091:3694049] PMIX ERROR: ERROR in file ../../../../../../src/mca/gds/ds12/gds_ds12_lock_pthread.c at line 169
[cn0091:3692670] PMIX ERROR: ERROR in file ../../../../../../src/mca/gds/ds12/gds_ds12_lock_pthread.c at line 169
[cn0091:3694173] PMIX ERROR: ERROR in file ../../../../../../src/mca/gds/ds12/gds_ds12_lock_pthread.c at line 169
[cn0091:3691367] PMIX ERROR: ERROR in file ../../../../../../src/mca/gds/ds12/gds_ds12_lock_pthread.c at line 169
[cn0091:3691798] PMIX ERROR: ERROR in file ../../../../../../src/mca/gds/ds12/gds_ds12_lock_pthread.c at line 169
[cn0091:3692438] PMIX ERROR: ERROR in file ../../../../../../src/mca/gds/ds12/gds_ds12_lock_pthread.c at line 169
[cn0091:3693318] PMIX ERROR: ERROR in file ../../../../../../src/mca/gds/ds12/gds_ds12_lock_pthread.c at line 169
[cn0091:3693673] PMIX ERROR: ERROR in file ../../../../../../src/mca/gds/ds12/gds_ds12_lock_pthread.c at line 169
[cn0091:3693585] PMIX ERROR: ERROR in file ../../../../../../src/mca/gds/ds12/gds_ds12_lock_pthread.c at line 169
[cn0091:3693671] PMIX ERROR: ERROR in file ../../../../../../src/mca/gds/ds12/gds_ds12_lock_pthread.c at line 169
[cn0091:3691791] PMIX ERROR: ERROR in file ../../../../../../src/mca/gds/ds12/gds_ds12_lock_pthread.c at line 169
[cn0091:3691358] PMIX ERROR: ERROR in file ../../../../../../src/mca/gds/ds12/gds_ds12_lock_pthread.c at line 169
[cn0091:3694163] PMIX ERROR: ERROR in file ../../../../../../src/mca/gds/ds12/gds_ds12_lock_pthread.c at line 169
[cn0091:3691602] PMIX ERROR: ERROR in file ../../../../../../src/mca/gds/ds12/gds_ds12_lock_pthread.c at line 169
[cn0091:3692500] PMIX ERROR: ERROR in file ../../../../../../src/mca/gds/ds12/gds_ds12_lock_pthread.c at line 169
[cn0091:3692479] PMIX ERROR: ERROR in file ../../../../../../src/mca/gds/ds12/gds_ds12_lock_pthread.c at line 169
[cn0091:3691805] PMIX ERROR: ERROR in file ../../../../../../src/mca/gds/ds12/gds_ds12_lock_pthread.c at line 169
[cn0091:3692481] PMIX ERROR: ERROR in file ../../../../../../src/mca/gds/ds12/gds_ds12_lock_pthread.c at line 169
[cn0091:3692845] PMIX ERROR: ERROR in file ../../../../../../src/mca/gds/ds12/gds_ds12_lock_pthread.c at line 169
[cn0091:3691357] PMIX ERROR: ERROR in file ../../../../../../src/mca/gds/ds12/gds_ds12_lock_pthread.c at line 169
[cn0091:3694160] PMIX ERROR: ERROR in file ../../../../../../src/mca/gds/ds12/gds_ds12_lock_pthread.c at line 169
[cn0091:3694504] PMIX ERROR: ERROR in file ../../../../../../src/mca/gds/ds12/gds_ds12_lock_pthread.c at line 169
[cn0086:965628] PMIX ERROR: ERROR in file ../../../../../../src/mca/gds/ds12/gds_ds12_lock_pthread.c at line 169
[cn0091:3692831] PMIX ERROR: ERROR in file ../../../../../../src/mca/gds/ds12/gds_ds12_lock_pthread.c at line 169
[cn0086:966050] PMIX ERROR: ERROR in file ../../../../../../src/mca/gds/ds12/gds_ds12_lock_pthread.c at line 169
[cn0091:3692672] PMIX ERROR: ERROR in file ../../../../../../src/mca/gds/ds12/gds_ds12_lock_pthread.c at line 169
[cn0091:3691808] PMIX ERROR: ERROR in file ../../../../../../src/mca/gds/ds12/gds_ds12_lock_pthread.c at line 169
[cn0091:3693521] PMIX ERROR: ERROR in file ../../../../../../src/mca/gds/ds12/gds_ds12_lock_pthread.c at line 169
[cn0091:3692836] PMIX ERROR: ERROR in file ../../../../../../src/mca/gds/ds12/gds_ds12_lock_pthread.c at line 169
[cn0091:3692384] PMIX ERROR: ERROR in file ../../../../../../src/mca/gds/ds12/gds_ds12_lock_pthread.c at line 169
[cn0091:3693609] PMIX ERROR: ERROR in file ../../../../../../src/mca/gds/ds12/gds_ds12_lock_pthread.c at line 169
[cn0091:3691803] PMIX ERROR: ERROR in file ../../../../../../src/mca/gds/ds12/gds_ds12_lock_pthread.c at line 169
[cn0091:3691604] PMIX ERROR: ERROR in file ../../../../../../src/mca/gds/ds12/gds_ds12_lock_pthread.c at line 169
[cn0091:3691799] PMIX ERROR: ERROR in file ../../../../../../src/mca/gds/ds12/gds_ds12_lock_pthread.c at line 169
[cn0091:3693324] PMIX ERROR: ERROR in file ../../../../../../src/mca/gds/ds12/gds_ds12_lock_pthread.c at line 169
[cn0091:3694166] PMIX ERROR: ERROR in file ../../../../../../src/mca/gds/ds12/gds_ds12_lock_pthread.c at line 169
[cn0091:3691806] PMIX ERROR: ERROR in file ../../../../../../src/mca/gds/ds12/gds_ds12_lock_pthread.c at line 169
[cn0091:3692834] PMIX ERROR: ERROR in file ../../../../../../src/mca/gds/ds12/gds_ds12_lock_pthread.c at line 169
[cn0091:3692380] PMIX ERROR: ERROR in file ../../../../../../src/mca/gds/ds12/gds_ds12_lock_pthread.c at line 169
[cn0091:3692667] PMIX ERROR: ERROR in file ../../../../../../src/mca/gds/ds12/gds_ds12_lock_pthread.c at line 169
[cn0091:3692842] PMIX ERROR: ERROR in file ../../../../../../src/mca/gds/ds12/gds_ds12_lock_pthread.c at line 169
[cn0091:3691809] PMIX ERROR: ERROR in file ../../../../../../src/mca/gds/ds12/gds_ds12_lock_pthread.c at line 169
[cn0091:3692832] PMIX ERROR: ERROR in file ../../../../../../src/mca/gds/ds12/gds_ds12_lock_pthread.c at line 169
[cn0091:3693315] PMIX ERROR: ERROR in file ../../../../../../src/mca/gds/ds12/gds_ds12_lock_pthread.c at line 169
[cn0091:3691373] PMIX ERROR: ERROR in file ../../../../../../src/mca/gds/ds12/gds_ds12_lock_pthread.c at line 169
[cn0091:3691364] PMIX ERROR: ERROR in file ../../../../../../src/mca/gds/ds12/gds_ds12_lock_pthread.c at line 169
[cn0091:3691792] PMIX ERROR: ERROR in file ../../../../../../src/mca/gds/ds12/gds_ds12_lock_pthread.c at line 169
[cn0091:3691643] PMIX ERROR: ERROR in file ../../../../../../src/mca/gds/ds12/gds_ds12_lock_pthread.c at line 169
[cn0091:3694080] PMIX ERROR: ERROR in file ../../../../../../src/mca/gds/ds12/gds_ds12_lock_pthread.c at line 169
[cn0091:3693635] PMIX ERROR: ERROR in file ../../../../../../src/mca/gds/ds12/gds_ds12_lock_pthread.c at line 169
[cn0091:3691641] PMIX ERROR: ERROR in file ../../../../../../src/mca/gds/ds12/gds_ds12_lock_pthread.c at line 169
[cn0091:3694164] PMIX ERROR: ERROR in file ../../../../../../src/mca/gds/ds12/gds_ds12_lock_pthread.c at line 169
[cn0091:3692844] PMIX ERROR: ERROR in file ../../../../../../src/mca/gds/ds12/gds_ds12_lock_pthread.c at line 169
[cn0091:3691366] PMIX ERROR: ERROR in file ../../../../../../src/mca/gds/ds12/gds_ds12_lock_pthread.c at line 169
[cn0086:966062] PMIX ERROR: ERROR in file ../../../../../../src/mca/gds/ds12/gds_ds12_lock_pthread.c at line 169
[cn0086:965619] PMIX ERROR: ERROR in file ../../../../../../src/mca/gds/ds12/gds_ds12_lock_pthread.c at line 169
[cn0086:965616] PMIX ERROR: ERROR in file ../../../../../../src/mca/gds/ds12/gds_ds12_lock_pthread.c at line 169
[cn0086:966073] PMIX ERROR: ERROR in file ../../../../../../src/mca/gds/ds12/gds_ds12_lock_pthread.c at line 169
[cn0086:966074] PMIX ERROR: ERROR in file ../../../../../../src/mca/gds/ds12/gds_ds12_lock_pthread.c at line 169
[cn0086:966060] PMIX ERROR: ERROR in file ../../../../../../src/mca/gds/ds12/gds_ds12_lock_pthread.c at line 169
[cn0086:966061] PMIX ERROR: ERROR in file ../../../../../../src/mca/gds/ds12/gds_ds12_lock_pthread.c at line 169
[cn0086:965627] PMIX ERROR: ERROR in file ../../../../../../src/mca/gds/ds12/gds_ds12_lock_pthread.c at line 169
[cn0086:965612] PMIX ERROR: ERROR in file ../../../../../../src/mca/gds/ds12/gds_ds12_lock_pthread.c at line 169
[cn0086:966598] PMIX ERROR: ERROR in file ../../../../../../src/mca/gds/ds12/gds_ds12_lock_pthread.c at line 169
[cn0088:612625] PMIX ERROR: ERROR in file ../../../../../../src/mca/gds/ds12/gds_ds12_lock_pthread.c at line 169
[cn0088:614090] PMIX ERROR: ERROR in file ../../../../../../src/mca/gds/ds12/gds_ds12_lock_pthread.c at line 169
[cn0088:614707] PMIX ERROR: ERROR in file ../../../../../../src/mca/gds/ds12/gds_ds12_lock_pthread.c at line 169
[cn0088:612649] PMIX ERROR: ERROR in file ../../../../../../src/mca/gds/ds12/gds_ds12_lock_pthread.c at line 169
[cn0088:614064] PMIX ERROR: ERROR in file ../../../../../../src/mca/gds/ds12/gds_ds12_lock_pthread.c at line 169
[cn0088:612648] PMIX ERROR: ERROR in file ../../../../../../src/mca/gds/ds12/gds_ds12_lock_pthread.c at line 169
[cn0088:612663] PMIX ERROR: ERROR in file ../../../../../../src/mca/gds/ds12/gds_ds12_lock_pthread.c at line 169
[cn0088:614704] PMIX ERROR: ERROR in file ../../../../../../src/mca/gds/ds12/gds_ds12_lock_pthread.c at line 169
[cn0088:612617] PMIX ERROR: ERROR in file ../../../../../../src/mca/gds/ds12/gds_ds12_lock_pthread.c at line 169
[cn0088:612628] PMIX ERROR: ERROR in file ../../../../../../src/mca/gds/ds12/gds_ds12_lock_pthread.c at line 169
[cn0088:612647] PMIX ERROR: ERROR in file ../../../../../../src/mca/gds/ds12/gds_ds12_lock_pthread.c at line 169
[cn0088:614093] PMIX ERROR: ERROR in file ../../../../../../src/mca/gds/ds12/gds_ds12_lock_pthread.c at line 169
[cn0088:612657] PMIX ERROR: ERROR in file ../../../../../../src/mca/gds/ds12/gds_ds12_lock_pthread.c at line 169
[cn0088:612622] PMIX ERROR: ERROR in file ../../../../../../src/mca/gds/ds12/gds_ds12_lock_pthread.c at line 169
[cn0088:612599] PMIX ERROR: ERROR in file ../../../../../../src/mca/gds/ds12/gds_ds12_lock_pthread.c at line 169
[cn0088:612578] PMIX ERROR: ERROR in file ../../../../../../src/mca/gds/ds12/gds_ds12_lock_pthread.c at line 169
[cn0088:614698] PMIX ERROR: ERROR in file ../../../../../../src/mca/gds/ds12/gds_ds12_lock_pthread.c at line 169
[cn0088:612616] PMIX ERROR: ERROR in file ../../../../../../src/mca/gds/ds12/gds_ds12_lock_pthread.c at line 169
[cn0088:612601] PMIX ERROR: ERROR in file ../../../../../../src/mca/gds/ds12/gds_ds12_lock_pthread.c at line 169
[cn0088:612602] PMIX ERROR: ERROR in file ../../../../../../src/mca/gds/ds12/gds_ds12_lock_pthread.c at line 169
[cn0088:615133] PMIX ERROR: ERROR in file ../../../../../../src/mca/gds/ds12/gds_ds12_lock_pthread.c at line 169
[cn0088:612587] PMIX ERROR: ERROR in file ../../../../../../src/mca/gds/ds12/gds_ds12_lock_pthread.c at line 169
[cn0088:614100] PMIX ERROR: ERROR in file ../../../../../../src/mca/gds/ds12/gds_ds12_lock_pthread.c at line 169
[cn0088:612589] PMIX ERROR: ERROR in file ../../../../../../src/mca/gds/ds12/gds_ds12_lock_pthread.c at line 169
[cn0088:612603] PMIX ERROR: ERROR in file ../../../../../../src/mca/gds/ds12/gds_ds12_lock_pthread.c at line 169
[cn0088:612636] PMIX ERROR: ERROR in file ../../../../../../src/mca/gds/ds12/gds_ds12_lock_pthread.c at line 169
[cn0088:614103] PMIX ERROR: ERROR in file ../../../../../../src/mca/gds/ds12/gds_ds12_lock_pthread.c at line 169
[cn0088:612644] PMIX ERROR: ERROR in file ../../../../../../src/mca/gds/ds12/gds_ds12_lock_pthread.c at line 169
[cn0088:614074] PMIX ERROR: ERROR in file ../../../../../../src/mca/gds/ds12/gds_ds12_lock_pthread.c at line 169
[cn0088:614069] PMIX ERROR: ERROR in file ../../../../../../src/mca/gds/ds12/gds_ds12_lock_pthread.c at line 169
[cn0088:612618] PMIX ERROR: ERROR in file ../../../../../../src/mca/gds/ds12/gds_ds12_lock_pthread.c at line 169
[cn0088:612664] PMIX ERROR: ERROR in file ../../../../../../src/mca/gds/ds12/gds_ds12_lock_pthread.c at line 169
[cn0088:612662] PMIX ERROR: ERROR in file ../../../../../../src/mca/gds/ds12/gds_ds12_lock_pthread.c at line 169
[cn0088:612633] PMIX ERROR: ERROR in file ../../../../../../src/mca/gds/ds12/gds_ds12_lock_pthread.c at line 169
[cn0088:612591] PMIX ERROR: ERROR in file ../../../../../../src/mca/gds/ds12/gds_ds12_lock_pthread.c at line 169
[cn0088:612666] PMIX ERROR: ERROR in file ../../../../../../src/mca/gds/ds12/gds_ds12_lock_pthread.c at line 169
[cn0088:612626] PMIX ERROR: ERROR in file ../../../../../../src/mca/gds/ds12/gds_ds12_lock_pthread.c at line 169
[cn0088:614099] PMIX ERROR: ERROR in file ../../../../../../src/mca/gds/ds12/gds_ds12_lock_pthread.c at line 169
[cn0088:612653] PMIX ERROR: ERROR in file ../../../../../../src/mca/gds/ds12/gds_ds12_lock_pthread.c at line 169
[cn0088:612612] PMIX ERROR: ERROR in file ../../../../../../src/mca/gds/ds12/gds_ds12_lock_pthread.c at line 169
[cn0088:612661] PMIX ERROR: ERROR in file ../../../../../../src/mca/gds/ds12/gds_ds12_lock_pthread.c at line 169
[cn0088:614087] PMIX ERROR: ERROR in file ../../../../../../src/mca/gds/ds12/gds_ds12_lock_pthread.c at line 169
[cn0088:612634] PMIX ERROR: ERROR in file ../../../../../../src/mca/gds/ds12/gds_ds12_lock_pthread.c at line 169
[cn0088:614075] PMIX ERROR: ERROR in file ../../../../../../src/mca/gds/ds12/gds_ds12_lock_pthread.c at line 169
[cn0088:612642] PMIX ERROR: ERROR in file ../../../../../../src/mca/gds/ds12/gds_ds12_lock_pthread.c at line 169
[cn0088:612598] PMIX ERROR: ERROR in file ../../../../../../src/mca/gds/ds12/gds_ds12_lock_pthread.c at line 169
[cn0088:612646] PMIX ERROR: ERROR in file ../../../../../../src/mca/gds/ds12/gds_ds12_lock_pthread.c at line 169
[cn0088:615138] PMIX ERROR: ERROR in file ../../../../../../src/mca/gds/ds12/gds_ds12_lock_pthread.c at line 169
[cn0088:612621] PMIX ERROR: ERROR in file ../../../../../../src/mca/gds/ds12/gds_ds12_lock_pthread.c at line 169
[cn0088:614091] PMIX ERROR: ERROR in file ../../../../../../src/mca/gds/ds12/gds_ds12_lock_pthread.c at line 169
[cn0088:612639] PMIX ERROR: ERROR in file ../../../../../../src/mca/gds/ds12/gds_ds12_lock_pthread.c at line 169
[cn0088:612600] PMIX ERROR: ERROR in file ../../../../../../src/mca/gds/ds12/gds_ds12_lock_pthread.c at line 169
[cn0088:612627] PMIX ERROR: ERROR in file ../../../../../../src/mca/gds/ds12/gds_ds12_lock_pthread.c at line 169
[cn0088:612580] PMIX ERROR: ERROR in file ../../../../../../src/mca/gds/ds12/gds_ds12_lock_pthread.c at line 169
[cn0088:612620] PMIX ERROR: ERROR in file ../../../../../../src/mca/gds/ds12/gds_ds12_lock_pthread.c at line 169
[cn0088:612630] PMIX ERROR: ERROR in file ../../../../../../src/mca/gds/ds12/gds_ds12_lock_pthread.c at line 169
[cn0088:612641] PMIX ERROR: ERROR in file ../../../../../../src/mca/gds/ds12/gds_ds12_lock_pthread.c at line 169
[cn0088:612596] PMIX ERROR: ERROR in file ../../../../../../src/mca/gds/ds12/gds_ds12_lock_pthread.c at line 169
[cn0088:612619] PMIX ERROR: ERROR in file ../../../../../../src/mca/gds/ds12/gds_ds12_lock_pthread.c at line 169
[cn0088:614094] PMIX ERROR: ERROR in file ../../../../../../src/mca/gds/ds12/gds_ds12_lock_pthread.c at line 169
[cn0088:612579] PMIX ERROR: ERROR in file ../../../../../../src/mca/gds/ds12/gds_ds12_lock_pthread.c at line 169
[cn0088:612577] PMIX ERROR: ERROR in file ../../../../../../src/mca/gds/ds12/gds_ds12_lock_pthread.c at line 169
[cn0088:612610] PMIX ERROR: ERROR in file ../../../../../../src/mca/gds/ds12/gds_ds12_lock_pthread.c at line 169
[cn0088:612594] PMIX ERROR: ERROR in file ../../../../../../src/mca/gds/ds12/gds_ds12_lock_pthread.c at line 169
[cn0088:614705] PMIX ERROR: ERROR in file ../../../../../../src/mca/gds/ds12/gds_ds12_lock_pthread.c at line 169
[cn0088:614088] PMIX ERROR: ERROR in file ../../../../../../src/mca/gds/ds12/gds_ds12_lock_pthread.c at line 169
[cn0088:615137] PMIX ERROR: ERROR in file ../../../../../../src/mca/gds/ds12/gds_ds12_lock_pthread.c at line 169
[cn0088:612652] PMIX ERROR: ERROR in file ../../../../../../src/mca/gds/ds12/gds_ds12_lock_pthread.c at line 169
[cn0088:612615] PMIX ERROR: ERROR in file ../../../../../../src/mca/gds/ds12/gds_ds12_lock_pthread.c at line 169
[cn0088:615136] PMIX ERROR: ERROR in file ../../../../../../src/mca/gds/ds12/gds_ds12_lock_pthread.c at line 169
[cn0088:614699] PMIX ERROR: ERROR in file ../../../../../../src/mca/gds/ds12/gds_ds12_lock_pthread.c at line 169
[cn0088:614089] PMIX ERROR: ERROR in file ../../../../../../src/mca/gds/ds12/gds_ds12_lock_pthread.c at line 169
[cn0088:614073] PMIX ERROR: ERROR in file ../../../../../../src/mca/gds/ds12/gds_ds12_lock_pthread.c at line 169
[cn0088:612584] PMIX ERROR: ERROR in file ../../../../../../src/mca/gds/ds12/gds_ds12_lock_pthread.c at line 169
[cn0088:612640] PMIX ERROR: ERROR in file ../../../../../../src/mca/gds/ds12/gds_ds12_lock_pthread.c at line 169
[cn0088:612658] PMIX ERROR: ERROR in file ../../../../../../src/mca/gds/ds12/gds_ds12_lock_pthread.c at line 169
[cn0088:614106] PMIX ERROR: ERROR in file ../../../../../../src/mca/gds/ds12/gds_ds12_lock_pthread.c at line 169
[cn0088:612645] PMIX ERROR: ERROR in file ../../../../../../src/mca/gds/ds12/gds_ds12_lock_pthread.c at line 169
[cn0088:614708] PMIX ERROR: ERROR in file ../../../../../../src/mca/gds/ds12/gds_ds12_lock_pthread.c at line 169
[cn0088:612624] PMIX ERROR: ERROR in file ../../../../../../src/mca/gds/ds12/gds_ds12_lock_pthread.c at line 169
[cn0088:614709] PMIX ERROR: ERROR in file ../../../../../../src/mca/gds/ds12/gds_ds12_lock_pthread.c at line 169
[cn0088:614096] PMIX ERROR: ERROR in file ../../../../../../src/mca/gds/ds12/gds_ds12_lock_pthread.c at line 169
[cn0088:614072] PMIX ERROR: ERROR in file ../../../../../../src/mca/gds/ds12/gds_ds12_lock_pthread.c at line 169
[cn0088:612607] PMIX ERROR: ERROR in file ../../../../../../src/mca/gds/ds12/gds_ds12_lock_pthread.c at line 169
[cn0088:612588] PMIX ERROR: ERROR in file ../../../../../../src/mca/gds/ds12/gds_ds12_lock_pthread.c at line 169
[cn0088:612575] PMIX ERROR: ERROR in file ../../../../../../src/mca/gds/ds12/gds_ds12_lock_pthread.c at line 169
[cn0088:612660] PMIX ERROR: ERROR in file ../../../../../../src/mca/gds/ds12/gds_ds12_lock_pthread.c at line 169
[cn0088:612632] PMIX ERROR: ERROR in file ../../../../../../src/mca/gds/ds12/gds_ds12_lock_pthread.c at line 169
[cn0088:614706] PMIX ERROR: ERROR in file ../../../../../../src/mca/gds/ds12/gds_ds12_lock_pthread.c at line 169
[cn0088:612623] PMIX ERROR: ERROR in file ../../../../../../src/mca/gds/ds12/gds_ds12_lock_pthread.c at line 169
[cn0088:612606] PMIX ERROR: ERROR in file ../../../../../../src/mca/gds/ds12/gds_ds12_lock_pthread.c at line 169
[cn0088:614722] PMIX ERROR: ERROR in file ../../../../../../src/mca/gds/ds12/gds_ds12_lock_pthread.c at line 169
[cn0088:612583] PMIX ERROR: ERROR in file ../../../../../../src/mca/gds/ds12/gds_ds12_lock_pthread.c at line 169
[cn0088:612605] PMIX ERROR: ERROR in file ../../../../../../src/mca/gds/ds12/gds_ds12_lock_pthread.c at line 169
[cn0088:612597] PMIX ERROR: ERROR in file ../../../../../../src/mca/gds/ds12/gds_ds12_lock_pthread.c at line 169
[cn0088:612595] PMIX ERROR: ERROR in file ../../../../../../src/mca/gds/ds12/gds_ds12_lock_pthread.c at line 169
[cn0088:612655] PMIX ERROR: ERROR in file ../../../../../../src/mca/gds/ds12/gds_ds12_lock_pthread.c at line 169
[cn0088:612585] PMIX ERROR: ERROR in file ../../../../../../src/mca/gds/ds12/gds_ds12_lock_pthread.c at line 169
[cn0088:614102] PMIX ERROR: ERROR in file ../../../../../../src/mca/gds/ds12/gds_ds12_lock_pthread.c at line 169
[cn0088:612614] PMIX ERROR: ERROR in file ../../../../../../src/mca/gds/ds12/gds_ds12_lock_pthread.c at line 169
[cn0088:612635] PMIX ERROR: ERROR in file ../../../../../../src/mca/gds/ds12/gds_ds12_lock_pthread.c at line 169
[cn0088:612593] PMIX ERROR: ERROR in file ../../../../../../src/mca/gds/ds12/gds_ds12_lock_pthread.c at line 169
[cn0088:612586] PMIX ERROR: ERROR in file ../../../../../../src/mca/gds/ds12/gds_ds12_lock_pthread.c at line 169
[cn0088:612592] PMIX ERROR: ERROR in file ../../../../../../src/mca/gds/ds12/gds_ds12_lock_pthread.c at line 169
[cn0088:612638] PMIX ERROR: ERROR in file ../../../../../../src/mca/gds/ds12/gds_ds12_lock_pthread.c at line 169
[cn0088:612650] PMIX ERROR: ERROR in file ../../../../../../src/mca/gds/ds12/gds_ds12_lock_pthread.c at line 169
[cn0088:614095] PMIX ERROR: ERROR in file ../../../../../../src/mca/gds/ds12/gds_ds12_lock_pthread.c at line 169
[cn0088:614697] PMIX ERROR: ERROR in file ../../../../../../src/mca/gds/ds12/gds_ds12_lock_pthread.c at line 169
[cn0088:612643] PMIX ERROR: ERROR in file ../../../../../../src/mca/gds/ds12/gds_ds12_lock_pthread.c at line 169
[cn0088:614085] PMIX ERROR: ERROR in file ../../../../../../src/mca/gds/ds12/gds_ds12_lock_pthread.c at line 169
[cn0088:614701] PMIX ERROR: ERROR in file ../../../../../../src/mca/gds/ds12/gds_ds12_lock_pthread.c at line 169
[cn0088:612631] PMIX ERROR: ERROR in file ../../../../../../src/mca/gds/ds12/gds_ds12_lock_pthread.c at line 169
[cn0088:612608] PMIX ERROR: ERROR in file ../../../../../../src/mca/gds/ds12/gds_ds12_lock_pthread.c at line 169
[cn0088:614702] PMIX ERROR: ERROR in file ../../../../../../src/mca/gds/ds12/gds_ds12_lock_pthread.c at line 169
[cn0088:612604] PMIX ERROR: ERROR in file ../../../../../../src/mca/gds/ds12/gds_ds12_lock_pthread.c at line 169
[cn0088:614700] PMIX ERROR: ERROR in file ../../../../../../src/mca/gds/ds12/gds_ds12_lock_pthread.c at line 169
[cn0088:615135] PMIX ERROR: ERROR in file ../../../../../../src/mca/gds/ds12/gds_ds12_lock_pthread.c at line 169
[cn0088:615134] PMIX ERROR: ERROR in file ../../../../../../src/mca/gds/ds12/gds_ds12_lock_pthread.c at line 169
[cn0088:612651] PMIX ERROR: ERROR in file ../../../../../../src/mca/gds/ds12/gds_ds12_lock_pthread.c at line 169
[cn0088:612582] PMIX ERROR: ERROR in file ../../../../../../src/mca/gds/ds12/gds_ds12_lock_pthread.c at line 169
[cn0088:612654] PMIX ERROR: ERROR in file ../../../../../../src/mca/gds/ds12/gds_ds12_lock_pthread.c at line 169
[cn0088:612637] PMIX ERROR: ERROR in file ../../../../../../src/mca/gds/ds12/gds_ds12_lock_pthread.c at line 169
[cn0088:612613] PMIX ERROR: ERROR in file ../../../../../../src/mca/gds/ds12/gds_ds12_lock_pthread.c at line 169
[cn0088:612656] PMIX ERROR: ERROR in file ../../../../../../src/mca/gds/ds12/gds_ds12_lock_pthread.c at line 169
[cn0088:612659] PMIX ERROR: ERROR in file ../../../../../../src/mca/gds/ds12/gds_ds12_lock_pthread.c at line 169
[cn0088:612629] PMIX ERROR: ERROR in file ../../../../../../src/mca/gds/ds12/gds_ds12_lock_pthread.c at line 169
[cn0088:614703] PMIX ERROR: ERROR in file ../../../../../../src/mca/gds/ds12/gds_ds12_lock_pthread.c at line 169
[cn0088:612609] PMIX ERROR: ERROR in file ../../../../../../src/mca/gds/ds12/gds_ds12_lock_pthread.c at line 169</code></pre>
</div>
</div>
</div>
</div>
<div class="sect1">
<h2 id="_reframe_output_log"><a class="anchor" href="#_reframe_output_log"></a>3. ReFrame output log</h2>
<div class="sectionbody">
<div class="listingblock">
<div class="content">
<pre class="highlightjs highlight"><code class="language-bash hljs" data-lang="bash">Reading /input_data/kub/idealHeaters.cfg...
[ Starting Feel++ ] application City_Energy_Modeling version 0.111.0-preview.120 date 2025-Apr-04
[feelpp] create Feel++ root repository: /disco2fs/ehpc-dev-2024d05-047/vchabannes/apptainer_home/kub/02ea806d/Paris_partitioned

[feelpp] create Feel++ geo repository: /disco2fs/ehpc-dev-2024d05-047/vchabannes/apptainer_home/kub/02ea806d/Paris_partitioned/geo

[feelpp] create Feel++ results directory: /disco2fs/ehpc-dev-2024d05-047/vchabannes/apptainer_home/kub/02ea806d/Paris_partitioned/np_512

[feelpp] create Feel++ expressions directory: /disco2fs/ehpc-dev-2024d05-047/vchabannes/apptainer_home/kub/02ea806d/Paris_partitioned/exprs

[feelpp] create Feel++ logs directory: /disco2fs/ehpc-dev-2024d05-047/vchabannes/apptainer_home/kub/02ea806d/Paris_partitioned/np_512/logs

 . City_Energy_Modeling files are stored in /disco2fs/ehpc-dev-2024d05-047/vchabannes/apptainer_home/kub/02ea806d/Paris_partitioned/np_512
 .. logfiles :/disco2fs/ehpc-dev-2024d05-047/vchabannes/apptainer_home/kub/02ea806d/Paris_partitioned/np_512/logs
[ KUB ] application City_Energy_modeling version 0.5.0
[CityEnergyModelload] constructor start ...
[CityEnergyModelload] constructor current done in 0.110269 s
[CityEnergyModelload] updateForUse start ...
[CityEnergyModelload] preprocessing start ...
[CityEnergyModelload] updatePreprocessingForUse start ...
[CityEnergyModelload] updatePreprocessingForUse current done in 0.00888257 s
[CityEnergyModelload] preprocessing current done in 0.0250198 s
[CityEnergyModelload] importPreprocessing start ...
[loadMesh] Loading mesh in format json+h5: "/input_data/kub_benchmark/5km/preprocessing/partitioning/np_512/mesh.lod0.json"
[CityEnergyModelload] importPreprocessing current done in 7.9042 s
[CityEnergyModelload] scenarios start ...
[CityEnergyModelload] scenarios current done in 0.102359 s
[CityEnergyModelload] weather start ...
[CityEnergyModelload] weather current done in 0.0833892 s
[CityEnergyModelload] sunModel start ...
checking if fmu tmp path /disco2fs/ehpc-dev-2024d05-047/vchabannes/apptainer_home/kub/02ea806d/Paris_partitioned/np_512/fmus/fmi4cpp_sun exists: false
unzipping /disco2fs/ehpc-dev-2024d05-047/vchabannes/apptainer_home/kub/02ea806d/Paris_partitioned/simulators/sun.fmu in /disco2fs/ehpc-dev-2024d05-047/vchabannes/apptainer_home/kub/02ea806d/Paris_partitioned/np_512/fmus/fmi4cpp_sun
[CityEnergyModelload] sunModel current done in 0.0931857 s
[CityEnergyModelload] initBuildingModels start ...
checking if fmu tmp path /disco2fs/ehpc-dev-2024d05-047/vchabannes/apptainer_home/kub/02ea806d/Paris_partitioned/np_512/fmus/fmi4cpp_lod0.buildingfloor0 exists: false
unzipping /disco2fs/ehpc-dev-2024d05-047/vchabannes/apptainer_home/kub/02ea806d/Paris_partitioned/simulators/lod0.buildingfloor0.fmu in /disco2fs/ehpc-dev-2024d05-047/vchabannes/apptainer_home/kub/02ea806d/Paris_partitioned/np_512/fmus/fmi4cpp_lod0.buildingfloor0
checking if fmu tmp path /disco2fs/ehpc-dev-2024d05-047/vchabannes/apptainer_home/kub/02ea806d/Paris_partitioned/np_512/fmus/fmi4cpp_lod0.buildingfloor1 exists: false
unzipping /disco2fs/ehpc-dev-2024d05-047/vchabannes/apptainer_home/kub/02ea806d/Paris_partitioned/simulators/lod0.buildingfloor1.fmu in /disco2fs/ehpc-dev-2024d05-047/vchabannes/apptainer_home/kub/02ea806d/Paris_partitioned/np_512/fmus/fmi4cpp_lod0.buildingfloor1
checking if fmu tmp path /disco2fs/ehpc-dev-2024d05-047/vchabannes/apptainer_home/kub/02ea806d/Paris_partitioned/np_512/fmus/fmi4cpp_lod0.buildingfloor2 exists: false
unzipping /disco2fs/ehpc-dev-2024d05-047/vchabannes/apptainer_home/kub/02ea806d/Paris_partitioned/simulators/lod0.buildingfloor2.fmu in /disco2fs/ehpc-dev-2024d05-047/vchabannes/apptainer_home/kub/02ea806d/Paris_partitioned/np_512/fmus/fmi4cpp_lod0.buildingfloor2
checking if fmu tmp path /disco2fs/ehpc-dev-2024d05-047/vchabannes/apptainer_home/kub/02ea806d/Paris_partitioned/np_512/fmus/fmi4cpp_lod0.buildingfloor3 exists: false
unzipping /disco2fs/ehpc-dev-2024d05-047/vchabannes/apptainer_home/kub/02ea806d/Paris_partitioned/simulators/lod0.buildingfloor3.fmu in /disco2fs/ehpc-dev-2024d05-047/vchabannes/apptainer_home/kub/02ea806d/Paris_partitioned/np_512/fmus/fmi4cpp_lod0.buildingfloor3
checking if fmu tmp path /disco2fs/ehpc-dev-2024d05-047/vchabannes/apptainer_home/kub/02ea806d/Paris_partitioned/np_512/fmus/fmi4cpp_lod0.buildingfloor4 exists: false
unzipping /disco2fs/ehpc-dev-2024d05-047/vchabannes/apptainer_home/kub/02ea806d/Paris_partitioned/simulators/lod0.buildingfloor4.fmu in /disco2fs/ehpc-dev-2024d05-047/vchabannes/apptainer_home/kub/02ea806d/Paris_partitioned/np_512/fmus/fmi4cpp_lod0.buildingfloor4
checking if fmu tmp path /disco2fs/ehpc-dev-2024d05-047/vchabannes/apptainer_home/kub/02ea806d/Paris_partitioned/np_512/fmus/fmi4cpp_lod0.buildingfloor5 exists: false
unzipping /disco2fs/ehpc-dev-2024d05-047/vchabannes/apptainer_home/kub/02ea806d/Paris_partitioned/simulators/lod0.buildingfloor5.fmu in /disco2fs/ehpc-dev-2024d05-047/vchabannes/apptainer_home/kub/02ea806d/Paris_partitioned/np_512/fmus/fmi4cpp_lod0.buildingfloor5
checking if fmu tmp path /disco2fs/ehpc-dev-2024d05-047/vchabannes/apptainer_home/kub/02ea806d/Paris_partitioned/np_512/fmus/fmi4cpp_lod0.buildingfloor6 exists: false
unzipping /disco2fs/ehpc-dev-2024d05-047/vchabannes/apptainer_home/kub/02ea806d/Paris_partitioned/simulators/lod0.buildingfloor6.fmu in /disco2fs/ehpc-dev-2024d05-047/vchabannes/apptainer_home/kub/02ea806d/Paris_partitioned/np_512/fmus/fmi4cpp_lod0.buildingfloor6
checking if fmu tmp path /disco2fs/ehpc-dev-2024d05-047/vchabannes/apptainer_home/kub/02ea806d/Paris_partitioned/np_512/fmus/fmi4cpp_lod0.buildingfloor7 exists: false
unzipping /disco2fs/ehpc-dev-2024d05-047/vchabannes/apptainer_home/kub/02ea806d/Paris_partitioned/simulators/lod0.buildingfloor7.fmu in /disco2fs/ehpc-dev-2024d05-047/vchabannes/apptainer_home/kub/02ea806d/Paris_partitioned/np_512/fmus/fmi4cpp_lod0.buildingfloor7
checking if fmu tmp path /disco2fs/ehpc-dev-2024d05-047/vchabannes/apptainer_home/kub/02ea806d/Paris_partitioned/np_512/fmus/fmi4cpp_lod0.buildingfloor8 exists: false
unzipping /disco2fs/ehpc-dev-2024d05-047/vchabannes/apptainer_home/kub/02ea806d/Paris_partitioned/simulators/lod0.buildingfloor8.fmu in /disco2fs/ehpc-dev-2024d05-047/vchabannes/apptainer_home/kub/02ea806d/Paris_partitioned/np_512/fmus/fmi4cpp_lod0.buildingfloor8
checking if fmu tmp path /disco2fs/ehpc-dev-2024d05-047/vchabannes/apptainer_home/kub/02ea806d/Paris_partitioned/np_512/fmus/fmi4cpp_lod0.buildingfloor9 exists: false
unzipping /disco2fs/ehpc-dev-2024d05-047/vchabannes/apptainer_home/kub/02ea806d/Paris_partitioned/simulators/lod0.buildingfloor9.fmu in /disco2fs/ehpc-dev-2024d05-047/vchabannes/apptainer_home/kub/02ea806d/Paris_partitioned/np_512/fmus/fmi4cpp_lod0.buildingfloor9
[CityEnergyModelload] initBuildingModels current done in 3.7241 s
[CityEnergyModelload] updateForUse current done in 11.9326 s

Warning: Failed to solve nonlinear system using Newton solver.
  During initialization at time: 0
  Tag: extended initialization.nonlinear[1]

  Common causes:
   * The system of equations has no solution - the residual will be above zero.
     - This may be caused by initial conditions not being fully specified, check the translation log.
     - In some cases the event-logic can cause this.
   * Starting values are too far from the solution, see homotopy in the manual.
     - In rare cases this could occur at events.
   * The equations are too discontinuous for the nonlinear solver - the residual will have knees.
     - Likely caused by over-using noEvent.
  Especially consider the first two items above when the nonlinear solver fails during initialization.

  To get more information consider the options:
   * Simulation/Setup/Translation/Generate listing of translated Modelica code in dsmodel.mof
   * Simulation/Setup/Translation/List non-linear iteration variables
   * Simulation/Setup/Debug/Store variables after failed initialization
     - If a failure to solve a nonlinear equation caused failed initialization.
   * The options under the group Simulation/Setup/Debug/Nonlinear solver diagnostics

  Jacobian inverse norm estimate: 13359.2
  Condition number estimate: 3878.88
  1-norm of the residual = 785346

  Last value of the solution:
  Last value of the residual:


Warning: Failed to solve nonlinear system using Newton solver.
  During initialization at time: 0
  Tag: extended initialization.nonlinear[1]

  For debugging help refer to the first error message of this type.

  Jacobian inverse norm estimate: 13358.3
  Condition number estimate: 3878.49
  1-norm of the residual = 653802

  Last value of the solution:
  Last value of the residual:


Warning: Failed to solve nonlinear system using Newton solver.
  During initialization at time: 0
  Tag: extended initialization.nonlinear[1]

  Common causes:
   * The system of equations has no solution - the residual will be above zero.
     - This may be caused by initial conditions not being fully specified, check the translation log.
     - In some cases the event-logic can cause this.
   * Starting values are too far from the solution, see homotopy in the manual.
     - In rare cases this could occur at events.
   * The equations are too discontinuous for the nonlinear solver - the residual will have knees.
     - Likely caused by over-using noEvent.
  Especially consider the first two items above when the nonlinear solver fails during initialization.

  To get more information consider the options:
   * Simulation/Setup/Translation/Generate listing of translated Modelica code in dsmodel.mof
   * Simulation/Setup/Translation/List non-linear iteration variables
   * Simulation/Setup/Debug/Store variables after failed initialization
     - If a failure to solve a nonlinear equation caused failed initialization.
   * The options under the group Simulation/Setup/Debug/Nonlinear solver diagnostics

  Jacobian inverse norm estimate: 13356.3
  Condition number estimate: 3877.43
  1-norm of the residual = 653716

  Last value of the solution:
  Last value of the residual:


Warning: Failed to solve nonlinear system using Newton solver.
  During initialization at time: 0
  Tag: extended initialization.nonlinear[1]

  Common causes:
   * The system of equations has no solution - the residual will be above zero.
     - This may be caused by initial conditions not being fully specified, check the translation log.
     - In some cases the event-logic can cause this.
   * Starting values are too far from the solution, see homotopy in the manual.
     - In rare cases this could occur at events.
   * The equations are too discontinuous for the nonlinear solver - the residual will have knees.
     - Likely caused by over-using noEvent.
  Especially consider the first two items above when the nonlinear solver fails during initialization.

  To get more information consider the options:
   * Simulation/Setup/Translation/Generate listing of translated Modelica code in dsmodel.mof
   * Simulation/Setup/Translation/List non-linear iteration variables
   * Simulation/Setup/Debug/Store variables after failed initialization
     - If a failure to solve a nonlinear equation caused failed initialization.
   * The options under the group Simulation/Setup/Debug/Nonlinear solver diagnostics

  Jacobian inverse norm estimate: 13355.2
  Condition number estimate: 4240.66
  1-norm of the residual = 653674

  Last value of the solution:
  Last value of the residual:


Warning: Failed to solve nonlinear system using Newton solver.
  During initialization at time: 0
  Tag: extended initialization.nonlinear[1]

  Common causes:
   * The system of equations has no solution - the residual will be above zero.
     - This may be caused by initial conditions not being fully specified, check the translation log.
     - In some cases the event-logic can cause this.
   * Starting values are too far from the solution, see homotopy in the manual.
     - In rare cases this could occur at events.
   * The equations are too discontinuous for the nonlinear solver - the residual will have knees.
     - Likely caused by over-using noEvent.
  Especially consider the first two items above when the nonlinear solver fails during initialization.

  To get more information consider the options:
   * Simulation/Setup/Translation/Generate listing of translated Modelica code in dsmodel.mof
   * Simulation/Setup/Translation/List non-linear iteration variables
   * Simulation/Setup/Debug/Store variables after failed initialization
     - If a failure to solve a nonlinear equation caused failed initialization.
   * The options under the group Simulation/Setup/Debug/Nonlinear solver diagnostics

  Jacobian inverse norm estimate: 13354.7
  Condition number estimate: 3874.69
  1-norm of the residual = 653630

  Last value of the solution:
  Last value of the residual:


Warning: Failed to solve nonlinear system using Newton solver.
  During initialization at time: 0
  Tag: extended initialization.nonlinear[1]

  Common causes:
   * The system of equations has no solution - the residual will be above zero.
     - This may be caused by initial conditions not being fully specified, check the translation log.
     - In some cases the event-logic can cause this.
   * Starting values are too far from the solution, see homotopy in the manual.
     - In rare cases this could occur at events.
   * The equations are too discontinuous for the nonlinear solver - the residual will have knees.
     - Likely caused by over-using noEvent.
  Especially consider the first two items above when the nonlinear solver fails during initialization.

  To get more information consider the options:
   * Simulation/Setup/Translation/Generate listing of translated Modelica code in dsmodel.mof
   * Simulation/Setup/Translation/List non-linear iteration variables
   * Simulation/Setup/Debug/Store variables after failed initialization
     - If a failure to solve a nonlinear equation caused failed initialization.
   * The options under the group Simulation/Setup/Debug/Nonlinear solver diagnostics

  Jacobian inverse norm estimate: 13338
  Condition number estimate: 3867.14
  1-norm of the residual = 652401

  Last value of the solution:
  Last value of the residual:


Warning: Failed to solve nonlinear system using Newton solver.
  During initialization at time: 0
  Tag: extended initialization.nonlinear[1]

  Common causes:
   * The system of equations has no solution - the residual will be above zero.
     - This may be caused by initial conditions not being fully specified, check the translation log.
     - In some cases the event-logic can cause this.
   * Starting values are too far from the solution, see homotopy in the manual.
     - In rare cases this could occur at events.
   * The equations are too discontinuous for the nonlinear solver - the residual will have knees.
     - Likely caused by over-using noEvent.
  Especially consider the first two items above when the nonlinear solver fails during initialization.

  To get more information consider the options:
   * Simulation/Setup/Translation/Generate listing of translated Modelica code in dsmodel.mof
   * Simulation/Setup/Translation/List non-linear iteration variables
   * Simulation/Setup/Debug/Store variables after failed initialization
     - If a failure to solve a nonlinear equation caused failed initialization.
   * The options under the group Simulation/Setup/Debug/Nonlinear solver diagnostics

  Jacobian inverse norm estimate: 13323.1
  Condition number estimate: 3860.67
  1-norm of the residual = 652058

  Last value of the solution:
  Last value of the residual:


Warning: Failed to solve nonlinear system using Newton solver.
  During initialization at time: 0
  Tag: extended initialization.nonlinear[1]

  Common causes:
   * The system of equations has no solution - the residual will be above zero.
     - This may be caused by initial conditions not being fully specified, check the translation log.
     - In some cases the event-logic can cause this.
   * Starting values are too far from the solution, see homotopy in the manual.
     - In rare cases this could occur at events.
   * The equations are too discontinuous for the nonlinear solver - the residual will have knees.
     - Likely caused by over-using noEvent.
  Especially consider the first two items above when the nonlinear solver fails during initialization.

  To get more information consider the options:
   * Simulation/Setup/Translation/Generate listing of translated Modelica code in dsmodel.mof
   * Simulation/Setup/Translation/List non-linear iteration variables
   * Simulation/Setup/Debug/Store variables after failed initialization
     - If a failure to solve a nonlinear equation caused failed initialization.
   * The options under the group Simulation/Setup/Debug/Nonlinear solver diagnostics

  Jacobian inverse norm estimate: 13322
  Condition number estimate: 3855.24
  1-norm of the residual = 651998

  Last value of the solution:
  Last value of the residual:


Warning: Failed to solve nonlinear system using Newton solver.
  During initialization at time: 0
  Tag: extended initialization.nonlinear[1]

  Common causes:
   * The system of equations has no solution - the residual will be above zero.
     - This may be caused by initial conditions not being fully specified, check the translation log.
     - In some cases the event-logic can cause this.
   * Starting values are too far from the solution, see homotopy in the manual.
     - In rare cases this could occur at events.
   * The equations are too discontinuous for the nonlinear solver - the residual will have knees.
     - Likely caused by over-using noEvent.
  Especially consider the first two items above when the nonlinear solver fails during initialization.

  To get more information consider the options:
   * Simulation/Setup/Translation/Generate listing of translated Modelica code in dsmodel.mof
   * Simulation/Setup/Translation/List non-linear iteration variables
   * Simulation/Setup/Debug/Store variables after failed initialization
     - If a failure to solve a nonlinear equation caused failed initialization.
   * The options under the group Simulation/Setup/Debug/Nonlinear solver diagnostics

  Jacobian inverse norm estimate: 13321.2
  Condition number estimate: 4312.48
  1-norm of the residual = 651962

  Last value of the solution:
  Last value of the residual:


Warning: Failed to solve nonlinear system using Newton solver.
  During initialization at time: 0
  Tag: extended initialization.nonlinear[1]

  Common causes:
   * The system of equations has no solution - the residual will be above zero.
     - This may be caused by initial conditions not being fully specified, check the translation log.
     - In some cases the event-logic can cause this.
   * Starting values are too far from the solution, see homotopy in the manual.
     - In rare cases this could occur at events.
   * The equations are too discontinuous for the nonlinear solver - the residual will have knees.
     - Likely caused by over-using noEvent.
  Especially consider the first two items above when the nonlinear solver fails during initialization.

  To get more information consider the options:
   * Simulation/Setup/Translation/Generate listing of translated Modelica code in dsmodel.mof
   * Simulation/Setup/Translation/List non-linear iteration variables
   * Simulation/Setup/Debug/Store variables after failed initialization
     - If a failure to solve a nonlinear equation caused failed initialization.
   * The options under the group Simulation/Setup/Debug/Nonlinear solver diagnostics

  Jacobian inverse norm estimate: 13319.7
  Condition number estimate: 3854.74
  1-norm of the residual = 651879

  Last value of the solution:
  Last value of the residual:


Warning: Failed to solve nonlinear system using Newton solver.
  During initialization at time: 0
  Tag: extended initialization.nonlinear[1]

  Common causes:
   * The system of equations has no solution - the residual will be above zero.
     - This may be caused by initial conditions not being fully specified, check the translation log.
     - In some cases the event-logic can cause this.
   * Starting values are too far from the solution, see homotopy in the manual.
     - In rare cases this could occur at events.
   * The equations are too discontinuous for the nonlinear solver - the residual will have knees.
     - Likely caused by over-using noEvent.
  Especially consider the first two items above when the nonlinear solver fails during initialization.

  To get more information consider the options:
   * Simulation/Setup/Translation/Generate listing of translated Modelica code in dsmodel.mof
   * Simulation/Setup/Translation/List non-linear iteration variables
   * Simulation/Setup/Debug/Store variables after failed initialization
     - If a failure to solve a nonlinear equation caused failed initialization.
   * The options under the group Simulation/Setup/Debug/Nonlinear solver diagnostics

  Jacobian inverse norm estimate: 13319.2
  Condition number estimate: 2286.9
  1-norm of the residual = 651864

  Last value of the solution:
  Last value of the residual:


Warning: Failed to solve nonlinear system using Newton solver.
  During initialization at time: 0
  Tag: extended initialization.nonlinear[1]

  Common causes:
   * The system of equations has no solution - the residual will be above zero.
     - This may be caused by initial conditions not being fully specified, check the translation log.
     - In some cases the event-logic can cause this.
   * Starting values are too far from the solution, see homotopy in the manual.
     - In rare cases this could occur at events.
   * The equations are too discontinuous for the nonlinear solver - the residual will have knees.
     - Likely caused by over-using noEvent.
  Especially consider the first two items above when the nonlinear solver fails during initialization.

  To get more information consider the options:
   * Simulation/Setup/Translation/Generate listing of translated Modelica code in dsmodel.mof
   * Simulation/Setup/Translation/List non-linear iteration variables
   * Simulation/Setup/Debug/Store variables after failed initialization
     - If a failure to solve a nonlinear equation caused failed initialization.
   * The options under the group Simulation/Setup/Debug/Nonlinear solver diagnostics

  Jacobian inverse norm estimate: 13318.2
  Condition number estimate: 3853.65
  1-norm of the residual = 651818

  Last value of the solution:
  Last value of the residual:


Warning: Failed to solve nonlinear system using Newton solver.
  During initialization at time: 0
  Tag: extended initialization.nonlinear[1]

  Common causes:
   * The system of equations has no solution - the residual will be above zero.
     - This may be caused by initial conditions not being fully specified, check the translation log.
     - In some cases the event-logic can cause this.
   * Starting values are too far from the solution, see homotopy in the manual.
     - In rare cases this could occur at events.
   * The equations are too discontinuous for the nonlinear solver - the residual will have knees.

Warning: Failed to solve nonlinear system using Newton solver.
  During initialization at time: 0
  Tag: extended initialization.nonlinear[1]

  Common causes:
   * The system of equations has no solution - the residual will be above zero.
     - This may be caused by initial conditions not being fully specified, check the translation log.
     - In some cases the event-logic can cause this.
   * Starting values are too far from the solution, see homotopy in the manual.
     - In rare cases this could occur at events.
   * The equations are too discontinuous for the nonlinear solver - the residual will have knees.
     - Likely caused by over-using noEvent.
  Especially consider the first two items above when the nonlinear solver fails during initialization.

  To get more information consider the options:
   * Simulation/Setup/Translation/Generate listing of translated Modelica code in dsmodel.mof
   * Simulation/Setup/Translation/List non-linear iteration variables
   * Simulation/Setup/Debug/Store variables after failed initialization
     - If a failure to solve a nonlinear equation caused failed initialization.
   * The options under the group Simulation/Setup/Debug/Nonlinear solver diagnostics

  Jacobian inverse norm estimate: 15236.6
  Condition number estimate: 2372.51
  1-norm of the residual = 234473

  Last value of the solution:
  Last value of the residual:


Warning: Failed to solve nonlinear system using Newton solver.
  During initialization at time: 0
  Tag: extended initialization.nonlinear[1]

  For debugging help refer to the first error message of this type.

  Jacobian inverse norm estimate: 15236.5
  Condition number estimate: 4586.39
  1-norm of the residual = 208295

  Last value of the solution:
  Last value of the residual:


Warning: Failed to solve nonlinear system using Newton solver.
  During initialization at time: 0
  Tag: extended initialization.nonlinear[1]

  Common causes:
   * The system of equations has no solution - the residual will be above zero.
     - This may be caused by initial conditions not being fully specified, check the translation log.
     - In some cases the event-logic can cause this.
   * Starting values are too far from the solution, see homotopy in the manual.
     - In rare cases this could occur at events.
   * The equations are too discontinuous for the nonlinear solver - the residual will have knees.
     - Likely caused by over-using noEvent.
  Especially consider the first two items above when the nonlinear solver fails during initialization.

  To get more information consider the options:
   * Simulation/Setup/Translation/Generate listing of translated Modelica code in dsmodel.mof
   * Simulation/Setup/Translation/List non-linear iteration variables
   * Simulation/Setup/Debug/Store variables after failed initialization
     - If a failure to solve a nonlinear equation caused failed initialization.
   * The options under the group Simulation/Setup/Debug/Nonlinear solver diagnostics

  Jacobian inverse norm estimate: 15236.2
  Condition number estimate: 556.087
  1-norm of the residual = 208286

  Last value of the solution:
  Last value of the residual:


Warning: Failed to solve nonlinear system using Newton solver.
  During initialization at time: 0
  Tag: extended initialization.nonlinear[1]

  Common causes:
   * The system of equations has no solution - the residual will be above zero.
     - This may be caused by initial conditions not being fully specified, check the translation log.
     - In some cases the event-logic can cause this.
   * Starting values are too far from the solution, see homotopy in the manual.
     - In rare cases this could occur at events.
   * The equations are too discontinuous for the nonlinear solver - the residual will have knees.
     - Likely caused by over-using noEvent.
  Especially consider the first two items above when the nonlinear solver fails during initialization.

  To get more information consider the options:
   * Simulation/Setup/Translation/Generate listing of translated Modelica code in dsmodel.mof

Warning: Failed to solve nonlinear system using Newton solver.
  During initialization at time: 0
  Tag: extended initialization.nonlinear[1]

  Common causes:
   * The system of equations has no solution - the residual will be above zero.
     - This may be caused by initial conditions not being fully specified, check the translation log.
     - In some cases the event-logic can cause this.
   * Starting values are too far from the solution, see homotopy in the manual.
     - In rare cases this could occur at events.
   * The equations are too discontinuous for the nonlinear solver - the residual will have knees.
     - Likely caused by over-using noEvent.
  Especially consider the first two items above when the nonlinear solver fails during initialization.

  To get more information consider the options:
   * Simulation/Setup/Translation/Generate listing of translated Modelica code in dsmodel.mof
   * Simulation/Setup/Translation/List non-linear iteration variables
   * Simulation/Setup/Debug/Store variables after failed initialization
     - If a failure to solve a nonlinear equation caused failed initialization.
   * The options under the group Simulation/Setup/Debug/Nonlinear solver diagnostics

  Jacobian inverse norm estimate: 10271.9
  Condition number estimate: 1470.69
  1-norm of the residual = 434938

  Last value of the solution:
  Last value of the residual:


Warning: Failed to solve nonlinear system using Newton solver.
  During initialization at time: 0
  Tag: extended initialization.nonlinear[1]

  For debugging help refer to the first error message of this type.

  Jacobian inverse norm estimate: 10271.8
  Condition number estimate: 4503.45
  1-norm of the residual = 432471

  Last value of the solution:
  Last value of the residual:


Warning: Failed to solve nonlinear system using Newton solver.
  During initialization at time: 0
  Tag: extended initialization.nonlinear[1]

  Common causes:
   * The system of equations has no solution - the residual will be above zero.
     - This may be caused by initial conditions not being fully specified, check the translation log.
     - In some cases the event-logic can cause this.
   * Starting values are too far from the solution, see homotopy in the manual.
     - In rare cases this could occur at events.
   * The equations are too discontinuous for the nonlinear solver - the residual will have knees.
     - Likely caused by over-using noEvent.
  Especially consider the first two items above when the nonlinear solver fails during initialization.

  To get more information consider the options:
   * Simulation/Setup/Translation/Generate listing of translated Modelica code in dsmodel.mof
   * Simulation/Setup/Translation/List non-linear iteration variables
   * Simulation/Setup/Debug/Store variables after failed initialization
     - If a failure to solve a nonlinear equation caused failed initialization.
   * The options under the group Simulation/Setup/Debug/Nonlinear solver diagnostics

  Jacobian inverse norm estimate: 10271.7
  Condition number estimate: 3483.17
  1-norm of the residual = 432471

  Last value of the solution:
  Last value of the residual:


Warning: Failed to solve nonlinear system using Newton solver.
  During initialization at time: 0
  Tag: extended initialization.nonlinear[1]

  Common causes:
   * The system of equations has no solution - the residual will be above zero.
     - This may be caused by initial conditions not being fully specified, check the translation log.
     - In some cases the event-logic can cause this.
   * Starting values are too far from the solution, see homotopy in the manual.
     - In rare cases this could occur at events.
   * The equations are too discontinuous for the nonlinear solver - the residual will have knees.
     - Likely caused by over-using noEvent.
  Especially consider the first two items above when the nonlinear solver fails during initialization.

  To get more information consider the options:
   * Simulation/Setup/Translation/Generate listing of translated Modelica code in dsmodel.mof

Warning: Failed to solve nonlinear system using Newton solver.
  During initialization at time: 0
  Tag: extended initialization.nonlinear[1]

  Common causes:
   * The system of equations has no solution - the residual will be above zero.
     - This may be caused by initial conditions not being fully specified, check the translation log.
     - In some cases the event-logic can cause this.
   * Starting values are too far from the solution, see homotopy in the manual.
     - In rare cases this could occur at events.
   * The equations are too discontinuous for the nonlinear solver - the residual will have knees.
     - Likely caused by over-using noEvent.
  Especially consider the first two items above when the nonlinear solver fails during initialization.

  To get more information consider the options:
   * Simulation/Setup/Translation/Generate listing of translated Modelica code in dsmodel.mof
   * Simulation/Setup/Translation/List non-linear iteration variables
   * Simulation/Setup/Debug/Store variables after failed initialization
     - If a failure to solve a nonlinear equation caused failed initialization.
   * The options under the group Simulation/Setup/Debug/Nonlinear solver diagnostics

  Jacobian inverse norm estimate: 16662.2
  Condition number estimate: 10272.4
  1-norm of the residual = 56040.7

  Last value of the solution:
  Last value of the residual:


Warning: Failed to solve nonlinear system using Newton solver.
  During initialization at time: 0
  Tag: extended initialization.nonlinear[1]

  For debugging help refer to the first error message of this type.

  Jacobian inverse norm estimate: 16662.6
  Condition number estimate: 5285.39
  1-norm of the residual = 52041.1

  Last value of the solution:
  Last value of the residual:


Warning: Failed to solve nonlinear system using Newton solver.
  During initialization at time: 0
  Tag: extended initialization.nonlinear[1]

  Common causes:
   * The system of equations has no solution - the residual will be above zero.
     - This may be caused by initial conditions not being fully specified, check the translation log.
     - In some cases the event-logic can cause this.
   * Starting values are too far from the solution, see homotopy in the manual.
     - In rare cases this could occur at events.
   * The equations are too discontinuous for the nonlinear solver - the residual will have knees.
     - Likely caused by over-using noEvent.
  Especially consider the first two items above when the nonlinear solver fails during initialization.

  To get more information consider the options:
   * Simulation/Setup/Translation/Generate listing of translated Modelica code in dsmodel.mof
   * Simulation/Setup/Translation/List non-linear iteration variables
   * Simulation/Setup/Debug/Store variables after failed initialization
     - If a failure to solve a nonlinear equation caused failed initialization.
   * The options under the group Simulation/Setup/Debug/Nonlinear solver diagnostics

  Jacobian inverse norm estimate: 16661.8
  Condition number estimate: 5221.49
  1-norm of the residual = 52040.8

  Last value of the solution:
  Last value of the residual:


Warning: Failed to solve nonlinear system using Newton solver.
  During initialization at time: 0
  Tag: extended initialization.nonlinear[1]

  Common causes:
   * The system of equations has no solution - the residual will be above zero.
     - This may be caused by initial conditions not being fully specified, check the translation log.
     - In some cases the event-logic can cause this.
   * Starting values are too far from the solution, see homotopy in the manual.
     - In rare cases this could occur at events.
   * The equations are too discontinuous for the nonlinear solver - the residual will have knees.
     - Likely caused by over-using noEvent.
  Especially consider the first two items above when the nonlinear solver fails during initialization.

  To get more information consider the options:
   * Simulation/Setup/Translation/Generate listing of translated Modelica code in dsmodel.mof
   * Simulation/Setup/Translation/List non-linear iteration variables
   * Simulation/Setup/Debug/Store variables after failed initialization
     - If a failure to solve a nonlinear equation caused failed initialization.
   * The options under the group Simulation/Setup/Debug/Nonlinear solver diagnostics

  Jacobian inverse norm estimate: 16661
  Condition number estimate: 5302.12
  1-norm of the residual = 52034.8

  Last value of the solution:
  Last value of the residual:


Warning: Failed to solve nonlinear system using Newton solver.
  During initialization at time: 0
  Tag: extended initialization.nonlinear[1]

  Common causes:
   * The system of equations has no solution - the residual will be above zero.
     - This may be caused by initial conditions not being fully specified, check the translation log.
     - In some cases the event-logic can cause this.
   * Starting values are too far from the solution, see homotopy in the manual.
     - In rare cases this could occur at events.
   * The equations are too discontinuous for the nonlinear solver - the residual will have knees.
     - Likely caused by over-using noEvent.
  Especially consider the first two items above when the nonlinear solver fails during initialization.

  To get more information consider the options:
   * Simulation/Setup/Translation/Generate listing of translated Modelica code in dsmodel.mof
   * Simulation/Setup/Translation/List non-linear iteration variables
   * Simulation/Setup/Debug/Store variables after failed initialization
     - If a failure to solve a nonlinear equation caused failed initialization.
   * The options under the group Simulation/Setup/Debug/Nonlinear solver diagnostics

  Jacobian inverse norm estimate: 16661.2
  Condition number estimate: 5197.36
  1-norm of the residual = 52033.8

  Last value of the solution:
  Last value of the residual:


Warning: Failed to solve nonlinear system using Newton solver.
  During initialization at time: 0
  Tag: extended initialization.nonlinear[1]

  Common causes:
   * The system of equations has no solution - the residual will be above zero.
     - This may be caused by initial conditions not being fully specified, check the translation log.
     - In some cases the event-logic can cause this.
   * Starting values are too far from the solution, see homotopy in the manual.
     - In rare cases this could occur at events.
   * The equations are too discontinuous for the nonlinear solver - the residual will have knees.
     - Likely caused by over-using noEvent.
  Especially consider the first two items above when the nonlinear solver fails during initialization.

  To get more information consider the options:
   * Simulation/Setup/Translation/Generate listing of translated Modelica code in dsmodel.mof
   * Simulation/Setup/Translation/List non-linear iteration variables
   * Simulation/Setup/Debug/Store variables after failed initialization
     - If a failure to solve a nonlinear equation caused failed initialization.
   * The options under the group Simulation/Setup/Debug/Nonlinear solver diagnostics

  Jacobian inverse norm estimate: 16660.8
  Condition number estimate: 5301.01
  1-norm of the residual = 52033.5

  Last value of the solution:
  Last value of the residual:


Warning: Failed to solve nonlinear system using Newton solver.
  During initialization at time: 0
  Tag: extended initialization.nonlinear[1]

  Common causes:
   * The system of equations has no solution - the residual will be above zero.
     - This may be caused by initial conditions not being fully specified, check the translation log.
     - In some cases the event-logic can cause this.
   * Starting values are too far from the solution, see homotopy in the manual.
     - In rare cases this could occur at events.
   * The equations are too discontinuous for the nonlinear solver - the residual will have knees.
     - Likely caused by over-using noEvent.
  Especially consider the first two items above when the nonlinear solver fails during initialization.

  To get more information consider the options:
   * Simulation/Setup/Translation/Generate listing of translated Modelica code in dsmodel.mof
   * Simulation/Setup/Translation/List non-linear iteration variables
   * Simulation/Setup/Debug/Store variables after failed initialization
     - If a failure to solve a nonlinear equation caused failed initialization.
   * The options under the group Simulation/Setup/Debug/Nonlinear solver diagnostics

  Jacobian inverse norm estimate: 16660.6
  Condition number estimate: 11619
  1-norm of the residual = 52031.9

  Last value of the solution:
  Last value of the residual:


Warning: Failed to solve nonlinear system using Newton solver.
  During initialization at time: 0
  Tag: extended initialization.nonlinear[1]

  Common causes:
   * The system of equations has no solution - the residual will be above zero.
     - This may be caused by initial conditions not being fully specified, check the translation log.
     - In some cases the event-logic can cause this.
   * Starting values are too far from the solution, see homotopy in the manual.
     - In rare cases this could occur at events.
   * The equations are too discontinuous for the nonlinear solver - the residual will have knees.
     - Likely caused by over-using noEvent.
  Especially consider the first two items above when the nonlinear solver fails during initialization.

  To get more information consider the options:
   * Simulation/Setup/Translation/Generate listing of translated Modelica code in dsmodel.mof
   * Simulation/Setup/Translation/List non-linear iteration variables
   * Simulation/Setup/Debug/Store variables after failed initialization
     - If a failure to solve a nonlinear equation caused failed initialization.
   * The options under the group Simulation/Setup/Debug/Nonlinear solver diagnostics

  Jacobian inverse norm estimate: 16660.2
  Condition number estimate: 5082.05
  1-norm of the residual = 52031.7

  Last value of the solution:
  Last value of the residual:


Warning: Failed to solve nonlinear system using Newton solver.
  During initialization at time: 0
  Tag: extended initialization.nonlinear[1]

  Common causes:
   * The system of equations has no solution - the residual will be above zero.
     - This may be caused by initial conditions not being fully specified, check the translation log.
     - In some cases the event-logic can cause this.
   * Starting values are too far from the solution, see homotopy in the manual.
     - In rare cases this could occur at events.
   * The equations are too discontinuous for the nonlinear solver - the residual will have knees.
     - Likely caused by over-using noEvent.
  Especially consider the first two items above when the nonlinear solver fails during initialization.

  To get more information consider the options:
   * Simulation/Setup/Translation/Generate listing of translated Modelica code in dsmodel.mof
   * Simulation/Setup/Translation/List non-linear iteration variables
   * Simulation/Setup/Debug/Store variables after failed initialization
     - If a failure to solve a nonlinear equation caused failed initialization.
   * The options under the group Simulation/Setup/Debug/Nonlinear solver diagnostics

  Jacobian inverse norm estimate: 16660
  Condition number estimate: 5142.86
  1-norm of the residual = 52030.9

  Last value of the solution:
  Last value of the residual:


Warning: Failed to solve nonlinear system using Newton solver.
  During initialization at time: 0
  Tag: extended initialization.nonlinear[1]

  Common causes:
   * The system of equations has no solution - the residual will be above zero.
     - This may be caused by initial conditions not being fully specified, check the translation log.
     - In some cases the event-logic can cause this.
   * Starting values are too far from the solution, see homotopy in the manual.
     - In rare cases this could occur at events.
   * The equations are too discontinuous for the nonlinear solver - the residual will have knees.
     - Likely caused by over-using noEvent.
  Especially consider the first two items above when the nonlinear solver fails during initialization.

  To get more information consider the options:
   * Simulation/Setup/Translation/Generate listing of translated Modelica code in dsmodel.mof
   * Simulation/Setup/Translation/List non-linear iteration variables
   * Simulation/Setup/Debug/Store variables after failed initialization
     - If a failure to solve a nonlinear equation caused failed initialization.
   * The options under the group Simulation/Setup/Debug/Nonlinear solver diagnostics

  Jacobian inverse norm estimate: 16660.3
  Condition number estimate: 7176.84
  1-norm of the residual = 52030.4

  Last value of the solution:
  Last value of the residual:


Warning: Failed to solve nonlinear system using Newton solver.
  During initialization at time: 0
  Tag: extended initialization.nonlinear[1]

  Common causes:
   * The system of equations has no solution - the residual will be above zero.
     - This may be caused by initial conditions not being fully specified, check the translation log.
     - In some cases the event-logic can cause this.
   * Starting values are too far from the solution, see homotopy in the manual.
     - In rare cases this could occur at events.
   * The equations are too discontinuous for the nonlinear solver - the residual will have knees.
     - Likely caused by over-using noEvent.
  Especially consider the first two items above when the nonlinear solver fails during initialization.

  To get more information consider the options:
   * Simulation/Setup/Translation/Generate listing of translated Modelica code in dsmodel.mof
   * Simulation/Setup/Translation/List non-linear iteration variables
   * Simulation/Setup/Debug/Store variables after failed initialization
     - If a failure to solve a nonlinear equation caused failed initialization.
   * The options under the group Simulation/Setup/Debug/Nonlinear solver diagnostics

  Jacobian inverse norm estimate: 16659.8
  Condition number estimate: 6821.09
  1-norm of the residual = 52029.8

  Last value of the solution:
  Last value of the residual:


Warning: Failed to solve nonlinear system using Newton solver.
  During initialization at time: 0
  Tag: extended initialization.nonlinear[1]

  Common causes:
   * The system of equations has no solution - the residual will be above zero.
     - This may be caused by initial conditions not being fully specified, check the translation log.
     - In some cases the event-logic can cause this.
   * Starting values are too far from the solution, see homotopy in the manual.
     - In rare cases this could occur at events.
   * The equations are too discontinuous for the nonlinear solver - the residual will have knees.
     - Likely caused by over-using noEvent.
  Especially consider the first two items above when the nonlinear solver fails during initialization.

  To get more information consider the options:
   * Simulation/Setup/Translation/Generate listing of translated Modelica code in dsmodel.mof
   * Simulation/Setup/Translation/List non-linear iteration variables
   * Simulation/Setup/Debug/Store variables after failed initialization
     - If a failure to solve a nonlinear equation caused failed initialization.
   * The options under the group Simulation/Setup/Debug/Nonlinear solver diagnostics

  Jacobian inverse norm estimate: 16660
  Condition number estimate: 6980.86
  1-norm of the residual = 52029.2

  Last value of the solution:
  Last value of the residual:


Warning: Failed to solve nonlinear system using Newton solver.
  During initialization at time: 0
  Tag: extended initialization.nonlinear[1]

  Common causes:
   * The system of equations has no solution - the residual will be above zero.
     - This may be caused by initial conditions not being fully specified, check the translation log.
     - In some cases the event-logic can cause this.
   * Starting values are too far from the solution, see homotopy in the manual.
     - In rare cases this could occur at events.
   * The equations are too discontinuous for the nonlinear solver - the residual will have knees.
     - Likely caused by over-using noEvent.
  Especially consider the first two items above when the nonlinear solver fails during initialization.

  To get more information consider the options:
   * Simulation/Setup/Translation/Generate listing of translated Modelica code in dsmodel.mof
   * Simulation/Setup/Translation/List non-linear iteration variables
   * Simulation/Setup/Debug/Store variables after failed initialization
     - If a failure to solve a nonlinear equation caused failed initialization.
   * The options under the group Simulation/Setup/Debug/Nonlinear solver diagnostics

  Jacobian inverse norm estimate: 16659.9
  Condition number estimate: 6910.55
  1-norm of the residual = 52028.6

  Last value of the solution:
  Last value of the residual:


Warning: Failed to solve nonlinear system using Newton solver.
  During initialization at time: 0
  Tag: extended initialization.nonlinear[1]

  Common causes:
   * The system of equations has no solution - the residual will be above zero.
     - This may be caused by initial conditions not being fully specified, check the translation log.
     - In some cases the event-logic can cause this.
   * Starting values are too far from the solution, see homotopy in the manual.
     - In rare cases this could occur at events.
   * The equations are too discontinuous for the nonlinear solver - the residual will have knees.
     - Likely caused by over-using noEvent.
  Especially consider the first two items above when the nonlinear solver fails during initialization.

  To get more information consider the options:
   * Simulation/Setup/Translation/Generate listing of translated Modelica code in dsmodel.mof
   * Simulation/Setup/Translation/List non-linear iteration variables
   * Simulation/Setup/Debug/Store variables after failed initialization
     - If a failure to solve a nonlinear equation caused failed initialization.
   * The options under the group Simulation/Setup/Debug/Nonlinear solver diagnostics

  Jacobian inverse norm estimate: 16659.5
  Condition number estimate: 6928.05
  1-norm of the residual = 52028

  Last value of the solution:
  Last value of the residual:


Warning: Failed to solve nonlinear system using Newton solver.
  During initialization at time: 0
  Tag: extended initialization.nonlinear[1]

  Common causes:
   * The system of equations has no solution - the residual will be above zero.
     - This may be caused by initial conditions not being fully specified, check the translation log.
     - In some cases the event-logic can cause this.
   * Starting values are too far from the solution, see homotopy in the manual.
     - In rare cases this could occur at events.
   * The equations are too discontinuous for the nonlinear solver - the residual will have knees.
     - Likely caused by over-using noEvent.
  Especially consider the first two items above when the nonlinear solver fails during initialization.

  To get more information consider the options:
   * Simulation/Setup/Translation/Generate listing of translated Modelica code in dsmodel.mof
   * Simulation/Setup/Translation/List non-linear iteration variables
   * Simulation/Setup/Debug/Store variables after failed initialization
     - If a failure to solve a nonlinear equation caused failed initialization.
   * The options under the group Simulation/Setup/Debug/Nonlinear solver diagnostics

  Jacobian inverse norm estimate: 16659.3
  Condition number estimate: 6908.66
  1-norm of the residual = 52027.4

  Last value of the solution:
  Last value of the residual:


Warning: Failed to solve nonlinear system using Newton solver.
  During initialization at time: 0
  Tag: extended initialization.nonlinear[1]

  Common causes:
   * The system of equations has no solution - the residual will be above zero.
     - This may be caused by initial conditions not being fully specified, check the translation log.
     - In some cases the event-logic can cause this.
   * Starting values are too far from the solution, see homotopy in the manual.
     - In rare cases this could occur at events.
   * The equations are too discontinuous for the nonlinear solver - the residual will have knees.
     - Likely caused by over-using noEvent.
  Especially consider the first two items above when the nonlinear solver fails during initialization.

  To get more information consider the options:
   * Simulation/Setup/Translation/Generate listing of translated Modelica code in dsmodel.mof
   * Simulation/Setup/Translation/List non-linear iteration variables
   * Simulation/Setup/Debug/Store variables after failed initialization
     - If a failure to solve a nonlinear equation caused failed initialization.
   * The options under the group Simulation/Setup/Debug/Nonlinear solver diagnostics

  Jacobian inverse norm estimate: 16659.2
  Condition number estimate: 6905.05
  1-norm of the residual = 52026.8

  Last value of the solution:
  Last value of the residual:


Warning: Failed to solve nonlinear system using Newton solver.
  During initialization at time: 0
  Tag: extended initialization.nonlinear[1]

  Common causes:
   * The system of equations has no solution - the residual will be above zero.
     - This may be caused by initial conditions not being fully specified, check the translation log.
     - In some cases the event-logic can cause this.
   * Starting values are too far from the solution, see homotopy in the manual.
     - In rare cases this could occur at events.
   * The equations are too discontinuous for the nonlinear solver - the residual will have knees.
     - Likely caused by over-using noEvent.
  Especially consider the first two items above when the nonlinear solver fails during initialization.

  To get more information consider the options:
   * Simulation/Setup/Translation/Generate listing of translated Modelica code in dsmodel.mof
   * Simulation/Setup/Translation/List non-linear iteration variables
   * Simulation/Setup/Debug/Store variables after failed initialization
     - If a failure to solve a nonlinear equation caused failed initialization.
   * The options under the group Simulation/Setup/Debug/Nonlinear solver diagnostics

  Jacobian inverse norm estimate: 16659.1
  Condition number estimate: 6893.67
  1-norm of the residual = 52026.2

  Last value of the solution:
  Last value of the residual:


Warning: Failed to solve nonlinear system using Newton solver.
  During initialization at time: 0
  Tag: extended initialization.nonlinear[1]

  Common causes:
   * The system of equations has no solution - the residual will be above zero.
     - This may be caused by initial conditions not being fully specified, check the translation log.
     - In some cases the event-logic can cause this.
   * Starting values are too far from the solution, see homotopy in the manual.
     - In rare cases this could occur at events.
   * The equations are too discontinuous for the nonlinear solver - the residual will have knees.
     - Likely caused by over-using noEvent.
  Especially consider the first two items above when the nonlinear solver fails during initialization.

  To get more information consider the options:
   * Simulation/Setup/Translation/Generate listing of translated Modelica code in dsmodel.mof
   * Simulation/Setup/Translation/List non-linear iteration variables
   * Simulation/Setup/Debug/Store variables after failed initialization
     - If a failure to solve a nonlinear equation caused failed initialization.
   * The options under the group Simulation/Setup/Debug/Nonlinear solver diagnostics

  Jacobian inverse norm estimate: 16659.3
  Condition number estimate: 6886.69
  1-norm of the residual = 52025.6

  Last value of the solution:
  Last value of the residual:


Warning: Failed to solve nonlinear system using Newton solver.
  During initialization at time: 0
  Tag: extended initialization.nonlinear[1]

  Common causes:
   * The system of equations has no solution - the residual will be above zero.
     - This may be caused by initial conditions not being fully specified, check the translation log.
     - In some cases the event-logic can cause this.
   * Starting values are too far from the solution, see homotopy in the manual.
     - In rare cases this could occur at events.
   * The equations are too discontinuous for the nonlinear solver - the residual will have knees.
     - Likely caused by over-using noEvent.
  Especially consider the first two items above when the nonlinear solver fails during initialization.

  To get more information consider the options:
   * Simulation/Setup/Translation/Generate listing of translated Modelica code in dsmodel.mof
   * Simulation/Setup/Translation/List non-linear iteration variables
   * Simulation/Setup/Debug/Store variables after failed initialization
     - If a failure to solve a nonlinear equation caused failed initialization.
   * The options under the group Simulation/Setup/Debug/Nonlinear solver diagnostics

  Jacobian inverse norm estimate: 16659.6
  Condition number estimate: 6876.91
  1-norm of the residual = 52025

  Last value of the solution:
  Last value of the residual:


Warning: Failed to solve nonlinear system using Newton solver.
  During initialization at time: 0
  Tag: extended initialization.nonlinear[1]

  Common causes:
   * The system of equations has no solution - the residual will be above zero.
     - This may be caused by initial conditions not being fully specified, check the translation log.
     - In some cases the event-logic can cause this.
   * Starting values are too far from the solution, see homotopy in the manual.
     - In rare cases this could occur at events.
   * The equations are too discontinuous for the nonlinear solver - the residual will have knees.
     - Likely caused by over-using noEvent.
  Especially consider the first two items above when the nonlinear solver fails during initialization.

  To get more information consider the options:
   * Simulation/Setup/Translation/Generate listing of translated Modelica code in dsmodel.mof
   * Simulation/Setup/Translation/List non-linear iteration variables
   * Simulation/Setup/Debug/Store variables after failed initialization
     - If a failure to solve a nonlinear equation caused failed initialization.
   * The options under the group Simulation/Setup/Debug/Nonlinear solver diagnostics

  Jacobian inverse norm estimate: 16658.8
  Condition number estimate: 6867.82
  1-norm of the residual = 52024.4

  Last value of the solution:
  Last value of the residual:


Warning: Failed to solve nonlinear system using Newton solver.
  During initialization at time: 0
  Tag: extended initialization.nonlinear[1]

  Common causes:
   * The system of equations has no solution - the residual will be above zero.
     - This may be caused by initial conditions not being fully specified, check the translation log.
     - In some cases the event-logic can cause this.
   * Starting values are too far from the solution, see homotopy in the manual.
     - In rare cases this could occur at events.
   * The equations are too discontinuous for the nonlinear solver - the residual will have knees.
     - Likely caused by over-using noEvent.
  Especially consider the first two items above when the nonlinear solver fails during initialization.

  To get more information consider the options:
   * Simulation/Setup/Translation/Generate listing of translated Modelica code in dsmodel.mof
   * Simulation/Setup/Translation/List non-linear iteration variables
   * Simulation/Setup/Debug/Store variables after failed initialization
     - If a failure to solve a nonlinear equation caused failed initialization.
   * The options under the group Simulation/Setup/Debug/Nonlinear solver diagnostics

  Jacobian inverse norm estimate: 16658.7
  Condition number estimate: 6858.26
  1-norm of the residual = 52023.8

  Last value of the solution:
  Last value of the residual:


Warning: Failed to solve nonlinear system using Newton solver.
  During initialization at time: 0
  Tag: extended initialization.nonlinear[1]

  Common causes:
   * The system of equations has no solution - the residual will be above zero.
[SunModel::SunInstance] creating sun new instance
[CityEnergyModel::Instance]
  |-- export outputs enabled: 1
  |-- export visualization enabled: 0
  |-- export report enabled: 0
  |-- export building report enabled: 0
  |-- solar shading coefficients enabled: building
  |-- solar shading components: building
[CityEnergyModelInstance] execute start ...
execute at time=3600
[CityEnergyModelInstance] execute.simulation start ...
[CityEnergyModelInstance] execute.simulation.solarMasks start ...
[CityEnergyModelInstance] execute.simulation.solarMasks current done in 0.000304921 s
[CityEnergyModelInstance] execute.simulation.buildingExecuteStep start ...
[CityEnergyModelInstance] execute.simulation.buildingExecuteStep current done in 56.7093 s
[CityEnergyModelInstance] execute.simulation current done in 56.7101 s
[CityEnergyModelInstance] execute.postprocess start ...
[CityEnergyModelInstance] exportOutputs start ...
[CityEnergyModelInstance] exportOutputs current done in 0.245541 s
[CityEnergyModelInstance] execute.postprocess current done in 0.245691 s
execute at time=7200
[CityEnergyModelInstance] execute.simulation start ...
[CityEnergyModelInstance] execute.simulation.solarMasks start ...
[CityEnergyModelInstance] execute.simulation.solarMasks current done in 0.000297781 s
[CityEnergyModelInstance] execute.simulation.buildingExecuteStep start ...
[CityEnergyModelInstance] execute.simulation.buildingExecuteStep current done in 1.43912 s
[CityEnergyModelInstance] execute.simulation current done in 1.43995 s
[CityEnergyModelInstance] execute.postprocess start ...
[CityEnergyModelInstance] exportOutputs start ...
[CityEnergyModelInstance] exportOutputs current done in 1.66264 s
[CityEnergyModelInstance] execute.postprocess current done in 1.66275 s
execute at time=10800
[CityEnergyModelInstance] execute.simulation start ...
[CityEnergyModelInstance] execute.simulation.solarMasks start ...
[CityEnergyModelInstance] execute.simulation.solarMasks current done in 0.000240761 s
[CityEnergyModelInstance] execute.simulation.buildingExecuteStep start ...
[CityEnergyModelInstance] execute.simulation.buildingExecuteStep current done in 1.03693 s
[CityEnergyModelInstance] execute.simulation current done in 1.03765 s
[CityEnergyModelInstance] execute.postprocess start ...
[CityEnergyModelInstance] exportOutputs start ...
[CityEnergyModelInstance] exportOutputs current done in 0.136672 s
[CityEnergyModelInstance] execute.postprocess current done in 0.136816 s
execute at time=14400
[CityEnergyModelInstance] execute.simulation start ...
[CityEnergyModelInstance] execute.simulation.solarMasks start ...
[CityEnergyModelInstance] execute.simulation.solarMasks current done in 0.000286332 s
[CityEnergyModelInstance] execute.simulation.buildingExecuteStep start ...
[CityEnergyModelInstance] execute.simulation.buildingExecuteStep current done in 0.896669 s
[CityEnergyModelInstance] execute.simulation current done in 0.897478 s
[CityEnergyModelInstance] execute.postprocess start ...
[CityEnergyModelInstance] exportOutputs start ...
[CityEnergyModelInstance] exportOutputs current done in 0.120649 s
[CityEnergyModelInstance] execute.postprocess current done in 0.120804 s
execute at time=18000
[CityEnergyModelInstance] execute.simulation start ...
[CityEnergyModelInstance] execute.simulation.solarMasks start ...
[CityEnergyModelInstance] execute.simulation.solarMasks current done in 0.000316012 s
[CityEnergyModelInstance] execute.simulation.buildingExecuteStep start ...
[CityEnergyModelInstance] execute.simulation.buildingExecuteStep current done in 0.896707 s
[CityEnergyModelInstance] execute.simulation current done in 0.897509 s
[CityEnergyModelInstance] execute.postprocess start ...
[CityEnergyModelInstance] exportOutputs start ...
[CityEnergyModelInstance] exportOutputs current done in 0.115859 s
[CityEnergyModelInstance] execute.postprocess current done in 0.116008 s
execute at time=21600
[CityEnergyModelInstance] execute.simulation start ...
[CityEnergyModelInstance] execute.simulation.solarMasks start ...
[CityEnergyModelInstance] execute.simulation.solarMasks current done in 0.000299252 s
[CityEnergyModelInstance] execute.simulation.buildingExecuteStep start ...
[CityEnergyModelInstance] execute.simulation.buildingExecuteStep current done in 1.0531 s
[CityEnergyModelInstance] execute.simulation current done in 1.05388 s
[CityEnergyModelInstance] execute.postprocess start ...
[CityEnergyModelInstance] exportOutputs start ...
[CityEnergyModelInstance] exportOutputs current done in 0.119522 s
[CityEnergyModelInstance] execute.postprocess current done in 0.119652 s
execute at time=25200
[CityEnergyModelInstance] execute.simulation start ...
[CityEnergyModelInstance] execute.simulation.solarMasks start ...
[CityEnergyModelInstance] execute.simulation.solarMasks current done in 0.000281712 s
[CityEnergyModelInstance] execute.simulation.buildingExecuteStep start ...
[CityEnergyModelInstance] execute.simulation.buildingExecuteStep current done in 1.0181 s
[CityEnergyModelInstance] execute.simulation current done in 1.0189 s
[CityEnergyModelInstance] execute.postprocess start ...
[CityEnergyModelInstance] exportOutputs start ...
[CityEnergyModelInstance] exportOutputs current done in 0.113498 s
[CityEnergyModelInstance] execute.postprocess current done in 0.113676 s
execute at time=28800
[CityEnergyModelInstance] execute.simulation start ...
[CityEnergyModelInstance] execute.simulation.solarMasks start ...
[CityEnergyModelInstance] execute.simulation.solarMasks current done in 0.000279442 s
[CityEnergyModelInstance] execute.simulation.buildingExecuteStep start ...
[CityEnergyModelInstance] execute.simulation.buildingExecuteStep current done in 1.20379 s
[CityEnergyModelInstance] execute.simulation current done in 1.20458 s
[CityEnergyModelInstance] execute.postprocess start ...
[CityEnergyModelInstance] exportOutputs start ...
[CityEnergyModelInstance] exportOutputs current done in 0.169306 s
[CityEnergyModelInstance] execute.postprocess current done in 0.169419 s
execute at time=32400
[CityEnergyModelInstance] execute.simulation start ...
[CityEnergyModelInstance] execute.simulation.solarMasks start ...
[CityEnergyModelInstance] execute.simulation.solarMasks current done in 0.000289352 s
[CityEnergyModelInstance] execute.simulation.buildingExecuteStep start ...
[CityEnergyModelInstance] execute.simulation.buildingExecuteStep current done in 0.955799 s
[CityEnergyModelInstance] execute.simulation current done in 0.956603 s
[CityEnergyModelInstance] execute.postprocess start ...
[CityEnergyModelInstance] exportOutputs start ...
[CityEnergyModelInstance] exportOutputs current done in 0.229424 s
[CityEnergyModelInstance] execute.postprocess current done in 0.229536 s
execute at time=36000
[CityEnergyModelInstance] execute.simulation start ...
[CityEnergyModelInstance] execute.simulation.solarMasks start ...
[CityEnergyModelInstance] execute.simulation.solarMasks current done in 0.000318802 s
[CityEnergyModelInstance] execute.simulation.buildingExecuteStep start ...
[CityEnergyModelInstance] execute.simulation.buildingExecuteStep current done in 1.21769 s
[CityEnergyModelInstance] execute.simulation current done in 1.21854 s
[CityEnergyModelInstance] execute.postprocess start ...
[CityEnergyModelInstance] exportOutputs start ...
[CityEnergyModelInstance] exportOutputs current done in 0.118461 s
[CityEnergyModelInstance] execute.postprocess current done in 0.11863 s
execute at time=39600
[CityEnergyModelInstance] execute.simulation start ...
[CityEnergyModelInstance] execute.simulation.solarMasks start ...
[CityEnergyModelInstance] execute.simulation.solarMasks current done in 0.000308461 s
[CityEnergyModelInstance] execute.simulation.buildingExecuteStep start ...
[CityEnergyModelInstance] execute.simulation.buildingExecuteStep current done in 1.001 s
[CityEnergyModelInstance] execute.simulation current done in 1.00182 s
[CityEnergyModelInstance] execute.postprocess start ...
[CityEnergyModelInstance] exportOutputs start ...
[CityEnergyModelInstance] exportOutputs current done in 0.117871 s
[CityEnergyModelInstance] execute.postprocess current done in 0.118013 s
execute at time=43200
[CityEnergyModelInstance] execute.simulation start ...
[CityEnergyModelInstance] execute.simulation.solarMasks start ...
[CityEnergyModelInstance] execute.simulation.solarMasks current done in 0.000297381 s
[CityEnergyModelInstance] execute.simulation.buildingExecuteStep start ...
[CityEnergyModelInstance] execute.simulation.buildingExecuteStep current done in 0.893361 s
[CityEnergyModelInstance] execute.simulation current done in 0.89412 s
[CityEnergyModelInstance] execute.postprocess start ...
[CityEnergyModelInstance] exportOutputs start ...
[CityEnergyModelInstance] exportOutputs current done in 0.158827 s
[CityEnergyModelInstance] execute.postprocess current done in 0.158965 s
execute at time=46800
[CityEnergyModelInstance] execute.simulation start ...
[CityEnergyModelInstance] execute.simulation.solarMasks start ...
[CityEnergyModelInstance] execute.simulation.solarMasks current done in 0.000303402 s
[CityEnergyModelInstance] execute.simulation.buildingExecuteStep start ...
[CityEnergyModelInstance] execute.simulation.buildingExecuteStep current done in 1.08528 s
[CityEnergyModelInstance] execute.simulation current done in 1.08607 s
[CityEnergyModelInstance] execute.postprocess start ...
[CityEnergyModelInstance] exportOutputs start ...
[CityEnergyModelInstance] exportOutputs current done in 0.131281 s
[CityEnergyModelInstance] execute.postprocess current done in 0.131453 s
execute at time=50400
[CityEnergyModelInstance] execute.simulation start ...
[CityEnergyModelInstance] execute.simulation.solarMasks start ...
[CityEnergyModelInstance] execute.simulation.solarMasks current done in 0.000289541 s
[CityEnergyModelInstance] execute.simulation.buildingExecuteStep start ...
[CityEnergyModelInstance] execute.simulation.buildingExecuteStep current done in 1.23756 s
[CityEnergyModelInstance] execute.simulation current done in 1.23837 s
[CityEnergyModelInstance] execute.postprocess start ...
[CityEnergyModelInstance] exportOutputs start ...
[CityEnergyModelInstance] exportOutputs current done in 0.117797 s
[CityEnergyModelInstance] execute.postprocess current done in 0.11795 s
execute at time=54000
[CityEnergyModelInstance] execute.simulation start ...
[CityEnergyModelInstance] execute.simulation.solarMasks start ...
[CityEnergyModelInstance] execute.simulation.solarMasks current done in 0.000306622 s
[CityEnergyModelInstance] execute.simulation.buildingExecuteStep start ...
[CityEnergyModelInstance] execute.simulation.buildingExecuteStep current done in 1.08943 s
[CityEnergyModelInstance] execute.simulation current done in 1.09025 s
[CityEnergyModelInstance] execute.postprocess start ...
[CityEnergyModelInstance] exportOutputs start ...
[CityEnergyModelInstance] exportOutputs current done in 0.12323 s
[CityEnergyModelInstance] execute.postprocess current done in 0.123417 s
execute at time=57600
[CityEnergyModelInstance] execute.simulation start ...
[CityEnergyModelInstance] execute.simulation.solarMasks start ...
[CityEnergyModelInstance] execute.simulation.solarMasks current done in 0.000300562 s
[CityEnergyModelInstance] execute.simulation.buildingExecuteStep start ...
[CityEnergyModelInstance] execute.simulation.buildingExecuteStep current done in 0.975166 s
[CityEnergyModelInstance] execute.simulation current done in 0.975902 s
[CityEnergyModelInstance] execute.postprocess start ...
[CityEnergyModelInstance] exportOutputs start ...
[CityEnergyModelInstance] exportOutputs current done in 0.229953 s
[CityEnergyModelInstance] execute.postprocess current done in 0.230081 s
execute at time=61200
[CityEnergyModelInstance] execute.simulation start ...
[CityEnergyModelInstance] execute.simulation.solarMasks start ...
[CityEnergyModelInstance] execute.simulation.solarMasks current done in 0.000284162 s
[CityEnergyModelInstance] execute.simulation.buildingExecuteStep start ...
[CityEnergyModelInstance] execute.simulation.buildingExecuteStep current done in 1.01824 s
[CityEnergyModelInstance] execute.simulation current done in 1.01892 s
[CityEnergyModelInstance] execute.postprocess start ...
[CityEnergyModelInstance] exportOutputs start ...
[CityEnergyModelInstance] exportOutputs current done in 0.131078 s
[CityEnergyModelInstance] execute.postprocess current done in 0.131201 s
execute at time=64800
[CityEnergyModelInstance] execute.simulation start ...
[CityEnergyModelInstance] execute.simulation.solarMasks start ...
[CityEnergyModelInstance] execute.simulation.solarMasks current done in 0.000285292 s
[CityEnergyModelInstance] execute.simulation.buildingExecuteStep start ...
[CityEnergyModelInstance] execute.simulation.buildingExecuteStep current done in 1.02259 s
[CityEnergyModelInstance] execute.simulation current done in 1.02339 s
[CityEnergyModelInstance] execute.postprocess start ...
[CityEnergyModelInstance] exportOutputs start ...
[CityEnergyModelInstance] exportOutputs current done in 0.193834 s
[CityEnergyModelInstance] execute.postprocess current done in 0.193971 s
execute at time=68400
[CityEnergyModelInstance] execute.simulation start ...
[CityEnergyModelInstance] execute.simulation.solarMasks start ...
[CityEnergyModelInstance] execute.simulation.solarMasks current done in 0.000273572 s
[CityEnergyModelInstance] execute.simulation.buildingExecuteStep start ...
[CityEnergyModelInstance] execute.simulation.buildingExecuteStep current done in 1.04522 s
[CityEnergyModelInstance] execute.simulation current done in 1.04595 s
[CityEnergyModelInstance] execute.postprocess start ...
[CityEnergyModelInstance] exportOutputs start ...
[CityEnergyModelInstance] exportOutputs current done in 0.229802 s
[CityEnergyModelInstance] execute.postprocess current done in 0.229907 s
execute at time=72000
[CityEnergyModelInstance] execute.simulation start ...
[CityEnergyModelInstance] execute.simulation.solarMasks start ...
[CityEnergyModelInstance] execute.simulation.solarMasks current done in 0.000309122 s
[CityEnergyModelInstance] execute.simulation.buildingExecuteStep start ...
[CityEnergyModelInstance] execute.simulation.buildingExecuteStep current done in 1.00454 s
[CityEnergyModelInstance] execute.simulation current done in 1.00543 s
[CityEnergyModelInstance] execute.postprocess start ...
[CityEnergyModelInstance] exportOutputs start ...
[CityEnergyModelInstance] exportOutputs current done in 0.144809 s
[CityEnergyModelInstance] execute.postprocess current done in 0.144943 s
execute at time=75600
[CityEnergyModelInstance] execute.simulation start ...
[CityEnergyModelInstance] execute.simulation.solarMasks start ...
[CityEnergyModelInstance] execute.simulation.solarMasks current done in 0.000239781 s
[CityEnergyModelInstance] execute.simulation.buildingExecuteStep start ...
[CityEnergyModelInstance] execute.simulation.buildingExecuteStep current done in 1.22562 s
[CityEnergyModelInstance] execute.simulation current done in 1.22627 s
[CityEnergyModelInstance] execute.postprocess start ...
[CityEnergyModelInstance] exportOutputs start ...
[CityEnergyModelInstance] exportOutputs current done in 0.115735 s
[CityEnergyModelInstance] execute.postprocess current done in 0.1159 s
execute at time=79200
[CityEnergyModelInstance] execute.simulation start ...
[CityEnergyModelInstance] execute.simulation.solarMasks start ...
[CityEnergyModelInstance] execute.simulation.solarMasks current done in 0.000298982 s
[CityEnergyModelInstance] execute.simulation.buildingExecuteStep start ...
[CityEnergyModelInstance] execute.simulation.buildingExecuteStep current done in 0.922673 s
[CityEnergyModelInstance] execute.simulation current done in 0.923497 s
[CityEnergyModelInstance] execute.postprocess start ...
[CityEnergyModelInstance] exportOutputs start ...
[CityEnergyModelInstance] exportOutputs current done in 1.25342 s
[CityEnergyModelInstance] execute.postprocess current done in 1.25352 s
execute at time=82800
[CityEnergyModelInstance] execute.simulation start ...
[CityEnergyModelInstance] execute.simulation.solarMasks start ...
[CityEnergyModelInstance] execute.simulation.solarMasks current done in 0.000284771 s
[CityEnergyModelInstance] execute.simulation.buildingExecuteStep start ...
[CityEnergyModelInstance] execute.simulation.buildingExecuteStep current done in 0.993369 s
[CityEnergyModelInstance] execute.simulation current done in 0.994117 s
[CityEnergyModelInstance] execute.postprocess start ...
[CityEnergyModelInstance] exportOutputs start ...
[CityEnergyModelInstance] exportOutputs current done in 1.85071 s
[CityEnergyModelInstance] execute.postprocess current done in 1.85082 s
execute at time=86400
[CityEnergyModelInstance] execute.simulation start ...
[CityEnergyModelInstance] execute.simulation.solarMasks start ...
[CityEnergyModelInstance] execute.simulation.solarMasks current done in 0.000300932 s
[CityEnergyModelInstance] execute.simulation.buildingExecuteStep start ...
[CityEnergyModelInstance] execute.simulation.buildingExecuteStep current done in 1.13212 s
[CityEnergyModelInstance] execute.simulation current done in 1.13295 s
[CityEnergyModelInstance] execute.postprocess start ...
[CityEnergyModelInstance] exportOutputs start ...
[CityEnergyModelInstance] exportOutputs current done in 1.69063 s
[CityEnergyModelInstance] execute.postprocess current done in 1.69073 s
[CityEnergyModelInstance] execute current done in 90.6164 s
   * Simulation/Setup/Translation/List non-linear iteration variables
   * Simulation/Setup/Debug/Store variables after failed initialization
     - If a failure to solve a nonlinear equation caused failed initialization.
   * The options under the group Simulation/Setup/Debug/Nonlinear solver diagnostics

  Jacobian inverse norm estimate: 10271.6
  Condition number estimate: 5109.82
  1-norm of the residual = 432470

  Last value of the solution:
  Last value of the residual:

     - Likely caused by over-using noEvent.
  Especially consider the first two items above when the nonlinear solver fails during initialization.

  To get more information consider the options:
   * Simulation/Setup/Translation/Generate listing of translated Modelica code in dsmodel.mof
   * Simulation/Setup/Translation/List non-linear iteration variables
   * Simulation/Setup/Debug/Store variables after failed initialization
     - If a failure to solve a nonlinear equation caused failed initialization.
   * The options under the group Simulation/Setup/Debug/Nonlinear solver diagnostics

  Jacobian inverse norm estimate: 13317.6
  Condition number estimate: 4300.33
  1-norm of the residual = 651782

  Last value of the solution:
  Last value of the residual:

     - This may be caused by initial conditions not being fully specified, check the translation log.
     - In some cases the event-logic can cause this.
   * Starting values are too far from the solution, see homotopy in the manual.
     - In rare cases this could occur at events.
   * The equations are too discontinuous for the nonlinear solver - the residual will have knees.
     - Likely caused by over-using noEvent.
  Especially consider the first two items above when the nonlinear solver fails during initialization.

  To get more information consider the options:
   * Simulation/Setup/Translation/Generate listing of translated Modelica code in dsmodel.mof
   * Simulation/Setup/Translation/List non-linear iteration variables
   * Simulation/Setup/Debug/Store variables after failed initialization
     - If a failure to solve a nonlinear equation caused failed initialization.
   * The options under the group Simulation/Setup/Debug/Nonlinear solver diagnostics

  Jacobian inverse norm estimate: 16659.3
  Condition number estimate: 6850.03
  1-norm of the residual = 52023.2

  Last value of the solution:
  Last value of the residual:

   * Simulation/Setup/Translation/List non-linear iteration variables
   * Simulation/Setup/Debug/Store variables after failed initialization
     - If a failure to solve a nonlinear equation caused failed initialization.
   * The options under the group Simulation/Setup/Debug/Nonlinear solver diagnostics

  Jacobian inverse norm estimate: 15236
  Condition number estimate: 292.626
  1-norm of the residual = 208285

  Last value of the solution:
  Last value of the residual:

+-------------------------------------------------------------------------------------------------------------------------------+
|                                                     City_Energy_Modeling                                                      |
+-------------------------------------------------------------------------------------------------------------------------------+
| +-------------+-------------------------------------------------------------------------------------------------------------+ |
| | logs        | /disco2fs/ehpc-dev-2024d05-047/vchabannes/apptainer_home/kub/02ea806d/Paris_partitioned/np_512/logs         | |
| +-------------+-------------------------------------------------------------------------------------------------------------+ |
| | journal     | /disco2fs/ehpc-dev-2024d05-047/vchabannes/apptainer_home/kub/02ea806d/Paris_partitioned/np_512/journal.json | |
| +-------------+-------------------------------------------------------------------------------------------------------------+ |
| | directories | +------------------------------------------------------------------------------------------------+          | |
| |             | | /disco2fs/ehpc-dev-2024d05-047/vchabannes/apptainer_home/kub/02ea806d/Paris_partitioned/np_512 |          | |
| |             | +------------------------------------------------------------------------------------------------+          | |
| |             | | /disco2fs/ehpc-dev-2024d05-047/vchabannes/apptainer_home                                       |          | |
| |             | +------------------------------------------------------------------------------------------------+          | |
| +-------------+-------------------------------------------------------------------------------------------------------------+ |
+-------------------------------------------------------------------------------------------------------------------------------+

[ Stopping Feel++ ] application City_Energy_Modeling execution time 118.204s</code></pre>
</div>
</div>
</div>
</div>
<div class="sect1">
<h2 id="_feelpp_kub_cem_info"><a class="anchor" href="#_feelpp_kub_cem_info"></a>4. feelpp_kub_cem.INFO</h2>
<div class="sectionbody">
<div class="listingblock">
<div class="content">
<pre class="highlightjs highlight"><code class="language-bash hljs" data-lang="bash">Log file created at: 2025/04/04 17:12:05
Running on machine: cn0079
Log line format: [IWEF]mmdd hh:mm:ss.uuuuuu threadid file:line] msg
I0404 17:12:05.642908 1295271 environment.cpp:1708] File /input_data/kub_benchmark/5km/preprocessing/partitioning/np_512/mesh.lod0.json found
I0404 17:12:05.644632 1295271 loadmesh.hpp:246]  Loading mesh in json+h5 format "/input_data/kub_benchmark/5km/preprocessing/partitioning/np_512/mesh.lod0.json"
I0404 17:12:07.839705 1295271 partitionio.hpp:1134] read stat points 5857733,11393,0
I0404 17:12:07.839727 1295271 partitionio.hpp:1137] read stat elements 10339154,20198,0
I0404 17:12:07.839730 1295271 partitionio.hpp:1140] read stat ghost_elements 1722,0,0
I0404 17:12:07.839731 1295271 partitionio.hpp:1143] read stat marked_faces 1231012,2412,0
I0404 17:12:07.839733 1295271 partitionio.hpp:1146] read stat marked_edges 0,0,0
I0404 17:12:07.839735 1295271 partitionio.hpp:1149] read stat marked_points 0,0,0
I0404 17:12:07.839915 1295271 partitionio.hpp:1168] loaded points_ids:1x5857733
I0404 17:12:07.839953 1295271 partitionio.hpp:1170] loaded points_coords:1x17573199
I0404 17:12:07.893169 1295271 partitionio.hpp:1267] loaded elements:1x41356616
I0404 17:12:07.949684 1295271 partitionio.hpp:1373] loaded ghost_elements:1x1722
I0404 17:12:07.977690 1295271 partitionio.hpp:1568] loaded marked_subentities:1x3693036
I0404 17:12:07.995060 1295271 meshimpl.hpp:1411] We have 2412 faces in the database
I0404 17:12:08.027436 1295271 meshimpl.hpp:1890] update boundary points...
I0404 17:12:08.027669 1295271 meshimpl.hpp:1910] update boundary elements...
I0404 17:12:13.451195 1295271 mpifmu.cpp:149] [mpifmu] unzipPath=/disco2fs/ehpc-dev-2024d05-047/vchabannes/apptainer_home/kub/02ea806d/Paris_partitioned/np_512/fmus/fmi4cpp_sun using unzipPath: /disco2fs/ehpc-dev-2024d05-047/vchabannes/apptainer_home/kub/02ea806d/Paris_partitioned/np_512/fmus/fmi4cpp_sun ,fmuName: sun
I0404 17:12:13.508755 1295271 mpifmu.cpp:183] [mpifmu] Using input weather file
I0404 17:12:13.508889 1295271 mpifmu.cpp:201] [mpifmu] uncompressed fmu ready for consumption
I0404 17:12:13.553148 1295271 mpifmu.cpp:149] [mpifmu] unzipPath=/disco2fs/ehpc-dev-2024d05-047/vchabannes/apptainer_home/kub/02ea806d/Paris_partitioned/np_512/fmus/fmi4cpp_lod0.buildingfloor0 using unzipPath: /disco2fs/ehpc-dev-2024d05-047/vchabannes/apptainer_home/kub/02ea806d/Paris_partitioned/np_512/fmus/fmi4cpp_lod0.buildingfloor0 ,fmuName: lod0.buildingfloor0
I0404 17:12:13.618640 1295271 mpifmu.cpp:183] [mpifmu] Using input weather file
I0404 17:12:13.618824 1295271 mpifmu.cpp:201] [mpifmu] uncompressed fmu ready for consumption
I0404 17:12:13.688867 1295271 mpifmu.cpp:149] [mpifmu] unzipPath=/disco2fs/ehpc-dev-2024d05-047/vchabannes/apptainer_home/kub/02ea806d/Paris_partitioned/np_512/fmus/fmi4cpp_lod0.buildingfloor1 using unzipPath: /disco2fs/ehpc-dev-2024d05-047/vchabannes/apptainer_home/kub/02ea806d/Paris_partitioned/np_512/fmus/fmi4cpp_lod0.buildingfloor1 ,fmuName: lod0.buildingfloor1
I0404 17:12:13.764453 1295271 mpifmu.cpp:183] [mpifmu] Using input weather file
I0404 17:12:13.764637 1295271 mpifmu.cpp:201] [mpifmu] uncompressed fmu ready for consumption
I0404 17:12:13.874543 1295271 mpifmu.cpp:149] [mpifmu] unzipPath=/disco2fs/ehpc-dev-2024d05-047/vchabannes/apptainer_home/kub/02ea806d/Paris_partitioned/np_512/fmus/fmi4cpp_lod0.buildingfloor2 using unzipPath: /disco2fs/ehpc-dev-2024d05-047/vchabannes/apptainer_home/kub/02ea806d/Paris_partitioned/np_512/fmus/fmi4cpp_lod0.buildingfloor2 ,fmuName: lod0.buildingfloor2
I0404 17:12:13.958094 1295271 mpifmu.cpp:183] [mpifmu] Using input weather file
I0404 17:12:13.958252 1295271 mpifmu.cpp:201] [mpifmu] uncompressed fmu ready for consumption
I0404 17:12:14.096302 1295271 mpifmu.cpp:149] [mpifmu] unzipPath=/disco2fs/ehpc-dev-2024d05-047/vchabannes/apptainer_home/kub/02ea806d/Paris_partitioned/np_512/fmus/fmi4cpp_lod0.buildingfloor3 using unzipPath: /disco2fs/ehpc-dev-2024d05-047/vchabannes/apptainer_home/kub/02ea806d/Paris_partitioned/np_512/fmus/fmi4cpp_lod0.buildingfloor3 ,fmuName: lod0.buildingfloor3
I0404 17:12:14.187649 1295271 mpifmu.cpp:183] [mpifmu] Using input weather file
I0404 17:12:14.187780 1295271 mpifmu.cpp:201] [mpifmu] uncompressed fmu ready for consumption
I0404 17:12:14.388739 1295271 mpifmu.cpp:149] [mpifmu] unzipPath=/disco2fs/ehpc-dev-2024d05-047/vchabannes/apptainer_home/kub/02ea806d/Paris_partitioned/np_512/fmus/fmi4cpp_lod0.buildingfloor4 using unzipPath: /disco2fs/ehpc-dev-2024d05-047/vchabannes/apptainer_home/kub/02ea806d/Paris_partitioned/np_512/fmus/fmi4cpp_lod0.buildingfloor4 ,fmuName: lod0.buildingfloor4
I0404 17:12:14.487821 1295271 mpifmu.cpp:183] [mpifmu] Using input weather file
I0404 17:12:14.488008 1295271 mpifmu.cpp:201] [mpifmu] uncompressed fmu ready for consumption
I0404 17:12:14.706104 1295271 mpifmu.cpp:149] [mpifmu] unzipPath=/disco2fs/ehpc-dev-2024d05-047/vchabannes/apptainer_home/kub/02ea806d/Paris_partitioned/np_512/fmus/fmi4cpp_lod0.buildingfloor5 using unzipPath: /disco2fs/ehpc-dev-2024d05-047/vchabannes/apptainer_home/kub/02ea806d/Paris_partitioned/np_512/fmus/fmi4cpp_lod0.buildingfloor5 ,fmuName: lod0.buildingfloor5
I0404 17:12:14.809780 1295271 mpifmu.cpp:183] [mpifmu] Using input weather file
I0404 17:12:14.809967 1295271 mpifmu.cpp:201] [mpifmu] uncompressed fmu ready for consumption
I0404 17:12:15.082346 1295271 mpifmu.cpp:149] [mpifmu] unzipPath=/disco2fs/ehpc-dev-2024d05-047/vchabannes/apptainer_home/kub/02ea806d/Paris_partitioned/np_512/fmus/fmi4cpp_lod0.buildingfloor6 using unzipPath: /disco2fs/ehpc-dev-2024d05-047/vchabannes/apptainer_home/kub/02ea806d/Paris_partitioned/np_512/fmus/fmi4cpp_lod0.buildingfloor6 ,fmuName: lod0.buildingfloor6
I0404 17:12:15.196472 1295271 mpifmu.cpp:183] [mpifmu] Using input weather file
I0404 17:12:15.196614 1295271 mpifmu.cpp:201] [mpifmu] uncompressed fmu ready for consumption
I0404 17:12:15.503556 1295271 mpifmu.cpp:149] [mpifmu] unzipPath=/disco2fs/ehpc-dev-2024d05-047/vchabannes/apptainer_home/kub/02ea806d/Paris_partitioned/np_512/fmus/fmi4cpp_lod0.buildingfloor7 using unzipPath: /disco2fs/ehpc-dev-2024d05-047/vchabannes/apptainer_home/kub/02ea806d/Paris_partitioned/np_512/fmus/fmi4cpp_lod0.buildingfloor7 ,fmuName: lod0.buildingfloor7
I0404 17:12:15.623399 1295271 mpifmu.cpp:183] [mpifmu] Using input weather file
I0404 17:12:15.623553 1295271 mpifmu.cpp:201] [mpifmu] uncompressed fmu ready for consumption
I0404 17:12:16.054428 1295271 mpifmu.cpp:149] [mpifmu] unzipPath=/disco2fs/ehpc-dev-2024d05-047/vchabannes/apptainer_home/kub/02ea806d/Paris_partitioned/np_512/fmus/fmi4cpp_lod0.buildingfloor8 using unzipPath: /disco2fs/ehpc-dev-2024d05-047/vchabannes/apptainer_home/kub/02ea806d/Paris_partitioned/np_512/fmus/fmi4cpp_lod0.buildingfloor8 ,fmuName: lod0.buildingfloor8
I0404 17:12:16.184641 1295271 mpifmu.cpp:183] [mpifmu] Using input weather file
I0404 17:12:16.184913 1295271 mpifmu.cpp:201] [mpifmu] uncompressed fmu ready for consumption
I0404 17:12:16.590044 1295271 mpifmu.cpp:149] [mpifmu] unzipPath=/disco2fs/ehpc-dev-2024d05-047/vchabannes/apptainer_home/kub/02ea806d/Paris_partitioned/np_512/fmus/fmi4cpp_lod0.buildingfloor9 using unzipPath: /disco2fs/ehpc-dev-2024d05-047/vchabannes/apptainer_home/kub/02ea806d/Paris_partitioned/np_512/fmus/fmi4cpp_lod0.buildingfloor9 ,fmuName: lod0.buildingfloor9
I0404 17:12:16.728444 1295271 mpifmu.cpp:183] [mpifmu] Using input weather file
I0404 17:12:16.728716 1295271 mpifmu.cpp:201] [mpifmu] uncompressed fmu ready for consumption
W0404 17:12:17.968364 1295271 buildingmodel.cpp:45] [BuildingModel::Instance] building instance 81427719 not simulated
W0404 17:12:18.415130 1295271 buildingmodel.cpp:45] [BuildingModel::Instance] building instance 81792529 not simulated
W0404 17:12:18.629179 1295271 buildingmodel.cpp:45] [BuildingModel::Instance] building instance 81792487 not simulated
W0404 17:12:18.760318 1295271 buildingmodel.cpp:45] [BuildingModel::Instance] building instance 81427630 not simulated
W0404 17:12:19.139353 1295271 buildingmodel.cpp:45] [BuildingModel::Instance] building instance 81792454 not simulated
W0404 17:12:19.206934 1295271 buildingmodel.cpp:45] [BuildingModel::Instance] building instance 81779068 not simulated
W0404 17:12:20.517155 1295271 buildingmodel.cpp:45] [BuildingModel::Instance] building instance 81427772 not simulated
W0404 17:12:21.131538 1295271 buildingmodel.cpp:45] [BuildingModel::Instance] building instance 80858453 not simulated
W0404 17:12:22.608242 1295271 buildingmodel.cpp:45] [BuildingModel::Instance] building instance 80853681 not simulated
W0404 17:12:24.678471 1295271 buildingmodel.cpp:45] [BuildingModel::Instance] building instance 80301562 not simulated
W0404 17:12:24.761487 1295271 buildingmodel.cpp:45] [BuildingModel::Instance] building instance 80858512 not simulated
W0404 17:12:25.578058 1295271 buildingmodel.cpp:45] [BuildingModel::Instance] building instance 80301554 not simulated
W0404 17:12:27.717969 1295271 buildingmodel.cpp:45] [BuildingModel::Instance] building instance 81779162 not simulated
W0404 17:12:29.704236 1295271 buildingmodel.cpp:45] [BuildingModel::Instance] building instance 81427748 not simulated
I0404 17:12:31.217526 1295271 worldcomm.cpp:895] [rank 0] [DofTable::build] starts, has mesh support: false
I0404 17:12:31.219626 1295271 worldcomm.cpp:895] [rank 0] [DofTable::buildDofMap] starts, dof_indices empty: true
I0404 17:12:31.219638 1295271 worldcomm.cpp:895] [rank 0] [DofTable::buildDofMap] allocation done
I0404 17:12:31.220028 1295271 worldcomm.cpp:895] [rank 0] [DofTable::buildDofMap]  n_elts =  20198 on processor 0
I0404 17:12:31.225135 1295271 worldcomm.cpp:895] [rank 0] [builddofmap - 0] dof generation hasNoElt : false theFirstDF: 0 thelastDof: 20197
I0404 17:12:31.225142 1295271 worldcomm.cpp:895] [rank 0] [builddofmap - 0] gather discontinuous dof info hasNoElt : false theFirstDF: 0 thelastDof: 20197
I0404 17:12:31.235016 1295271 worldcomm.cpp:895] [rank 0] [DofTable::buildGhostDofMap rank=0] starts. hasMeshSupport: false
I0404 17:12:31.254463 1295271 element_impl.hpp:199] creating element u : u
I0404 17:12:31.254532 1295271 element_impl.hpp:199] creating element u : u
I0404 17:12:31.254580 1295271 element_impl.hpp:199] creating element u : u
I0404 17:12:31.254621 1295271 element_impl.hpp:199] creating element u : u
I0404 17:12:31.254685 1295271 element_impl.hpp:199] creating element u : u
I0404 17:12:31.254756 1295271 element_impl.hpp:199] creating element u : u
I0404 17:12:31.254818 1295271 element_impl.hpp:199] creating element u : u
I0404 17:12:31.254889 1295271 element_impl.hpp:199] creating element u : u
I0404 17:12:31.254978 1295271 element_impl.hpp:199] creating element u : u
I0404 17:12:31.265816 1295271 exporterimpl.hpp:219] [Exporter] format :  ensightgold
I0404 17:12:31.265831 1295271 exporterimpl.hpp:220] [Exporter] N      :  1
I0404 17:14:02.981568 1295271 environment.cpp:2423] Environment::clearSomeMemory before: PETSC get current memory usage (resident memory): 1.35494e+06  KBytes 1354.94  MBytes 1.35494 GBytes
I0404 17:14:02.981720 1295271 environment.cpp:2428] Environment::clearSomeMemory before: PETSC get current PETSC Malloc usage: 0  KBytes 0 MBytes 0 GBytes
I0404 17:14:02.981727 1295271 environment.cpp:2430] Environment::clearSomeMemory before: PETSC get maximum PETSC Malloc usage(largest memory ever used so far): 0  KBytes 0 MBytes 0 GBytes
I0404 17:14:02.981751 1295271 environment.cpp:2423] Environment::clearSomeMemory after: PETSC get current memory usage (resident memory): 1.35494e+06  KBytes 1354.94  MBytes 1.35494 GBytes
I0404 17:14:02.981755 1295271 environment.cpp:2428] Environment::clearSomeMemory after: PETSC get current PETSC Malloc usage: 0  KBytes 0 MBytes 0 GBytes
I0404 17:14:02.981758 1295271 environment.cpp:2430] Environment::clearSomeMemory after: PETSC get maximum PETSC Malloc usage(largest memory ever used so far): 0  KBytes 0 MBytes 0 GBytes</code></pre>
</div>
</div>
</div>
</div>
<div class="sect1">
<h2 id="_feelpp_kub_cem_warning"><a class="anchor" href="#_feelpp_kub_cem_warning"></a>5. feelpp_kub_cem.WARNING</h2>
<div class="sectionbody">
<div class="listingblock">
<div class="content">
<pre class="highlightjs highlight"><code class="language-bash hljs" data-lang="bash">Log file created at: 2025/04/04 17:12:17
Running on machine: cn0079
Log line format: [IWEF]mmdd hh:mm:ss.uuuuuu threadid file:line] msg
W0404 17:12:17.968364 1295271 buildingmodel.cpp:45] [BuildingModel::Instance] building instance 81427719 not simulated
W0404 17:12:18.415130 1295271 buildingmodel.cpp:45] [BuildingModel::Instance] building instance 81792529 not simulated
W0404 17:12:18.629179 1295271 buildingmodel.cpp:45] [BuildingModel::Instance] building instance 81792487 not simulated
W0404 17:12:18.760318 1295271 buildingmodel.cpp:45] [BuildingModel::Instance] building instance 81427630 not simulated
W0404 17:12:19.139353 1295271 buildingmodel.cpp:45] [BuildingModel::Instance] building instance 81792454 not simulated
W0404 17:12:19.206934 1295271 buildingmodel.cpp:45] [BuildingModel::Instance] building instance 81779068 not simulated
W0404 17:12:20.517155 1295271 buildingmodel.cpp:45] [BuildingModel::Instance] building instance 81427772 not simulated
W0404 17:12:21.131538 1295271 buildingmodel.cpp:45] [BuildingModel::Instance] building instance 80858453 not simulated
W0404 17:12:22.608242 1295271 buildingmodel.cpp:45] [BuildingModel::Instance] building instance 80853681 not simulated
W0404 17:12:24.678471 1295271 buildingmodel.cpp:45] [BuildingModel::Instance] building instance 80301562 not simulated
W0404 17:12:24.761487 1295271 buildingmodel.cpp:45] [BuildingModel::Instance] building instance 80858512 not simulated
W0404 17:12:25.578058 1295271 buildingmodel.cpp:45] [BuildingModel::Instance] building instance 80301554 not simulated
W0404 17:12:27.717969 1295271 buildingmodel.cpp:45] [BuildingModel::Instance] building instance 81779162 not simulated
W0404 17:12:29.704236 1295271 buildingmodel.cpp:45] [BuildingModel::Instance] building instance 81427748 not simulated</code></pre>
</div>
</div>
</div>
</div>
</article>
  </div>
</main>
</div>
<footer class="footer" style="border-top: 2px solid #e9e9e9; background-color: #fafafa; padding-bottom: 2em; padding-top: 2em;">
    <div class="container" style="display: flex; flex-direction: column; align-items: center; gap: 0.5em;">
        <div>
            <a href="https://www.cemosis.fr">
                <img src="../../../../../../_/img/cemosis-logo.svg" alt="Cemosis logo" height="50">
            </a>
        </div>
        <span style="font-size: 0.8rem; color: #9e9e9e"> 2025 <a href="https://www.cemosis.fr" style="text-decoration: underline;">Cemosis</a>, Universit de Strasbourg</span>
    </div>
</footer>
<script id="site-script" src="../../../../../../_/js/site.js" data-ui-root-path="../../../../../../_"></script>


<script async src="../../../../../../_/js/vendor/fontawesome-icon-defs.js"></script>
<script async src="../../../../../../_/js/vendor/fontawesome.js"></script>
<script async src="../../../../../../_/js/vendor/highlight.js"></script>


<script type="text/javascript">
function toggleFullScreen() {
   var doc = window.document;
   var docEl = doc.documentElement;

   var requestFullScreen = docEl.requestFullscreen || docEl.mozRequestFullScreen || docEl.webkitRequestFullScreen || docEl.msRequestFullscreen;
   var cancelFullScreen = doc.exitFullscreen || doc.mozCancelFullScreen || doc.webkitExitFullscreen || doc.msExitFullscreen;

   if(!doc.fullscreenElement && !doc.mozFullScreenElement && !doc.webkitFullscreenElement && !doc.msFullscreenElement) {
       requestFullScreen.call(docEl);
   }
   else {
       cancelFullScreen.call(doc);
   }
}
</script>
  </body>
</html>
