<!DOCTYPE html>
<html lang="en">
  <head>
    <meta charset="utf-8">
    <meta name="viewport" content="width=device-width,initial-scale=1">
    <title>ReFrame logs :: Ktirio Benchmarks</title>
    <link rel="canonical" href="https://feelpp.github.io/bench.ktirio.fr/ktirio_benchmarks/logs/discoverer/feelpp_kub_cem/Paris_partitioned/2025_04_04T15_02_21Z0300/e911b797.html">
    <meta name="generator" content="Antora 3.1.10">
    <link rel="stylesheet" href="../../../../../../_/css/site.css">
<link rel="icon" href="../../../../../../_/img/favicon.ico" type="image/x-icon">
<script>!function(l,p){if(l.protocol!==p&&l.host=="docs.antora.org"){l.protocol=p}else if(/\.gitlab\.io$/.test(l.host)){l.replace(p+"//docs.antora.org"+l.pathname.substr(l.pathname.indexOf("/",1))+l.search+l.hash)}}(location,"https:")</script>

<script src="../../../../../../_/js/vendor/tabs-block-extension.js"></script>
<script src="../../../../../../_/js/vendor/tabs-block-behavior.js"></script>



<script type="text/x-mathjax-config">
MathJax.Hub.Config({
  messageStyle: "none",
  tex2jax: {
    inlineMath: [['$','$'], ['\\(','\\)']],
    displayMath: [['$$','$$'], ['\\[','\\]']],
    processEscapes: true,
    processEnvironments: true,
    ignoreClass: "nostem|nolatexmath"
  },
  asciimath2jax: {
    delimiters: [["\\$", "\\$"]],
    ignoreClass: "nostem|noasciimath"
  },

  TeX: {
      Macros: {
      bold: ["{\\bf #1}",1],
      calTh: "{\\mathcal{T}_h}",
      card: ["{\\operatorname{card}(#1)}",1],
      card: ["{\\operatorname{card}(#1)}",1],
      Ck: ["{\\mathcal{C}^{#1}}",1],
      deformt: ["{\\mathbf{\\varepsilon(#1)}}",1],
      diam: "{\\operatorname{diam}}",
      dim: ["{\\operatorname{dim}(#1)}",1],
      disp: ["{\\mathbf{#1}}",1],
      domain: "{\\Omega}",
      ds: "",
      essinf: "{\\operatorname{ess}\\, \\operatorname{inf}}",
      F:"{\\mathcal{F}}",
      geo: "{\\mathrm{geo}}",
      Ich: ["{\\mathcal{I}^{#1}_{c,h}#2}",2],
      Id: "{\\mathcal{I}}",
      Ilag: ["{\\mathcal{I}^{\\mathrm{lag}}_{#1}}",1],
      jump: ["{[\\![ #1 ]\\!]}",1],
      n:"{\\mathbf{n}}",
      Ne: "{N_{\\mathrm{e}}}",
      Next: "{\\mathrm{n}}",
      nf: "{n_f}",
      ngeo: "{n_{\\mathrm{geo}}}",
      Nma: "{N_{\\mathrm{ma}}}",
      NN: "{\\mathbb N}",
      Nno: "{N_{\\mathrm{no}}}",
      Nso: "{N_{\\mathrm{so}}}",
      opdim: "{\\operatorname{dim}}",
      p: "{\\mathrm{p}}",
      P:"{\\mathcal{P}}",
      Pch: ["{P^{#1}_{c,h}}",1],
      Pcho: ["{P^{#1}_{c,h,0}}",1],
      Pk: ["{\\mathcal{P}^{#1}}",1],
      poly: ["{\\mathbb{#1}",1],
      poly: ["{\\mathbb{#1}}",1],
      prect: ["{\\left\\(#1\\right\\)}",1],
      q:"{\\mathbf{q}}",
      Qch: ["{Q^{#1}_{c,h}}",1],
      Qk: ["{\\mathcal{Q}^{#1}}",1],
      R: ["{\\mathbb{R}^{#1}}",1],
      RR: "{\\mathbb R}",
      set: ["{\\left\\{#1\\right\\}}",1],
      stresst: ["{\\mathbf{\\sigma(#1)}}",1],
      T:"{\\mathcal{T}}",
      tr: "{\\operatorname{tr}}",
      v:"{\\mathbf{v}}",
      vertiii: ["\\left\\vert\\kern-0.25ex\\left\\vert\\kern-0.25ex\\left\\vert #1 \\right\\vert\\kern-0.25ex\\right\\vert\\kern-0.25ex\\right\\vert",1]
  },
  extensions: ["mhchem.js"] 
  }
});
</script>
<!--<script type="text/javascript" async src="https://cdnjs.cloudflare.com/ajax/libs/mathjax/2.7.3/MathJax.js?config=TeX-MML-AM_CHTML"></script>-->
<!-- <script src='https://cdnjs.cloudflare.com/ajax/libs/mathjax/2.7.4/MathJax.js?config=TeX-MML-AM_CHTML' async></script> -->
<script src='https://cdnjs.cloudflare.com/ajax/libs/mathjax/2.7.7/MathJax.js?config=TeX-AMS_CHTML'></script>
<!--<script src="https://cdnjs.cloudflare.com/ajax/libs/mathjax/2.6.0/MathJax.js?config=TeX-MML-AM_HTMLorMML"></script>-->

<!--<link rel="stylesheet" href="https://cdnjs.cloudflare.com/ajax/libs/KaTeX/0.9.0/katex.min.css" integrity="sha384-TEMocfGvRuD1rIAacqrknm5BQZ7W7uWitoih+jMNFXQIbNl16bO8OZmylH/Vi/Ei" crossorigin="anonymous">
<script src="https://cdnjs.cloudflare.com/ajax/libs/KaTeX/0.9.0/katex.min.js" integrity="sha384-jmxIlussZWB7qCuB+PgKG1uLjjxbVVIayPJwi6cG6Zb4YKq0JIw+OMnkkEC7kYCq" crossorigin="anonymous"></script>-->
<script>var uiRootPath = '../../../../../../_'</script>

  </head>
  <body class="article">
<header class="header">
    <nav class="navbar navbar-expand-sm bg-dark navbar-dark navbar-template-project" style="border-top: 4px solid #9E9E9E">
        <div class="navbar-brand">
            <div class="navbar-item feelpp-logo">
            <a href="https://hidalgo2.eu"><img class="cemosis-logo" src="../../../../../../_/img/logo-hidalgo2-color.png" alt="Ktirio Benchmarks"></a>            
            &nbsp;&nbsp;&nbsp;&nbsp;
            <a href="https://eurohpc-ju.europa.eu/"><img class="cemosis-logo" src="../../../../../../_/img/logo-eurohpc-ju.png" alt="Ktirio Benchmarks"></a>            
            &nbsp;&nbsp;&nbsp;&nbsp;
            <a href="https://numpex.org/"><img class="cemosis-logo" src="../../../../../../_/img/logo-numpex.png" alt="Ktirio Benchmarks"></a>            
            &nbsp;&nbsp;&nbsp;&nbsp;
            <a href="https://www.economie.gouv.fr/france-2030"><img class="cemosis-logo" src="../../../../../../_/img/logo-france-2030.jpg" alt="Ktirio Benchmarks"></a>
            </div>  
            <button class="navbar-burger" data-target="topbar-nav">
                <span></span>
                <span></span>
                <span></span>
            </button>
        </div>

        <div id="topbar-nav" class="navbar-menu">
            <div class="navbar-end">
                <div class="navbar-item">
                    <a href="https://docs.feelpp.org/">Documentation Reference</a>
                </div>
                <div class="navbar-item">
                    <a class="navbar-brand"  href="https://www.cemosis.fr">
                        <a href="https://feelpp.github.io/bench.ktirio.fr"><img class="cemosis-logo" src="../../../../../../_/img/logo-unistra.svg"></a>
                        &nbsp;&nbsp;&nbsp;&nbsp;
                        <a href="https://feelpp.github.io/bench.ktirio.fr"><img class="cemosis-logo" src="../../../../../../_/img/logo-cnrs.svg"></a>
                        &nbsp;&nbsp;&nbsp;&nbsp;
                        <img class="cemosis-logo"  src="../../../../../../_/img/cemosis-logo.svg" alt="Cemosis logo"/>
                    </a>
                </div>
            </div>
        </div>
    </nav>
</header>
<div class="body">
<a href="#" class="menu-expand-toggle"></a>
<div class="nav-container" data-component="ktirio_benchmarks" data-version="">
  <aside class="nav">
    <div class="panels">
<div class="nav-panel-menu is-active" data-panel="menu">
  <nav class="nav-menu">
    <h3 class="title"><a href="../../../../../index.html">Ktirio Benchmarks</a></h3>
<ul class="nav-list">
  <li class="nav-item" data-depth="0">
<ul class="nav-list">
  <li class="nav-item" data-depth="1">
    <a class="nav-link" href="../../../../../index.html">Ktirio Benchmarks</a>
  </li>
  <li class="nav-item" data-depth="1">
    <a class="nav-link" href="../../../../../about.html">About</a>
  </li>
</ul>
  </li>
</ul>
  </nav>
</div>
<div class="nav-panel-explore" data-panel="explore">
  <div class="context">
    <span class="title">Ktirio Benchmarks</span>
    <span class="version"></span>
  </div>
  <ul class="components">
      <li class="component is-current">
        <a class="title" href="../../../../../index.html">Ktirio Benchmarks</a>
      </li>
  </ul>
</div>
    </div>
  </aside>
</div>
<main class="article">
<div class="toolbar" role="navigation">
  <button class="nav-toggle"></button>
    <a href="../../../../../index.html" class="home-link"></a>
  <nav class="breadcrumbs" aria-label="breadcrumbs">
  <ul>
    <li><a href="../../../../../index.html">Ktirio Benchmarks</a></li>
    <li><a href="e911b797.html">ReFrame logs</a></li>
  </ul>
</nav>

  
    <div class="edit-this-page"><a href="https://github.com/feelpp/bench.ktirio.fr/edit/main/docs/modules/ROOT/pages/logs/discoverer/feelpp_kub_cem/Paris_partitioned/2025_04_04T15_02_21Z0300/e911b797.adoc">Edit this Page</a></div>
  
  <div class="page-downloads">
  <span class="label">Download as</span>
  <ul class="download-options">
    <li>
      <a onclick="print(this)" href="#" data-toggle="tooltip" data-placement="left" title="Print to PDF"
         class="pdf-download">
        <img class="pdf-file-icon icon" src="../../../../../../_/img/pdf.svg"/> .pdf
      </a>
    </li>
  </ul>
</div>
</div>

  <div class="content">
<aside class="toc sidebar" data-title="Contents" data-levels="2">
  <div class="toc-menu"></div>
</aside>
<article class="doc">
<h1 class="page">ReFrame logs</h1>
<div class="sect1">
<h2 id="_reframe_scheduler_script"><a class="anchor" href="#_reframe_scheduler_script"></a>1. ReFrame scheduler script</h2>
<div class="sectionbody">
<div class="listingblock">
<div class="content">
<pre class="highlightjs highlight"><code class="language-bash hljs" data-lang="bash">#!/bin/bash
#SBATCH --job-name="rfm_RegressionTest_e911b797"
#SBATCH --ntasks=256
#SBATCH --cpus-per-task=1
#SBATCH --output=rfm_job.out
#SBATCH --error=rfm_job.err
#SBATCH --exclusive
#SBATCH --partition=cn
#SBATCH --nodes=3
#SBATCH --account=ehpc-dev-2024d05-047
#SBATCH --qos=ehpc-dev-2024d05-047
#SBATCH --threads-per-core=1
#SBATCH --time=0-00:30:0
source /etc/profile.d/modules.sh
export MODULEPATH=/opt/software/modulefiles:$MODULEPATH
module load openmpi/4/gcc/latest
srun singularity exec -B"/discofs/ehpc-dev-2024d05-047/vchabannes/tmp_reframe/stage/discoverer/cn/default/RegressionTest_e911b797:/rfm_workdir" --home /disco2fs/ehpc-dev-2024d05-047/vchabannes/apptainer_home --bind /disco2fs/ehpc-dev-2024d05-047/vchabannes/inputdataset/e911b797:/input_data --env OMP_NUM_THREADS=1 /home/vchabannes/discofs_project/vchabannes/images_sif/kub_feature-cem_partitioning-sif feelpp_kub_cem --config-files /input_data/kub/idealHeaters.cfg --cem.simulator.sun.filename=/input_data/kub/simulators/Sun.fmu --cem.simulator.lod0.modelisation.maxfloors=10 --cem.preprocessing.dataregistry.directory=/input_data/kub_benchmark/5km/preprocessing --cem.weather.filename=/input_data/kub/Paris/weather.csv --cem.scenarios.filename=/input_data/kub/scenarios_local/scenarios.json --cem.instance.time.start=0 --cem.instance.time.stop=86400 --cem.instance.time.step=3600 --cem.instance.postprocess.export.visualization.enabled=false --cem.instance.postprocess.export.report.enabled=false --cem.instance.postprocess.export.outputs.csv.enabled=false --cem.instance.postprocess.export.outputs.enabled=true --cem.instance.solar_shading.enabled=false --cem.instance.idealflows.enabled=true --cem.database.directory /disco2fs/ehpc-dev-2024d05-047/vchabannes/apptainer_home/kub/e911b797/Paris_partitioned --directory /disco2fs/ehpc-dev-2024d05-047/vchabannes/apptainer_home/kub/e911b797/Paris_partitioned --cem.instance.solar_shading.ray-tracing.quad-order 3</code></pre>
</div>
</div>
</div>
</div>
<div class="sect1">
<h2 id="_reframe_error_log"><a class="anchor" href="#_reframe_error_log"></a>2. ReFrame error log</h2>
<div class="sectionbody">
<div class="listingblock">
<div class="content">
<pre class="highlightjs highlight"><code class="language-bash hljs" data-lang="bash">slurmstepd: error: Unable to get current working directory: No such file or directory
Loading openmpi/4/gcc/latest
  Loading requirement: ucx/1/latest libfabric/1/latest
slurmstepd: error: Unable to get current working directory: No such file or directory
slurmstepd: error: Unable to get current working directory: No such file or directory
slurmstepd: error: Unable to get current working directory: No such file or directory
[cn0236:128637] PMIX ERROR: ERROR in file ../../../../../../src/mca/gds/ds12/gds_ds12_lock_pthread.c at line 169
[cn0236:128667] PMIX ERROR: ERROR in file ../../../../../../src/mca/gds/ds12/gds_ds12_lock_pthread.c at line 169
[cn0236:128654] PMIX ERROR: ERROR in file ../../../../../../src/mca/gds/ds12/gds_ds12_lock_pthread.c at line 169
[cn0236:128643] PMIX ERROR: ERROR in file ../../../../../../src/mca/gds/ds12/gds_ds12_lock_pthread.c at line 169
[cn0236:128660] PMIX ERROR: ERROR in file ../../../../../../src/mca/gds/ds12/gds_ds12_lock_pthread.c at line 169
[cn0236:128676] PMIX ERROR: ERROR in file ../../../../../../src/mca/gds/ds12/gds_ds12_lock_pthread.c at line 169
[cn0236:128669] PMIX ERROR: ERROR in file ../../../../../../src/mca/gds/ds12/gds_ds12_lock_pthread.c at line 169
[cn0236:128636] PMIX ERROR: ERROR in file ../../../../../../src/mca/gds/ds12/gds_ds12_lock_pthread.c at line 169
[cn0236:128662] PMIX ERROR: ERROR in file ../../../../../../src/mca/gds/ds12/gds_ds12_lock_pthread.c at line 169
[cn0236:128666] PMIX ERROR: ERROR in file ../../../../../../src/mca/gds/ds12/gds_ds12_lock_pthread.c at line 169
[cn0236:128688] PMIX ERROR: ERROR in file ../../../../../../src/mca/gds/ds12/gds_ds12_lock_pthread.c at line 169
[cn0236:128655] PMIX ERROR: ERROR in file ../../../../../../src/mca/gds/ds12/gds_ds12_lock_pthread.c at line 169
[cn0236:128641] PMIX ERROR: ERROR in file ../../../../../../src/mca/gds/ds12/gds_ds12_lock_pthread.c at line 169
[cn0236:128678] PMIX ERROR: ERROR in file ../../../../../../src/mca/gds/ds12/gds_ds12_lock_pthread.c at line 169
[cn0236:128687] PMIX ERROR: ERROR in file ../../../../../../src/mca/gds/ds12/gds_ds12_lock_pthread.c at line 169
[cn0236:128650] PMIX ERROR: ERROR in file ../../../../../../src/mca/gds/ds12/gds_ds12_lock_pthread.c at line 169
[cn0236:128701] PMIX ERROR: ERROR in file ../../../../../../src/mca/gds/ds12/gds_ds12_lock_pthread.c at line 169
[cn0236:128663] PMIX ERROR: ERROR in file ../../../../../../src/mca/gds/ds12/gds_ds12_lock_pthread.c at line 169
[cn0236:128674] PMIX ERROR: ERROR in file ../../../../../../src/mca/gds/ds12/gds_ds12_lock_pthread.c at line 169
[cn0236:128680] PMIX ERROR: ERROR in file ../../../../../../src/mca/gds/ds12/gds_ds12_lock_pthread.c at line 169
[cn0236:128711] PMIX ERROR: ERROR in file ../../../../../../src/mca/gds/ds12/gds_ds12_lock_pthread.c at line 169
[cn0236:128651] PMIX ERROR: ERROR in file ../../../../../../src/mca/gds/ds12/gds_ds12_lock_pthread.c at line 169
[cn0236:128646] PMIX ERROR: ERROR in file ../../../../../../src/mca/gds/ds12/gds_ds12_lock_pthread.c at line 169
[cn0236:128639] PMIX ERROR: ERROR in file ../../../../../../src/mca/gds/ds12/gds_ds12_lock_pthread.c at line 169
[cn0236:128661] PMIX ERROR: ERROR in file ../../../../../../src/mca/gds/ds12/gds_ds12_lock_pthread.c at line 169
[cn0236:128658] PMIX ERROR: ERROR in file ../../../../../../src/mca/gds/ds12/gds_ds12_lock_pthread.c at line 169
[cn0236:128679] PMIX ERROR: ERROR in file ../../../../../../src/mca/gds/ds12/gds_ds12_lock_pthread.c at line 169
[cn0236:128695] PMIX ERROR: ERROR in file ../../../../../../src/mca/gds/ds12/gds_ds12_lock_pthread.c at line 169
[cn0236:128694] PMIX ERROR: ERROR in file ../../../../../../src/mca/gds/ds12/gds_ds12_lock_pthread.c at line 169
[cn0236:128703] PMIX ERROR: ERROR in file ../../../../../../src/mca/gds/ds12/gds_ds12_lock_pthread.c at line 169
[cn0236:128659] PMIX ERROR: ERROR in file ../../../../../../src/mca/gds/ds12/gds_ds12_lock_pthread.c at line 169
[cn0236:128675] PMIX ERROR: ERROR in file ../../../../../../src/mca/gds/ds12/gds_ds12_lock_pthread.c at line 169
[cn0236:128709] PMIX ERROR: ERROR in file ../../../../../../src/mca/gds/ds12/gds_ds12_lock_pthread.c at line 169
[cn0236:128649] PMIX ERROR: ERROR in file ../../../../../../src/mca/gds/ds12/gds_ds12_lock_pthread.c at line 169
[cn0236:128700] PMIX ERROR: ERROR in file ../../../../../../src/mca/gds/ds12/gds_ds12_lock_pthread.c at line 169
[cn0236:128684] PMIX ERROR: ERROR in file ../../../../../../src/mca/gds/ds12/gds_ds12_lock_pthread.c at line 169
[cn0236:128644] PMIX ERROR: ERROR in file ../../../../../../src/mca/gds/ds12/gds_ds12_lock_pthread.c at line 169
[cn0236:128685] PMIX ERROR: ERROR in file ../../../../../../src/mca/gds/ds12/gds_ds12_lock_pthread.c at line 169
[cn0239:1109279] PMIX ERROR: ERROR in file ../../../../../../src/mca/gds/ds12/gds_ds12_lock_pthread.c at line 169
[cn0239:1109309] PMIX ERROR: ERROR in file ../../../../../../src/mca/gds/ds12/gds_ds12_lock_pthread.c at line 169
[cn0239:1109278] PMIX ERROR: ERROR in file ../../../../../../src/mca/gds/ds12/gds_ds12_lock_pthread.c at line 169
[cn0239:1109396] PMIX ERROR: ERROR in file ../../../../../../src/mca/gds/ds12/gds_ds12_lock_pthread.c at line 169
[cn0239:1109355] PMIX ERROR: ERROR in file ../../../../../../src/mca/gds/ds12/gds_ds12_lock_pthread.c at line 169
[cn0239:1109313] PMIX ERROR: ERROR in file ../../../../../../src/mca/gds/ds12/gds_ds12_lock_pthread.c at line 169
[cn0239:1109270] PMIX ERROR: ERROR in file ../../../../../../src/mca/gds/ds12/gds_ds12_lock_pthread.c at line 169
[cn0239:1109268] PMIX ERROR: ERROR in file ../../../../../../src/mca/gds/ds12/gds_ds12_lock_pthread.c at line 169
[cn0239:1109326] PMIX ERROR: ERROR in file ../../../../../../src/mca/gds/ds12/gds_ds12_lock_pthread.c at line 169
[cn0239:1109390] PMIX ERROR: ERROR in file ../../../../../../src/mca/gds/ds12/gds_ds12_lock_pthread.c at line 169
[cn0239:1109269] PMIX ERROR: ERROR in file ../../../../../../src/mca/gds/ds12/gds_ds12_lock_pthread.c at line 169
[cn0239:1109316] PMIX ERROR: ERROR in file ../../../../../../src/mca/gds/ds12/gds_ds12_lock_pthread.c at line 169
[cn0239:1109529] PMIX ERROR: ERROR in file ../../../../../../src/mca/gds/ds12/gds_ds12_lock_pthread.c at line 169
[cn0239:1109346] PMIX ERROR: ERROR in file ../../../../../../src/mca/gds/ds12/gds_ds12_lock_pthread.c at line 169
[cn0239:1109317] PMIX ERROR: ERROR in file ../../../../../../src/mca/gds/ds12/gds_ds12_lock_pthread.c at line 169
[cn0239:1109277] PMIX ERROR: ERROR in file ../../../../../../src/mca/gds/ds12/gds_ds12_lock_pthread.c at line 169
[cn0239:1109275] PMIX ERROR: ERROR in file ../../../../../../src/mca/gds/ds12/gds_ds12_lock_pthread.c at line 169
[cn0239:1109272] PMIX ERROR: ERROR in file ../../../../../../src/mca/gds/ds12/gds_ds12_lock_pthread.c at line 169
[cn0236:128653] PMIX ERROR: ERROR in file ../../../../../../src/mca/gds/ds12/gds_ds12_lock_pthread.c at line 169
[cn0236:128698] PMIX ERROR: ERROR in file ../../../../../../src/mca/gds/ds12/gds_ds12_lock_pthread.c at line 169
[cn0236:128645] PMIX ERROR: ERROR in file ../../../../../../src/mca/gds/ds12/gds_ds12_lock_pthread.c at line 169
[cn0239:1109538] PMIX ERROR: ERROR in file ../../../../../../src/mca/gds/ds12/gds_ds12_lock_pthread.c at line 169
[cn0239:1109315] PMIX ERROR: ERROR in file ../../../../../../src/mca/gds/ds12/gds_ds12_lock_pthread.c at line 169
[cn0239:1109276] PMIX ERROR: ERROR in file ../../../../../../src/mca/gds/ds12/gds_ds12_lock_pthread.c at line 169
[cn0239:1109531] PMIX ERROR: ERROR in file ../../../../../../src/mca/gds/ds12/gds_ds12_lock_pthread.c at line 169
[cn0239:1109411] PMIX ERROR: ERROR in file ../../../../../../src/mca/gds/ds12/gds_ds12_lock_pthread.c at line 169
[cn0239:1109357] PMIX ERROR: ERROR in file ../../../../../../src/mca/gds/ds12/gds_ds12_lock_pthread.c at line 169
[cn0239:1109392] PMIX ERROR: ERROR in file ../../../../../../src/mca/gds/ds12/gds_ds12_lock_pthread.c at line 169
[cn0239:1109286] PMIX ERROR: ERROR in file ../../../../../../src/mca/gds/ds12/gds_ds12_lock_pthread.c at line 169
[cn0239:1109353] PMIX ERROR: ERROR in file ../../../../../../src/mca/gds/ds12/gds_ds12_lock_pthread.c at line 169
[cn0239:1109288] PMIX ERROR: ERROR in file ../../../../../../src/mca/gds/ds12/gds_ds12_lock_pthread.c at line 169
[cn0239:1109271] PMIX ERROR: ERROR in file ../../../../../../src/mca/gds/ds12/gds_ds12_lock_pthread.c at line 169
[cn0239:1109532] PMIX ERROR: ERROR in file ../../../../../../src/mca/gds/ds12/gds_ds12_lock_pthread.c at line 169
[cn0239:1109543] PMIX ERROR: ERROR in file ../../../../../../src/mca/gds/ds12/gds_ds12_lock_pthread.c at line 169
[cn0239:1109534] PMIX ERROR: ERROR in file ../../../../../../src/mca/gds/ds12/gds_ds12_lock_pthread.c at line 169
[cn0239:1109566] PMIX ERROR: ERROR in file ../../../../../../src/mca/gds/ds12/gds_ds12_lock_pthread.c at line 169
[cn0239:1109533] PMIX ERROR: ERROR in file ../../../../../../src/mca/gds/ds12/gds_ds12_lock_pthread.c at line 169
[cn0239:1109565] PMIX ERROR: ERROR in file ../../../../../../src/mca/gds/ds12/gds_ds12_lock_pthread.c at line 169
[cn0239:1109579] PMIX ERROR: ERROR in file ../../../../../../src/mca/gds/ds12/gds_ds12_lock_pthread.c at line 169
[cn0239:1109397] PMIX ERROR: ERROR in file ../../../../../../src/mca/gds/ds12/gds_ds12_lock_pthread.c at line 169
[cn0239:1109596] PMIX ERROR: ERROR in file ../../../../../../src/mca/gds/ds12/gds_ds12_lock_pthread.c at line 169
[cn0239:1109526] PMIX ERROR: ERROR in file ../../../../../../src/mca/gds/ds12/gds_ds12_lock_pthread.c at line 169
[cn0239:1109516] PMIX ERROR: ERROR in file ../../../../../../src/mca/gds/ds12/gds_ds12_lock_pthread.c at line 169
[cn0239:1109274] PMIX ERROR: ERROR in file ../../../../../../src/mca/gds/ds12/gds_ds12_lock_pthread.c at line 169
[cn0239:1109462] PMIX ERROR: ERROR in file ../../../../../../src/mca/gds/ds12/gds_ds12_lock_pthread.c at line 169
[cn0236:128648] PMIX ERROR: ERROR in file ../../../../../../src/mca/gds/ds12/gds_ds12_lock_pthread.c at line 169
[cn0236:128707] PMIX ERROR: ERROR in file ../../../../../../src/mca/gds/ds12/gds_ds12_lock_pthread.c at line 169
[cn0239:1109557] PMIX ERROR: ERROR in file ../../../../../../src/mca/gds/ds12/gds_ds12_lock_pthread.c at line 169
[cn0239:1109568] PMIX ERROR: ERROR in file ../../../../../../src/mca/gds/ds12/gds_ds12_lock_pthread.c at line 169
[cn0236:128706] PMIX ERROR: ERROR in file ../../../../../../src/mca/gds/ds12/gds_ds12_lock_pthread.c at line 169
[cn0236:128683] PMIX ERROR: ERROR in file ../../../../../../src/mca/gds/ds12/gds_ds12_lock_pthread.c at line 169
[cn0236:128697] PMIX ERROR: ERROR in file ../../../../../../src/mca/gds/ds12/gds_ds12_lock_pthread.c at line 169
[cn0239:1109412] PMIX ERROR: ERROR in file ../../../../../../src/mca/gds/ds12/gds_ds12_lock_pthread.c at line 169
[cn0239:1109282] PMIX ERROR: ERROR in file ../../../../../../src/mca/gds/ds12/gds_ds12_lock_pthread.c at line 169
[cn0236:128712] PMIX ERROR: ERROR in file ../../../../../../src/mca/gds/ds12/gds_ds12_lock_pthread.c at line 169
[cn0239:1109519] PMIX ERROR: ERROR in file ../../../../../../src/mca/gds/ds12/gds_ds12_lock_pthread.c at line 169
[cn0239:1109402] PMIX ERROR: ERROR in file ../../../../../../src/mca/gds/ds12/gds_ds12_lock_pthread.c at line 169
[cn0236:129423] PMIX ERROR: ERROR in file ../../../../../../src/mca/gds/ds12/gds_ds12_lock_pthread.c at line 169
[cn0239:1109554] PMIX ERROR: ERROR in file ../../../../../../src/mca/gds/ds12/gds_ds12_lock_pthread.c at line 169
[cn0236:128689] PMIX ERROR: ERROR in file ../../../../../../src/mca/gds/ds12/gds_ds12_lock_pthread.c at line 169
[cn0236:128673] PMIX ERROR: ERROR in file ../../../../../../src/mca/gds/ds12/gds_ds12_lock_pthread.c at line 169
[cn0239:1109354] PMIX ERROR: ERROR in file ../../../../../../src/mca/gds/ds12/gds_ds12_lock_pthread.c at line 169
[cn0239:1109513] PMIX ERROR: ERROR in file ../../../../../../src/mca/gds/ds12/gds_ds12_lock_pthread.c at line 169
[cn0239:1109492] PMIX ERROR: ERROR in file ../../../../../../src/mca/gds/ds12/gds_ds12_lock_pthread.c at line 169
[cn0236:128671] PMIX ERROR: ERROR in file ../../../../../../src/mca/gds/ds12/gds_ds12_lock_pthread.c at line 169
[cn0236:128693] PMIX ERROR: ERROR in file ../../../../../../src/mca/gds/ds12/gds_ds12_lock_pthread.c at line 169
[cn0239:1110649] PMIX ERROR: ERROR in file ../../../../../../src/mca/gds/ds12/gds_ds12_lock_pthread.c at line 169
[cn0236:129946] PMIX ERROR: ERROR in file ../../../../../../src/mca/gds/ds12/gds_ds12_lock_pthread.c at line 169
[cn0236:128657] PMIX ERROR: ERROR in file ../../../../../../src/mca/gds/ds12/gds_ds12_lock_pthread.c at line 169
[cn0236:128668] PMIX ERROR: ERROR in file ../../../../../../src/mca/gds/ds12/gds_ds12_lock_pthread.c at line 169
[cn0236:128690] PMIX ERROR: ERROR in file ../../../../../../src/mca/gds/ds12/gds_ds12_lock_pthread.c at line 169
[cn0239:1109285] PMIX ERROR: ERROR in file ../../../../../../src/mca/gds/ds12/gds_ds12_lock_pthread.c at line 169
[cn0235:129165] PMIX ERROR: ERROR in file ../../../../../../src/mca/gds/ds12/gds_ds12_lock_pthread.c at line 169
[cn0235:129130] PMIX ERROR: ERROR in file ../../../../../../src/mca/gds/ds12/gds_ds12_lock_pthread.c at line 169
[cn0235:129091] PMIX ERROR: ERROR in file ../../../../../../src/mca/gds/ds12/gds_ds12_lock_pthread.c at line 169
[cn0235:129121] PMIX ERROR: ERROR in file ../../../../../../src/mca/gds/ds12/gds_ds12_lock_pthread.c at line 169
[cn0235:129168] PMIX ERROR: ERROR in file ../../../../../../src/mca/gds/ds12/gds_ds12_lock_pthread.c at line 169
[cn0235:129149] PMIX ERROR: ERROR in file ../../../../../../src/mca/gds/ds12/gds_ds12_lock_pthread.c at line 169
[cn0235:129113] PMIX ERROR: ERROR in file ../../../../../../src/mca/gds/ds12/gds_ds12_lock_pthread.c at line 169
[cn0235:129171] PMIX ERROR: ERROR in file ../../../../../../src/mca/gds/ds12/gds_ds12_lock_pthread.c at line 169
[cn0235:129167] PMIX ERROR: ERROR in file ../../../../../../src/mca/gds/ds12/gds_ds12_lock_pthread.c at line 169
[cn0235:129114] PMIX ERROR: ERROR in file ../../../../../../src/mca/gds/ds12/gds_ds12_lock_pthread.c at line 169
[cn0235:129139] PMIX ERROR: ERROR in file ../../../../../../src/mca/gds/ds12/gds_ds12_lock_pthread.c at line 169
[cn0235:129090] PMIX ERROR: ERROR in file ../../../../../../src/mca/gds/ds12/gds_ds12_lock_pthread.c at line 169
[cn0235:129119] PMIX ERROR: ERROR in file ../../../../../../src/mca/gds/ds12/gds_ds12_lock_pthread.c at line 169
[cn0235:129101] PMIX ERROR: ERROR in file ../../../../../../src/mca/gds/ds12/gds_ds12_lock_pthread.c at line 169
[cn0235:129140] PMIX ERROR: ERROR in file ../../../../../../src/mca/gds/ds12/gds_ds12_lock_pthread.c at line 169
[cn0235:129108] PMIX ERROR: ERROR in file ../../../../../../src/mca/gds/ds12/gds_ds12_lock_pthread.c at line 169
[cn0235:129102] PMIX ERROR: ERROR in file ../../../../../../src/mca/gds/ds12/gds_ds12_lock_pthread.c at line 169
[cn0235:129137] PMIX ERROR: ERROR in file ../../../../../../src/mca/gds/ds12/gds_ds12_lock_pthread.c at line 169
[cn0235:129128] PMIX ERROR: ERROR in file ../../../../../../src/mca/gds/ds12/gds_ds12_lock_pthread.c at line 169
[cn0235:129135] PMIX ERROR: ERROR in file ../../../../../../src/mca/gds/ds12/gds_ds12_lock_pthread.c at line 169
[cn0235:129151] PMIX ERROR: ERROR in file ../../../../../../src/mca/gds/ds12/gds_ds12_lock_pthread.c at line 169
[cn0235:129126] PMIX ERROR: ERROR in file ../../../../../../src/mca/gds/ds12/gds_ds12_lock_pthread.c at line 169
[cn0235:129117] PMIX ERROR: ERROR in file ../../../../../../src/mca/gds/ds12/gds_ds12_lock_pthread.c at line 169
[cn0235:129103] PMIX ERROR: ERROR in file ../../../../../../src/mca/gds/ds12/gds_ds12_lock_pthread.c at line 169
[cn0235:129127] PMIX ERROR: ERROR in file ../../../../../../src/mca/gds/ds12/gds_ds12_lock_pthread.c at line 169
[cn0236:128647] PMIX ERROR: ERROR in file ../../../../../../src/mca/gds/ds12/gds_ds12_lock_pthread.c at line 169
[cn0235:129106] PMIX ERROR: ERROR in file ../../../../../../src/mca/gds/ds12/gds_ds12_lock_pthread.c at line 169
[cn0235:129156] PMIX ERROR: ERROR in file ../../../../../../src/mca/gds/ds12/gds_ds12_lock_pthread.c at line 169
[cn0235:129094] PMIX ERROR: ERROR in file ../../../../../../src/mca/gds/ds12/gds_ds12_lock_pthread.c at line 169
[cn0235:129111] PMIX ERROR: ERROR in file ../../../../../../src/mca/gds/ds12/gds_ds12_lock_pthread.c at line 169
[cn0239:1109561] PMIX ERROR: ERROR in file ../../../../../../src/mca/gds/ds12/gds_ds12_lock_pthread.c at line 169
[cn0235:129096] PMIX ERROR: ERROR in file ../../../../../../src/mca/gds/ds12/gds_ds12_lock_pthread.c at line 169
[cn0235:129115] PMIX ERROR: ERROR in file ../../../../../../src/mca/gds/ds12/gds_ds12_lock_pthread.c at line 169
[cn0235:129129] PMIX ERROR: ERROR in file ../../../../../../src/mca/gds/ds12/gds_ds12_lock_pthread.c at line 169
[cn0236:128664] PMIX ERROR: ERROR in file ../../../../../../src/mca/gds/ds12/gds_ds12_lock_pthread.c at line 169
[cn0235:129138] PMIX ERROR: ERROR in file ../../../../../../src/mca/gds/ds12/gds_ds12_lock_pthread.c at line 169
[cn0235:129152] PMIX ERROR: ERROR in file ../../../../../../src/mca/gds/ds12/gds_ds12_lock_pthread.c at line 169
[cn0235:129097] PMIX ERROR: ERROR in file ../../../../../../src/mca/gds/ds12/gds_ds12_lock_pthread.c at line 169
[cn0235:129093] PMIX ERROR: ERROR in file ../../../../../../src/mca/gds/ds12/gds_ds12_lock_pthread.c at line 169
[cn0235:129109] PMIX ERROR: ERROR in file ../../../../../../src/mca/gds/ds12/gds_ds12_lock_pthread.c at line 169
[cn0235:129136] PMIX ERROR: ERROR in file ../../../../../../src/mca/gds/ds12/gds_ds12_lock_pthread.c at line 169
[cn0235:129166] PMIX ERROR: ERROR in file ../../../../../../src/mca/gds/ds12/gds_ds12_lock_pthread.c at line 169
[cn0235:129169] PMIX ERROR: ERROR in file ../../../../../../src/mca/gds/ds12/gds_ds12_lock_pthread.c at line 169
[cn0235:129089] PMIX ERROR: ERROR in file ../../../../../../src/mca/gds/ds12/gds_ds12_lock_pthread.c at line 169
[cn0236:128638] PMIX ERROR: ERROR in file ../../../../../../src/mca/gds/ds12/gds_ds12_lock_pthread.c at line 169
[cn0235:129162] PMIX ERROR: ERROR in file ../../../../../../src/mca/gds/ds12/gds_ds12_lock_pthread.c at line 169
[cn0236:128708] PMIX ERROR: ERROR in file ../../../../../../src/mca/gds/ds12/gds_ds12_lock_pthread.c at line 169
[cn0235:129172] PMIX ERROR: ERROR in file ../../../../../../src/mca/gds/ds12/gds_ds12_lock_pthread.c at line 169
[cn0235:129122] PMIX ERROR: ERROR in file ../../../../../../src/mca/gds/ds12/gds_ds12_lock_pthread.c at line 169
[cn0235:129116] PMIX ERROR: ERROR in file ../../../../../../src/mca/gds/ds12/gds_ds12_lock_pthread.c at line 169
[cn0235:129098] PMIX ERROR: ERROR in file ../../../../../../src/mca/gds/ds12/gds_ds12_lock_pthread.c at line 169
[cn0235:129159] PMIX ERROR: ERROR in file ../../../../../../src/mca/gds/ds12/gds_ds12_lock_pthread.c at line 169
[cn0235:129154] PMIX ERROR: ERROR in file ../../../../../../src/mca/gds/ds12/gds_ds12_lock_pthread.c at line 169
[cn0235:129092] PMIX ERROR: ERROR in file ../../../../../../src/mca/gds/ds12/gds_ds12_lock_pthread.c at line 169
[cn0236:128665] PMIX ERROR: ERROR in file ../../../../../../src/mca/gds/ds12/gds_ds12_lock_pthread.c at line 169
[cn0235:129145] PMIX ERROR: ERROR in file ../../../../../../src/mca/gds/ds12/gds_ds12_lock_pthread.c at line 169
[cn0235:129155] PMIX ERROR: ERROR in file ../../../../../../src/mca/gds/ds12/gds_ds12_lock_pthread.c at line 169
[cn0235:129142] PMIX ERROR: ERROR in file ../../../../../../src/mca/gds/ds12/gds_ds12_lock_pthread.c at line 169
[cn0239:1109572] PMIX ERROR: ERROR in file ../../../../../../src/mca/gds/ds12/gds_ds12_lock_pthread.c at line 169
[cn0235:129173] PMIX ERROR: ERROR in file ../../../../../../src/mca/gds/ds12/gds_ds12_lock_pthread.c at line 169
[cn0239:1109527] PMIX ERROR: ERROR in file ../../../../../../src/mca/gds/ds12/gds_ds12_lock_pthread.c at line 169
[cn0235:129124] PMIX ERROR: ERROR in file ../../../../../../src/mca/gds/ds12/gds_ds12_lock_pthread.c at line 169
[cn0239:1109571] PMIX ERROR: ERROR in file ../../../../../../src/mca/gds/ds12/gds_ds12_lock_pthread.c at line 169
[cn0239:1109287] PMIX ERROR: ERROR in file ../../../../../../src/mca/gds/ds12/gds_ds12_lock_pthread.c at line 169
[cn0236:129942] PMIX ERROR: ERROR in file ../../../../../../src/mca/gds/ds12/gds_ds12_lock_pthread.c at line 169
[cn0239:1109535] PMIX ERROR: ERROR in file ../../../../../../src/mca/gds/ds12/gds_ds12_lock_pthread.c at line 169
[cn0235:129095] PMIX ERROR: ERROR in file ../../../../../../src/mca/gds/ds12/gds_ds12_lock_pthread.c at line 169
[cn0235:129110] PMIX ERROR: ERROR in file ../../../../../../src/mca/gds/ds12/gds_ds12_lock_pthread.c at line 169
[cn0236:128699] PMIX ERROR: ERROR in file ../../../../../../src/mca/gds/ds12/gds_ds12_lock_pthread.c at line 169
[cn0235:129100] PMIX ERROR: ERROR in file ../../../../../../src/mca/gds/ds12/gds_ds12_lock_pthread.c at line 169
[cn0236:129941] PMIX ERROR: ERROR in file ../../../../../../src/mca/gds/ds12/gds_ds12_lock_pthread.c at line 169
[cn0239:1109573] PMIX ERROR: ERROR in file ../../../../../../src/mca/gds/ds12/gds_ds12_lock_pthread.c at line 169
[cn0236:129940] PMIX ERROR: ERROR in file ../../../../../../src/mca/gds/ds12/gds_ds12_lock_pthread.c at line 169
[cn0239:1110648] PMIX ERROR: ERROR in file ../../../../../../src/mca/gds/ds12/gds_ds12_lock_pthread.c at line 169
[cn0239:1109542] PMIX ERROR: ERROR in file ../../../../../../src/mca/gds/ds12/gds_ds12_lock_pthread.c at line 169
[cn0236:128642] PMIX ERROR: ERROR in file ../../../../../../src/mca/gds/ds12/gds_ds12_lock_pthread.c at line 169
[cn0239:1109442] PMIX ERROR: ERROR in file ../../../../../../src/mca/gds/ds12/gds_ds12_lock_pthread.c at line 169
[cn0236:128696] PMIX ERROR: ERROR in file ../../../../../../src/mca/gds/ds12/gds_ds12_lock_pthread.c at line 169
[cn0239:1109280] PMIX ERROR: ERROR in file ../../../../../../src/mca/gds/ds12/gds_ds12_lock_pthread.c at line 169
[cn0236:129944] PMIX ERROR: ERROR in file ../../../../../../src/mca/gds/ds12/gds_ds12_lock_pthread.c at line 169
[cn0236:128686] PMIX ERROR: ERROR in file ../../../../../../src/mca/gds/ds12/gds_ds12_lock_pthread.c at line 169
[cn0235:129107] PMIX ERROR: ERROR in file ../../../../../../src/mca/gds/ds12/gds_ds12_lock_pthread.c at line 169
[cn0236:128682] PMIX ERROR: ERROR in file ../../../../../../src/mca/gds/ds12/gds_ds12_lock_pthread.c at line 169
[cn0235:129153] PMIX ERROR: ERROR in file ../../../../../../src/mca/gds/ds12/gds_ds12_lock_pthread.c at line 169
[cn0236:128677] PMIX ERROR: ERROR in file ../../../../../../src/mca/gds/ds12/gds_ds12_lock_pthread.c at line 169
[cn0236:128656] PMIX ERROR: ERROR in file ../../../../../../src/mca/gds/ds12/gds_ds12_lock_pthread.c at line 169
[cn0236:128672] PMIX ERROR: ERROR in file ../../../../../../src/mca/gds/ds12/gds_ds12_lock_pthread.c at line 169
[cn0239:1109297] PMIX ERROR: ERROR in file ../../../../../../src/mca/gds/ds12/gds_ds12_lock_pthread.c at line 169
[cn0239:1109539] PMIX ERROR: ERROR in file ../../../../../../src/mca/gds/ds12/gds_ds12_lock_pthread.c at line 169
[cn0236:129943] PMIX ERROR: ERROR in file ../../../../../../src/mca/gds/ds12/gds_ds12_lock_pthread.c at line 169
[cn0235:129132] PMIX ERROR: ERROR in file ../../../../../../src/mca/gds/ds12/gds_ds12_lock_pthread.c at line 169
[cn0235:129112] PMIX ERROR: ERROR in file ../../../../../../src/mca/gds/ds12/gds_ds12_lock_pthread.c at line 169
[cn0239:1109558] PMIX ERROR: ERROR in file ../../../../../../src/mca/gds/ds12/gds_ds12_lock_pthread.c at line 169
[cn0235:129158] PMIX ERROR: ERROR in file ../../../../../../src/mca/gds/ds12/gds_ds12_lock_pthread.c at line 169
[cn0236:128705] PMIX ERROR: ERROR in file ../../../../../../src/mca/gds/ds12/gds_ds12_lock_pthread.c at line 169
[cn0235:129170] PMIX ERROR: ERROR in file ../../../../../../src/mca/gds/ds12/gds_ds12_lock_pthread.c at line 169
[cn0236:128692] PMIX ERROR: ERROR in file ../../../../../../src/mca/gds/ds12/gds_ds12_lock_pthread.c at line 169
[cn0236:128670] PMIX ERROR: ERROR in file ../../../../../../src/mca/gds/ds12/gds_ds12_lock_pthread.c at line 169
[cn0235:129118] PMIX ERROR: ERROR in file ../../../../../../src/mca/gds/ds12/gds_ds12_lock_pthread.c at line 169
[cn0239:1109521] PMIX ERROR: ERROR in file ../../../../../../src/mca/gds/ds12/gds_ds12_lock_pthread.c at line 169
[cn0235:129099] PMIX ERROR: ERROR in file ../../../../../../src/mca/gds/ds12/gds_ds12_lock_pthread.c at line 169
[cn0235:129174] PMIX ERROR: ERROR in file ../../../../../../src/mca/gds/ds12/gds_ds12_lock_pthread.c at line 169
[cn0236:128652] PMIX ERROR: ERROR in file ../../../../../../src/mca/gds/ds12/gds_ds12_lock_pthread.c at line 169
[cn0239:1109560] PMIX ERROR: ERROR in file ../../../../../../src/mca/gds/ds12/gds_ds12_lock_pthread.c at line 169
[cn0239:1109570] PMIX ERROR: ERROR in file ../../../../../../src/mca/gds/ds12/gds_ds12_lock_pthread.c at line 169
[cn0239:1109463] PMIX ERROR: ERROR in file ../../../../../../src/mca/gds/ds12/gds_ds12_lock_pthread.c at line 169
[cn0239:1109541] PMIX ERROR: ERROR in file ../../../../../../src/mca/gds/ds12/gds_ds12_lock_pthread.c at line 169
[cn0236:128681] PMIX ERROR: ERROR in file ../../../../../../src/mca/gds/ds12/gds_ds12_lock_pthread.c at line 169
[cn0236:128702] PMIX ERROR: ERROR in file ../../../../../../src/mca/gds/ds12/gds_ds12_lock_pthread.c at line 169
[cn0236:128710] PMIX ERROR: ERROR in file ../../../../../../src/mca/gds/ds12/gds_ds12_lock_pthread.c at line 169
[cn0239:1109319] PMIX ERROR: ERROR in file ../../../../../../src/mca/gds/ds12/gds_ds12_lock_pthread.c at line 169
[cn0239:1109520] PMIX ERROR: ERROR in file ../../../../../../src/mca/gds/ds12/gds_ds12_lock_pthread.c at line 169
[cn0235:129178] PMIX ERROR: ERROR in file ../../../../../../src/mca/gds/ds12/gds_ds12_lock_pthread.c at line 169
[cn0236:128704] PMIX ERROR: ERROR in file ../../../../../../src/mca/gds/ds12/gds_ds12_lock_pthread.c at line 169
[cn0239:1109393] PMIX ERROR: ERROR in file ../../../../../../src/mca/gds/ds12/gds_ds12_lock_pthread.c at line 169
[cn0235:129160] PMIX ERROR: ERROR in file ../../../../../../src/mca/gds/ds12/gds_ds12_lock_pthread.c at line 169
[cn0236:128640] PMIX ERROR: ERROR in file ../../../../../../src/mca/gds/ds12/gds_ds12_lock_pthread.c at line 169
[cn0235:129175] PMIX ERROR: ERROR in file ../../../../../../src/mca/gds/ds12/gds_ds12_lock_pthread.c at line 169
[cn0239:1109564] PMIX ERROR: ERROR in file ../../../../../../src/mca/gds/ds12/gds_ds12_lock_pthread.c at line 169
[cn0236:129945] PMIX ERROR: ERROR in file ../../../../../../src/mca/gds/ds12/gds_ds12_lock_pthread.c at line 169
[cn0235:129147] PMIX ERROR: ERROR in file ../../../../../../src/mca/gds/ds12/gds_ds12_lock_pthread.c at line 169
[cn0239:1109562] PMIX ERROR: ERROR in file ../../../../../../src/mca/gds/ds12/gds_ds12_lock_pthread.c at line 169
[cn0239:1109310] PMIX ERROR: ERROR in file ../../../../../../src/mca/gds/ds12/gds_ds12_lock_pthread.c at line 169
[cn0239:1109540] PMIX ERROR: ERROR in file ../../../../../../src/mca/gds/ds12/gds_ds12_lock_pthread.c at line 169
[cn0239:1110647] PMIX ERROR: ERROR in file ../../../../../../src/mca/gds/ds12/gds_ds12_lock_pthread.c at line 169
[cn0235:129148] PMIX ERROR: ERROR in file ../../../../../../src/mca/gds/ds12/gds_ds12_lock_pthread.c at line 169
[cn0235:129146] PMIX ERROR: ERROR in file ../../../../../../src/mca/gds/ds12/gds_ds12_lock_pthread.c at line 169
[cn0239:1109485] PMIX ERROR: ERROR in file ../../../../../../src/mca/gds/ds12/gds_ds12_lock_pthread.c at line 169
[cn0236:128691] PMIX ERROR: ERROR in file ../../../../../../src/mca/gds/ds12/gds_ds12_lock_pthread.c at line 169
[cn0239:1109537] PMIX ERROR: ERROR in file ../../../../../../src/mca/gds/ds12/gds_ds12_lock_pthread.c at line 169
[cn0235:129125] PMIX ERROR: ERROR in file ../../../../../../src/mca/gds/ds12/gds_ds12_lock_pthread.c at line 169
[cn0235:129131] PMIX ERROR: ERROR in file ../../../../../../src/mca/gds/ds12/gds_ds12_lock_pthread.c at line 169
[cn0235:129163] PMIX ERROR: ERROR in file ../../../../../../src/mca/gds/ds12/gds_ds12_lock_pthread.c at line 169
[cn0239:1109356] PMIX ERROR: ERROR in file ../../../../../../src/mca/gds/ds12/gds_ds12_lock_pthread.c at line 169
[cn0239:1109545] PMIX ERROR: ERROR in file ../../../../../../src/mca/gds/ds12/gds_ds12_lock_pthread.c at line 169
[cn0235:129134] PMIX ERROR: ERROR in file ../../../../../../src/mca/gds/ds12/gds_ds12_lock_pthread.c at line 169
[cn0235:129123] PMIX ERROR: ERROR in file ../../../../../../src/mca/gds/ds12/gds_ds12_lock_pthread.c at line 169
[cn0235:129105] PMIX ERROR: ERROR in file ../../../../../../src/mca/gds/ds12/gds_ds12_lock_pthread.c at line 169
[cn0235:129120] PMIX ERROR: ERROR in file ../../../../../../src/mca/gds/ds12/gds_ds12_lock_pthread.c at line 169
[cn0235:129104] PMIX ERROR: ERROR in file ../../../../../../src/mca/gds/ds12/gds_ds12_lock_pthread.c at line 169
[cn0235:129133] PMIX ERROR: ERROR in file ../../../../../../src/mca/gds/ds12/gds_ds12_lock_pthread.c at line 169
[cn0235:129144] PMIX ERROR: ERROR in file ../../../../../../src/mca/gds/ds12/gds_ds12_lock_pthread.c at line 169
[cn0235:129150] PMIX ERROR: ERROR in file ../../../../../../src/mca/gds/ds12/gds_ds12_lock_pthread.c at line 169
[cn0235:129143] PMIX ERROR: ERROR in file ../../../../../../src/mca/gds/ds12/gds_ds12_lock_pthread.c at line 169
[cn0235:129164] PMIX ERROR: ERROR in file ../../../../../../src/mca/gds/ds12/gds_ds12_lock_pthread.c at line 169
[cn0235:129157] PMIX ERROR: ERROR in file ../../../../../../src/mca/gds/ds12/gds_ds12_lock_pthread.c at line 169</code></pre>
</div>
</div>
</div>
</div>
<div class="sect1">
<h2 id="_reframe_output_log"><a class="anchor" href="#_reframe_output_log"></a>3. ReFrame output log</h2>
<div class="sectionbody">
<div class="listingblock">
<div class="content">
<pre class="highlightjs highlight"><code class="language-bash hljs" data-lang="bash">Reading /input_data/kub/idealHeaters.cfg...
[ Starting Feel++ ] application City_Energy_Modeling version 0.111.0-preview.120 date 2025-Apr-04
[feelpp] create Feel++ root repository: /disco2fs/ehpc-dev-2024d05-047/vchabannes/apptainer_home/kub/e911b797/Paris_partitioned

[feelpp] create Feel++ geo repository: /disco2fs/ehpc-dev-2024d05-047/vchabannes/apptainer_home/kub/e911b797/Paris_partitioned/geo

[feelpp] create Feel++ results directory: /disco2fs/ehpc-dev-2024d05-047/vchabannes/apptainer_home/kub/e911b797/Paris_partitioned/np_256

[feelpp] create Feel++ expressions directory: /disco2fs/ehpc-dev-2024d05-047/vchabannes/apptainer_home/kub/e911b797/Paris_partitioned/exprs

[feelpp] create Feel++ logs directory: /disco2fs/ehpc-dev-2024d05-047/vchabannes/apptainer_home/kub/e911b797/Paris_partitioned/np_256/logs

 . City_Energy_Modeling files are stored in /disco2fs/ehpc-dev-2024d05-047/vchabannes/apptainer_home/kub/e911b797/Paris_partitioned/np_256
 .. logfiles :/disco2fs/ehpc-dev-2024d05-047/vchabannes/apptainer_home/kub/e911b797/Paris_partitioned/np_256/logs
[ KUB ] application City_Energy_modeling version 0.5.0
[CityEnergyModelload] constructor start ...
[CityEnergyModelload] constructor current done in 0.369711 s
[CityEnergyModelload] updateForUse start ...
[CityEnergyModelload] preprocessing start ...
[CityEnergyModelload] updatePreprocessingForUse start ...
[CityEnergyModelload] updatePreprocessingForUse current done in 0.0202061 s
[CityEnergyModelload] preprocessing current done in 0.0249738 s
[CityEnergyModelload] importPreprocessing start ...
[loadMesh] Loading mesh in format json+h5: "/input_data/kub_benchmark/5km/preprocessing/partitioning/np_256/mesh.lod0.json"
[CityEnergyModelload] importPreprocessing current done in 11.82 s
[CityEnergyModelload] scenarios start ...
[CityEnergyModelload] scenarios current done in 2.5473 s
[CityEnergyModelload] weather start ...
[CityEnergyModelload] weather current done in 0.0826674 s
[CityEnergyModelload] sunModel start ...
checking if fmu tmp path /disco2fs/ehpc-dev-2024d05-047/vchabannes/apptainer_home/kub/e911b797/Paris_partitioned/np_256/fmus/fmi4cpp_sun exists: false
unzipping /disco2fs/ehpc-dev-2024d05-047/vchabannes/apptainer_home/kub/e911b797/Paris_partitioned/simulators/sun.fmu in /disco2fs/ehpc-dev-2024d05-047/vchabannes/apptainer_home/kub/e911b797/Paris_partitioned/np_256/fmus/fmi4cpp_sun
[CityEnergyModelload] sunModel current done in 0.0804721 s
[CityEnergyModelload] initBuildingModels start ...
checking if fmu tmp path /disco2fs/ehpc-dev-2024d05-047/vchabannes/apptainer_home/kub/e911b797/Paris_partitioned/np_256/fmus/fmi4cpp_lod0.buildingfloor0 exists: false
unzipping /disco2fs/ehpc-dev-2024d05-047/vchabannes/apptainer_home/kub/e911b797/Paris_partitioned/simulators/lod0.buildingfloor0.fmu in /disco2fs/ehpc-dev-2024d05-047/vchabannes/apptainer_home/kub/e911b797/Paris_partitioned/np_256/fmus/fmi4cpp_lod0.buildingfloor0
checking if fmu tmp path /disco2fs/ehpc-dev-2024d05-047/vchabannes/apptainer_home/kub/e911b797/Paris_partitioned/np_256/fmus/fmi4cpp_lod0.buildingfloor1 exists: false
unzipping /disco2fs/ehpc-dev-2024d05-047/vchabannes/apptainer_home/kub/e911b797/Paris_partitioned/simulators/lod0.buildingfloor1.fmu in /disco2fs/ehpc-dev-2024d05-047/vchabannes/apptainer_home/kub/e911b797/Paris_partitioned/np_256/fmus/fmi4cpp_lod0.buildingfloor1
checking if fmu tmp path /disco2fs/ehpc-dev-2024d05-047/vchabannes/apptainer_home/kub/e911b797/Paris_partitioned/np_256/fmus/fmi4cpp_lod0.buildingfloor2 exists: false
unzipping /disco2fs/ehpc-dev-2024d05-047/vchabannes/apptainer_home/kub/e911b797/Paris_partitioned/simulators/lod0.buildingfloor2.fmu in /disco2fs/ehpc-dev-2024d05-047/vchabannes/apptainer_home/kub/e911b797/Paris_partitioned/np_256/fmus/fmi4cpp_lod0.buildingfloor2
checking if fmu tmp path /disco2fs/ehpc-dev-2024d05-047/vchabannes/apptainer_home/kub/e911b797/Paris_partitioned/np_256/fmus/fmi4cpp_lod0.buildingfloor3 exists: false
unzipping /disco2fs/ehpc-dev-2024d05-047/vchabannes/apptainer_home/kub/e911b797/Paris_partitioned/simulators/lod0.buildingfloor3.fmu in /disco2fs/ehpc-dev-2024d05-047/vchabannes/apptainer_home/kub/e911b797/Paris_partitioned/np_256/fmus/fmi4cpp_lod0.buildingfloor3
checking if fmu tmp path /disco2fs/ehpc-dev-2024d05-047/vchabannes/apptainer_home/kub/e911b797/Paris_partitioned/np_256/fmus/fmi4cpp_lod0.buildingfloor4 exists: false
unzipping /disco2fs/ehpc-dev-2024d05-047/vchabannes/apptainer_home/kub/e911b797/Paris_partitioned/simulators/lod0.buildingfloor4.fmu in /disco2fs/ehpc-dev-2024d05-047/vchabannes/apptainer_home/kub/e911b797/Paris_partitioned/np_256/fmus/fmi4cpp_lod0.buildingfloor4
checking if fmu tmp path /disco2fs/ehpc-dev-2024d05-047/vchabannes/apptainer_home/kub/e911b797/Paris_partitioned/np_256/fmus/fmi4cpp_lod0.buildingfloor5 exists: false
unzipping /disco2fs/ehpc-dev-2024d05-047/vchabannes/apptainer_home/kub/e911b797/Paris_partitioned/simulators/lod0.buildingfloor5.fmu in /disco2fs/ehpc-dev-2024d05-047/vchabannes/apptainer_home/kub/e911b797/Paris_partitioned/np_256/fmus/fmi4cpp_lod0.buildingfloor5
checking if fmu tmp path /disco2fs/ehpc-dev-2024d05-047/vchabannes/apptainer_home/kub/e911b797/Paris_partitioned/np_256/fmus/fmi4cpp_lod0.buildingfloor6 exists: false
unzipping /disco2fs/ehpc-dev-2024d05-047/vchabannes/apptainer_home/kub/e911b797/Paris_partitioned/simulators/lod0.buildingfloor6.fmu in /disco2fs/ehpc-dev-2024d05-047/vchabannes/apptainer_home/kub/e911b797/Paris_partitioned/np_256/fmus/fmi4cpp_lod0.buildingfloor6
checking if fmu tmp path /disco2fs/ehpc-dev-2024d05-047/vchabannes/apptainer_home/kub/e911b797/Paris_partitioned/np_256/fmus/fmi4cpp_lod0.buildingfloor7 exists: false
unzipping /disco2fs/ehpc-dev-2024d05-047/vchabannes/apptainer_home/kub/e911b797/Paris_partitioned/simulators/lod0.buildingfloor7.fmu in /disco2fs/ehpc-dev-2024d05-047/vchabannes/apptainer_home/kub/e911b797/Paris_partitioned/np_256/fmus/fmi4cpp_lod0.buildingfloor7
checking if fmu tmp path /disco2fs/ehpc-dev-2024d05-047/vchabannes/apptainer_home/kub/e911b797/Paris_partitioned/np_256/fmus/fmi4cpp_lod0.buildingfloor8 exists: false
unzipping /disco2fs/ehpc-dev-2024d05-047/vchabannes/apptainer_home/kub/e911b797/Paris_partitioned/simulators/lod0.buildingfloor8.fmu in /disco2fs/ehpc-dev-2024d05-047/vchabannes/apptainer_home/kub/e911b797/Paris_partitioned/np_256/fmus/fmi4cpp_lod0.buildingfloor8
checking if fmu tmp path /disco2fs/ehpc-dev-2024d05-047/vchabannes/apptainer_home/kub/e911b797/Paris_partitioned/np_256/fmus/fmi4cpp_lod0.buildingfloor9 exists: false
unzipping /disco2fs/ehpc-dev-2024d05-047/vchabannes/apptainer_home/kub/e911b797/Paris_partitioned/simulators/lod0.buildingfloor9.fmu in /disco2fs/ehpc-dev-2024d05-047/vchabannes/apptainer_home/kub/e911b797/Paris_partitioned/np_256/fmus/fmi4cpp_lod0.buildingfloor9
[CityEnergyModelload] initBuildingModels current done in 4.77891 s
[CityEnergyModelload] updateForUse current done in 19.3346 s

Warning: Failed to solve nonlinear system using Newton solver.
  During initialization at time: 0
  Tag: extended initialization.nonlinear[1]

  Common causes:
   * The system of equations has no solution - the residual will be above zero.
     - This may be caused by initial conditions not being fully specified, check the translation log.
     - In some cases the event-logic can cause this.
   * Starting values are too far from the solution, see homotopy in the manual.
     - In rare cases this could occur at events.
   * The equations are too discontinuous for the nonlinear solver - the residual will have knees.
     - Likely caused by over-using noEvent.
  Especially consider the first two items above when the nonlinear solver fails during initialization.

  To get more information consider the options:
   * Simulation/Setup/Translation/Generate listing of translated Modelica code in dsmodel.mof
   * Simulation/Setup/Translation/List non-linear iteration variables
   * Simulation/Setup/Debug/Store variables after failed initialization
     - If a failure to solve a nonlinear equation caused failed initialization.
   * The options under the group Simulation/Setup/Debug/Nonlinear solver diagnostics

  Jacobian inverse norm estimate: 13359.2
  Condition number estimate: 3878.88
  1-norm of the residual = 785346

  Last value of the solution:
  Last value of the residual:


Warning: Failed to solve nonlinear system using Newton solver.
  During initialization at time: 0
  Tag: extended initialization.nonlinear[1]

  For debugging help refer to the first error message of this type.

  Jacobian inverse norm estimate: 13358.3
  Condition number estimate: 3878.49
  1-norm of the residual = 653802

  Last value of the solution:
  Last value of the residual:


Warning: Failed to solve nonlinear system using Newton solver.
  During initialization at time: 0
  Tag: extended initialization.nonlinear[1]

  Common causes:
   * The system of equations has no solution - the residual will be above zero.
     - This may be caused by initial conditions not being fully specified, check the translation log.
     - In some cases the event-logic can cause this.
   * Starting values are too far from the solution, see homotopy in the manual.
     - In rare cases this could occur at events.
   * The equations are too discontinuous for the nonlinear solver - the residual will have knees.
     - Likely caused by over-using noEvent.
  Especially consider the first two items above when the nonlinear solver fails during initialization.

  To get more information consider the options:
   * Simulation/Setup/Translation/Generate listing of translated Modelica code in dsmodel.mof
   * Simulation/Setup/Translation/List non-linear iteration variables
   * Simulation/Setup/Debug/Store variables after failed initialization
     - If a failure to solve a nonlinear equation caused failed initialization.
   * The options under the group Simulation/Setup/Debug/Nonlinear solver diagnostics

  Jacobian inverse norm estimate: 13356.3
  Condition number estimate: 3877.43
  1-norm of the residual = 653716

  Last value of the solution:
  Last value of the residual:


Warning: Failed to solve nonlinear system using Newton solver.
  During initialization at time: 0
  Tag: extended initialization.nonlinear[1]

  Common causes:
   * The system of equations has no solution - the residual will be above zero.
     - This may be caused by initial conditions not being fully specified, check the translation log.
     - In some cases the event-logic can cause this.
   * Starting values are too far from the solution, see homotopy in the manual.
     - In rare cases this could occur at events.
   * The equations are too discontinuous for the nonlinear solver - the residual will have knees.
     - Likely caused by over-using noEvent.
  Especially consider the first two items above when the nonlinear solver fails during initialization.

  To get more information consider the options:
   * Simulation/Setup/Translation/Generate listing of translated Modelica code in dsmodel.mof
   * Simulation/Setup/Translation/List non-linear iteration variables
   * Simulation/Setup/Debug/Store variables after failed initialization
     - If a failure to solve a nonlinear equation caused failed initialization.
   * The options under the group Simulation/Setup/Debug/Nonlinear solver diagnostics

  Jacobian inverse norm estimate: 13355.2
  Condition number estimate: 4240.66
  1-norm of the residual = 653674

  Last value of the solution:
  Last value of the residual:


Warning: Failed to solve nonlinear system using Newton solver.
  During initialization at time: 0
  Tag: extended initialization.nonlinear[1]

  Common causes:
   * The system of equations has no solution - the residual will be above zero.
     - This may be caused by initial conditions not being fully specified, check the translation log.
     - In some cases the event-logic can cause this.
   * Starting values are too far from the solution, see homotopy in the manual.
     - In rare cases this could occur at events.
   * The equations are too discontinuous for the nonlinear solver - the residual will have knees.
     - Likely caused by over-using noEvent.
  Especially consider the first two items above when the nonlinear solver fails during initialization.

  To get more information consider the options:
   * Simulation/Setup/Translation/Generate listing of translated Modelica code in dsmodel.mof
   * Simulation/Setup/Translation/List non-linear iteration variables
   * Simulation/Setup/Debug/Store variables after failed initialization
     - If a failure to solve a nonlinear equation caused failed initialization.
   * The options under the group Simulation/Setup/Debug/Nonlinear solver diagnostics

  Jacobian inverse norm estimate: 13354.7
  Condition number estimate: 3874.69
  1-norm of the residual = 653630

  Last value of the solution:
  Last value of the residual:


Warning: Failed to solve nonlinear system using Newton solver.
  During initialization at time: 0
  Tag: extended initialization.nonlinear[1]

  Common causes:
   * The system of equations has no solution - the residual will be above zero.
     - This may be caused by initial conditions not being fully specified, check the translation log.
     - In some cases the event-logic can cause this.
   * Starting values are too far from the solution, see homotopy in the manual.
     - In rare cases this could occur at events.
   * The equations are too discontinuous for the nonlinear solver - the residual will have knees.
     - Likely caused by over-using noEvent.
  Especially consider the first two items above when the nonlinear solver fails during initialization.

  To get more information consider the options:
   * Simulation/Setup/Translation/Generate listing of translated Modelica code in dsmodel.mof
   * Simulation/Setup/Translation/List non-linear iteration variables
   * Simulation/Setup/Debug/Store variables after failed initialization
     - If a failure to solve a nonlinear equation caused failed initialization.
   * The options under the group Simulation/Setup/Debug/Nonlinear solver diagnostics

  Jacobian inverse norm estimate: 13338
  Condition number estimate: 3867.14
  1-norm of the residual = 652401

  Last value of the solution:
  Last value of the residual:


Warning: Failed to solve nonlinear system using Newton solver.
  During initialization at time: 0
  Tag: extended initialization.nonlinear[1]

  Common causes:
   * The system of equations has no solution - the residual will be above zero.
     - This may be caused by initial conditions not being fully specified, check the translation log.
     - In some cases the event-logic can cause this.
   * Starting values are too far from the solution, see homotopy in the manual.
     - In rare cases this could occur at events.
   * The equations are too discontinuous for the nonlinear solver - the residual will have knees.
     - Likely caused by over-using noEvent.
  Especially consider the first two items above when the nonlinear solver fails during initialization.

  To get more information consider the options:
   * Simulation/Setup/Translation/Generate listing of translated Modelica code in dsmodel.mof
   * Simulation/Setup/Translation/List non-linear iteration variables
   * Simulation/Setup/Debug/Store variables after failed initialization
     - If a failure to solve a nonlinear equation caused failed initialization.
   * The options under the group Simulation/Setup/Debug/Nonlinear solver diagnostics

  Jacobian inverse norm estimate: 13323.1
  Condition number estimate: 3860.67
  1-norm of the residual = 652058

  Last value of the solution:
  Last value of the residual:


Warning: Failed to solve nonlinear system using Newton solver.
  During initialization at time: 0
  Tag: extended initialization.nonlinear[1]

  Common causes:
   * The system of equations has no solution - the residual will be above zero.
     - This may be caused by initial conditions not being fully specified, check the translation log.
     - In some cases the event-logic can cause this.
   * Starting values are too far from the solution, see homotopy in the manual.
     - In rare cases this could occur at events.
   * The equations are too discontinuous for the nonlinear solver - the residual will have knees.
     - Likely caused by over-using noEvent.
  Especially consider the first two items above when the nonlinear solver fails during initialization.

  To get more information consider the options:
   * Simulation/Setup/Translation/Generate listing of translated Modelica code in dsmodel.mof
   * Simulation/Setup/Translation/List non-linear iteration variables
   * Simulation/Setup/Debug/Store variables after failed initialization
     - If a failure to solve a nonlinear equation caused failed initialization.
   * The options under the group Simulation/Setup/Debug/Nonlinear solver diagnostics

  Jacobian inverse norm estimate: 13322
  Condition number estimate: 3855.24
  1-norm of the residual = 651998

  Last value of the solution:
  Last value of the residual:


Warning: Failed to solve nonlinear system using Newton solver.
  During initialization at time: 0
  Tag: extended initialization.nonlinear[1]

  Common causes:
   * The system of equations has no solution - the residual will be above zero.
     - This may be caused by initial conditions not being fully specified, check the translation log.
     - In some cases the event-logic can cause this.
   * Starting values are too far from the solution, see homotopy in the manual.
     - In rare cases this could occur at events.
   * The equations are too discontinuous for the nonlinear solver - the residual will have knees.
     - Likely caused by over-using noEvent.
  Especially consider the first two items above when the nonlinear solver fails during initialization.

  To get more information consider the options:
   * Simulation/Setup/Translation/Generate listing of translated Modelica code in dsmodel.mof
   * Simulation/Setup/Translation/List non-linear iteration variables
   * Simulation/Setup/Debug/Store variables after failed initialization
     - If a failure to solve a nonlinear equation caused failed initialization.
   * The options under the group Simulation/Setup/Debug/Nonlinear solver diagnostics

  Jacobian inverse norm estimate: 13321.2
  Condition number estimate: 4312.48
  1-norm of the residual = 651962

  Last value of the solution:
  Last value of the residual:


Warning: Failed to solve nonlinear system using Newton solver.
  During initialization at time: 0
  Tag: extended initialization.nonlinear[1]

  Common causes:
   * The system of equations has no solution - the residual will be above zero.
     - This may be caused by initial conditions not being fully specified, check the translation log.
     - In some cases the event-logic can cause this.
   * Starting values are too far from the solution, see homotopy in the manual.
     - In rare cases this could occur at events.
   * The equations are too discontinuous for the nonlinear solver - the residual will have knees.
     - Likely caused by over-using noEvent.
  Especially consider the first two items above when the nonlinear solver fails during initialization.

  To get more information consider the options:
   * Simulation/Setup/Translation/Generate listing of translated Modelica code in dsmodel.mof
   * Simulation/Setup/Translation/List non-linear iteration variables
   * Simulation/Setup/Debug/Store variables after failed initialization
     - If a failure to solve a nonlinear equation caused failed initialization.
   * The options under the group Simulation/Setup/Debug/Nonlinear solver diagnostics

  Jacobian inverse norm estimate: 13319.7
  Condition number estimate: 3854.74
  1-norm of the residual = 651879

  Last value of the solution:
  Last value of the residual:


Warning: Failed to solve nonlinear system using Newton solver.
  During initialization at time: 0
  Tag: extended initialization.nonlinear[1]

  Common causes:
   * The system of equations has no solution - the residual will be above zero.
     - This may be caused by initial conditions not being fully specified, check the translation log.
     - In some cases the event-logic can cause this.
   * Starting values are too far from the solution, see homotopy in the manual.
     - In rare cases this could occur at events.
   * The equations are too discontinuous for the nonlinear solver - the residual will have knees.
     - Likely caused by over-using noEvent.
  Especially consider the first two items above when the nonlinear solver fails during initialization.

  To get more information consider the options:
   * Simulation/Setup/Translation/Generate listing of translated Modelica code in dsmodel.mof
   * Simulation/Setup/Translation/List non-linear iteration variables
   * Simulation/Setup/Debug/Store variables after failed initialization
     - If a failure to solve a nonlinear equation caused failed initialization.
   * The options under the group Simulation/Setup/Debug/Nonlinear solver diagnostics

  Jacobian inverse norm estimate: 13319.2
  Condition number estimate: 2286.9
  1-norm of the residual = 651864

  Last value of the solution:
  Last value of the residual:


Warning: Failed to solve nonlinear system using Newton solver.
  During initialization at time: 0
  Tag: extended initialization.nonlinear[1]

  Common causes:
   * The system of equations has no solution - the residual will be above zero.
     - This may be caused by initial conditions not being fully specified, check the translation log.
     - In some cases the event-logic can cause this.
   * Starting values are too far from the solution, see homotopy in the manual.
     - In rare cases this could occur at events.
   * The equations are too discontinuous for the nonlinear solver - the residual will have knees.
     - Likely caused by over-using noEvent.
  Especially consider the first two items above when the nonlinear solver fails during initialization.

  To get more information consider the options:
   * Simulation/Setup/Translation/Generate listing of translated Modelica code in dsmodel.mof
   * Simulation/Setup/Translation/List non-linear iteration variables
   * Simulation/Setup/Debug/Store variables after failed initialization
     - If a failure to solve a nonlinear equation caused failed initialization.
   * The options under the group Simulation/Setup/Debug/Nonlinear solver diagnostics

  Jacobian inverse norm estimate: 13318.2
  Condition number estimate: 3853.65
  1-norm of the residual = 651818

  Last value of the solution:
  Last value of the residual:


Warning: Failed to solve nonlinear system using Newton solver.
  During initialization at time: 0
  Tag: extended initialization.nonlinear[1]

  Common causes:
   * The system of equations has no solution - the residual will be above zero.
     - This may be caused by initial conditions not being fully specified, check the translation log.
     - In some cases the event-logic can cause this.
   * Starting values are too far from the solution, see homotopy in the manual.
     - In rare cases this could occur at events.
   * The equations are too discontinuous for the nonlinear solver - the residual will have knees.

Warning: Failed to solve nonlinear system using Newton solver.
  During initialization at time: 0
  Tag: extended initialization.nonlinear[1]

  Common causes:
   * The system of equations has no solution - the residual will be above zero.
     - This may be caused by initial conditions not being fully specified, check the translation log.
     - In some cases the event-logic can cause this.
   * Starting values are too far from the solution, see homotopy in the manual.
     - In rare cases this could occur at events.
   * The equations are too discontinuous for the nonlinear solver - the residual will have knees.
     - Likely caused by over-using noEvent.
  Especially consider the first two items above when the nonlinear solver fails during initialization.

  To get more information consider the options:
   * Simulation/Setup/Translation/Generate listing of translated Modelica code in dsmodel.mof
   * Simulation/Setup/Translation/List non-linear iteration variables
   * Simulation/Setup/Debug/Store variables after failed initialization
     - If a failure to solve a nonlinear equation caused failed initialization.
   * The options under the group Simulation/Setup/Debug/Nonlinear solver diagnostics

  Jacobian inverse norm estimate: 16662.2
  Condition number estimate: 10272.4
  1-norm of the residual = 56040.7

  Last value of the solution:
  Last value of the residual:


Warning: Failed to solve nonlinear system using Newton solver.
  During initialization at time: 0
  Tag: extended initialization.nonlinear[1]

  For debugging help refer to the first error message of this type.

  Jacobian inverse norm estimate: 16662.6
  Condition number estimate: 5285.39
  1-norm of the residual = 52041.1

  Last value of the solution:
  Last value of the residual:


Warning: Failed to solve nonlinear system using Newton solver.
  During initialization at time: 0
  Tag: extended initialization.nonlinear[1]

  Common causes:
   * The system of equations has no solution - the residual will be above zero.
     - This may be caused by initial conditions not being fully specified, check the translation log.
     - In some cases the event-logic can cause this.
   * Starting values are too far from the solution, see homotopy in the manual.
     - In rare cases this could occur at events.
   * The equations are too discontinuous for the nonlinear solver - the residual will have knees.
     - Likely caused by over-using noEvent.
  Especially consider the first two items above when the nonlinear solver fails during initialization.

  To get more information consider the options:
   * Simulation/Setup/Translation/Generate listing of translated Modelica code in dsmodel.mof
   * Simulation/Setup/Translation/List non-linear iteration variables
   * Simulation/Setup/Debug/Store variables after failed initialization
     - If a failure to solve a nonlinear equation caused failed initialization.
   * The options under the group Simulation/Setup/Debug/Nonlinear solver diagnostics

  Jacobian inverse norm estimate: 16661.8
  Condition number estimate: 5221.49
  1-norm of the residual = 52040.8

  Last value of the solution:
  Last value of the residual:


Warning: Failed to solve nonlinear system using Newton solver.
  During initialization at time: 0
  Tag: extended initialization.nonlinear[1]

  Common causes:
   * The system of equations has no solution - the residual will be above zero.
     - This may be caused by initial conditions not being fully specified, check the translation log.
     - In some cases the event-logic can cause this.
   * Starting values are too far from the solution, see homotopy in the manual.
     - In rare cases this could occur at events.
   * The equations are too discontinuous for the nonlinear solver - the residual will have knees.
     - Likely caused by over-using noEvent.
  Especially consider the first two items above when the nonlinear solver fails during initialization.

  To get more information consider the options:
   * Simulation/Setup/Translation/Generate listing of translated Modelica code in dsmodel.mof
   * Simulation/Setup/Translation/List non-linear iteration variables
   * Simulation/Setup/Debug/Store variables after failed initialization
     - If a failure to solve a nonlinear equation caused failed initialization.
   * The options under the group Simulation/Setup/Debug/Nonlinear solver diagnostics

  Jacobian inverse norm estimate: 16661
  Condition number estimate: 5302.12
  1-norm of the residual = 52034.8

  Last value of the solution:
  Last value of the residual:


Warning: Failed to solve nonlinear system using Newton solver.
  During initialization at time: 0
  Tag: extended initialization.nonlinear[1]

  Common causes:
   * The system of equations has no solution - the residual will be above zero.
     - This may be caused by initial conditions not being fully specified, check the translation log.
     - In some cases the event-logic can cause this.
   * Starting values are too far from the solution, see homotopy in the manual.
     - In rare cases this could occur at events.
   * The equations are too discontinuous for the nonlinear solver - the residual will have knees.
     - Likely caused by over-using noEvent.
  Especially consider the first two items above when the nonlinear solver fails during initialization.

  To get more information consider the options:
   * Simulation/Setup/Translation/Generate listing of translated Modelica code in dsmodel.mof
   * Simulation/Setup/Translation/List non-linear iteration variables
   * Simulation/Setup/Debug/Store variables after failed initialization
     - If a failure to solve a nonlinear equation caused failed initialization.
   * The options under the group Simulation/Setup/Debug/Nonlinear solver diagnostics

  Jacobian inverse norm estimate: 16661.2
  Condition number estimate: 5197.36
  1-norm of the residual = 52033.8

  Last value of the solution:
  Last value of the residual:


Warning: Failed to solve nonlinear system using Newton solver.
  During initialization at time: 0
  Tag: extended initialization.nonlinear[1]

  Common causes:
   * The system of equations has no solution - the residual will be above zero.
     - This may be caused by initial conditions not being fully specified, check the translation log.
     - In some cases the event-logic can cause this.
   * Starting values are too far from the solution, see homotopy in the manual.
     - In rare cases this could occur at events.
   * The equations are too discontinuous for the nonlinear solver - the residual will have knees.
     - Likely caused by over-using noEvent.
  Especially consider the first two items above when the nonlinear solver fails during initialization.

  To get more information consider the options:
   * Simulation/Setup/Translation/Generate listing of translated Modelica code in dsmodel.mof
   * Simulation/Setup/Translation/List non-linear iteration variables
   * Simulation/Setup/Debug/Store variables after failed initialization
     - If a failure to solve a nonlinear equation caused failed initialization.
   * The options under the group Simulation/Setup/Debug/Nonlinear solver diagnostics

  Jacobian inverse norm estimate: 16660.8
  Condition number estimate: 5301.01
  1-norm of the residual = 52033.5

  Last value of the solution:
  Last value of the residual:


Warning: Failed to solve nonlinear system using Newton solver.
  During initialization at time: 0
  Tag: extended initialization.nonlinear[1]

  Common causes:
   * The system of equations has no solution - the residual will be above zero.
     - This may be caused by initial conditions not being fully specified, check the translation log.
     - In some cases the event-logic can cause this.
   * Starting values are too far from the solution, see homotopy in the manual.
     - In rare cases this could occur at events.
   * The equations are too discontinuous for the nonlinear solver - the residual will have knees.
     - Likely caused by over-using noEvent.
  Especially consider the first two items above when the nonlinear solver fails during initialization.

  To get more information consider the options:
   * Simulation/Setup/Translation/Generate listing of translated Modelica code in dsmodel.mof
   * Simulation/Setup/Translation/List non-linear iteration variables
   * Simulation/Setup/Debug/Store variables after failed initialization
     - If a failure to solve a nonlinear equation caused failed initialization.
   * The options under the group Simulation/Setup/Debug/Nonlinear solver diagnostics

  Jacobian inverse norm estimate: 16660.6
  Condition number estimate: 11619
  1-norm of the residual = 52031.9

  Last value of the solution:
  Last value of the residual:


Warning: Failed to solve nonlinear system using Newton solver.
  During initialization at time: 0
  Tag: extended initialization.nonlinear[1]

  Common causes:
   * The system of equations has no solution - the residual will be above zero.
     - This may be caused by initial conditions not being fully specified, check the translation log.
     - In some cases the event-logic can cause this.
   * Starting values are too far from the solution, see homotopy in the manual.
     - In rare cases this could occur at events.
   * The equations are too discontinuous for the nonlinear solver - the residual will have knees.
     - Likely caused by over-using noEvent.
  Especially consider the first two items above when the nonlinear solver fails during initialization.

  To get more information consider the options:
   * Simulation/Setup/Translation/Generate listing of translated Modelica code in dsmodel.mof
   * Simulation/Setup/Translation/List non-linear iteration variables
   * Simulation/Setup/Debug/Store variables after failed initialization
     - If a failure to solve a nonlinear equation caused failed initialization.
   * The options under the group Simulation/Setup/Debug/Nonlinear solver diagnostics

  Jacobian inverse norm estimate: 16660.2
  Condition number estimate: 5082.05
  1-norm of the residual = 52031.7

  Last value of the solution:
  Last value of the residual:


Warning: Failed to solve nonlinear system using Newton solver.
  During initialization at time: 0
  Tag: extended initialization.nonlinear[1]

  Common causes:
   * The system of equations has no solution - the residual will be above zero.
     - This may be caused by initial conditions not being fully specified, check the translation log.
     - In some cases the event-logic can cause this.
   * Starting values are too far from the solution, see homotopy in the manual.
     - In rare cases this could occur at events.
   * The equations are too discontinuous for the nonlinear solver - the residual will have knees.
     - Likely caused by over-using noEvent.
  Especially consider the first two items above when the nonlinear solver fails during initialization.

  To get more information consider the options:
   * Simulation/Setup/Translation/Generate listing of translated Modelica code in dsmodel.mof
   * Simulation/Setup/Translation/List non-linear iteration variables
   * Simulation/Setup/Debug/Store variables after failed initialization
     - If a failure to solve a nonlinear equation caused failed initialization.
   * The options under the group Simulation/Setup/Debug/Nonlinear solver diagnostics

  Jacobian inverse norm estimate: 16660
  Condition number estimate: 5142.86
  1-norm of the residual = 52030.9

  Last value of the solution:
  Last value of the residual:


Warning: Failed to solve nonlinear system using Newton solver.
  During initialization at time: 0
  Tag: extended initialization.nonlinear[1]

  Common causes:
   * The system of equations has no solution - the residual will be above zero.
     - This may be caused by initial conditions not being fully specified, check the translation log.
     - In some cases the event-logic can cause this.
   * Starting values are too far from the solution, see homotopy in the manual.
     - In rare cases this could occur at events.
   * The equations are too discontinuous for the nonlinear solver - the residual will have knees.
     - Likely caused by over-using noEvent.
  Especially consider the first two items above when the nonlinear solver fails during initialization.

  To get more information consider the options:
   * Simulation/Setup/Translation/Generate listing of translated Modelica code in dsmodel.mof
   * Simulation/Setup/Translation/List non-linear iteration variables
   * Simulation/Setup/Debug/Store variables after failed initialization
     - If a failure to solve a nonlinear equation caused failed initialization.
   * The options under the group Simulation/Setup/Debug/Nonlinear solver diagnostics

  Jacobian inverse norm estimate: 16660.3
  Condition number estimate: 7176.84
  1-norm of the residual = 52030.4

  Last value of the solution:
  Last value of the residual:


Warning: Failed to solve nonlinear system using Newton solver.
  During initialization at time: 0
  Tag: extended initialization.nonlinear[1]

  Common causes:
   * The system of equations has no solution - the residual will be above zero.
     - This may be caused by initial conditions not being fully specified, check the translation log.
     - In some cases the event-logic can cause this.
   * Starting values are too far from the solution, see homotopy in the manual.
     - In rare cases this could occur at events.
   * The equations are too discontinuous for the nonlinear solver - the residual will have knees.
     - Likely caused by over-using noEvent.
  Especially consider the first two items above when the nonlinear solver fails during initialization.

  To get more information consider the options:
   * Simulation/Setup/Translation/Generate listing of translated Modelica code in dsmodel.mof
   * Simulation/Setup/Translation/List non-linear iteration variables
   * Simulation/Setup/Debug/Store variables after failed initialization
     - If a failure to solve a nonlinear equation caused failed initialization.
   * The options under the group Simulation/Setup/Debug/Nonlinear solver diagnostics

  Jacobian inverse norm estimate: 16659.8
  Condition number estimate: 6821.09
  1-norm of the residual = 52029.8

  Last value of the solution:
  Last value of the residual:


Warning: Failed to solve nonlinear system using Newton solver.
  During initialization at time: 0
  Tag: extended initialization.nonlinear[1]

  Common causes:
   * The system of equations has no solution - the residual will be above zero.
     - This may be caused by initial conditions not being fully specified, check the translation log.
     - In some cases the event-logic can cause this.
   * Starting values are too far from the solution, see homotopy in the manual.
     - In rare cases this could occur at events.
   * The equations are too discontinuous for the nonlinear solver - the residual will have knees.
     - Likely caused by over-using noEvent.
  Especially consider the first two items above when the nonlinear solver fails during initialization.

  To get more information consider the options:
   * Simulation/Setup/Translation/Generate listing of translated Modelica code in dsmodel.mof
   * Simulation/Setup/Translation/List non-linear iteration variables
   * Simulation/Setup/Debug/Store variables after failed initialization
     - If a failure to solve a nonlinear equation caused failed initialization.
   * The options under the group Simulation/Setup/Debug/Nonlinear solver diagnostics

  Jacobian inverse norm estimate: 16660
  Condition number estimate: 6980.86
  1-norm of the residual = 52029.2

  Last value of the solution:
  Last value of the residual:


Warning: Failed to solve nonlinear system using Newton solver.
  During initialization at time: 0
  Tag: extended initialization.nonlinear[1]

  Common causes:
   * The system of equations has no solution - the residual will be above zero.
     - This may be caused by initial conditions not being fully specified, check the translation log.
     - In some cases the event-logic can cause this.
   * Starting values are too far from the solution, see homotopy in the manual.
     - In rare cases this could occur at events.
   * The equations are too discontinuous for the nonlinear solver - the residual will have knees.
     - Likely caused by over-using noEvent.
  Especially consider the first two items above when the nonlinear solver fails during initialization.

  To get more information consider the options:
   * Simulation/Setup/Translation/Generate listing of translated Modelica code in dsmodel.mof
   * Simulation/Setup/Translation/List non-linear iteration variables
   * Simulation/Setup/Debug/Store variables after failed initialization
     - If a failure to solve a nonlinear equation caused failed initialization.
   * The options under the group Simulation/Setup/Debug/Nonlinear solver diagnostics

  Jacobian inverse norm estimate: 16659.9
  Condition number estimate: 6910.55
  1-norm of the residual = 52028.6

  Last value of the solution:
  Last value of the residual:


Warning: Failed to solve nonlinear system using Newton solver.
  During initialization at time: 0
  Tag: extended initialization.nonlinear[1]

  Common causes:
   * The system of equations has no solution - the residual will be above zero.
     - This may be caused by initial conditions not being fully specified, check the translation log.
     - In some cases the event-logic can cause this.
   * Starting values are too far from the solution, see homotopy in the manual.
     - In rare cases this could occur at events.
   * The equations are too discontinuous for the nonlinear solver - the residual will have knees.
     - Likely caused by over-using noEvent.
  Especially consider the first two items above when the nonlinear solver fails during initialization.

  To get more information consider the options:
   * Simulation/Setup/Translation/Generate listing of translated Modelica code in dsmodel.mof
   * Simulation/Setup/Translation/List non-linear iteration variables
   * Simulation/Setup/Debug/Store variables after failed initialization
     - If a failure to solve a nonlinear equation caused failed initialization.
   * The options under the group Simulation/Setup/Debug/Nonlinear solver diagnostics

  Jacobian inverse norm estimate: 16659.5
  Condition number estimate: 6928.05
  1-norm of the residual = 52028

  Last value of the solution:
  Last value of the residual:


Warning: Failed to solve nonlinear system using Newton solver.
  During initialization at time: 0
  Tag: extended initialization.nonlinear[1]

  Common causes:
   * The system of equations has no solution - the residual will be above zero.
     - This may be caused by initial conditions not being fully specified, check the translation log.
     - In some cases the event-logic can cause this.
   * Starting values are too far from the solution, see homotopy in the manual.
     - In rare cases this could occur at events.
   * The equations are too discontinuous for the nonlinear solver - the residual will have knees.
     - Likely caused by over-using noEvent.
  Especially consider the first two items above when the nonlinear solver fails during initialization.

  To get more information consider the options:
   * Simulation/Setup/Translation/Generate listing of translated Modelica code in dsmodel.mof
   * Simulation/Setup/Translation/List non-linear iteration variables
   * Simulation/Setup/Debug/Store variables after failed initialization
     - If a failure to solve a nonlinear equation caused failed initialization.
   * The options under the group Simulation/Setup/Debug/Nonlinear solver diagnostics

  Jacobian inverse norm estimate: 16659.3
  Condition number estimate: 6908.66
  1-norm of the residual = 52027.4

  Last value of the solution:
  Last value of the residual:


Warning: Failed to solve nonlinear system using Newton solver.
  During initialization at time: 0
  Tag: extended initialization.nonlinear[1]

  Common causes:
   * The system of equations has no solution - the residual will be above zero.
     - This may be caused by initial conditions not being fully specified, check the translation log.
     - In some cases the event-logic can cause this.
   * Starting values are too far from the solution, see homotopy in the manual.
     - In rare cases this could occur at events.
   * The equations are too discontinuous for the nonlinear solver - the residual will have knees.
     - Likely caused by over-using noEvent.
  Especially consider the first two items above when the nonlinear solver fails during initialization.

  To get more information consider the options:
   * Simulation/Setup/Translation/Generate listing of translated Modelica code in dsmodel.mof
   * Simulation/Setup/Translation/List non-linear iteration variables
   * Simulation/Setup/Debug/Store variables after failed initialization
     - If a failure to solve a nonlinear equation caused failed initialization.
   * The options under the group Simulation/Setup/Debug/Nonlinear solver diagnostics

  Jacobian inverse norm estimate: 16659.2
  Condition number estimate: 6905.05
  1-norm of the residual = 52026.8

  Last value of the solution:
  Last value of the residual:


Warning: Failed to solve nonlinear system using Newton solver.
  During initialization at time: 0
  Tag: extended initialization.nonlinear[1]

  Common causes:
   * The system of equations has no solution - the residual will be above zero.
     - This may be caused by initial conditions not being fully specified, check the translation log.
     - In some cases the event-logic can cause this.
   * Starting values are too far from the solution, see homotopy in the manual.
     - In rare cases this could occur at events.
   * The equations are too discontinuous for the nonlinear solver - the residual will have knees.
     - Likely caused by over-using noEvent.
  Especially consider the first two items above when the nonlinear solver fails during initialization.

  To get more information consider the options:
   * Simulation/Setup/Translation/Generate listing of translated Modelica code in dsmodel.mof
   * Simulation/Setup/Translation/List non-linear iteration variables
   * Simulation/Setup/Debug/Store variables after failed initialization
     - If a failure to solve a nonlinear equation caused failed initialization.
   * The options under the group Simulation/Setup/Debug/Nonlinear solver diagnostics

  Jacobian inverse norm estimate: 16659.1
  Condition number estimate: 6893.67
  1-norm of the residual = 52026.2

  Last value of the solution:
  Last value of the residual:


Warning: Failed to solve nonlinear system using Newton solver.
  During initialization at time: 0
  Tag: extended initialization.nonlinear[1]

  Common causes:
   * The system of equations has no solution - the residual will be above zero.
     - This may be caused by initial conditions not being fully specified, check the translation log.
     - In some cases the event-logic can cause this.
   * Starting values are too far from the solution, see homotopy in the manual.
     - In rare cases this could occur at events.
   * The equations are too discontinuous for the nonlinear solver - the residual will have knees.
     - Likely caused by over-using noEvent.
  Especially consider the first two items above when the nonlinear solver fails during initialization.

  To get more information consider the options:
   * Simulation/Setup/Translation/Generate listing of translated Modelica code in dsmodel.mof
   * Simulation/Setup/Translation/List non-linear iteration variables
   * Simulation/Setup/Debug/Store variables after failed initialization
     - If a failure to solve a nonlinear equation caused failed initialization.
   * The options under the group Simulation/Setup/Debug/Nonlinear solver diagnostics

  Jacobian inverse norm estimate: 16659.3
  Condition number estimate: 6886.69
  1-norm of the residual = 52025.6

  Last value of the solution:
  Last value of the residual:


Warning: Failed to solve nonlinear system using Newton solver.
  During initialization at time: 0
  Tag: extended initialization.nonlinear[1]

  Common causes:
   * The system of equations has no solution - the residual will be above zero.
     - This may be caused by initial conditions not being fully specified, check the translation log.
     - In some cases the event-logic can cause this.
   * Starting values are too far from the solution, see homotopy in the manual.
     - In rare cases this could occur at events.
   * The equations are too discontinuous for the nonlinear solver - the residual will have knees.
     - Likely caused by over-using noEvent.
  Especially consider the first two items above when the nonlinear solver fails during initialization.

  To get more information consider the options:
   * Simulation/Setup/Translation/Generate listing of translated Modelica code in dsmodel.mof
   * Simulation/Setup/Translation/List non-linear iteration variables
   * Simulation/Setup/Debug/Store variables after failed initialization
     - If a failure to solve a nonlinear equation caused failed initialization.
   * The options under the group Simulation/Setup/Debug/Nonlinear solver diagnostics

  Jacobian inverse norm estimate: 16659.6
  Condition number estimate: 6876.91
  1-norm of the residual = 52025

  Last value of the solution:
  Last value of the residual:


Warning: Failed to solve nonlinear system using Newton solver.
  During initialization at time: 0
  Tag: extended initialization.nonlinear[1]

  Common causes:
   * The system of equations has no solution - the residual will be above zero.
     - This may be caused by initial conditions not being fully specified, check the translation log.
     - In some cases the event-logic can cause this.
   * Starting values are too far from the solution, see homotopy in the manual.
     - In rare cases this could occur at events.
   * The equations are too discontinuous for the nonlinear solver - the residual will have knees.
     - Likely caused by over-using noEvent.
  Especially consider the first two items above when the nonlinear solver fails during initialization.

  To get more information consider the options:
   * Simulation/Setup/Translation/Generate listing of translated Modelica code in dsmodel.mof
   * Simulation/Setup/Translation/List non-linear iteration variables
   * Simulation/Setup/Debug/Store variables after failed initialization
     - If a failure to solve a nonlinear equation caused failed initialization.
   * The options under the group Simulation/Setup/Debug/Nonlinear solver diagnostics

  Jacobian inverse norm estimate: 16658.8
  Condition number estimate: 6867.82
  1-norm of the residual = 52024.4

  Last value of the solution:
  Last value of the residual:


Warning: Failed to solve nonlinear system using Newton solver.
  During initialization at time: 0
  Tag: extended initialization.nonlinear[1]

  Common causes:
   * The system of equations has no solution - the residual will be above zero.
     - This may be caused by initial conditions not being fully specified, check the translation log.
     - In some cases the event-logic can cause this.
   * Starting values are too far from the solution, see homotopy in the manual.
     - In rare cases this could occur at events.
   * The equations are too discontinuous for the nonlinear solver - the residual will have knees.
     - Likely caused by over-using noEvent.
  Especially consider the first two items above when the nonlinear solver fails during initialization.

  To get more information consider the options:
   * Simulation/Setup/Translation/Generate listing of translated Modelica code in dsmodel.mof
   * Simulation/Setup/Translation/List non-linear iteration variables
   * Simulation/Setup/Debug/Store variables after failed initialization
     - If a failure to solve a nonlinear equation caused failed initialization.
   * The options under the group Simulation/Setup/Debug/Nonlinear solver diagnostics

  Jacobian inverse norm estimate: 16658.7
  Condition number estimate: 6858.26
  1-norm of the residual = 52023.8

  Last value of the solution:
  Last value of the residual:


Warning: Failed to solve nonlinear system using Newton solver.
  During initialization at time: 0
  Tag: extended initialization.nonlinear[1]

  Common causes:
   * The system of equations has no solution - the residual will be above zero.

Warning: Failed to solve nonlinear system using Newton solver.
  During initialization at time: 0
  Tag: extended initialization.nonlinear[1]

  Common causes:
   * The system of equations has no solution - the residual will be above zero.
     - This may be caused by initial conditions not being fully specified, check the translation log.
     - In some cases the event-logic can cause this.
   * Starting values are too far from the solution, see homotopy in the manual.
     - In rare cases this could occur at events.
   * The equations are too discontinuous for the nonlinear solver - the residual will have knees.
     - Likely caused by over-using noEvent.
  Especially consider the first two items above when the nonlinear solver fails during initialization.

  To get more information consider the options:
   * Simulation/Setup/Translation/Generate listing of translated Modelica code in dsmodel.mof
   * Simulation/Setup/Translation/List non-linear iteration variables
   * Simulation/Setup/Debug/Store variables after failed initialization
     - If a failure to solve a nonlinear equation caused failed initialization.
   * The options under the group Simulation/Setup/Debug/Nonlinear solver diagnostics

  Jacobian inverse norm estimate: 15236.6
  Condition number estimate: 2372.51
  1-norm of the residual = 234473

  Last value of the solution:
  Last value of the residual:


Warning: Failed to solve nonlinear system using Newton solver.
  During initialization at time: 0
  Tag: extended initialization.nonlinear[1]

  For debugging help refer to the first error message of this type.

  Jacobian inverse norm estimate: 15236.5
  Condition number estimate: 4586.39
  1-norm of the residual = 208295

  Last value of the solution:
  Last value of the residual:


Warning: Failed to solve nonlinear system using Newton solver.
  During initialization at time: 0
  Tag: extended initialization.nonlinear[1]

  Common causes:
   * The system of equations has no solution - the residual will be above zero.
     - This may be caused by initial conditions not being fully specified, check the translation log.
     - In some cases the event-logic can cause this.
   * Starting values are too far from the solution, see homotopy in the manual.
     - In rare cases this could occur at events.
   * The equations are too discontinuous for the nonlinear solver - the residual will have knees.
     - Likely caused by over-using noEvent.
  Especially consider the first two items above when the nonlinear solver fails during initialization.

  To get more information consider the options:
   * Simulation/Setup/Translation/Generate listing of translated Modelica code in dsmodel.mof
   * Simulation/Setup/Translation/List non-linear iteration variables
   * Simulation/Setup/Debug/Store variables after failed initialization
     - If a failure to solve a nonlinear equation caused failed initialization.
   * The options under the group Simulation/Setup/Debug/Nonlinear solver diagnostics

  Jacobian inverse norm estimate: 15236.2
  Condition number estimate: 556.087
  1-norm of the residual = 208286

  Last value of the solution:
  Last value of the residual:


Warning: Failed to solve nonlinear system using Newton solver.
  During initialization at time: 0
  Tag: extended initialization.nonlinear[1]

  Common causes:
   * The system of equations has no solution - the residual will be above zero.
     - This may be caused by initial conditions not being fully specified, check the translation log.
     - In some cases the event-logic can cause this.
   * Starting values are too far from the solution, see homotopy in the manual.
     - In rare cases this could occur at events.
   * The equations are too discontinuous for the nonlinear solver - the residual will have knees.
     - Likely caused by over-using noEvent.
  Especially consider the first two items above when the nonlinear solver fails during initialization.

  To get more information consider the options:
   * Simulation/Setup/Translation/Generate listing of translated Modelica code in dsmodel.mof

Warning: Failed to solve nonlinear system using Newton solver.
  During initialization at time: 0
  Tag: extended initialization.nonlinear[1]

  Common causes:
   * The system of equations has no solution - the residual will be above zero.
     - This may be caused by initial conditions not being fully specified, check the translation log.
     - In some cases the event-logic can cause this.
   * Starting values are too far from the solution, see homotopy in the manual.
     - In rare cases this could occur at events.
   * The equations are too discontinuous for the nonlinear solver - the residual will have knees.
     - Likely caused by over-using noEvent.
  Especially consider the first two items above when the nonlinear solver fails during initialization.

  To get more information consider the options:
   * Simulation/Setup/Translation/Generate listing of translated Modelica code in dsmodel.mof
   * Simulation/Setup/Translation/List non-linear iteration variables
   * Simulation/Setup/Debug/Store variables after failed initialization
     - If a failure to solve a nonlinear equation caused failed initialization.
   * The options under the group Simulation/Setup/Debug/Nonlinear solver diagnostics

  Jacobian inverse norm estimate: 10271.9
  Condition number estimate: 1470.69
  1-norm of the residual = 434938

  Last value of the solution:
  Last value of the residual:


Warning: Failed to solve nonlinear system using Newton solver.
  During initialization at time: 0
  Tag: extended initialization.nonlinear[1]

  For debugging help refer to the first error message of this type.

  Jacobian inverse norm estimate: 10271.8
  Condition number estimate: 4503.45
  1-norm of the residual = 432471

  Last value of the solution:
  Last value of the residual:


Warning: Failed to solve nonlinear system using Newton solver.
  During initialization at time: 0
  Tag: extended initialization.nonlinear[1]

  Common causes:
   * The system of equations has no solution - the residual will be above zero.
     - This may be caused by initial conditions not being fully specified, check the translation log.
     - In some cases the event-logic can cause this.
   * Starting values are too far from the solution, see homotopy in the manual.
     - In rare cases this could occur at events.
   * The equations are too discontinuous for the nonlinear solver - the residual will have knees.
     - Likely caused by over-using noEvent.
  Especially consider the first two items above when the nonlinear solver fails during initialization.

  To get more information consider the options:
   * Simulation/Setup/Translation/Generate listing of translated Modelica code in dsmodel.mof
   * Simulation/Setup/Translation/List non-linear iteration variables
   * Simulation/Setup/Debug/Store variables after failed initialization
     - If a failure to solve a nonlinear equation caused failed initialization.
   * The options under the group Simulation/Setup/Debug/Nonlinear solver diagnostics

  Jacobian inverse norm estimate: 10271.7
  Condition number estimate: 3483.17
  1-norm of the residual = 432471

  Last value of the solution:
  Last value of the residual:


Warning: Failed to solve nonlinear system using Newton solver.
  During initialization at time: 0
  Tag: extended initialization.nonlinear[1]

  Common causes:
   * The system of equations has no solution - the residual will be above zero.
     - This may be caused by initial conditions not being fully specified, check the translation log.
     - In some cases the event-logic can cause this.
   * Starting values are too far from the solution, see homotopy in the manual.
     - In rare cases this could occur at events.
   * The equations are too discontinuous for the nonlinear solver - the residual will have knees.
     - Likely caused by over-using noEvent.
  Especially consider the first two items above when the nonlinear solver fails during initialization.

  To get more information consider the options:
   * Simulation/Setup/Translation/Generate listing of translated Modelica code in dsmodel.mof
[SunModel::SunInstance] creating sun new instance
[CityEnergyModel::Instance]
  |-- export outputs enabled: 1
  |-- export visualization enabled: 0
  |-- export report enabled: 0
  |-- export building report enabled: 0
  |-- solar shading coefficients enabled: building
  |-- solar shading components: building
[CityEnergyModelInstance] execute start ...
execute at time=3600
[CityEnergyModelInstance] execute.simulation start ...
[CityEnergyModelInstance] execute.simulation.solarMasks start ...
[CityEnergyModelInstance] execute.simulation.solarMasks current done in 0.000741231 s
[CityEnergyModelInstance] execute.simulation.buildingExecuteStep start ...
[CityEnergyModelInstance] execute.simulation.buildingExecuteStep current done in 99.5691 s
[CityEnergyModelInstance] execute.simulation current done in 99.5703 s
[CityEnergyModelInstance] execute.postprocess start ...
[CityEnergyModelInstance] exportOutputs start ...
[CityEnergyModelInstance] exportOutputs current done in 3.04965 s
[CityEnergyModelInstance] execute.postprocess current done in 3.0499 s
execute at time=7200
[CityEnergyModelInstance] execute.simulation start ...
[CityEnergyModelInstance] execute.simulation.solarMasks start ...
[CityEnergyModelInstance] execute.simulation.solarMasks current done in 0.000410301 s
[CityEnergyModelInstance] execute.simulation.buildingExecuteStep start ...
[CityEnergyModelInstance] execute.simulation.buildingExecuteStep current done in 2.60706 s
[CityEnergyModelInstance] execute.simulation current done in 2.60785 s
[CityEnergyModelInstance] execute.postprocess start ...
[CityEnergyModelInstance] exportOutputs start ...
[CityEnergyModelInstance] exportOutputs current done in 3.04257 s
[CityEnergyModelInstance] execute.postprocess current done in 3.04281 s
execute at time=10800
[CityEnergyModelInstance] execute.simulation start ...
[CityEnergyModelInstance] execute.simulation.solarMasks start ...
[CityEnergyModelInstance] execute.simulation.solarMasks current done in 0.000395291 s
[CityEnergyModelInstance] execute.simulation.buildingExecuteStep start ...
[CityEnergyModelInstance] execute.simulation.buildingExecuteStep current done in 1.87068 s
[CityEnergyModelInstance] execute.simulation current done in 1.8715 s
[CityEnergyModelInstance] execute.postprocess start ...
[CityEnergyModelInstance] exportOutputs start ...
[CityEnergyModelInstance] exportOutputs current done in 0.670521 s
[CityEnergyModelInstance] execute.postprocess current done in 0.670735 s
execute at time=14400
[CityEnergyModelInstance] execute.simulation start ...
[CityEnergyModelInstance] execute.simulation.solarMasks start ...
[CityEnergyModelInstance] execute.simulation.solarMasks current done in 0.000683482 s
[CityEnergyModelInstance] execute.simulation.buildingExecuteStep start ...
[CityEnergyModelInstance] execute.simulation.buildingExecuteStep current done in 1.62183 s
[CityEnergyModelInstance] execute.simulation current done in 1.62299 s
[CityEnergyModelInstance] execute.postprocess start ...
[CityEnergyModelInstance] exportOutputs start ...
[CityEnergyModelInstance] exportOutputs current done in 0.54067 s
[CityEnergyModelInstance] execute.postprocess current done in 0.541048 s
execute at time=18000
[CityEnergyModelInstance] execute.simulation start ...
[CityEnergyModelInstance] execute.simulation.solarMasks start ...
[CityEnergyModelInstance] execute.simulation.solarMasks current done in 0.000318921 s
[CityEnergyModelInstance] execute.simulation.buildingExecuteStep start ...
[CityEnergyModelInstance] execute.simulation.buildingExecuteStep current done in 1.59262 s
[CityEnergyModelInstance] execute.simulation current done in 1.59336 s
[CityEnergyModelInstance] execute.postprocess start ...
[CityEnergyModelInstance] exportOutputs start ...
[CityEnergyModelInstance] exportOutputs current done in 0.225936 s
[CityEnergyModelInstance] execute.postprocess current done in 0.226171 s
execute at time=21600
[CityEnergyModelInstance] execute.simulation start ...
[CityEnergyModelInstance] execute.simulation.solarMasks start ...
[CityEnergyModelInstance] execute.simulation.solarMasks current done in 0.000968603 s
[CityEnergyModelInstance] execute.simulation.buildingExecuteStep start ...
[CityEnergyModelInstance] execute.simulation.buildingExecuteStep current done in 1.8872 s
[CityEnergyModelInstance] execute.simulation current done in 1.88858 s
[CityEnergyModelInstance] execute.postprocess start ...
[CityEnergyModelInstance] exportOutputs start ...
[CityEnergyModelInstance] exportOutputs current done in 0.372527 s
[CityEnergyModelInstance] execute.postprocess current done in 0.372795 s
execute at time=25200
[CityEnergyModelInstance] execute.simulation start ...
[CityEnergyModelInstance] execute.simulation.solarMasks start ...
[CityEnergyModelInstance] execute.simulation.solarMasks current done in 0.000350861 s
[CityEnergyModelInstance] execute.simulation.buildingExecuteStep start ...
[CityEnergyModelInstance] execute.simulation.buildingExecuteStep current done in 1.83544 s
[CityEnergyModelInstance] execute.simulation current done in 1.83623 s
[CityEnergyModelInstance] execute.postprocess start ...
[CityEnergyModelInstance] exportOutputs start ...
[CityEnergyModelInstance] exportOutputs current done in 0.324912 s
[CityEnergyModelInstance] execute.postprocess current done in 0.325117 s
execute at time=28800
[CityEnergyModelInstance] execute.simulation start ...
[CityEnergyModelInstance] execute.simulation.solarMasks start ...
[CityEnergyModelInstance] execute.simulation.solarMasks current done in 0.000564761 s
[CityEnergyModelInstance] execute.simulation.buildingExecuteStep start ...
[CityEnergyModelInstance] execute.simulation.buildingExecuteStep current done in 2.25843 s
[CityEnergyModelInstance] execute.simulation current done in 2.25939 s
[CityEnergyModelInstance] execute.postprocess start ...
[CityEnergyModelInstance] exportOutputs start ...
[CityEnergyModelInstance] exportOutputs current done in 0.308673 s
[CityEnergyModelInstance] execute.postprocess current done in 0.309173 s
execute at time=32400
[CityEnergyModelInstance] execute.simulation start ...
[CityEnergyModelInstance] execute.simulation.solarMasks start ...
[CityEnergyModelInstance] execute.simulation.solarMasks current done in 0.000832343 s
[CityEnergyModelInstance] execute.simulation.buildingExecuteStep start ...
[CityEnergyModelInstance] execute.simulation.buildingExecuteStep current done in 1.78619 s
[CityEnergyModelInstance] execute.simulation current done in 1.78785 s
[CityEnergyModelInstance] execute.postprocess start ...
[CityEnergyModelInstance] exportOutputs start ...
[CityEnergyModelInstance] exportOutputs current done in 1.00018 s
[CityEnergyModelInstance] execute.postprocess current done in 1.00037 s
execute at time=36000
[CityEnergyModelInstance] execute.simulation start ...
[CityEnergyModelInstance] execute.simulation.solarMasks start ...
[CityEnergyModelInstance] execute.simulation.solarMasks current done in 0.000325841 s
[CityEnergyModelInstance] execute.simulation.buildingExecuteStep start ...
[CityEnergyModelInstance] execute.simulation.buildingExecuteStep current done in 2.09423 s
[CityEnergyModelInstance] execute.simulation current done in 2.09497 s
[CityEnergyModelInstance] execute.postprocess start ...
[CityEnergyModelInstance] exportOutputs start ...
[CityEnergyModelInstance] exportOutputs current done in 0.60965 s
[CityEnergyModelInstance] execute.postprocess current done in 0.609853 s
execute at time=39600
[CityEnergyModelInstance] execute.simulation start ...
[CityEnergyModelInstance] execute.simulation.solarMasks start ...
[CityEnergyModelInstance] execute.simulation.solarMasks current done in 0.000381011 s
[CityEnergyModelInstance] execute.simulation.buildingExecuteStep start ...
[CityEnergyModelInstance] execute.simulation.buildingExecuteStep current done in 1.86788 s
[CityEnergyModelInstance] execute.simulation current done in 1.86864 s
[CityEnergyModelInstance] execute.postprocess start ...
[CityEnergyModelInstance] exportOutputs start ...
[CityEnergyModelInstance] exportOutputs current done in 0.35198 s
[CityEnergyModelInstance] execute.postprocess current done in 0.352174 s
execute at time=43200
[CityEnergyModelInstance] execute.simulation start ...
[CityEnergyModelInstance] execute.simulation.solarMasks start ...
[CityEnergyModelInstance] execute.simulation.solarMasks current done in 0.000533212 s
[CityEnergyModelInstance] execute.simulation.buildingExecuteStep start ...
[CityEnergyModelInstance] execute.simulation.buildingExecuteStep current done in 1.60269 s
[CityEnergyModelInstance] execute.simulation current done in 1.60427 s
[CityEnergyModelInstance] execute.postprocess start ...
[CityEnergyModelInstance] exportOutputs start ...
[CityEnergyModelInstance] exportOutputs current done in 0.383059 s
[CityEnergyModelInstance] execute.postprocess current done in 0.383745 s
execute at time=46800
[CityEnergyModelInstance] execute.simulation start ...
[CityEnergyModelInstance] execute.simulation.solarMasks start ...
[CityEnergyModelInstance] execute.simulation.solarMasks current done in 0.000445322 s
[CityEnergyModelInstance] execute.simulation.buildingExecuteStep start ...
[CityEnergyModelInstance] execute.simulation.buildingExecuteStep current done in 1.96501 s
[CityEnergyModelInstance] execute.simulation current done in 1.9659 s
[CityEnergyModelInstance] execute.postprocess start ...
[CityEnergyModelInstance] exportOutputs start ...
[CityEnergyModelInstance] exportOutputs current done in 0.644789 s
[CityEnergyModelInstance] execute.postprocess current done in 0.644951 s
execute at time=50400
[CityEnergyModelInstance] execute.simulation start ...
[CityEnergyModelInstance] execute.simulation.solarMasks start ...
[CityEnergyModelInstance] execute.simulation.solarMasks current done in 0.00017919 s
[CityEnergyModelInstance] execute.simulation.buildingExecuteStep start ...
[CityEnergyModelInstance] execute.simulation.buildingExecuteStep current done in 2.16631 s
[CityEnergyModelInstance] execute.simulation current done in 2.16688 s
[CityEnergyModelInstance] execute.postprocess start ...
[CityEnergyModelInstance] exportOutputs start ...
[CityEnergyModelInstance] exportOutputs current done in 0.981605 s
[CityEnergyModelInstance] execute.postprocess current done in 0.981766 s
execute at time=54000
[CityEnergyModelInstance] execute.simulation start ...
[CityEnergyModelInstance] execute.simulation.solarMasks start ...
[CityEnergyModelInstance] execute.simulation.solarMasks current done in 0.000176431 s
[CityEnergyModelInstance] execute.simulation.buildingExecuteStep start ...
[CityEnergyModelInstance] execute.simulation.buildingExecuteStep current done in 1.88532 s
[CityEnergyModelInstance] execute.simulation current done in 1.88592 s
[CityEnergyModelInstance] execute.postprocess start ...
[CityEnergyModelInstance] exportOutputs start ...
[CityEnergyModelInstance] exportOutputs current done in 0.48016 s
[CityEnergyModelInstance] execute.postprocess current done in 0.480353 s
execute at time=57600
[CityEnergyModelInstance] execute.simulation start ...
[CityEnergyModelInstance] execute.simulation.solarMasks start ...
[CityEnergyModelInstance] execute.simulation.solarMasks current done in 0.000743853 s
[CityEnergyModelInstance] execute.simulation.buildingExecuteStep start ...
[CityEnergyModelInstance] execute.simulation.buildingExecuteStep current done in 1.83459 s
[CityEnergyModelInstance] execute.simulation current done in 1.83586 s
[CityEnergyModelInstance] execute.postprocess start ...
[CityEnergyModelInstance] exportOutputs start ...
[CityEnergyModelInstance] exportOutputs current done in 0.463345 s
[CityEnergyModelInstance] execute.postprocess current done in 0.463712 s
execute at time=61200
[CityEnergyModelInstance] execute.simulation start ...
[CityEnergyModelInstance] execute.simulation.solarMasks start ...
[CityEnergyModelInstance] execute.simulation.solarMasks current done in 0.000485912 s
[CityEnergyModelInstance] execute.simulation.buildingExecuteStep start ...
[CityEnergyModelInstance] execute.simulation.buildingExecuteStep current done in 1.87192 s
[CityEnergyModelInstance] execute.simulation current done in 1.87284 s
[CityEnergyModelInstance] execute.postprocess start ...
[CityEnergyModelInstance] exportOutputs start ...
[CityEnergyModelInstance] exportOutputs current done in 0.421902 s
[CityEnergyModelInstance] execute.postprocess current done in 0.422291 s
execute at time=64800
[CityEnergyModelInstance] execute.simulation start ...
[CityEnergyModelInstance] execute.simulation.solarMasks start ...
[CityEnergyModelInstance] execute.simulation.solarMasks current done in 0.000811942 s
[CityEnergyModelInstance] execute.simulation.buildingExecuteStep start ...
[CityEnergyModelInstance] execute.simulation.buildingExecuteStep current done in 2.05574 s
[CityEnergyModelInstance] execute.simulation current done in 2.05692 s
[CityEnergyModelInstance] execute.postprocess start ...
[CityEnergyModelInstance] exportOutputs start ...
[CityEnergyModelInstance] exportOutputs current done in 0.23525 s
[CityEnergyModelInstance] execute.postprocess current done in 0.235651 s
execute at time=68400
[CityEnergyModelInstance] execute.simulation start ...
[CityEnergyModelInstance] execute.simulation.solarMasks start ...
[CityEnergyModelInstance] execute.simulation.solarMasks current done in 0.000320691 s
[CityEnergyModelInstance] execute.simulation.buildingExecuteStep start ...
[CityEnergyModelInstance] execute.simulation.buildingExecuteStep current done in 1.93592 s
[CityEnergyModelInstance] execute.simulation current done in 1.93661 s
[CityEnergyModelInstance] execute.postprocess start ...
[CityEnergyModelInstance] exportOutputs start ...
[CityEnergyModelInstance] exportOutputs current done in 0.683345 s
[CityEnergyModelInstance] execute.postprocess current done in 0.683572 s
execute at time=72000
[CityEnergyModelInstance] execute.simulation start ...
[CityEnergyModelInstance] execute.simulation.solarMasks start ...
[CityEnergyModelInstance] execute.simulation.solarMasks current done in 0.000361711 s
[CityEnergyModelInstance] execute.simulation.buildingExecuteStep start ...
[CityEnergyModelInstance] execute.simulation.buildingExecuteStep current done in 1.77921 s
[CityEnergyModelInstance] execute.simulation current done in 1.78003 s
[CityEnergyModelInstance] execute.postprocess start ...
[CityEnergyModelInstance] exportOutputs start ...
[CityEnergyModelInstance] exportOutputs current done in 0.206121 s
[CityEnergyModelInstance] execute.postprocess current done in 0.206427 s
execute at time=75600
[CityEnergyModelInstance] execute.simulation start ...
[CityEnergyModelInstance] execute.simulation.solarMasks start ...
[CityEnergyModelInstance] execute.simulation.solarMasks current done in 0.000325681 s
[CityEnergyModelInstance] execute.simulation.buildingExecuteStep start ...
[CityEnergyModelInstance] execute.simulation.buildingExecuteStep current done in 2.12025 s
[CityEnergyModelInstance] execute.simulation current done in 2.12096 s
[CityEnergyModelInstance] execute.postprocess start ...
[CityEnergyModelInstance] exportOutputs start ...
[CityEnergyModelInstance] exportOutputs current done in 0.287218 s
[CityEnergyModelInstance] execute.postprocess current done in 0.287444 s
execute at time=79200
[CityEnergyModelInstance] execute.simulation start ...
[CityEnergyModelInstance] execute.simulation.solarMasks start ...
[CityEnergyModelInstance] execute.simulation.solarMasks current done in 0.000563331 s
[CityEnergyModelInstance] execute.simulation.buildingExecuteStep start ...
[CityEnergyModelInstance] execute.simulation.buildingExecuteStep current done in 1.72135 s
[CityEnergyModelInstance] execute.simulation current done in 1.72231 s
[CityEnergyModelInstance] execute.postprocess start ...
[CityEnergyModelInstance] exportOutputs start ...
[CityEnergyModelInstance] exportOutputs current done in 1.18969 s
[CityEnergyModelInstance] execute.postprocess current done in 1.19002 s
execute at time=82800
[CityEnergyModelInstance] execute.simulation start ...
[CityEnergyModelInstance] execute.simulation.solarMasks start ...
[CityEnergyModelInstance] execute.simulation.solarMasks current done in 0.000444511 s
[CityEnergyModelInstance] execute.simulation.buildingExecuteStep start ...
[CityEnergyModelInstance] execute.simulation.buildingExecuteStep current done in 1.86054 s
[CityEnergyModelInstance] execute.simulation current done in 1.86135 s
[CityEnergyModelInstance] execute.postprocess start ...
[CityEnergyModelInstance] exportOutputs start ...
[CityEnergyModelInstance] exportOutputs current done in 2.63569 s
[CityEnergyModelInstance] execute.postprocess current done in 2.63599 s
execute at time=86400
[CityEnergyModelInstance] execute.simulation start ...
[CityEnergyModelInstance] execute.simulation.solarMasks start ...
[CityEnergyModelInstance] execute.simulation.solarMasks current done in 0.000472371 s
[CityEnergyModelInstance] execute.simulation.buildingExecuteStep start ...
[CityEnergyModelInstance] execute.simulation.buildingExecuteStep current done in 2.10719 s
[CityEnergyModelInstance] execute.simulation current done in 2.10809 s
[CityEnergyModelInstance] execute.postprocess start ...
[CityEnergyModelInstance] exportOutputs start ...
[CityEnergyModelInstance] exportOutputs current done in 2.75549 s
[CityEnergyModelInstance] execute.postprocess current done in 2.75632 s
[CityEnergyModelInstance] execute current done in 165.793 s
   * Simulation/Setup/Translation/List non-linear iteration variables
   * Simulation/Setup/Debug/Store variables after failed initialization
     - If a failure to solve a nonlinear equation caused failed initialization.
   * The options under the group Simulation/Setup/Debug/Nonlinear solver diagnostics

  Jacobian inverse norm estimate: 10271.6
  Condition number estimate: 5109.82
  1-norm of the residual = 432470

  Last value of the solution:
  Last value of the residual:

     - This may be caused by initial conditions not being fully specified, check the translation log.
     - In some cases the event-logic can cause this.
   * Starting values are too far from the solution, see homotopy in the manual.
     - In rare cases this could occur at events.
   * The equations are too discontinuous for the nonlinear solver - the residual will have knees.
     - Likely caused by over-using noEvent.
  Especially consider the first two items above when the nonlinear solver fails during initialization.

  To get more information consider the options:
   * Simulation/Setup/Translation/Generate listing of translated Modelica code in dsmodel.mof
   * Simulation/Setup/Translation/List non-linear iteration variables
   * Simulation/Setup/Debug/Store variables after failed initialization
     - If a failure to solve a nonlinear equation caused failed initialization.
   * The options under the group Simulation/Setup/Debug/Nonlinear solver diagnostics

  Jacobian inverse norm estimate: 16659.3
  Condition number estimate: 6850.03
  1-norm of the residual = 52023.2

  Last value of the solution:
  Last value of the residual:

+-------------------------------------------------------------------------------------------------------------------------------+
|                                                     City_Energy_Modeling                                                      |
+-------------------------------------------------------------------------------------------------------------------------------+
| +-------------+-------------------------------------------------------------------------------------------------------------+ |
| | logs        | /disco2fs/ehpc-dev-2024d05-047/vchabannes/apptainer_home/kub/e911b797/Paris_partitioned/np_256/logs         | |
| +-------------+-------------------------------------------------------------------------------------------------------------+ |
| | journal     | /disco2fs/ehpc-dev-2024d05-047/vchabannes/apptainer_home/kub/e911b797/Paris_partitioned/np_256/journal.json | |
| +-------------+-------------------------------------------------------------------------------------------------------------+ |
| | directories | +------------------------------------------------------------------------------------------------+          | |
| |             | | /disco2fs/ehpc-dev-2024d05-047/vchabannes/apptainer_home/kub/e911b797/Paris_partitioned/np_256 |          | |
| |             | +------------------------------------------------------------------------------------------------+          | |
| |             | | /disco2fs/ehpc-dev-2024d05-047/vchabannes/apptainer_home                                       |          | |
| |             | +------------------------------------------------------------------------------------------------+          | |
| +-------------+-------------------------------------------------------------------------------------------------------------+ |
+-------------------------------------------------------------------------------------------------------------------------------+

[ Stopping Feel++ ] application City_Energy_Modeling execution time 210.899s
     - Likely caused by over-using noEvent.
  Especially consider the first two items above when the nonlinear solver fails during initialization.

  To get more information consider the options:
   * Simulation/Setup/Translation/Generate listing of translated Modelica code in dsmodel.mof
   * Simulation/Setup/Translation/List non-linear iteration variables
   * Simulation/Setup/Debug/Store variables after failed initialization
     - If a failure to solve a nonlinear equation caused failed initialization.
   * The options under the group Simulation/Setup/Debug/Nonlinear solver diagnostics

  Jacobian inverse norm estimate: 13317.6
  Condition number estimate: 4300.33
  1-norm of the residual = 651782

  Last value of the solution:
  Last value of the residual:

   * Simulation/Setup/Translation/List non-linear iteration variables
   * Simulation/Setup/Debug/Store variables after failed initialization
     - If a failure to solve a nonlinear equation caused failed initialization.
   * The options under the group Simulation/Setup/Debug/Nonlinear solver diagnostics

  Jacobian inverse norm estimate: 15236
  Condition number estimate: 292.626
  1-norm of the residual = 208285

  Last value of the solution:
  Last value of the residual:</code></pre>
</div>
</div>
</div>
</div>
<div class="sect1">
<h2 id="_feelpp_kub_cem_info"><a class="anchor" href="#_feelpp_kub_cem_info"></a>4. feelpp_kub_cem.INFO</h2>
<div class="sectionbody">
<div class="listingblock">
<div class="content">
<pre class="highlightjs highlight"><code class="language-bash hljs" data-lang="bash">Log file created at: 2025/04/04 17:29:41
Running on machine: cn0235
Log line format: [IWEF]mmdd hh:mm:ss.uuuuuu threadid file:line] msg
I0404 17:29:41.422428 129173 environment.cpp:1708] File /input_data/kub_benchmark/5km/preprocessing/partitioning/np_256/mesh.lod0.json found
I0404 17:29:41.424486 129173 loadmesh.hpp:246]  Loading mesh in json+h5 format "/input_data/kub_benchmark/5km/preprocessing/partitioning/np_256/mesh.lod0.json"
I0404 17:29:44.329150 129173 partitionio.hpp:1134] read stat points 5856921,22803,0
I0404 17:29:44.329169 129173 partitionio.hpp:1137] read stat elements 10338312,40384,0
I0404 17:29:44.329172 129173 partitionio.hpp:1140] read stat ghost_elements 880,0,0
I0404 17:29:44.329174 129173 partitionio.hpp:1143] read stat marked_faces 1230467,4812,0
I0404 17:29:44.329180 129173 partitionio.hpp:1146] read stat marked_edges 0,0,0
I0404 17:29:44.329181 129173 partitionio.hpp:1149] read stat marked_points 0,0,0
I0404 17:29:44.329262 129173 partitionio.hpp:1168] loaded points_ids:1x5856921
I0404 17:29:44.329327 129173 partitionio.hpp:1170] loaded points_coords:1x17570763
I0404 17:29:44.376981 129173 partitionio.hpp:1267] loaded elements:1x41353248
I0404 17:29:44.485956 129173 partitionio.hpp:1373] loaded ghost_elements:1x880
I0404 17:29:44.525641 129173 partitionio.hpp:1568] loaded marked_subentities:1x3691401
I0404 17:29:44.556087 129173 meshimpl.hpp:1411] We have 4812 faces in the database
I0404 17:29:44.633354 129173 meshimpl.hpp:1890] update boundary points...
I0404 17:29:44.635376 129173 meshimpl.hpp:1910] update boundary elements...
I0404 17:29:55.343861 129173 mpifmu.cpp:149] [mpifmu] unzipPath=/disco2fs/ehpc-dev-2024d05-047/vchabannes/apptainer_home/kub/e911b797/Paris_partitioned/np_256/fmus/fmi4cpp_sun using unzipPath: /disco2fs/ehpc-dev-2024d05-047/vchabannes/apptainer_home/kub/e911b797/Paris_partitioned/np_256/fmus/fmi4cpp_sun ,fmuName: sun
I0404 17:29:55.400867 129173 mpifmu.cpp:183] [mpifmu] Using input weather file
I0404 17:29:55.401233 129173 mpifmu.cpp:201] [mpifmu] uncompressed fmu ready for consumption
I0404 17:29:55.428584 129173 mpifmu.cpp:149] [mpifmu] unzipPath=/disco2fs/ehpc-dev-2024d05-047/vchabannes/apptainer_home/kub/e911b797/Paris_partitioned/np_256/fmus/fmi4cpp_lod0.buildingfloor0 using unzipPath: /disco2fs/ehpc-dev-2024d05-047/vchabannes/apptainer_home/kub/e911b797/Paris_partitioned/np_256/fmus/fmi4cpp_lod0.buildingfloor0 ,fmuName: lod0.buildingfloor0
I0404 17:29:55.494170 129173 mpifmu.cpp:183] [mpifmu] Using input weather file
I0404 17:29:55.494395 129173 mpifmu.cpp:201] [mpifmu] uncompressed fmu ready for consumption
I0404 17:29:55.589390 129173 mpifmu.cpp:149] [mpifmu] unzipPath=/disco2fs/ehpc-dev-2024d05-047/vchabannes/apptainer_home/kub/e911b797/Paris_partitioned/np_256/fmus/fmi4cpp_lod0.buildingfloor1 using unzipPath: /disco2fs/ehpc-dev-2024d05-047/vchabannes/apptainer_home/kub/e911b797/Paris_partitioned/np_256/fmus/fmi4cpp_lod0.buildingfloor1 ,fmuName: lod0.buildingfloor1
I0404 17:29:55.687536 129173 mpifmu.cpp:183] [mpifmu] Using input weather file
I0404 17:29:55.687944 129173 mpifmu.cpp:201] [mpifmu] uncompressed fmu ready for consumption
I0404 17:29:55.853161 129173 mpifmu.cpp:149] [mpifmu] unzipPath=/disco2fs/ehpc-dev-2024d05-047/vchabannes/apptainer_home/kub/e911b797/Paris_partitioned/np_256/fmus/fmi4cpp_lod0.buildingfloor2 using unzipPath: /disco2fs/ehpc-dev-2024d05-047/vchabannes/apptainer_home/kub/e911b797/Paris_partitioned/np_256/fmus/fmi4cpp_lod0.buildingfloor2 ,fmuName: lod0.buildingfloor2
I0404 17:29:55.936748 129173 mpifmu.cpp:183] [mpifmu] Using input weather file
I0404 17:29:55.937114 129173 mpifmu.cpp:201] [mpifmu] uncompressed fmu ready for consumption
I0404 17:29:56.111076 129173 mpifmu.cpp:149] [mpifmu] unzipPath=/disco2fs/ehpc-dev-2024d05-047/vchabannes/apptainer_home/kub/e911b797/Paris_partitioned/np_256/fmus/fmi4cpp_lod0.buildingfloor3 using unzipPath: /disco2fs/ehpc-dev-2024d05-047/vchabannes/apptainer_home/kub/e911b797/Paris_partitioned/np_256/fmus/fmi4cpp_lod0.buildingfloor3 ,fmuName: lod0.buildingfloor3
I0404 17:29:56.198760 129173 mpifmu.cpp:183] [mpifmu] Using input weather file
I0404 17:29:56.199164 129173 mpifmu.cpp:201] [mpifmu] uncompressed fmu ready for consumption
I0404 17:29:56.459720 129173 mpifmu.cpp:149] [mpifmu] unzipPath=/disco2fs/ehpc-dev-2024d05-047/vchabannes/apptainer_home/kub/e911b797/Paris_partitioned/np_256/fmus/fmi4cpp_lod0.buildingfloor4 using unzipPath: /disco2fs/ehpc-dev-2024d05-047/vchabannes/apptainer_home/kub/e911b797/Paris_partitioned/np_256/fmus/fmi4cpp_lod0.buildingfloor4 ,fmuName: lod0.buildingfloor4
I0404 17:29:56.554280 129173 mpifmu.cpp:183] [mpifmu] Using input weather file
I0404 17:29:56.554673 129173 mpifmu.cpp:201] [mpifmu] uncompressed fmu ready for consumption
I0404 17:29:56.859037 129173 mpifmu.cpp:149] [mpifmu] unzipPath=/disco2fs/ehpc-dev-2024d05-047/vchabannes/apptainer_home/kub/e911b797/Paris_partitioned/np_256/fmus/fmi4cpp_lod0.buildingfloor5 using unzipPath: /disco2fs/ehpc-dev-2024d05-047/vchabannes/apptainer_home/kub/e911b797/Paris_partitioned/np_256/fmus/fmi4cpp_lod0.buildingfloor5 ,fmuName: lod0.buildingfloor5
I0404 17:29:56.965778 129173 mpifmu.cpp:183] [mpifmu] Using input weather file
I0404 17:29:56.966576 129173 mpifmu.cpp:201] [mpifmu] uncompressed fmu ready for consumption
I0404 17:29:57.386003 129173 mpifmu.cpp:149] [mpifmu] unzipPath=/disco2fs/ehpc-dev-2024d05-047/vchabannes/apptainer_home/kub/e911b797/Paris_partitioned/np_256/fmus/fmi4cpp_lod0.buildingfloor6 using unzipPath: /disco2fs/ehpc-dev-2024d05-047/vchabannes/apptainer_home/kub/e911b797/Paris_partitioned/np_256/fmus/fmi4cpp_lod0.buildingfloor6 ,fmuName: lod0.buildingfloor6
I0404 17:29:57.504722 129173 mpifmu.cpp:183] [mpifmu] Using input weather file
I0404 17:29:57.505193 129173 mpifmu.cpp:201] [mpifmu] uncompressed fmu ready for consumption
I0404 17:29:58.023763 129173 mpifmu.cpp:149] [mpifmu] unzipPath=/disco2fs/ehpc-dev-2024d05-047/vchabannes/apptainer_home/kub/e911b797/Paris_partitioned/np_256/fmus/fmi4cpp_lod0.buildingfloor7 using unzipPath: /disco2fs/ehpc-dev-2024d05-047/vchabannes/apptainer_home/kub/e911b797/Paris_partitioned/np_256/fmus/fmi4cpp_lod0.buildingfloor7 ,fmuName: lod0.buildingfloor7
I0404 17:29:58.154278 129173 mpifmu.cpp:183] [mpifmu] Using input weather file
I0404 17:29:58.154750 129173 mpifmu.cpp:201] [mpifmu] uncompressed fmu ready for consumption
I0404 17:29:58.687045 129173 mpifmu.cpp:149] [mpifmu] unzipPath=/disco2fs/ehpc-dev-2024d05-047/vchabannes/apptainer_home/kub/e911b797/Paris_partitioned/np_256/fmus/fmi4cpp_lod0.buildingfloor8 using unzipPath: /disco2fs/ehpc-dev-2024d05-047/vchabannes/apptainer_home/kub/e911b797/Paris_partitioned/np_256/fmus/fmi4cpp_lod0.buildingfloor8 ,fmuName: lod0.buildingfloor8
I0404 17:29:58.815696 129173 mpifmu.cpp:183] [mpifmu] Using input weather file
I0404 17:29:58.816174 129173 mpifmu.cpp:201] [mpifmu] uncompressed fmu ready for consumption
I0404 17:29:59.482029 129173 mpifmu.cpp:149] [mpifmu] unzipPath=/disco2fs/ehpc-dev-2024d05-047/vchabannes/apptainer_home/kub/e911b797/Paris_partitioned/np_256/fmus/fmi4cpp_lod0.buildingfloor9 using unzipPath: /disco2fs/ehpc-dev-2024d05-047/vchabannes/apptainer_home/kub/e911b797/Paris_partitioned/np_256/fmus/fmi4cpp_lod0.buildingfloor9 ,fmuName: lod0.buildingfloor9
I0404 17:29:59.666306 129173 mpifmu.cpp:183] [mpifmu] Using input weather file
I0404 17:29:59.666673 129173 mpifmu.cpp:201] [mpifmu] uncompressed fmu ready for consumption
W0404 17:30:00.318856 129173 buildingmodel.cpp:45] [BuildingModel::Instance] building instance 82683391 not simulated
W0404 17:30:00.941437 129173 buildingmodel.cpp:45] [BuildingModel::Instance] building instance 1253001105 not simulated
W0404 17:30:01.343418 129173 buildingmodel.cpp:45] [BuildingModel::Instance] building instance 70184894 not simulated
W0404 17:30:01.433231 129173 buildingmodel.cpp:45] [BuildingModel::Instance] building instance 83861465 not simulated
W0404 17:30:04.872222 129173 buildingmodel.cpp:45] [BuildingModel::Instance] building instance 82683255 not simulated
W0404 17:30:06.040647 129173 buildingmodel.cpp:45] [BuildingModel::Instance] building instance 81427748 not simulated
W0404 17:30:06.816259 129173 buildingmodel.cpp:45] [BuildingModel::Instance] building instance 70184824 not simulated
W0404 17:30:09.333205 129173 buildingmodel.cpp:45] [BuildingModel::Instance] building instance 83834424 not simulated
W0404 17:30:09.901816 129173 buildingmodel.cpp:45] [BuildingModel::Instance] building instance 80301554 not simulated
W0404 17:30:10.679890 129173 buildingmodel.cpp:45] [BuildingModel::Instance] building instance 70185114 not simulated
W0404 17:30:11.023051 129173 buildingmodel.cpp:45] [BuildingModel::Instance] building instance 80301562 not simulated
W0404 17:30:11.734925 129173 buildingmodel.cpp:45] [BuildingModel::Instance] building instance 70185065 not simulated
W0404 17:30:13.443125 129173 buildingmodel.cpp:45] [BuildingModel::Instance] building instance 1112676638 not simulated
W0404 17:30:14.236480 129173 buildingmodel.cpp:45] [BuildingModel::Instance] building instance 80853681 not simulated
W0404 17:30:15.262185 129173 buildingmodel.cpp:45] [BuildingModel::Instance] building instance 80858453 not simulated
W0404 17:30:16.341935 129173 buildingmodel.cpp:45] [BuildingModel::Instance] building instance 81427772 not simulated
W0404 17:30:17.254906 129173 buildingmodel.cpp:45] [BuildingModel::Instance] building instance 82683352 not simulated
W0404 17:30:17.373126 129173 buildingmodel.cpp:45] [BuildingModel::Instance] building instance 82683455 not simulated
W0404 17:30:19.161787 129173 buildingmodel.cpp:45] [BuildingModel::Instance] building instance 82683444 not simulated
W0404 17:30:19.191409 129173 buildingmodel.cpp:45] [BuildingModel::Instance] building instance 81779068 not simulated
W0404 17:30:19.285802 129173 buildingmodel.cpp:45] [BuildingModel::Instance] building instance 81792454 not simulated
W0404 17:30:20.261710 129173 buildingmodel.cpp:45] [BuildingModel::Instance] building instance 81792487 not simulated
W0404 17:30:20.265218 129173 buildingmodel.cpp:45] [BuildingModel::Instance] building instance 80858512 not simulated
W0404 17:30:20.638406 129173 buildingmodel.cpp:45] [BuildingModel::Instance] building instance 81792529 not simulated
W0404 17:30:20.650270 129173 buildingmodel.cpp:45] [BuildingModel::Instance] building instance 81427630 not simulated
W0404 17:30:21.077086 129173 buildingmodel.cpp:45] [BuildingModel::Instance] building instance 81427719 not simulated
W0404 17:30:22.880167 129173 buildingmodel.cpp:45] [BuildingModel::Instance] building instance 81779162 not simulated
I0404 17:30:23.923261 129173 worldcomm.cpp:895] [rank 0] [DofTable::build] starts, has mesh support: false
I0404 17:30:23.927197 129173 worldcomm.cpp:895] [rank 0] [DofTable::buildDofMap] starts, dof_indices empty: true
I0404 17:30:23.927217 129173 worldcomm.cpp:895] [rank 0] [DofTable::buildDofMap] allocation done
I0404 17:30:23.927963 129173 worldcomm.cpp:895] [rank 0] [DofTable::buildDofMap]  n_elts =  40384 on processor 0
I0404 17:30:23.938196 129173 worldcomm.cpp:895] [rank 0] [builddofmap - 0] dof generation hasNoElt : false theFirstDF: 0 thelastDof: 40383
I0404 17:30:23.938211 129173 worldcomm.cpp:895] [rank 0] [builddofmap - 0] gather discontinuous dof info hasNoElt : false theFirstDF: 0 thelastDof: 40383
I0404 17:30:23.947589 129173 worldcomm.cpp:895] [rank 0] [DofTable::buildGhostDofMap rank=0] starts. hasMeshSupport: false
I0404 17:30:23.962708 129173 element_impl.hpp:199] creating element u : u
I0404 17:30:23.962777 129173 element_impl.hpp:199] creating element u : u
I0404 17:30:23.962885 129173 element_impl.hpp:199] creating element u : u
I0404 17:30:23.963034 129173 element_impl.hpp:199] creating element u : u
I0404 17:30:23.963163 129173 element_impl.hpp:199] creating element u : u
I0404 17:30:23.963289 129173 element_impl.hpp:199] creating element u : u
I0404 17:30:23.963405 129173 element_impl.hpp:199] creating element u : u
I0404 17:30:23.963539 129173 element_impl.hpp:199] creating element u : u
I0404 17:30:23.963649 129173 element_impl.hpp:199] creating element u : u
I0404 17:30:23.980963 129173 exporterimpl.hpp:219] [Exporter] format :  ensightgold
I0404 17:30:23.980998 129173 exporterimpl.hpp:220] [Exporter] N      :  1
I0404 17:33:10.973335 129173 environment.cpp:2423] Environment::clearSomeMemory before: PETSC get current memory usage (resident memory): 2.10253e+06  KBytes 2102.53  MBytes 2.10253 GBytes
I0404 17:33:10.973918 129173 environment.cpp:2428] Environment::clearSomeMemory before: PETSC get current PETSC Malloc usage: 0  KBytes 0 MBytes 0 GBytes
I0404 17:33:10.973932 129173 environment.cpp:2430] Environment::clearSomeMemory before: PETSC get maximum PETSC Malloc usage(largest memory ever used so far): 0  KBytes 0 MBytes 0 GBytes
I0404 17:33:10.973987 129173 environment.cpp:2423] Environment::clearSomeMemory after: PETSC get current memory usage (resident memory): 2.10253e+06  KBytes 2102.53  MBytes 2.10253 GBytes
I0404 17:33:10.973994 129173 environment.cpp:2428] Environment::clearSomeMemory after: PETSC get current PETSC Malloc usage: 0  KBytes 0 MBytes 0 GBytes
I0404 17:33:10.973997 129173 environment.cpp:2430] Environment::clearSomeMemory after: PETSC get maximum PETSC Malloc usage(largest memory ever used so far): 0  KBytes 0 MBytes 0 GBytes</code></pre>
</div>
</div>
</div>
</div>
<div class="sect1">
<h2 id="_feelpp_kub_cem_warning"><a class="anchor" href="#_feelpp_kub_cem_warning"></a>5. feelpp_kub_cem.WARNING</h2>
<div class="sectionbody">
<div class="listingblock">
<div class="content">
<pre class="highlightjs highlight"><code class="language-bash hljs" data-lang="bash">Log file created at: 2025/04/04 17:30:00
Running on machine: cn0235
Log line format: [IWEF]mmdd hh:mm:ss.uuuuuu threadid file:line] msg
W0404 17:30:00.318856 129173 buildingmodel.cpp:45] [BuildingModel::Instance] building instance 82683391 not simulated
W0404 17:30:00.941437 129173 buildingmodel.cpp:45] [BuildingModel::Instance] building instance 1253001105 not simulated
W0404 17:30:01.343418 129173 buildingmodel.cpp:45] [BuildingModel::Instance] building instance 70184894 not simulated
W0404 17:30:01.433231 129173 buildingmodel.cpp:45] [BuildingModel::Instance] building instance 83861465 not simulated
W0404 17:30:04.872222 129173 buildingmodel.cpp:45] [BuildingModel::Instance] building instance 82683255 not simulated
W0404 17:30:06.040647 129173 buildingmodel.cpp:45] [BuildingModel::Instance] building instance 81427748 not simulated
W0404 17:30:06.816259 129173 buildingmodel.cpp:45] [BuildingModel::Instance] building instance 70184824 not simulated
W0404 17:30:09.333205 129173 buildingmodel.cpp:45] [BuildingModel::Instance] building instance 83834424 not simulated
W0404 17:30:09.901816 129173 buildingmodel.cpp:45] [BuildingModel::Instance] building instance 80301554 not simulated
W0404 17:30:10.679890 129173 buildingmodel.cpp:45] [BuildingModel::Instance] building instance 70185114 not simulated
W0404 17:30:11.023051 129173 buildingmodel.cpp:45] [BuildingModel::Instance] building instance 80301562 not simulated
W0404 17:30:11.734925 129173 buildingmodel.cpp:45] [BuildingModel::Instance] building instance 70185065 not simulated
W0404 17:30:13.443125 129173 buildingmodel.cpp:45] [BuildingModel::Instance] building instance 1112676638 not simulated
W0404 17:30:14.236480 129173 buildingmodel.cpp:45] [BuildingModel::Instance] building instance 80853681 not simulated
W0404 17:30:15.262185 129173 buildingmodel.cpp:45] [BuildingModel::Instance] building instance 80858453 not simulated
W0404 17:30:16.341935 129173 buildingmodel.cpp:45] [BuildingModel::Instance] building instance 81427772 not simulated
W0404 17:30:17.254906 129173 buildingmodel.cpp:45] [BuildingModel::Instance] building instance 82683352 not simulated
W0404 17:30:17.373126 129173 buildingmodel.cpp:45] [BuildingModel::Instance] building instance 82683455 not simulated
W0404 17:30:19.161787 129173 buildingmodel.cpp:45] [BuildingModel::Instance] building instance 82683444 not simulated
W0404 17:30:19.191409 129173 buildingmodel.cpp:45] [BuildingModel::Instance] building instance 81779068 not simulated
W0404 17:30:19.285802 129173 buildingmodel.cpp:45] [BuildingModel::Instance] building instance 81792454 not simulated
W0404 17:30:20.261710 129173 buildingmodel.cpp:45] [BuildingModel::Instance] building instance 81792487 not simulated
W0404 17:30:20.265218 129173 buildingmodel.cpp:45] [BuildingModel::Instance] building instance 80858512 not simulated
W0404 17:30:20.638406 129173 buildingmodel.cpp:45] [BuildingModel::Instance] building instance 81792529 not simulated
W0404 17:30:20.650270 129173 buildingmodel.cpp:45] [BuildingModel::Instance] building instance 81427630 not simulated
W0404 17:30:21.077086 129173 buildingmodel.cpp:45] [BuildingModel::Instance] building instance 81427719 not simulated
W0404 17:30:22.880167 129173 buildingmodel.cpp:45] [BuildingModel::Instance] building instance 81779162 not simulated</code></pre>
</div>
</div>
</div>
</div>
</article>
  </div>
</main>
</div>
<footer class="footer" style="border-top: 2px solid #e9e9e9; background-color: #fafafa; padding-bottom: 2em; padding-top: 2em;">
    <div class="container" style="display: flex; flex-direction: column; align-items: center; gap: 0.5em;">
        <div>
            <a href="https://www.cemosis.fr">
                <img src="../../../../../../_/img/cemosis-logo.svg" alt="Cemosis logo" height="50">
            </a>
        </div>
        <span style="font-size: 0.8rem; color: #9e9e9e"> 2025 <a href="https://www.cemosis.fr" style="text-decoration: underline;">Cemosis</a>, Universit de Strasbourg</span>
    </div>
</footer>
<script id="site-script" src="../../../../../../_/js/site.js" data-ui-root-path="../../../../../../_"></script>


<script async src="../../../../../../_/js/vendor/fontawesome-icon-defs.js"></script>
<script async src="../../../../../../_/js/vendor/fontawesome.js"></script>
<script async src="../../../../../../_/js/vendor/highlight.js"></script>


<script type="text/javascript">
function toggleFullScreen() {
   var doc = window.document;
   var docEl = doc.documentElement;

   var requestFullScreen = docEl.requestFullscreen || docEl.mozRequestFullScreen || docEl.webkitRequestFullScreen || docEl.msRequestFullscreen;
   var cancelFullScreen = doc.exitFullscreen || doc.mozCancelFullScreen || doc.webkitExitFullscreen || doc.msExitFullscreen;

   if(!doc.fullscreenElement && !doc.mozFullScreenElement && !doc.webkitFullscreenElement && !doc.msFullscreenElement) {
       requestFullScreen.call(docEl);
   }
   else {
       cancelFullScreen.call(doc);
   }
}
</script>
  </body>
</html>
