<!DOCTYPE html>
<html lang="en">
  <head>
    <meta charset="utf-8">
    <meta name="viewport" content="width=device-width,initial-scale=1">
    <title>ReFrame logs :: Ktirio Benchmarks</title>
    <link rel="canonical" href="https://feelpp.github.io/bench.ktirio.fr/ktirio_benchmarks/logs/discoverer/feelpp_kub_cem/Paris_partitioned/2025_04_04T15_02_21Z0300/ef19bbc6.html">
    <meta name="generator" content="Antora 3.1.10">
    <link rel="stylesheet" href="../../../../../../_/css/site.css">
<link rel="icon" href="../../../../../../_/img/favicon.ico" type="image/x-icon">
<script>!function(l,p){if(l.protocol!==p&&l.host=="docs.antora.org"){l.protocol=p}else if(/\.gitlab\.io$/.test(l.host)){l.replace(p+"//docs.antora.org"+l.pathname.substr(l.pathname.indexOf("/",1))+l.search+l.hash)}}(location,"https:")</script>

<script src="../../../../../../_/js/vendor/tabs-block-extension.js"></script>
<script src="../../../../../../_/js/vendor/tabs-block-behavior.js"></script>



<script type="text/x-mathjax-config">
MathJax.Hub.Config({
  messageStyle: "none",
  tex2jax: {
    inlineMath: [['$','$'], ['\\(','\\)']],
    displayMath: [['$$','$$'], ['\\[','\\]']],
    processEscapes: true,
    processEnvironments: true,
    ignoreClass: "nostem|nolatexmath"
  },
  asciimath2jax: {
    delimiters: [["\\$", "\\$"]],
    ignoreClass: "nostem|noasciimath"
  },

  TeX: {
      Macros: {
      bold: ["{\\bf #1}",1],
      calTh: "{\\mathcal{T}_h}",
      card: ["{\\operatorname{card}(#1)}",1],
      card: ["{\\operatorname{card}(#1)}",1],
      Ck: ["{\\mathcal{C}^{#1}}",1],
      deformt: ["{\\mathbf{\\varepsilon(#1)}}",1],
      diam: "{\\operatorname{diam}}",
      dim: ["{\\operatorname{dim}(#1)}",1],
      disp: ["{\\mathbf{#1}}",1],
      domain: "{\\Omega}",
      ds: "",
      essinf: "{\\operatorname{ess}\\, \\operatorname{inf}}",
      F:"{\\mathcal{F}}",
      geo: "{\\mathrm{geo}}",
      Ich: ["{\\mathcal{I}^{#1}_{c,h}#2}",2],
      Id: "{\\mathcal{I}}",
      Ilag: ["{\\mathcal{I}^{\\mathrm{lag}}_{#1}}",1],
      jump: ["{[\\![ #1 ]\\!]}",1],
      n:"{\\mathbf{n}}",
      Ne: "{N_{\\mathrm{e}}}",
      Next: "{\\mathrm{n}}",
      nf: "{n_f}",
      ngeo: "{n_{\\mathrm{geo}}}",
      Nma: "{N_{\\mathrm{ma}}}",
      NN: "{\\mathbb N}",
      Nno: "{N_{\\mathrm{no}}}",
      Nso: "{N_{\\mathrm{so}}}",
      opdim: "{\\operatorname{dim}}",
      p: "{\\mathrm{p}}",
      P:"{\\mathcal{P}}",
      Pch: ["{P^{#1}_{c,h}}",1],
      Pcho: ["{P^{#1}_{c,h,0}}",1],
      Pk: ["{\\mathcal{P}^{#1}}",1],
      poly: ["{\\mathbb{#1}",1],
      poly: ["{\\mathbb{#1}}",1],
      prect: ["{\\left\\(#1\\right\\)}",1],
      q:"{\\mathbf{q}}",
      Qch: ["{Q^{#1}_{c,h}}",1],
      Qk: ["{\\mathcal{Q}^{#1}}",1],
      R: ["{\\mathbb{R}^{#1}}",1],
      RR: "{\\mathbb R}",
      set: ["{\\left\\{#1\\right\\}}",1],
      stresst: ["{\\mathbf{\\sigma(#1)}}",1],
      T:"{\\mathcal{T}}",
      tr: "{\\operatorname{tr}}",
      v:"{\\mathbf{v}}",
      vertiii: ["\\left\\vert\\kern-0.25ex\\left\\vert\\kern-0.25ex\\left\\vert #1 \\right\\vert\\kern-0.25ex\\right\\vert\\kern-0.25ex\\right\\vert",1]
  },
  extensions: ["mhchem.js"] 
  }
});
</script>
<!--<script type="text/javascript" async src="https://cdnjs.cloudflare.com/ajax/libs/mathjax/2.7.3/MathJax.js?config=TeX-MML-AM_CHTML"></script>-->
<!-- <script src='https://cdnjs.cloudflare.com/ajax/libs/mathjax/2.7.4/MathJax.js?config=TeX-MML-AM_CHTML' async></script> -->
<script src='https://cdnjs.cloudflare.com/ajax/libs/mathjax/2.7.7/MathJax.js?config=TeX-AMS_CHTML'></script>
<!--<script src="https://cdnjs.cloudflare.com/ajax/libs/mathjax/2.6.0/MathJax.js?config=TeX-MML-AM_HTMLorMML"></script>-->

<!--<link rel="stylesheet" href="https://cdnjs.cloudflare.com/ajax/libs/KaTeX/0.9.0/katex.min.css" integrity="sha384-TEMocfGvRuD1rIAacqrknm5BQZ7W7uWitoih+jMNFXQIbNl16bO8OZmylH/Vi/Ei" crossorigin="anonymous">
<script src="https://cdnjs.cloudflare.com/ajax/libs/KaTeX/0.9.0/katex.min.js" integrity="sha384-jmxIlussZWB7qCuB+PgKG1uLjjxbVVIayPJwi6cG6Zb4YKq0JIw+OMnkkEC7kYCq" crossorigin="anonymous"></script>-->
<script>var uiRootPath = '../../../../../../_'</script>

  </head>
  <body class="article">
<header class="header">
    <nav class="navbar navbar-expand-sm bg-dark navbar-dark navbar-template-project" style="border-top: 4px solid #9E9E9E">
        <div class="navbar-brand">
            <div class="navbar-item feelpp-logo">
            <a href="https://hidalgo2.eu"><img class="cemosis-logo" src="../../../../../../_/img/logo-hidalgo2-color.png" alt="Ktirio Benchmarks"></a>            
            &nbsp;&nbsp;&nbsp;&nbsp;
            <a href="https://eurohpc-ju.europa.eu/"><img class="cemosis-logo" src="../../../../../../_/img/logo-eurohpc-ju.png" alt="Ktirio Benchmarks"></a>            
            &nbsp;&nbsp;&nbsp;&nbsp;
            <a href="https://numpex.org/"><img class="cemosis-logo" src="../../../../../../_/img/logo-numpex.png" alt="Ktirio Benchmarks"></a>            
            &nbsp;&nbsp;&nbsp;&nbsp;
            <a href="https://www.economie.gouv.fr/france-2030"><img class="cemosis-logo" src="../../../../../../_/img/logo-france-2030.jpg" alt="Ktirio Benchmarks"></a>
            </div>  
            <button class="navbar-burger" data-target="topbar-nav">
                <span></span>
                <span></span>
                <span></span>
            </button>
        </div>

        <div id="topbar-nav" class="navbar-menu">
            <div class="navbar-end">
                <div class="navbar-item">
                    <a href="https://docs.feelpp.org/">Documentation Reference</a>
                </div>
                <div class="navbar-item">
                    <a class="navbar-brand"  href="https://www.cemosis.fr">
                        <a href="https://feelpp.github.io/bench.ktirio.fr"><img class="cemosis-logo" src="../../../../../../_/img/logo-unistra.svg"></a>
                        &nbsp;&nbsp;&nbsp;&nbsp;
                        <a href="https://feelpp.github.io/bench.ktirio.fr"><img class="cemosis-logo" src="../../../../../../_/img/logo-cnrs.svg"></a>
                        &nbsp;&nbsp;&nbsp;&nbsp;
                        <img class="cemosis-logo"  src="../../../../../../_/img/cemosis-logo.svg" alt="Cemosis logo"/>
                    </a>
                </div>
            </div>
        </div>
    </nav>
</header>
<div class="body">
<a href="#" class="menu-expand-toggle"></a>
<div class="nav-container" data-component="ktirio_benchmarks" data-version="">
  <aside class="nav">
    <div class="panels">
<div class="nav-panel-menu is-active" data-panel="menu">
  <nav class="nav-menu">
    <h3 class="title"><a href="../../../../../index.html">Ktirio Benchmarks</a></h3>
<ul class="nav-list">
  <li class="nav-item" data-depth="0">
<ul class="nav-list">
  <li class="nav-item" data-depth="1">
    <a class="nav-link" href="../../../../../index.html">Ktirio Benchmarks</a>
  </li>
  <li class="nav-item" data-depth="1">
    <a class="nav-link" href="../../../../../about.html">About</a>
  </li>
</ul>
  </li>
</ul>
  </nav>
</div>
<div class="nav-panel-explore" data-panel="explore">
  <div class="context">
    <span class="title">Ktirio Benchmarks</span>
    <span class="version"></span>
  </div>
  <ul class="components">
      <li class="component is-current">
        <a class="title" href="../../../../../index.html">Ktirio Benchmarks</a>
      </li>
  </ul>
</div>
    </div>
  </aside>
</div>
<main class="article">
<div class="toolbar" role="navigation">
  <button class="nav-toggle"></button>
    <a href="../../../../../index.html" class="home-link"></a>
  <nav class="breadcrumbs" aria-label="breadcrumbs">
  <ul>
    <li><a href="../../../../../index.html">Ktirio Benchmarks</a></li>
    <li><a href="ef19bbc6.html">ReFrame logs</a></li>
  </ul>
</nav>

  
    <div class="edit-this-page"><a href="https://github.com/feelpp/bench.ktirio.fr/edit/main/docs/modules/ROOT/pages/logs/discoverer/feelpp_kub_cem/Paris_partitioned/2025_04_04T15_02_21Z0300/ef19bbc6.adoc">Edit this Page</a></div>
  
  <div class="page-downloads">
  <span class="label">Download as</span>
  <ul class="download-options">
    <li>
      <a onclick="print(this)" href="#" data-toggle="tooltip" data-placement="left" title="Print to PDF"
         class="pdf-download">
        <img class="pdf-file-icon icon" src="../../../../../../_/img/pdf.svg"/> .pdf
      </a>
    </li>
  </ul>
</div>
</div>

  <div class="content">
<aside class="toc sidebar" data-title="Contents" data-levels="2">
  <div class="toc-menu"></div>
</aside>
<article class="doc">
<h1 class="page">ReFrame logs</h1>
<div class="sect1">
<h2 id="_reframe_scheduler_script"><a class="anchor" href="#_reframe_scheduler_script"></a>1. ReFrame scheduler script</h2>
<div class="sectionbody">
<div class="listingblock">
<div class="content">
<pre class="highlightjs highlight"><code class="language-bash hljs" data-lang="bash">#!/bin/bash
#SBATCH --job-name="rfm_RegressionTest_ef19bbc6"
#SBATCH --ntasks=384
#SBATCH --cpus-per-task=1
#SBATCH --output=rfm_job.out
#SBATCH --error=rfm_job.err
#SBATCH --exclusive
#SBATCH --partition=cn
#SBATCH --nodes=3
#SBATCH --account=ehpc-dev-2024d05-047
#SBATCH --qos=ehpc-dev-2024d05-047
#SBATCH --threads-per-core=1
#SBATCH --time=0-00:30:0
source /etc/profile.d/modules.sh
export MODULEPATH=/opt/software/modulefiles:$MODULEPATH
module load openmpi/4/gcc/latest
srun singularity exec -B"/discofs/ehpc-dev-2024d05-047/vchabannes/tmp_reframe/stage/discoverer/cn/default/RegressionTest_ef19bbc6:/rfm_workdir" --home /disco2fs/ehpc-dev-2024d05-047/vchabannes/apptainer_home --bind /disco2fs/ehpc-dev-2024d05-047/vchabannes/inputdataset/ef19bbc6:/input_data --env OMP_NUM_THREADS=1 /home/vchabannes/discofs_project/vchabannes/images_sif/kub_feature-cem_partitioning-sif feelpp_kub_cem --config-files /input_data/kub/idealHeaters.cfg --cem.simulator.sun.filename=/input_data/kub/simulators/Sun.fmu --cem.simulator.lod0.modelisation.maxfloors=10 --cem.preprocessing.dataregistry.directory=/input_data/kub_benchmark/4km/preprocessing --cem.weather.filename=/input_data/kub/Paris/weather.csv --cem.scenarios.filename=/input_data/kub/scenarios_local/scenarios.json --cem.instance.time.start=0 --cem.instance.time.stop=86400 --cem.instance.time.step=3600 --cem.instance.postprocess.export.visualization.enabled=false --cem.instance.postprocess.export.report.enabled=false --cem.instance.postprocess.export.outputs.csv.enabled=false --cem.instance.postprocess.export.outputs.enabled=true --cem.instance.solar_shading.enabled=false --cem.instance.idealflows.enabled=true --cem.database.directory /disco2fs/ehpc-dev-2024d05-047/vchabannes/apptainer_home/kub/ef19bbc6/Paris_partitioned --directory /disco2fs/ehpc-dev-2024d05-047/vchabannes/apptainer_home/kub/ef19bbc6/Paris_partitioned --cem.instance.solar_shading.ray-tracing.quad-order 3</code></pre>
</div>
</div>
</div>
</div>
<div class="sect1">
<h2 id="_reframe_error_log"><a class="anchor" href="#_reframe_error_log"></a>2. ReFrame error log</h2>
<div class="sectionbody">
<div class="listingblock">
<div class="content">
<pre class="highlightjs highlight"><code class="language-bash hljs" data-lang="bash">slurmstepd: error: Unable to get current working directory: No such file or directory
Loading openmpi/4/gcc/latest
  Loading requirement: ucx/1/latest libfabric/1/latest
slurmstepd: error: Unable to get current working directory: No such file or directory
slurmstepd: error: Unable to get current working directory: No such file or directory
slurmstepd: error: Unable to get current working directory: No such file or directory
[cn0239:1103778] PMIX ERROR: ERROR in file ../../../../../../src/mca/gds/ds12/gds_ds12_lock_pthread.c at line 169
[cn0239:1103770] PMIX ERROR: ERROR in file ../../../../../../src/mca/gds/ds12/gds_ds12_lock_pthread.c at line 169
[cn0239:1103768] PMIX ERROR: ERROR in file ../../../../../../src/mca/gds/ds12/gds_ds12_lock_pthread.c at line 169
[cn0239:1103774] PMIX ERROR: ERROR in file ../../../../../../src/mca/gds/ds12/gds_ds12_lock_pthread.c at line 169
[cn0239:1103783] PMIX ERROR: ERROR in file ../../../../../../src/mca/gds/ds12/gds_ds12_lock_pthread.c at line 169
[cn0239:1103786] PMIX ERROR: ERROR in file ../../../../../../src/mca/gds/ds12/gds_ds12_lock_pthread.c at line 169
[cn0239:1103791] PMIX ERROR: ERROR in file ../../../../../../src/mca/gds/ds12/gds_ds12_lock_pthread.c at line 169
[cn0239:1103785] PMIX ERROR: ERROR in file ../../../../../../src/mca/gds/ds12/gds_ds12_lock_pthread.c at line 169
[cn0239:1103782] PMIX ERROR: ERROR in file ../../../../../../src/mca/gds/ds12/gds_ds12_lock_pthread.c at line 169
[cn0239:1103776] PMIX ERROR: ERROR in file ../../../../../../src/mca/gds/ds12/gds_ds12_lock_pthread.c at line 169
[cn0239:1103772] PMIX ERROR: ERROR in file ../../../../../../src/mca/gds/ds12/gds_ds12_lock_pthread.c at line 169
[cn0239:1103792] PMIX ERROR: ERROR in file ../../../../../../src/mca/gds/ds12/gds_ds12_lock_pthread.c at line 169
[cn0239:1103780] PMIX ERROR: ERROR in file ../../../../../../src/mca/gds/ds12/gds_ds12_lock_pthread.c at line 169
[cn0239:1103777] PMIX ERROR: ERROR in file ../../../../../../src/mca/gds/ds12/gds_ds12_lock_pthread.c at line 169
[cn0239:1103773] PMIX ERROR: ERROR in file ../../../../../../src/mca/gds/ds12/gds_ds12_lock_pthread.c at line 169
[cn0239:1103779] PMIX ERROR: ERROR in file ../../../../../../src/mca/gds/ds12/gds_ds12_lock_pthread.c at line 169
[cn0239:1103769] PMIX ERROR: ERROR in file ../../../../../../src/mca/gds/ds12/gds_ds12_lock_pthread.c at line 169
[cn0239:1103781] PMIX ERROR: ERROR in file ../../../../../../src/mca/gds/ds12/gds_ds12_lock_pthread.c at line 169
[cn0239:1103775] PMIX ERROR: ERROR in file ../../../../../../src/mca/gds/ds12/gds_ds12_lock_pthread.c at line 169
[cn0239:1103787] PMIX ERROR: ERROR in file ../../../../../../src/mca/gds/ds12/gds_ds12_lock_pthread.c at line 169
[cn0239:1103789] PMIX ERROR: ERROR in file ../../../../../../src/mca/gds/ds12/gds_ds12_lock_pthread.c at line 169
[cn0239:1103790] PMIX ERROR: ERROR in file ../../../../../../src/mca/gds/ds12/gds_ds12_lock_pthread.c at line 169
[cn0239:1103784] PMIX ERROR: ERROR in file ../../../../../../src/mca/gds/ds12/gds_ds12_lock_pthread.c at line 169
[cn0239:1103788] PMIX ERROR: ERROR in file ../../../../../../src/mca/gds/ds12/gds_ds12_lock_pthread.c at line 169
[cn0239:1103771] PMIX ERROR: ERROR in file ../../../../../../src/mca/gds/ds12/gds_ds12_lock_pthread.c at line 169
[cn0239:1104304] PMIX ERROR: ERROR in file ../../../../../../src/mca/gds/ds12/gds_ds12_lock_pthread.c at line 169
[cn0239:1104307] PMIX ERROR: ERROR in file ../../../../../../src/mca/gds/ds12/gds_ds12_lock_pthread.c at line 169
[cn0239:1104305] PMIX ERROR: ERROR in file ../../../../../../src/mca/gds/ds12/gds_ds12_lock_pthread.c at line 169
[cn0239:1104301] PMIX ERROR: ERROR in file ../../../../../../src/mca/gds/ds12/gds_ds12_lock_pthread.c at line 169
[cn0239:1104306] PMIX ERROR: ERROR in file ../../../../../../src/mca/gds/ds12/gds_ds12_lock_pthread.c at line 169
[cn0239:1104433] PMIX ERROR: ERROR in file ../../../../../../src/mca/gds/ds12/gds_ds12_lock_pthread.c at line 169
[cn0239:1104302] PMIX ERROR: ERROR in file ../../../../../../src/mca/gds/ds12/gds_ds12_lock_pthread.c at line 169
[cn0239:1104303] PMIX ERROR: ERROR in file ../../../../../../src/mca/gds/ds12/gds_ds12_lock_pthread.c at line 169
[cn0239:1104323] PMIX ERROR: ERROR in file ../../../../../../src/mca/gds/ds12/gds_ds12_lock_pthread.c at line 169
[cn0239:1104439] PMIX ERROR: ERROR in file ../../../../../../src/mca/gds/ds12/gds_ds12_lock_pthread.c at line 169
[cn0239:1104445] PMIX ERROR: ERROR in file ../../../../../../src/mca/gds/ds12/gds_ds12_lock_pthread.c at line 169
[cn0239:1104436] PMIX ERROR: ERROR in file ../../../../../../src/mca/gds/ds12/gds_ds12_lock_pthread.c at line 169
[cn0239:1104443] PMIX ERROR: ERROR in file ../../../../../../src/mca/gds/ds12/gds_ds12_lock_pthread.c at line 169
[cn0239:1104434] PMIX ERROR: ERROR in file ../../../../../../src/mca/gds/ds12/gds_ds12_lock_pthread.c at line 169
[cn0239:1104441] PMIX ERROR: ERROR in file ../../../../../../src/mca/gds/ds12/gds_ds12_lock_pthread.c at line 169
[cn0239:1104446] PMIX ERROR: ERROR in file ../../../../../../src/mca/gds/ds12/gds_ds12_lock_pthread.c at line 169
[cn0239:1104440] PMIX ERROR: ERROR in file ../../../../../../src/mca/gds/ds12/gds_ds12_lock_pthread.c at line 169
[cn0239:1104438] PMIX ERROR: ERROR in file ../../../../../../src/mca/gds/ds12/gds_ds12_lock_pthread.c at line 169
[cn0239:1104437] PMIX ERROR: ERROR in file ../../../../../../src/mca/gds/ds12/gds_ds12_lock_pthread.c at line 169
[cn0239:1104444] PMIX ERROR: ERROR in file ../../../../../../src/mca/gds/ds12/gds_ds12_lock_pthread.c at line 169
[cn0235:123610] PMIX ERROR: ERROR in file ../../../../../../src/mca/gds/ds12/gds_ds12_lock_pthread.c at line 169
[cn0235:123630] PMIX ERROR: ERROR in file ../../../../../../src/mca/gds/ds12/gds_ds12_lock_pthread.c at line 169
[cn0235:123646] PMIX ERROR: ERROR in file ../../../../../../src/mca/gds/ds12/gds_ds12_lock_pthread.c at line 169
[cn0235:123568] PMIX ERROR: ERROR in file ../../../../../../src/mca/gds/ds12/gds_ds12_lock_pthread.c at line 169
[cn0235:123574] PMIX ERROR: ERROR in file ../../../../../../src/mca/gds/ds12/gds_ds12_lock_pthread.c at line 169
[cn0235:123609] PMIX ERROR: ERROR in file ../../../../../../src/mca/gds/ds12/gds_ds12_lock_pthread.c at line 169
[cn0235:123584] PMIX ERROR: ERROR in file ../../../../../../src/mca/gds/ds12/gds_ds12_lock_pthread.c at line 169
[cn0235:123572] PMIX ERROR: ERROR in file ../../../../../../src/mca/gds/ds12/gds_ds12_lock_pthread.c at line 169
[cn0235:123579] PMIX ERROR: ERROR in file ../../../../../../src/mca/gds/ds12/gds_ds12_lock_pthread.c at line 169
[cn0235:123645] PMIX ERROR: ERROR in file ../../../../../../src/mca/gds/ds12/gds_ds12_lock_pthread.c at line 169
[cn0235:123576] PMIX ERROR: ERROR in file ../../../../../../src/mca/gds/ds12/gds_ds12_lock_pthread.c at line 169
[cn0235:123598] PMIX ERROR: ERROR in file ../../../../../../src/mca/gds/ds12/gds_ds12_lock_pthread.c at line 169
[cn0235:123592] PMIX ERROR: ERROR in file ../../../../../../src/mca/gds/ds12/gds_ds12_lock_pthread.c at line 169
[cn0235:123581] PMIX ERROR: ERROR in file ../../../../../../src/mca/gds/ds12/gds_ds12_lock_pthread.c at line 169
[cn0235:123627] PMIX ERROR: ERROR in file ../../../../../../src/mca/gds/ds12/gds_ds12_lock_pthread.c at line 169
[cn0235:123641] PMIX ERROR: ERROR in file ../../../../../../src/mca/gds/ds12/gds_ds12_lock_pthread.c at line 169
[cn0235:123647] PMIX ERROR: ERROR in file ../../../../../../src/mca/gds/ds12/gds_ds12_lock_pthread.c at line 169
[cn0235:123623] PMIX ERROR: ERROR in file ../../../../../../src/mca/gds/ds12/gds_ds12_lock_pthread.c at line 169
[cn0235:123600] PMIX ERROR: ERROR in file ../../../../../../src/mca/gds/ds12/gds_ds12_lock_pthread.c at line 169
[cn0235:123638] PMIX ERROR: ERROR in file ../../../../../../src/mca/gds/ds12/gds_ds12_lock_pthread.c at line 169
[cn0235:123633] PMIX ERROR: ERROR in file ../../../../../../src/mca/gds/ds12/gds_ds12_lock_pthread.c at line 169
[cn0235:123601] PMIX ERROR: ERROR in file ../../../../../../src/mca/gds/ds12/gds_ds12_lock_pthread.c at line 169
[cn0235:123652] PMIX ERROR: ERROR in file ../../../../../../src/mca/gds/ds12/gds_ds12_lock_pthread.c at line 169
[cn0235:123626] PMIX ERROR: ERROR in file ../../../../../../src/mca/gds/ds12/gds_ds12_lock_pthread.c at line 169
[cn0235:123569] PMIX ERROR: ERROR in file ../../../../../../src/mca/gds/ds12/gds_ds12_lock_pthread.c at line 169
[cn0235:123650] PMIX ERROR: ERROR in file ../../../../../../src/mca/gds/ds12/gds_ds12_lock_pthread.c at line 169
[cn0235:123586] PMIX ERROR: ERROR in file ../../../../../../src/mca/gds/ds12/gds_ds12_lock_pthread.c at line 169
[cn0235:123608] PMIX ERROR: ERROR in file ../../../../../../src/mca/gds/ds12/gds_ds12_lock_pthread.c at line 169
[cn0235:123613] PMIX ERROR: ERROR in file ../../../../../../src/mca/gds/ds12/gds_ds12_lock_pthread.c at line 169
[cn0239:1104435] PMIX ERROR: ERROR in file ../../../../../../src/mca/gds/ds12/gds_ds12_lock_pthread.c at line 169
[cn0235:123621] PMIX ERROR: ERROR in file ../../../../../../src/mca/gds/ds12/gds_ds12_lock_pthread.c at line 169
[cn0239:1104442] PMIX ERROR: ERROR in file ../../../../../../src/mca/gds/ds12/gds_ds12_lock_pthread.c at line 169
[cn0239:1104322] PMIX ERROR: ERROR in file ../../../../../../src/mca/gds/ds12/gds_ds12_lock_pthread.c at line 169
[cn0235:123603] PMIX ERROR: ERROR in file ../../../../../../src/mca/gds/ds12/gds_ds12_lock_pthread.c at line 169
[cn0235:123617] PMIX ERROR: ERROR in file ../../../../../../src/mca/gds/ds12/gds_ds12_lock_pthread.c at line 169
[cn0236:123182] PMIX ERROR: ERROR in file ../../../../../../src/mca/gds/ds12/gds_ds12_lock_pthread.c at line 169
[cn0235:123605] PMIX ERROR: ERROR in file ../../../../../../src/mca/gds/ds12/gds_ds12_lock_pthread.c at line 169
[cn0236:123280] PMIX ERROR: ERROR in file ../../../../../../src/mca/gds/ds12/gds_ds12_lock_pthread.c at line 169
[cn0236:123198] PMIX ERROR: ERROR in file ../../../../../../src/mca/gds/ds12/gds_ds12_lock_pthread.c at line 169
[cn0236:123275] PMIX ERROR: ERROR in file ../../../../../../src/mca/gds/ds12/gds_ds12_lock_pthread.c at line 169
[cn0236:123178] PMIX ERROR: ERROR in file ../../../../../../src/mca/gds/ds12/gds_ds12_lock_pthread.c at line 169
[cn0236:123285] PMIX ERROR: ERROR in file ../../../../../../src/mca/gds/ds12/gds_ds12_lock_pthread.c at line 169
[cn0236:123289] PMIX ERROR: ERROR in file ../../../../../../src/mca/gds/ds12/gds_ds12_lock_pthread.c at line 169
[cn0236:123177] PMIX ERROR: ERROR in file ../../../../../../src/mca/gds/ds12/gds_ds12_lock_pthread.c at line 169
[cn0236:123185] PMIX ERROR: ERROR in file ../../../../../../src/mca/gds/ds12/gds_ds12_lock_pthread.c at line 169
[cn0236:123183] PMIX ERROR: ERROR in file ../../../../../../src/mca/gds/ds12/gds_ds12_lock_pthread.c at line 169
[cn0236:123226] PMIX ERROR: ERROR in file ../../../../../../src/mca/gds/ds12/gds_ds12_lock_pthread.c at line 169
[cn0236:123199] PMIX ERROR: ERROR in file ../../../../../../src/mca/gds/ds12/gds_ds12_lock_pthread.c at line 169
[cn0236:123188] PMIX ERROR: ERROR in file ../../../../../../src/mca/gds/ds12/gds_ds12_lock_pthread.c at line 169
[cn0236:123230] PMIX ERROR: ERROR in file ../../../../../../src/mca/gds/ds12/gds_ds12_lock_pthread.c at line 169
[cn0236:123190] PMIX ERROR: ERROR in file ../../../../../../src/mca/gds/ds12/gds_ds12_lock_pthread.c at line 169
[cn0236:123207] PMIX ERROR: ERROR in file ../../../../../../src/mca/gds/ds12/gds_ds12_lock_pthread.c at line 169
[cn0236:123277] PMIX ERROR: ERROR in file ../../../../../../src/mca/gds/ds12/gds_ds12_lock_pthread.c at line 169
[cn0236:123227] PMIX ERROR: ERROR in file ../../../../../../src/mca/gds/ds12/gds_ds12_lock_pthread.c at line 169
[cn0236:123209] PMIX ERROR: ERROR in file ../../../../../../src/mca/gds/ds12/gds_ds12_lock_pthread.c at line 169
[cn0236:123191] PMIX ERROR: ERROR in file ../../../../../../src/mca/gds/ds12/gds_ds12_lock_pthread.c at line 169
[cn0236:123237] PMIX ERROR: ERROR in file ../../../../../../src/mca/gds/ds12/gds_ds12_lock_pthread.c at line 169
[cn0236:123187] PMIX ERROR: ERROR in file ../../../../../../src/mca/gds/ds12/gds_ds12_lock_pthread.c at line 169
[cn0236:123184] PMIX ERROR: ERROR in file ../../../../../../src/mca/gds/ds12/gds_ds12_lock_pthread.c at line 169
[cn0236:123278] PMIX ERROR: ERROR in file ../../../../../../src/mca/gds/ds12/gds_ds12_lock_pthread.c at line 169
[cn0236:123205] PMIX ERROR: ERROR in file ../../../../../../src/mca/gds/ds12/gds_ds12_lock_pthread.c at line 169
[cn0235:123596] PMIX ERROR: ERROR in file ../../../../../../src/mca/gds/ds12/gds_ds12_lock_pthread.c at line 169
[cn0236:123212] PMIX ERROR: ERROR in file ../../../../../../src/mca/gds/ds12/gds_ds12_lock_pthread.c at line 169
[cn0235:123654] PMIX ERROR: ERROR in file ../../../../../../src/mca/gds/ds12/gds_ds12_lock_pthread.c at line 169
[cn0235:123639] PMIX ERROR: ERROR in file ../../../../../../src/mca/gds/ds12/gds_ds12_lock_pthread.c at line 169
[cn0236:123210] PMIX ERROR: ERROR in file ../../../../../../src/mca/gds/ds12/gds_ds12_lock_pthread.c at line 169
[cn0235:123597] PMIX ERROR: ERROR in file ../../../../../../src/mca/gds/ds12/gds_ds12_lock_pthread.c at line 169
[cn0236:123217] PMIX ERROR: ERROR in file ../../../../../../src/mca/gds/ds12/gds_ds12_lock_pthread.c at line 169
[cn0235:123599] PMIX ERROR: ERROR in file ../../../../../../src/mca/gds/ds12/gds_ds12_lock_pthread.c at line 169
[cn0235:123625] PMIX ERROR: ERROR in file ../../../../../../src/mca/gds/ds12/gds_ds12_lock_pthread.c at line 169
[cn0236:123272] PMIX ERROR: ERROR in file ../../../../../../src/mca/gds/ds12/gds_ds12_lock_pthread.c at line 169
[cn0235:123582] PMIX ERROR: ERROR in file ../../../../../../src/mca/gds/ds12/gds_ds12_lock_pthread.c at line 169
[cn0236:123211] PMIX ERROR: ERROR in file ../../../../../../src/mca/gds/ds12/gds_ds12_lock_pthread.c at line 169
[cn0235:123589] PMIX ERROR: ERROR in file ../../../../../../src/mca/gds/ds12/gds_ds12_lock_pthread.c at line 169
[cn0236:123201] PMIX ERROR: ERROR in file ../../../../../../src/mca/gds/ds12/gds_ds12_lock_pthread.c at line 169
[cn0236:123203] PMIX ERROR: ERROR in file ../../../../../../src/mca/gds/ds12/gds_ds12_lock_pthread.c at line 169
[cn0235:123595] PMIX ERROR: ERROR in file ../../../../../../src/mca/gds/ds12/gds_ds12_lock_pthread.c at line 169
[cn0235:123620] PMIX ERROR: ERROR in file ../../../../../../src/mca/gds/ds12/gds_ds12_lock_pthread.c at line 169
[cn0235:123577] PMIX ERROR: ERROR in file ../../../../../../src/mca/gds/ds12/gds_ds12_lock_pthread.c at line 169
[cn0235:123615] PMIX ERROR: ERROR in file ../../../../../../src/mca/gds/ds12/gds_ds12_lock_pthread.c at line 169
[cn0235:123631] PMIX ERROR: ERROR in file ../../../../../../src/mca/gds/ds12/gds_ds12_lock_pthread.c at line 169
[cn0236:123204] PMIX ERROR: ERROR in file ../../../../../../src/mca/gds/ds12/gds_ds12_lock_pthread.c at line 169
[cn0236:123286] PMIX ERROR: ERROR in file ../../../../../../src/mca/gds/ds12/gds_ds12_lock_pthread.c at line 169
[cn0239:1104804] PMIX ERROR: ERROR in file ../../../../../../src/mca/gds/ds12/gds_ds12_lock_pthread.c at line 169
[cn0235:123640] PMIX ERROR: ERROR in file ../../../../../../src/mca/gds/ds12/gds_ds12_lock_pthread.c at line 169
[cn0235:123624] PMIX ERROR: ERROR in file ../../../../../../src/mca/gds/ds12/gds_ds12_lock_pthread.c at line 169
[cn0235:123632] PMIX ERROR: ERROR in file ../../../../../../src/mca/gds/ds12/gds_ds12_lock_pthread.c at line 169
[cn0239:1104795] PMIX ERROR: ERROR in file ../../../../../../src/mca/gds/ds12/gds_ds12_lock_pthread.c at line 169
[cn0239:1104809] PMIX ERROR: ERROR in file ../../../../../../src/mca/gds/ds12/gds_ds12_lock_pthread.c at line 169
[cn0235:123585] PMIX ERROR: ERROR in file ../../../../../../src/mca/gds/ds12/gds_ds12_lock_pthread.c at line 169
[cn0236:123253] PMIX ERROR: ERROR in file ../../../../../../src/mca/gds/ds12/gds_ds12_lock_pthread.c at line 169
[cn0236:123216] PMIX ERROR: ERROR in file ../../../../../../src/mca/gds/ds12/gds_ds12_lock_pthread.c at line 169
[cn0235:123616] PMIX ERROR: ERROR in file ../../../../../../src/mca/gds/ds12/gds_ds12_lock_pthread.c at line 169
[cn0236:123240] PMIX ERROR: ERROR in file ../../../../../../src/mca/gds/ds12/gds_ds12_lock_pthread.c at line 169
[cn0235:123637] PMIX ERROR: ERROR in file ../../../../../../src/mca/gds/ds12/gds_ds12_lock_pthread.c at line 169
[cn0239:1104796] PMIX ERROR: ERROR in file ../../../../../../src/mca/gds/ds12/gds_ds12_lock_pthread.c at line 169
[cn0235:123607] PMIX ERROR: ERROR in file ../../../../../../src/mca/gds/ds12/gds_ds12_lock_pthread.c at line 169
[cn0239:1104842] PMIX ERROR: ERROR in file ../../../../../../src/mca/gds/ds12/gds_ds12_lock_pthread.c at line 169
[cn0236:123206] PMIX ERROR: ERROR in file ../../../../../../src/mca/gds/ds12/gds_ds12_lock_pthread.c at line 169
[cn0239:1104805] PMIX ERROR: ERROR in file ../../../../../../src/mca/gds/ds12/gds_ds12_lock_pthread.c at line 169
[cn0235:124986] PMIX ERROR: ERROR in file ../../../../../../src/mca/gds/ds12/gds_ds12_lock_pthread.c at line 169
[cn0235:123629] PMIX ERROR: ERROR in file ../../../../../../src/mca/gds/ds12/gds_ds12_lock_pthread.c at line 169
[cn0239:1104844] PMIX ERROR: ERROR in file ../../../../../../src/mca/gds/ds12/gds_ds12_lock_pthread.c at line 169
[cn0235:123634] PMIX ERROR: ERROR in file ../../../../../../src/mca/gds/ds12/gds_ds12_lock_pthread.c at line 169
[cn0239:1104840] PMIX ERROR: ERROR in file ../../../../../../src/mca/gds/ds12/gds_ds12_lock_pthread.c at line 169
[cn0239:1104850] PMIX ERROR: ERROR in file ../../../../../../src/mca/gds/ds12/gds_ds12_lock_pthread.c at line 169
[cn0235:123588] PMIX ERROR: ERROR in file ../../../../../../src/mca/gds/ds12/gds_ds12_lock_pthread.c at line 169
[cn0239:1104810] PMIX ERROR: ERROR in file ../../../../../../src/mca/gds/ds12/gds_ds12_lock_pthread.c at line 169
[cn0235:123649] PMIX ERROR: ERROR in file ../../../../../../src/mca/gds/ds12/gds_ds12_lock_pthread.c at line 169
[cn0236:123282] PMIX ERROR: ERROR in file ../../../../../../src/mca/gds/ds12/gds_ds12_lock_pthread.c at line 169
[cn0239:1104841] PMIX ERROR: ERROR in file ../../../../../../src/mca/gds/ds12/gds_ds12_lock_pthread.c at line 169
[cn0239:1104837] PMIX ERROR: ERROR in file ../../../../../../src/mca/gds/ds12/gds_ds12_lock_pthread.c at line 169
[cn0236:123235] PMIX ERROR: ERROR in file ../../../../../../src/mca/gds/ds12/gds_ds12_lock_pthread.c at line 169
[cn0239:1104843] PMIX ERROR: ERROR in file ../../../../../../src/mca/gds/ds12/gds_ds12_lock_pthread.c at line 169
[cn0235:123665] PMIX ERROR: ERROR in file ../../../../../../src/mca/gds/ds12/gds_ds12_lock_pthread.c at line 169
[cn0236:123279] PMIX ERROR: ERROR in file ../../../../../../src/mca/gds/ds12/gds_ds12_lock_pthread.c at line 169
[cn0239:1104847] PMIX ERROR: ERROR in file ../../../../../../src/mca/gds/ds12/gds_ds12_lock_pthread.c at line 169
[cn0239:1104819] PMIX ERROR: ERROR in file ../../../../../../src/mca/gds/ds12/gds_ds12_lock_pthread.c at line 169
[cn0235:123594] PMIX ERROR: ERROR in file ../../../../../../src/mca/gds/ds12/gds_ds12_lock_pthread.c at line 169
[cn0235:123651] PMIX ERROR: ERROR in file ../../../../../../src/mca/gds/ds12/gds_ds12_lock_pthread.c at line 169
[cn0235:123648] PMIX ERROR: ERROR in file ../../../../../../src/mca/gds/ds12/gds_ds12_lock_pthread.c at line 169
[cn0235:123580] PMIX ERROR: ERROR in file ../../../../../../src/mca/gds/ds12/gds_ds12_lock_pthread.c at line 169
[cn0239:1104824] PMIX ERROR: ERROR in file ../../../../../../src/mca/gds/ds12/gds_ds12_lock_pthread.c at line 169
[cn0239:1104820] PMIX ERROR: ERROR in file ../../../../../../src/mca/gds/ds12/gds_ds12_lock_pthread.c at line 169
[cn0235:123612] PMIX ERROR: ERROR in file ../../../../../../src/mca/gds/ds12/gds_ds12_lock_pthread.c at line 169
[cn0235:123614] PMIX ERROR: ERROR in file ../../../../../../src/mca/gds/ds12/gds_ds12_lock_pthread.c at line 169
[cn0239:1104838] PMIX ERROR: ERROR in file ../../../../../../src/mca/gds/ds12/gds_ds12_lock_pthread.c at line 169
[cn0239:1104849] PMIX ERROR: ERROR in file ../../../../../../src/mca/gds/ds12/gds_ds12_lock_pthread.c at line 169
[cn0235:123619] PMIX ERROR: ERROR in file ../../../../../../src/mca/gds/ds12/gds_ds12_lock_pthread.c at line 169
[cn0239:1104852] PMIX ERROR: ERROR in file ../../../../../../src/mca/gds/ds12/gds_ds12_lock_pthread.c at line 169
[cn0236:123193] PMIX ERROR: ERROR in file ../../../../../../src/mca/gds/ds12/gds_ds12_lock_pthread.c at line 169
[cn0236:123219] PMIX ERROR: ERROR in file ../../../../../../src/mca/gds/ds12/gds_ds12_lock_pthread.c at line 169
[cn0236:123281] PMIX ERROR: ERROR in file ../../../../../../src/mca/gds/ds12/gds_ds12_lock_pthread.c at line 169
[cn0239:1104846] PMIX ERROR: ERROR in file ../../../../../../src/mca/gds/ds12/gds_ds12_lock_pthread.c at line 169
[cn0235:123644] PMIX ERROR: ERROR in file ../../../../../../src/mca/gds/ds12/gds_ds12_lock_pthread.c at line 169
[cn0235:124977] PMIX ERROR: ERROR in file ../../../../../../src/mca/gds/ds12/gds_ds12_lock_pthread.c at line 169
[cn0235:123578] PMIX ERROR: ERROR in file ../../../../../../src/mca/gds/ds12/gds_ds12_lock_pthread.c at line 169
[cn0235:123643] PMIX ERROR: ERROR in file ../../../../../../src/mca/gds/ds12/gds_ds12_lock_pthread.c at line 169
[cn0239:1104823] PMIX ERROR: ERROR in file ../../../../../../src/mca/gds/ds12/gds_ds12_lock_pthread.c at line 169
[cn0239:1104872] PMIX ERROR: ERROR in file ../../../../../../src/mca/gds/ds12/gds_ds12_lock_pthread.c at line 169
[cn0235:124975] PMIX ERROR: ERROR in file ../../../../../../src/mca/gds/ds12/gds_ds12_lock_pthread.c at line 169
[cn0236:123200] PMIX ERROR: ERROR in file ../../../../../../src/mca/gds/ds12/gds_ds12_lock_pthread.c at line 169
[cn0236:123242] PMIX ERROR: ERROR in file ../../../../../../src/mca/gds/ds12/gds_ds12_lock_pthread.c at line 169
[cn0235:125017] PMIX ERROR: ERROR in file ../../../../../../src/mca/gds/ds12/gds_ds12_lock_pthread.c at line 169
[cn0235:125015] PMIX ERROR: ERROR in file ../../../../../../src/mca/gds/ds12/gds_ds12_lock_pthread.c at line 169
[cn0235:125021] PMIX ERROR: ERROR in file ../../../../../../src/mca/gds/ds12/gds_ds12_lock_pthread.c at line 169
[cn0235:123618] PMIX ERROR: ERROR in file ../../../../../../src/mca/gds/ds12/gds_ds12_lock_pthread.c at line 169
[cn0235:123591] PMIX ERROR: ERROR in file ../../../../../../src/mca/gds/ds12/gds_ds12_lock_pthread.c at line 169
[cn0235:123606] PMIX ERROR: ERROR in file ../../../../../../src/mca/gds/ds12/gds_ds12_lock_pthread.c at line 169
[cn0235:123642] PMIX ERROR: ERROR in file ../../../../../../src/mca/gds/ds12/gds_ds12_lock_pthread.c at line 169
[cn0235:125002] PMIX ERROR: ERROR in file ../../../../../../src/mca/gds/ds12/gds_ds12_lock_pthread.c at line 169
[cn0235:125007] PMIX ERROR: ERROR in file ../../../../../../src/mca/gds/ds12/gds_ds12_lock_pthread.c at line 169
[cn0235:124979] PMIX ERROR: ERROR in file ../../../../../../src/mca/gds/ds12/gds_ds12_lock_pthread.c at line 169
[cn0236:123215] PMIX ERROR: ERROR in file ../../../../../../src/mca/gds/ds12/gds_ds12_lock_pthread.c at line 169
[cn0236:123202] PMIX ERROR: ERROR in file ../../../../../../src/mca/gds/ds12/gds_ds12_lock_pthread.c at line 169
[cn0235:125022] PMIX ERROR: ERROR in file ../../../../../../src/mca/gds/ds12/gds_ds12_lock_pthread.c at line 169
[cn0235:125000] PMIX ERROR: ERROR in file ../../../../../../src/mca/gds/ds12/gds_ds12_lock_pthread.c at line 169
[cn0235:125001] PMIX ERROR: ERROR in file ../../../../../../src/mca/gds/ds12/gds_ds12_lock_pthread.c at line 169
[cn0236:123229] PMIX ERROR: ERROR in file ../../../../../../src/mca/gds/ds12/gds_ds12_lock_pthread.c at line 169
[cn0235:125003] PMIX ERROR: ERROR in file ../../../../../../src/mca/gds/ds12/gds_ds12_lock_pthread.c at line 169
[cn0235:123583] PMIX ERROR: ERROR in file ../../../../../../src/mca/gds/ds12/gds_ds12_lock_pthread.c at line 169
[cn0235:125005] PMIX ERROR: ERROR in file ../../../../../../src/mca/gds/ds12/gds_ds12_lock_pthread.c at line 169
[cn0235:123593] PMIX ERROR: ERROR in file ../../../../../../src/mca/gds/ds12/gds_ds12_lock_pthread.c at line 169
[cn0235:125045] PMIX ERROR: ERROR in file ../../../../../../src/mca/gds/ds12/gds_ds12_lock_pthread.c at line 169
[cn0235:123587] PMIX ERROR: ERROR in file ../../../../../../src/mca/gds/ds12/gds_ds12_lock_pthread.c at line 169
[cn0235:124978] PMIX ERROR: ERROR in file ../../../../../../src/mca/gds/ds12/gds_ds12_lock_pthread.c at line 169
[cn0236:123249] PMIX ERROR: ERROR in file ../../../../../../src/mca/gds/ds12/gds_ds12_lock_pthread.c at line 169
[cn0235:123628] PMIX ERROR: ERROR in file ../../../../../../src/mca/gds/ds12/gds_ds12_lock_pthread.c at line 169
[cn0236:123194] PMIX ERROR: ERROR in file ../../../../../../src/mca/gds/ds12/gds_ds12_lock_pthread.c at line 169
[cn0235:124976] PMIX ERROR: ERROR in file ../../../../../../src/mca/gds/ds12/gds_ds12_lock_pthread.c at line 169
[cn0235:124985] PMIX ERROR: ERROR in file ../../../../../../src/mca/gds/ds12/gds_ds12_lock_pthread.c at line 169
[cn0235:125004] PMIX ERROR: ERROR in file ../../../../../../src/mca/gds/ds12/gds_ds12_lock_pthread.c at line 169
[cn0235:123636] PMIX ERROR: ERROR in file ../../../../../../src/mca/gds/ds12/gds_ds12_lock_pthread.c at line 169
[cn0236:123218] PMIX ERROR: ERROR in file ../../../../../../src/mca/gds/ds12/gds_ds12_lock_pthread.c at line 169
[cn0235:125006] PMIX ERROR: ERROR in file ../../../../../../src/mca/gds/ds12/gds_ds12_lock_pthread.c at line 169
[cn0236:123222] PMIX ERROR: ERROR in file ../../../../../../src/mca/gds/ds12/gds_ds12_lock_pthread.c at line 169
[cn0236:123223] PMIX ERROR: ERROR in file ../../../../../../src/mca/gds/ds12/gds_ds12_lock_pthread.c at line 169
[cn0236:123287] PMIX ERROR: ERROR in file ../../../../../../src/mca/gds/ds12/gds_ds12_lock_pthread.c at line 169
[cn0235:125610] PMIX ERROR: ERROR in file ../../../../../../src/mca/gds/ds12/gds_ds12_lock_pthread.c at line 169
[cn0235:125016] PMIX ERROR: ERROR in file ../../../../../../src/mca/gds/ds12/gds_ds12_lock_pthread.c at line 169
[cn0235:123604] PMIX ERROR: ERROR in file ../../../../../../src/mca/gds/ds12/gds_ds12_lock_pthread.c at line 169
[cn0235:125601] PMIX ERROR: ERROR in file ../../../../../../src/mca/gds/ds12/gds_ds12_lock_pthread.c at line 169
[cn0235:125600] PMIX ERROR: ERROR in file ../../../../../../src/mca/gds/ds12/gds_ds12_lock_pthread.c at line 169
[cn0235:125632] PMIX ERROR: ERROR in file ../../../../../../src/mca/gds/ds12/gds_ds12_lock_pthread.c at line 169
[cn0235:125654] PMIX ERROR: ERROR in file ../../../../../../src/mca/gds/ds12/gds_ds12_lock_pthread.c at line 169
[cn0235:125615] PMIX ERROR: ERROR in file ../../../../../../src/mca/gds/ds12/gds_ds12_lock_pthread.c at line 169
[cn0235:125693] PMIX ERROR: ERROR in file ../../../../../../src/mca/gds/ds12/gds_ds12_lock_pthread.c at line 169
[cn0235:125679] PMIX ERROR: ERROR in file ../../../../../../src/mca/gds/ds12/gds_ds12_lock_pthread.c at line 169
[cn0239:1105328] PMIX ERROR: ERROR in file ../../../../../../src/mca/gds/ds12/gds_ds12_lock_pthread.c at line 169
[cn0235:125681] PMIX ERROR: ERROR in file ../../../../../../src/mca/gds/ds12/gds_ds12_lock_pthread.c at line 169
[cn0236:123208] PMIX ERROR: ERROR in file ../../../../../../src/mca/gds/ds12/gds_ds12_lock_pthread.c at line 169
[cn0239:1105284] PMIX ERROR: ERROR in file ../../../../../../src/mca/gds/ds12/gds_ds12_lock_pthread.c at line 169
[cn0235:125653] PMIX ERROR: ERROR in file ../../../../../../src/mca/gds/ds12/gds_ds12_lock_pthread.c at line 169
[cn0236:123231] PMIX ERROR: ERROR in file ../../../../../../src/mca/gds/ds12/gds_ds12_lock_pthread.c at line 169
[cn0239:1105283] PMIX ERROR: ERROR in file ../../../../../../src/mca/gds/ds12/gds_ds12_lock_pthread.c at line 169
[cn0235:125689] PMIX ERROR: ERROR in file ../../../../../../src/mca/gds/ds12/gds_ds12_lock_pthread.c at line 169
[cn0235:123611] PMIX ERROR: ERROR in file ../../../../../../src/mca/gds/ds12/gds_ds12_lock_pthread.c at line 169
[cn0239:1105298] PMIX ERROR: ERROR in file ../../../../../../src/mca/gds/ds12/gds_ds12_lock_pthread.c at line 169
[cn0235:125616] PMIX ERROR: ERROR in file ../../../../../../src/mca/gds/ds12/gds_ds12_lock_pthread.c at line 169
[cn0236:123195] PMIX ERROR: ERROR in file ../../../../../../src/mca/gds/ds12/gds_ds12_lock_pthread.c at line 169
[cn0235:125683] PMIX ERROR: ERROR in file ../../../../../../src/mca/gds/ds12/gds_ds12_lock_pthread.c at line 169
[cn0235:123653] PMIX ERROR: ERROR in file ../../../../../../src/mca/gds/ds12/gds_ds12_lock_pthread.c at line 169
[cn0239:1105285] PMIX ERROR: ERROR in file ../../../../../../src/mca/gds/ds12/gds_ds12_lock_pthread.c at line 169
[cn0239:1105327] PMIX ERROR: ERROR in file ../../../../../../src/mca/gds/ds12/gds_ds12_lock_pthread.c at line 169
[cn0235:125622] PMIX ERROR: ERROR in file ../../../../../../src/mca/gds/ds12/gds_ds12_lock_pthread.c at line 169
[cn0235:125680] PMIX ERROR: ERROR in file ../../../../../../src/mca/gds/ds12/gds_ds12_lock_pthread.c at line 169
[cn0235:125700] PMIX ERROR: ERROR in file ../../../../../../src/mca/gds/ds12/gds_ds12_lock_pthread.c at line 169
[cn0239:1105292] PMIX ERROR: ERROR in file ../../../../../../src/mca/gds/ds12/gds_ds12_lock_pthread.c at line 169
[cn0236:123221] PMIX ERROR: ERROR in file ../../../../../../src/mca/gds/ds12/gds_ds12_lock_pthread.c at line 169
[cn0235:125682] PMIX ERROR: ERROR in file ../../../../../../src/mca/gds/ds12/gds_ds12_lock_pthread.c at line 169
[cn0236:123225] PMIX ERROR: ERROR in file ../../../../../../src/mca/gds/ds12/gds_ds12_lock_pthread.c at line 169
[cn0235:123573] PMIX ERROR: ERROR in file ../../../../../../src/mca/gds/ds12/gds_ds12_lock_pthread.c at line 169
[cn0236:123179] PMIX ERROR: ERROR in file ../../../../../../src/mca/gds/ds12/gds_ds12_lock_pthread.c at line 169
[cn0235:125663] PMIX ERROR: ERROR in file ../../../../../../src/mca/gds/ds12/gds_ds12_lock_pthread.c at line 169
[cn0235:124999] PMIX ERROR: ERROR in file ../../../../../../src/mca/gds/ds12/gds_ds12_lock_pthread.c at line 169
[cn0239:1105293] PMIX ERROR: ERROR in file ../../../../../../src/mca/gds/ds12/gds_ds12_lock_pthread.c at line 169
[cn0239:1105320] PMIX ERROR: ERROR in file ../../../../../../src/mca/gds/ds12/gds_ds12_lock_pthread.c at line 169
[cn0239:1105316] PMIX ERROR: ERROR in file ../../../../../../src/mca/gds/ds12/gds_ds12_lock_pthread.c at line 169
[cn0239:1105318] PMIX ERROR: ERROR in file ../../../../../../src/mca/gds/ds12/gds_ds12_lock_pthread.c at line 169
[cn0239:1105299] PMIX ERROR: ERROR in file ../../../../../../src/mca/gds/ds12/gds_ds12_lock_pthread.c at line 169
[cn0239:1105319] PMIX ERROR: ERROR in file ../../../../../../src/mca/gds/ds12/gds_ds12_lock_pthread.c at line 169
[cn0236:123244] PMIX ERROR: ERROR in file ../../../../../../src/mca/gds/ds12/gds_ds12_lock_pthread.c at line 169
[cn0235:126115] PMIX ERROR: ERROR in file ../../../../../../src/mca/gds/ds12/gds_ds12_lock_pthread.c at line 169
[cn0235:126152] PMIX ERROR: ERROR in file ../../../../../../src/mca/gds/ds12/gds_ds12_lock_pthread.c at line 169
[cn0235:126130] PMIX ERROR: ERROR in file ../../../../../../src/mca/gds/ds12/gds_ds12_lock_pthread.c at line 169
[cn0236:123283] PMIX ERROR: ERROR in file ../../../../../../src/mca/gds/ds12/gds_ds12_lock_pthread.c at line 169
[cn0235:126143] PMIX ERROR: ERROR in file ../../../../../../src/mca/gds/ds12/gds_ds12_lock_pthread.c at line 169
[cn0239:1105317] PMIX ERROR: ERROR in file ../../../../../../src/mca/gds/ds12/gds_ds12_lock_pthread.c at line 169
[cn0235:126133] PMIX ERROR: ERROR in file ../../../../../../src/mca/gds/ds12/gds_ds12_lock_pthread.c at line 169
[cn0235:126132] PMIX ERROR: ERROR in file ../../../../../../src/mca/gds/ds12/gds_ds12_lock_pthread.c at line 169
[cn0235:126122] PMIX ERROR: ERROR in file ../../../../../../src/mca/gds/ds12/gds_ds12_lock_pthread.c at line 169
[cn0239:1105321] PMIX ERROR: ERROR in file ../../../../../../src/mca/gds/ds12/gds_ds12_lock_pthread.c at line 169
[cn0236:123234] PMIX ERROR: ERROR in file ../../../../../../src/mca/gds/ds12/gds_ds12_lock_pthread.c at line 169
[cn0236:123224] PMIX ERROR: ERROR in file ../../../../../../src/mca/gds/ds12/gds_ds12_lock_pthread.c at line 169
[cn0239:1105323] PMIX ERROR: ERROR in file ../../../../../../src/mca/gds/ds12/gds_ds12_lock_pthread.c at line 169
[cn0236:123236] PMIX ERROR: ERROR in file ../../../../../../src/mca/gds/ds12/gds_ds12_lock_pthread.c at line 169
[cn0239:1105326] PMIX ERROR: ERROR in file ../../../../../../src/mca/gds/ds12/gds_ds12_lock_pthread.c at line 169
[cn0239:1105324] PMIX ERROR: ERROR in file ../../../../../../src/mca/gds/ds12/gds_ds12_lock_pthread.c at line 169
[cn0236:123238] PMIX ERROR: ERROR in file ../../../../../../src/mca/gds/ds12/gds_ds12_lock_pthread.c at line 169
[cn0239:1105325] PMIX ERROR: ERROR in file ../../../../../../src/mca/gds/ds12/gds_ds12_lock_pthread.c at line 169
[cn0239:1105322] PMIX ERROR: ERROR in file ../../../../../../src/mca/gds/ds12/gds_ds12_lock_pthread.c at line 169
[cn0236:123213] PMIX ERROR: ERROR in file ../../../../../../src/mca/gds/ds12/gds_ds12_lock_pthread.c at line 169
[cn0236:123251] PMIX ERROR: ERROR in file ../../../../../../src/mca/gds/ds12/gds_ds12_lock_pthread.c at line 169
[cn0239:1105310] PMIX ERROR: ERROR in file ../../../../../../src/mca/gds/ds12/gds_ds12_lock_pthread.c at line 169
[cn0236:123247] PMIX ERROR: ERROR in file ../../../../../../src/mca/gds/ds12/gds_ds12_lock_pthread.c at line 169
[cn0236:123248] PMIX ERROR: ERROR in file ../../../../../../src/mca/gds/ds12/gds_ds12_lock_pthread.c at line 169
[cn0236:123262] PMIX ERROR: ERROR in file ../../../../../../src/mca/gds/ds12/gds_ds12_lock_pthread.c at line 169
[cn0236:123250] PMIX ERROR: ERROR in file ../../../../../../src/mca/gds/ds12/gds_ds12_lock_pthread.c at line 169
[cn0236:123264] PMIX ERROR: ERROR in file ../../../../../../src/mca/gds/ds12/gds_ds12_lock_pthread.c at line 169
[cn0236:123252] PMIX ERROR: ERROR in file ../../../../../../src/mca/gds/ds12/gds_ds12_lock_pthread.c at line 169
[cn0236:123197] PMIX ERROR: ERROR in file ../../../../../../src/mca/gds/ds12/gds_ds12_lock_pthread.c at line 169
[cn0236:123239] PMIX ERROR: ERROR in file ../../../../../../src/mca/gds/ds12/gds_ds12_lock_pthread.c at line 169
[cn0236:123192] PMIX ERROR: ERROR in file ../../../../../../src/mca/gds/ds12/gds_ds12_lock_pthread.c at line 169
[cn0239:1105733] PMIX ERROR: ERROR in file ../../../../../../src/mca/gds/ds12/gds_ds12_lock_pthread.c at line 169
[cn0236:123246] PMIX ERROR: ERROR in file ../../../../../../src/mca/gds/ds12/gds_ds12_lock_pthread.c at line 169
[cn0239:1105732] PMIX ERROR: ERROR in file ../../../../../../src/mca/gds/ds12/gds_ds12_lock_pthread.c at line 169
[cn0236:123186] PMIX ERROR: ERROR in file ../../../../../../src/mca/gds/ds12/gds_ds12_lock_pthread.c at line 169
[cn0236:123258] PMIX ERROR: ERROR in file ../../../../../../src/mca/gds/ds12/gds_ds12_lock_pthread.c at line 169
[cn0236:123245] PMIX ERROR: ERROR in file ../../../../../../src/mca/gds/ds12/gds_ds12_lock_pthread.c at line 169
[cn0239:1105758] PMIX ERROR: ERROR in file ../../../../../../src/mca/gds/ds12/gds_ds12_lock_pthread.c at line 169
[cn0239:1105756] PMIX ERROR: ERROR in file ../../../../../../src/mca/gds/ds12/gds_ds12_lock_pthread.c at line 169
[cn0236:123266] PMIX ERROR: ERROR in file ../../../../../../src/mca/gds/ds12/gds_ds12_lock_pthread.c at line 169
[cn0239:1105817] PMIX ERROR: ERROR in file ../../../../../../src/mca/gds/ds12/gds_ds12_lock_pthread.c at line 169
[cn0239:1105765] PMIX ERROR: ERROR in file ../../../../../../src/mca/gds/ds12/gds_ds12_lock_pthread.c at line 169
[cn0236:123276] PMIX ERROR: ERROR in file ../../../../../../src/mca/gds/ds12/gds_ds12_lock_pthread.c at line 169
[cn0239:1105847] PMIX ERROR: ERROR in file ../../../../../../src/mca/gds/ds12/gds_ds12_lock_pthread.c at line 169
[cn0239:1105760] PMIX ERROR: ERROR in file ../../../../../../src/mca/gds/ds12/gds_ds12_lock_pthread.c at line 169
[cn0236:123284] PMIX ERROR: ERROR in file ../../../../../../src/mca/gds/ds12/gds_ds12_lock_pthread.c at line 169
[cn0236:124989] PMIX ERROR: ERROR in file ../../../../../../src/mca/gds/ds12/gds_ds12_lock_pthread.c at line 169
[cn0236:124990] PMIX ERROR: ERROR in file ../../../../../../src/mca/gds/ds12/gds_ds12_lock_pthread.c at line 169
[cn0239:1105769] PMIX ERROR: ERROR in file ../../../../../../src/mca/gds/ds12/gds_ds12_lock_pthread.c at line 169
[cn0239:1105818] PMIX ERROR: ERROR in file ../../../../../../src/mca/gds/ds12/gds_ds12_lock_pthread.c at line 169
[cn0239:1105819] PMIX ERROR: ERROR in file ../../../../../../src/mca/gds/ds12/gds_ds12_lock_pthread.c at line 169
[cn0239:1105820] PMIX ERROR: ERROR in file ../../../../../../src/mca/gds/ds12/gds_ds12_lock_pthread.c at line 169
[cn0239:1105827] PMIX ERROR: ERROR in file ../../../../../../src/mca/gds/ds12/gds_ds12_lock_pthread.c at line 169
[cn0239:1105761] PMIX ERROR: ERROR in file ../../../../../../src/mca/gds/ds12/gds_ds12_lock_pthread.c at line 169
[cn0239:1105782] PMIX ERROR: ERROR in file ../../../../../../src/mca/gds/ds12/gds_ds12_lock_pthread.c at line 169
[cn0239:1105857] PMIX ERROR: ERROR in file ../../../../../../src/mca/gds/ds12/gds_ds12_lock_pthread.c at line 169
[cn0236:125037] PMIX ERROR: ERROR in file ../../../../../../src/mca/gds/ds12/gds_ds12_lock_pthread.c at line 169
[cn0239:1105783] PMIX ERROR: ERROR in file ../../../../../../src/mca/gds/ds12/gds_ds12_lock_pthread.c at line 169
[cn0239:1105845] PMIX ERROR: ERROR in file ../../../../../../src/mca/gds/ds12/gds_ds12_lock_pthread.c at line 169
[cn0239:1105841] PMIX ERROR: ERROR in file ../../../../../../src/mca/gds/ds12/gds_ds12_lock_pthread.c at line 169
[cn0239:1105790] PMIX ERROR: ERROR in file ../../../../../../src/mca/gds/ds12/gds_ds12_lock_pthread.c at line 169
[cn0236:123263] PMIX ERROR: ERROR in file ../../../../../../src/mca/gds/ds12/gds_ds12_lock_pthread.c at line 169
[cn0236:123214] PMIX ERROR: ERROR in file ../../../../../../src/mca/gds/ds12/gds_ds12_lock_pthread.c at line 169
[cn0236:125014] PMIX ERROR: ERROR in file ../../../../../../src/mca/gds/ds12/gds_ds12_lock_pthread.c at line 169
[cn0236:123181] PMIX ERROR: ERROR in file ../../../../../../src/mca/gds/ds12/gds_ds12_lock_pthread.c at line 169
[cn0236:123257] PMIX ERROR: ERROR in file ../../../../../../src/mca/gds/ds12/gds_ds12_lock_pthread.c at line 169
[cn0236:123180] PMIX ERROR: ERROR in file ../../../../../../src/mca/gds/ds12/gds_ds12_lock_pthread.c at line 169
[cn0236:123273] PMIX ERROR: ERROR in file ../../../../../../src/mca/gds/ds12/gds_ds12_lock_pthread.c at line 169
[cn0236:123269] PMIX ERROR: ERROR in file ../../../../../../src/mca/gds/ds12/gds_ds12_lock_pthread.c at line 169
[cn0236:125012] PMIX ERROR: ERROR in file ../../../../../../src/mca/gds/ds12/gds_ds12_lock_pthread.c at line 169
[cn0236:123254] PMIX ERROR: ERROR in file ../../../../../../src/mca/gds/ds12/gds_ds12_lock_pthread.c at line 169
[cn0236:125038] PMIX ERROR: ERROR in file ../../../../../../src/mca/gds/ds12/gds_ds12_lock_pthread.c at line 169
[cn0236:123261] PMIX ERROR: ERROR in file ../../../../../../src/mca/gds/ds12/gds_ds12_lock_pthread.c at line 169
[cn0236:123233] PMIX ERROR: ERROR in file ../../../../../../src/mca/gds/ds12/gds_ds12_lock_pthread.c at line 169
[cn0236:123196] PMIX ERROR: ERROR in file ../../../../../../src/mca/gds/ds12/gds_ds12_lock_pthread.c at line 169
[cn0236:123288] PMIX ERROR: ERROR in file ../../../../../../src/mca/gds/ds12/gds_ds12_lock_pthread.c at line 169
[cn0236:123220] PMIX ERROR: ERROR in file ../../../../../../src/mca/gds/ds12/gds_ds12_lock_pthread.c at line 169
[cn0236:123241] PMIX ERROR: ERROR in file ../../../../../../src/mca/gds/ds12/gds_ds12_lock_pthread.c at line 169
[cn0239:1106190] PMIX ERROR: ERROR in file ../../../../../../src/mca/gds/ds12/gds_ds12_lock_pthread.c at line 169
[cn0236:125015] PMIX ERROR: ERROR in file ../../../../../../src/mca/gds/ds12/gds_ds12_lock_pthread.c at line 169
[cn0236:125016] PMIX ERROR: ERROR in file ../../../../../../src/mca/gds/ds12/gds_ds12_lock_pthread.c at line 169
[cn0236:123228] PMIX ERROR: ERROR in file ../../../../../../src/mca/gds/ds12/gds_ds12_lock_pthread.c at line 169
[cn0236:125032] PMIX ERROR: ERROR in file ../../../../../../src/mca/gds/ds12/gds_ds12_lock_pthread.c at line 169
[cn0236:123271] PMIX ERROR: ERROR in file ../../../../../../src/mca/gds/ds12/gds_ds12_lock_pthread.c at line 169
[cn0236:123232] PMIX ERROR: ERROR in file ../../../../../../src/mca/gds/ds12/gds_ds12_lock_pthread.c at line 169
[cn0236:123256] PMIX ERROR: ERROR in file ../../../../../../src/mca/gds/ds12/gds_ds12_lock_pthread.c at line 169
[cn0236:123243] PMIX ERROR: ERROR in file ../../../../../../src/mca/gds/ds12/gds_ds12_lock_pthread.c at line 169
[cn0239:1106214] PMIX ERROR: ERROR in file ../../../../../../src/mca/gds/ds12/gds_ds12_lock_pthread.c at line 169
[cn0236:125030] PMIX ERROR: ERROR in file ../../../../../../src/mca/gds/ds12/gds_ds12_lock_pthread.c at line 169
[cn0239:1106204] PMIX ERROR: ERROR in file ../../../../../../src/mca/gds/ds12/gds_ds12_lock_pthread.c at line 169
[cn0236:123267] PMIX ERROR: ERROR in file ../../../../../../src/mca/gds/ds12/gds_ds12_lock_pthread.c at line 169
[cn0236:123189] PMIX ERROR: ERROR in file ../../../../../../src/mca/gds/ds12/gds_ds12_lock_pthread.c at line 169
[cn0239:1106210] PMIX ERROR: ERROR in file ../../../../../../src/mca/gds/ds12/gds_ds12_lock_pthread.c at line 169
[cn0236:125013] PMIX ERROR: ERROR in file ../../../../../../src/mca/gds/ds12/gds_ds12_lock_pthread.c at line 169
[cn0239:1106213] PMIX ERROR: ERROR in file ../../../../../../src/mca/gds/ds12/gds_ds12_lock_pthread.c at line 169
[cn0239:1106207] PMIX ERROR: ERROR in file ../../../../../../src/mca/gds/ds12/gds_ds12_lock_pthread.c at line 169
[cn0239:1106221] PMIX ERROR: ERROR in file ../../../../../../src/mca/gds/ds12/gds_ds12_lock_pthread.c at line 169
[cn0239:1106219] PMIX ERROR: ERROR in file ../../../../../../src/mca/gds/ds12/gds_ds12_lock_pthread.c at line 169
[cn0239:1106218] PMIX ERROR: ERROR in file ../../../../../../src/mca/gds/ds12/gds_ds12_lock_pthread.c at line 169
[cn0239:1106209] PMIX ERROR: ERROR in file ../../../../../../src/mca/gds/ds12/gds_ds12_lock_pthread.c at line 169
[cn0236:123260] PMIX ERROR: ERROR in file ../../../../../../src/mca/gds/ds12/gds_ds12_lock_pthread.c at line 169
[cn0236:123259] PMIX ERROR: ERROR in file ../../../../../../src/mca/gds/ds12/gds_ds12_lock_pthread.c at line 169
[cn0236:125045] PMIX ERROR: ERROR in file ../../../../../../src/mca/gds/ds12/gds_ds12_lock_pthread.c at line 169
[cn0236:123265] PMIX ERROR: ERROR in file ../../../../../../src/mca/gds/ds12/gds_ds12_lock_pthread.c at line 169
[cn0236:123268] PMIX ERROR: ERROR in file ../../../../../../src/mca/gds/ds12/gds_ds12_lock_pthread.c at line 169
[cn0236:123270] PMIX ERROR: ERROR in file ../../../../../../src/mca/gds/ds12/gds_ds12_lock_pthread.c at line 169
[cn0239:1106211] PMIX ERROR: ERROR in file ../../../../../../src/mca/gds/ds12/gds_ds12_lock_pthread.c at line 169
[cn0236:125036] PMIX ERROR: ERROR in file ../../../../../../src/mca/gds/ds12/gds_ds12_lock_pthread.c at line 169
[cn0239:1106206] PMIX ERROR: ERROR in file ../../../../../../src/mca/gds/ds12/gds_ds12_lock_pthread.c at line 169
[cn0239:1106195] PMIX ERROR: ERROR in file ../../../../../../src/mca/gds/ds12/gds_ds12_lock_pthread.c at line 169
[cn0236:123255] PMIX ERROR: ERROR in file ../../../../../../src/mca/gds/ds12/gds_ds12_lock_pthread.c at line 169
[cn0236:125003] PMIX ERROR: ERROR in file ../../../../../../src/mca/gds/ds12/gds_ds12_lock_pthread.c at line 169
[cn0236:123274] PMIX ERROR: ERROR in file ../../../../../../src/mca/gds/ds12/gds_ds12_lock_pthread.c at line 169
[cn0239:1106199] PMIX ERROR: ERROR in file ../../../../../../src/mca/gds/ds12/gds_ds12_lock_pthread.c at line 169
[cn0236:124988] PMIX ERROR: ERROR in file ../../../../../../src/mca/gds/ds12/gds_ds12_lock_pthread.c at line 169
[cn0239:1106524] PMIX ERROR: ERROR in file ../../../../../../src/mca/gds/ds12/gds_ds12_lock_pthread.c at line 169
[cn0239:1106525] PMIX ERROR: ERROR in file ../../../../../../src/mca/gds/ds12/gds_ds12_lock_pthread.c at line 169</code></pre>
</div>
</div>
</div>
</div>
<div class="sect1">
<h2 id="_reframe_output_log"><a class="anchor" href="#_reframe_output_log"></a>3. ReFrame output log</h2>
<div class="sectionbody">
<div class="listingblock">
<div class="content">
<pre class="highlightjs highlight"><code class="language-bash hljs" data-lang="bash">Reading /input_data/kub/idealHeaters.cfg...
[ Starting Feel++ ] application City_Energy_Modeling version 0.111.0-preview.120 date 2025-Apr-04
[feelpp] create Feel++ root repository: /disco2fs/ehpc-dev-2024d05-047/vchabannes/apptainer_home/kub/ef19bbc6/Paris_partitioned

[feelpp] create Feel++ geo repository: /disco2fs/ehpc-dev-2024d05-047/vchabannes/apptainer_home/kub/ef19bbc6/Paris_partitioned/geo

[feelpp] create Feel++ results directory: /disco2fs/ehpc-dev-2024d05-047/vchabannes/apptainer_home/kub/ef19bbc6/Paris_partitioned/np_384

[feelpp] create Feel++ expressions directory: /disco2fs/ehpc-dev-2024d05-047/vchabannes/apptainer_home/kub/ef19bbc6/Paris_partitioned/exprs

[feelpp] create Feel++ logs directory: /disco2fs/ehpc-dev-2024d05-047/vchabannes/apptainer_home/kub/ef19bbc6/Paris_partitioned/np_384/logs

 . City_Energy_Modeling files are stored in /disco2fs/ehpc-dev-2024d05-047/vchabannes/apptainer_home/kub/ef19bbc6/Paris_partitioned/np_384
 .. logfiles :/disco2fs/ehpc-dev-2024d05-047/vchabannes/apptainer_home/kub/ef19bbc6/Paris_partitioned/np_384/logs
[ KUB ] application City_Energy_modeling version 0.5.0
[CityEnergyModelload] constructor start ...
[CityEnergyModelload] constructor current done in 0.0908024 s
[CityEnergyModelload] updateForUse start ...
[CityEnergyModelload] preprocessing start ...
[CityEnergyModelload] updatePreprocessingForUse start ...
[CityEnergyModelload] updatePreprocessingForUse current done in 0.0219428 s
[CityEnergyModelload] preprocessing current done in 0.039166 s
[CityEnergyModelload] importPreprocessing start ...
[loadMesh] Loading mesh in format json+h5: "/input_data/kub_benchmark/4km/preprocessing/partitioning/np_384/mesh.lod0.json"
[CityEnergyModelload] importPreprocessing current done in 5.73907 s
[CityEnergyModelload] scenarios start ...
[CityEnergyModelload] scenarios current done in 0.244963 s
[CityEnergyModelload] weather start ...
[CityEnergyModelload] weather current done in 0.0818849 s
[CityEnergyModelload] sunModel start ...
checking if fmu tmp path /disco2fs/ehpc-dev-2024d05-047/vchabannes/apptainer_home/kub/ef19bbc6/Paris_partitioned/np_384/fmus/fmi4cpp_sun exists: false
unzipping /disco2fs/ehpc-dev-2024d05-047/vchabannes/apptainer_home/kub/ef19bbc6/Paris_partitioned/simulators/sun.fmu in /disco2fs/ehpc-dev-2024d05-047/vchabannes/apptainer_home/kub/ef19bbc6/Paris_partitioned/np_384/fmus/fmi4cpp_sun
[CityEnergyModelload] sunModel current done in 0.0761797 s
[CityEnergyModelload] initBuildingModels start ...
checking if fmu tmp path /disco2fs/ehpc-dev-2024d05-047/vchabannes/apptainer_home/kub/ef19bbc6/Paris_partitioned/np_384/fmus/fmi4cpp_lod0.buildingfloor0 exists: false
unzipping /disco2fs/ehpc-dev-2024d05-047/vchabannes/apptainer_home/kub/ef19bbc6/Paris_partitioned/simulators/lod0.buildingfloor0.fmu in /disco2fs/ehpc-dev-2024d05-047/vchabannes/apptainer_home/kub/ef19bbc6/Paris_partitioned/np_384/fmus/fmi4cpp_lod0.buildingfloor0
checking if fmu tmp path /disco2fs/ehpc-dev-2024d05-047/vchabannes/apptainer_home/kub/ef19bbc6/Paris_partitioned/np_384/fmus/fmi4cpp_lod0.buildingfloor1 exists: false
unzipping /disco2fs/ehpc-dev-2024d05-047/vchabannes/apptainer_home/kub/ef19bbc6/Paris_partitioned/simulators/lod0.buildingfloor1.fmu in /disco2fs/ehpc-dev-2024d05-047/vchabannes/apptainer_home/kub/ef19bbc6/Paris_partitioned/np_384/fmus/fmi4cpp_lod0.buildingfloor1
checking if fmu tmp path /disco2fs/ehpc-dev-2024d05-047/vchabannes/apptainer_home/kub/ef19bbc6/Paris_partitioned/np_384/fmus/fmi4cpp_lod0.buildingfloor2 exists: false
unzipping /disco2fs/ehpc-dev-2024d05-047/vchabannes/apptainer_home/kub/ef19bbc6/Paris_partitioned/simulators/lod0.buildingfloor2.fmu in /disco2fs/ehpc-dev-2024d05-047/vchabannes/apptainer_home/kub/ef19bbc6/Paris_partitioned/np_384/fmus/fmi4cpp_lod0.buildingfloor2
checking if fmu tmp path /disco2fs/ehpc-dev-2024d05-047/vchabannes/apptainer_home/kub/ef19bbc6/Paris_partitioned/np_384/fmus/fmi4cpp_lod0.buildingfloor3 exists: false
unzipping /disco2fs/ehpc-dev-2024d05-047/vchabannes/apptainer_home/kub/ef19bbc6/Paris_partitioned/simulators/lod0.buildingfloor3.fmu in /disco2fs/ehpc-dev-2024d05-047/vchabannes/apptainer_home/kub/ef19bbc6/Paris_partitioned/np_384/fmus/fmi4cpp_lod0.buildingfloor3
checking if fmu tmp path /disco2fs/ehpc-dev-2024d05-047/vchabannes/apptainer_home/kub/ef19bbc6/Paris_partitioned/np_384/fmus/fmi4cpp_lod0.buildingfloor4 exists: false
unzipping /disco2fs/ehpc-dev-2024d05-047/vchabannes/apptainer_home/kub/ef19bbc6/Paris_partitioned/simulators/lod0.buildingfloor4.fmu in /disco2fs/ehpc-dev-2024d05-047/vchabannes/apptainer_home/kub/ef19bbc6/Paris_partitioned/np_384/fmus/fmi4cpp_lod0.buildingfloor4
checking if fmu tmp path /disco2fs/ehpc-dev-2024d05-047/vchabannes/apptainer_home/kub/ef19bbc6/Paris_partitioned/np_384/fmus/fmi4cpp_lod0.buildingfloor5 exists: false
unzipping /disco2fs/ehpc-dev-2024d05-047/vchabannes/apptainer_home/kub/ef19bbc6/Paris_partitioned/simulators/lod0.buildingfloor5.fmu in /disco2fs/ehpc-dev-2024d05-047/vchabannes/apptainer_home/kub/ef19bbc6/Paris_partitioned/np_384/fmus/fmi4cpp_lod0.buildingfloor5
checking if fmu tmp path /disco2fs/ehpc-dev-2024d05-047/vchabannes/apptainer_home/kub/ef19bbc6/Paris_partitioned/np_384/fmus/fmi4cpp_lod0.buildingfloor6 exists: false
unzipping /disco2fs/ehpc-dev-2024d05-047/vchabannes/apptainer_home/kub/ef19bbc6/Paris_partitioned/simulators/lod0.buildingfloor6.fmu in /disco2fs/ehpc-dev-2024d05-047/vchabannes/apptainer_home/kub/ef19bbc6/Paris_partitioned/np_384/fmus/fmi4cpp_lod0.buildingfloor6
checking if fmu tmp path /disco2fs/ehpc-dev-2024d05-047/vchabannes/apptainer_home/kub/ef19bbc6/Paris_partitioned/np_384/fmus/fmi4cpp_lod0.buildingfloor7 exists: false
unzipping /disco2fs/ehpc-dev-2024d05-047/vchabannes/apptainer_home/kub/ef19bbc6/Paris_partitioned/simulators/lod0.buildingfloor7.fmu in /disco2fs/ehpc-dev-2024d05-047/vchabannes/apptainer_home/kub/ef19bbc6/Paris_partitioned/np_384/fmus/fmi4cpp_lod0.buildingfloor7
checking if fmu tmp path /disco2fs/ehpc-dev-2024d05-047/vchabannes/apptainer_home/kub/ef19bbc6/Paris_partitioned/np_384/fmus/fmi4cpp_lod0.buildingfloor8 exists: false
unzipping /disco2fs/ehpc-dev-2024d05-047/vchabannes/apptainer_home/kub/ef19bbc6/Paris_partitioned/simulators/lod0.buildingfloor8.fmu in /disco2fs/ehpc-dev-2024d05-047/vchabannes/apptainer_home/kub/ef19bbc6/Paris_partitioned/np_384/fmus/fmi4cpp_lod0.buildingfloor8
checking if fmu tmp path /disco2fs/ehpc-dev-2024d05-047/vchabannes/apptainer_home/kub/ef19bbc6/Paris_partitioned/np_384/fmus/fmi4cpp_lod0.buildingfloor9 exists: false
unzipping /disco2fs/ehpc-dev-2024d05-047/vchabannes/apptainer_home/kub/ef19bbc6/Paris_partitioned/simulators/lod0.buildingfloor9.fmu in /disco2fs/ehpc-dev-2024d05-047/vchabannes/apptainer_home/kub/ef19bbc6/Paris_partitioned/np_384/fmus/fmi4cpp_lod0.buildingfloor9
[CityEnergyModelload] initBuildingModels current done in 3.72972 s
[CityEnergyModelload] updateForUse current done in 9.9112 s

Warning: Failed to solve nonlinear system using Newton solver.
  During initialization at time: 0
  Tag: extended initialization.nonlinear[1]

  Common causes:
   * The system of equations has no solution - the residual will be above zero.
     - This may be caused by initial conditions not being fully specified, check the translation log.
     - In some cases the event-logic can cause this.
   * Starting values are too far from the solution, see homotopy in the manual.
     - In rare cases this could occur at events.
   * The equations are too discontinuous for the nonlinear solver - the residual will have knees.
     - Likely caused by over-using noEvent.
  Especially consider the first two items above when the nonlinear solver fails during initialization.

  To get more information consider the options:
   * Simulation/Setup/Translation/Generate listing of translated Modelica code in dsmodel.mof
   * Simulation/Setup/Translation/List non-linear iteration variables
   * Simulation/Setup/Debug/Store variables after failed initialization
     - If a failure to solve a nonlinear equation caused failed initialization.
   * The options under the group Simulation/Setup/Debug/Nonlinear solver diagnostics

  Jacobian inverse norm estimate: 16662.2
  Condition number estimate: 10272.4
  1-norm of the residual = 56040.7

  Last value of the solution:
  Last value of the residual:


Warning: Failed to solve nonlinear system using Newton solver.
  During initialization at time: 0
  Tag: extended initialization.nonlinear[1]

  For debugging help refer to the first error message of this type.

  Jacobian inverse norm estimate: 16662.6
  Condition number estimate: 5285.39
  1-norm of the residual = 52041.1

  Last value of the solution:
  Last value of the residual:


Warning: Failed to solve nonlinear system using Newton solver.
  During initialization at time: 0
  Tag: extended initialization.nonlinear[1]

  Common causes:
   * The system of equations has no solution - the residual will be above zero.
     - This may be caused by initial conditions not being fully specified, check the translation log.
     - In some cases the event-logic can cause this.
   * Starting values are too far from the solution, see homotopy in the manual.
     - In rare cases this could occur at events.
   * The equations are too discontinuous for the nonlinear solver - the residual will have knees.
     - Likely caused by over-using noEvent.
  Especially consider the first two items above when the nonlinear solver fails during initialization.

  To get more information consider the options:
   * Simulation/Setup/Translation/Generate listing of translated Modelica code in dsmodel.mof
   * Simulation/Setup/Translation/List non-linear iteration variables
   * Simulation/Setup/Debug/Store variables after failed initialization
     - If a failure to solve a nonlinear equation caused failed initialization.
   * The options under the group Simulation/Setup/Debug/Nonlinear solver diagnostics

  Jacobian inverse norm estimate: 16661.8
  Condition number estimate: 5221.49
  1-norm of the residual = 52040.8

  Last value of the solution:
  Last value of the residual:


Warning: Failed to solve nonlinear system using Newton solver.
  During initialization at time: 0
  Tag: extended initialization.nonlinear[1]

  Common causes:
   * The system of equations has no solution - the residual will be above zero.
     - This may be caused by initial conditions not being fully specified, check the translation log.
     - In some cases the event-logic can cause this.
   * Starting values are too far from the solution, see homotopy in the manual.
     - In rare cases this could occur at events.
   * The equations are too discontinuous for the nonlinear solver - the residual will have knees.
     - Likely caused by over-using noEvent.
  Especially consider the first two items above when the nonlinear solver fails during initialization.

  To get more information consider the options:
   * Simulation/Setup/Translation/Generate listing of translated Modelica code in dsmodel.mof
   * Simulation/Setup/Translation/List non-linear iteration variables
   * Simulation/Setup/Debug/Store variables after failed initialization
     - If a failure to solve a nonlinear equation caused failed initialization.
   * The options under the group Simulation/Setup/Debug/Nonlinear solver diagnostics

  Jacobian inverse norm estimate: 16661
  Condition number estimate: 5302.12
  1-norm of the residual = 52034.8

  Last value of the solution:
  Last value of the residual:


Warning: Failed to solve nonlinear system using Newton solver.
  During initialization at time: 0
  Tag: extended initialization.nonlinear[1]

  Common causes:
   * The system of equations has no solution - the residual will be above zero.
     - This may be caused by initial conditions not being fully specified, check the translation log.
     - In some cases the event-logic can cause this.
   * Starting values are too far from the solution, see homotopy in the manual.
     - In rare cases this could occur at events.
   * The equations are too discontinuous for the nonlinear solver - the residual will have knees.
     - Likely caused by over-using noEvent.
  Especially consider the first two items above when the nonlinear solver fails during initialization.

  To get more information consider the options:
   * Simulation/Setup/Translation/Generate listing of translated Modelica code in dsmodel.mof
   * Simulation/Setup/Translation/List non-linear iteration variables
   * Simulation/Setup/Debug/Store variables after failed initialization
     - If a failure to solve a nonlinear equation caused failed initialization.
   * The options under the group Simulation/Setup/Debug/Nonlinear solver diagnostics

  Jacobian inverse norm estimate: 16661.2
  Condition number estimate: 5197.36
  1-norm of the residual = 52033.8

  Last value of the solution:
  Last value of the residual:


Warning: Failed to solve nonlinear system using Newton solver.
  During initialization at time: 0
  Tag: extended initialization.nonlinear[1]

  Common causes:
   * The system of equations has no solution - the residual will be above zero.
     - This may be caused by initial conditions not being fully specified, check the translation log.
     - In some cases the event-logic can cause this.
   * Starting values are too far from the solution, see homotopy in the manual.
     - In rare cases this could occur at events.
   * The equations are too discontinuous for the nonlinear solver - the residual will have knees.
     - Likely caused by over-using noEvent.
  Especially consider the first two items above when the nonlinear solver fails during initialization.

  To get more information consider the options:
   * Simulation/Setup/Translation/Generate listing of translated Modelica code in dsmodel.mof
   * Simulation/Setup/Translation/List non-linear iteration variables
   * Simulation/Setup/Debug/Store variables after failed initialization
     - If a failure to solve a nonlinear equation caused failed initialization.
   * The options under the group Simulation/Setup/Debug/Nonlinear solver diagnostics

  Jacobian inverse norm estimate: 16660.8
  Condition number estimate: 5301.01
  1-norm of the residual = 52033.5

  Last value of the solution:
  Last value of the residual:


Warning: Failed to solve nonlinear system using Newton solver.
  During initialization at time: 0
  Tag: extended initialization.nonlinear[1]

  Common causes:
   * The system of equations has no solution - the residual will be above zero.
     - This may be caused by initial conditions not being fully specified, check the translation log.
     - In some cases the event-logic can cause this.
   * Starting values are too far from the solution, see homotopy in the manual.
     - In rare cases this could occur at events.
   * The equations are too discontinuous for the nonlinear solver - the residual will have knees.
     - Likely caused by over-using noEvent.
  Especially consider the first two items above when the nonlinear solver fails during initialization.

  To get more information consider the options:
   * Simulation/Setup/Translation/Generate listing of translated Modelica code in dsmodel.mof
   * Simulation/Setup/Translation/List non-linear iteration variables
   * Simulation/Setup/Debug/Store variables after failed initialization
     - If a failure to solve a nonlinear equation caused failed initialization.
   * The options under the group Simulation/Setup/Debug/Nonlinear solver diagnostics

  Jacobian inverse norm estimate: 16660.6
  Condition number estimate: 11619
  1-norm of the residual = 52031.9

  Last value of the solution:
  Last value of the residual:


Warning: Failed to solve nonlinear system using Newton solver.
  During initialization at time: 0
  Tag: extended initialization.nonlinear[1]

  Common causes:
   * The system of equations has no solution - the residual will be above zero.
     - This may be caused by initial conditions not being fully specified, check the translation log.
     - In some cases the event-logic can cause this.
   * Starting values are too far from the solution, see homotopy in the manual.
     - In rare cases this could occur at events.
   * The equations are too discontinuous for the nonlinear solver - the residual will have knees.
     - Likely caused by over-using noEvent.
  Especially consider the first two items above when the nonlinear solver fails during initialization.

  To get more information consider the options:
   * Simulation/Setup/Translation/Generate listing of translated Modelica code in dsmodel.mof
   * Simulation/Setup/Translation/List non-linear iteration variables
   * Simulation/Setup/Debug/Store variables after failed initialization
     - If a failure to solve a nonlinear equation caused failed initialization.
   * The options under the group Simulation/Setup/Debug/Nonlinear solver diagnostics

  Jacobian inverse norm estimate: 16660.2
  Condition number estimate: 5082.05
  1-norm of the residual = 52031.7

  Last value of the solution:
  Last value of the residual:


Warning: Failed to solve nonlinear system using Newton solver.
  During initialization at time: 0
  Tag: extended initialization.nonlinear[1]

  Common causes:
   * The system of equations has no solution - the residual will be above zero.
     - This may be caused by initial conditions not being fully specified, check the translation log.
     - In some cases the event-logic can cause this.
   * Starting values are too far from the solution, see homotopy in the manual.
     - In rare cases this could occur at events.
   * The equations are too discontinuous for the nonlinear solver - the residual will have knees.
     - Likely caused by over-using noEvent.
  Especially consider the first two items above when the nonlinear solver fails during initialization.

  To get more information consider the options:
   * Simulation/Setup/Translation/Generate listing of translated Modelica code in dsmodel.mof
   * Simulation/Setup/Translation/List non-linear iteration variables
   * Simulation/Setup/Debug/Store variables after failed initialization
     - If a failure to solve a nonlinear equation caused failed initialization.
   * The options under the group Simulation/Setup/Debug/Nonlinear solver diagnostics

  Jacobian inverse norm estimate: 16660
  Condition number estimate: 5142.86
  1-norm of the residual = 52030.9

  Last value of the solution:
  Last value of the residual:


Warning: Failed to solve nonlinear system using Newton solver.
  During initialization at time: 0
  Tag: extended initialization.nonlinear[1]

  Common causes:
   * The system of equations has no solution - the residual will be above zero.
     - This may be caused by initial conditions not being fully specified, check the translation log.
     - In some cases the event-logic can cause this.
   * Starting values are too far from the solution, see homotopy in the manual.
     - In rare cases this could occur at events.
   * The equations are too discontinuous for the nonlinear solver - the residual will have knees.
     - Likely caused by over-using noEvent.
  Especially consider the first two items above when the nonlinear solver fails during initialization.

  To get more information consider the options:
   * Simulation/Setup/Translation/Generate listing of translated Modelica code in dsmodel.mof
   * Simulation/Setup/Translation/List non-linear iteration variables
   * Simulation/Setup/Debug/Store variables after failed initialization
     - If a failure to solve a nonlinear equation caused failed initialization.
   * The options under the group Simulation/Setup/Debug/Nonlinear solver diagnostics

  Jacobian inverse norm estimate: 16660.3
  Condition number estimate: 7176.84
  1-norm of the residual = 52030.4

  Last value of the solution:
  Last value of the residual:


Warning: Failed to solve nonlinear system using Newton solver.
  During initialization at time: 0
  Tag: extended initialization.nonlinear[1]

  Common causes:
   * The system of equations has no solution - the residual will be above zero.
     - This may be caused by initial conditions not being fully specified, check the translation log.
     - In some cases the event-logic can cause this.
   * Starting values are too far from the solution, see homotopy in the manual.
     - In rare cases this could occur at events.
   * The equations are too discontinuous for the nonlinear solver - the residual will have knees.
     - Likely caused by over-using noEvent.
  Especially consider the first two items above when the nonlinear solver fails during initialization.

  To get more information consider the options:
   * Simulation/Setup/Translation/Generate listing of translated Modelica code in dsmodel.mof
   * Simulation/Setup/Translation/List non-linear iteration variables
   * Simulation/Setup/Debug/Store variables after failed initialization
     - If a failure to solve a nonlinear equation caused failed initialization.
   * The options under the group Simulation/Setup/Debug/Nonlinear solver diagnostics

  Jacobian inverse norm estimate: 16659.8
  Condition number estimate: 6821.09
  1-norm of the residual = 52029.8

  Last value of the solution:
  Last value of the residual:


Warning: Failed to solve nonlinear system using Newton solver.
  During initialization at time: 0
  Tag: extended initialization.nonlinear[1]

  Common causes:
   * The system of equations has no solution - the residual will be above zero.
     - This may be caused by initial conditions not being fully specified, check the translation log.
     - In some cases the event-logic can cause this.
   * Starting values are too far from the solution, see homotopy in the manual.
     - In rare cases this could occur at events.
   * The equations are too discontinuous for the nonlinear solver - the residual will have knees.
     - Likely caused by over-using noEvent.
  Especially consider the first two items above when the nonlinear solver fails during initialization.

  To get more information consider the options:
   * Simulation/Setup/Translation/Generate listing of translated Modelica code in dsmodel.mof
   * Simulation/Setup/Translation/List non-linear iteration variables
   * Simulation/Setup/Debug/Store variables after failed initialization
     - If a failure to solve a nonlinear equation caused failed initialization.
   * The options under the group Simulation/Setup/Debug/Nonlinear solver diagnostics

  Jacobian inverse norm estimate: 16660
  Condition number estimate: 6980.86
  1-norm of the residual = 52029.2

  Last value of the solution:
  Last value of the residual:


Warning: Failed to solve nonlinear system using Newton solver.
  During initialization at time: 0
  Tag: extended initialization.nonlinear[1]

  Common causes:
   * The system of equations has no solution - the residual will be above zero.
     - This may be caused by initial conditions not being fully specified, check the translation log.
     - In some cases the event-logic can cause this.
   * Starting values are too far from the solution, see homotopy in the manual.
     - In rare cases this could occur at events.
   * The equations are too discontinuous for the nonlinear solver - the residual will have knees.
     - Likely caused by over-using noEvent.
  Especially consider the first two items above when the nonlinear solver fails during initialization.

  To get more information consider the options:
   * Simulation/Setup/Translation/Generate listing of translated Modelica code in dsmodel.mof
   * Simulation/Setup/Translation/List non-linear iteration variables
   * Simulation/Setup/Debug/Store variables after failed initialization
     - If a failure to solve a nonlinear equation caused failed initialization.
   * The options under the group Simulation/Setup/Debug/Nonlinear solver diagnostics

  Jacobian inverse norm estimate: 16659.9
  Condition number estimate: 6910.55
  1-norm of the residual = 52028.6

  Last value of the solution:
  Last value of the residual:


Warning: Failed to solve nonlinear system using Newton solver.
  During initialization at time: 0
  Tag: extended initialization.nonlinear[1]

  Common causes:
   * The system of equations has no solution - the residual will be above zero.
     - This may be caused by initial conditions not being fully specified, check the translation log.
     - In some cases the event-logic can cause this.
   * Starting values are too far from the solution, see homotopy in the manual.
     - In rare cases this could occur at events.
   * The equations are too discontinuous for the nonlinear solver - the residual will have knees.
     - Likely caused by over-using noEvent.
  Especially consider the first two items above when the nonlinear solver fails during initialization.

  To get more information consider the options:
   * Simulation/Setup/Translation/Generate listing of translated Modelica code in dsmodel.mof
   * Simulation/Setup/Translation/List non-linear iteration variables
   * Simulation/Setup/Debug/Store variables after failed initialization
     - If a failure to solve a nonlinear equation caused failed initialization.
   * The options under the group Simulation/Setup/Debug/Nonlinear solver diagnostics

  Jacobian inverse norm estimate: 16659.5
  Condition number estimate: 6928.05
  1-norm of the residual = 52028

  Last value of the solution:
  Last value of the residual:


Warning: Failed to solve nonlinear system using Newton solver.
  During initialization at time: 0
  Tag: extended initialization.nonlinear[1]

  Common causes:
   * The system of equations has no solution - the residual will be above zero.
     - This may be caused by initial conditions not being fully specified, check the translation log.
     - In some cases the event-logic can cause this.
   * Starting values are too far from the solution, see homotopy in the manual.
     - In rare cases this could occur at events.
   * The equations are too discontinuous for the nonlinear solver - the residual will have knees.
     - Likely caused by over-using noEvent.
  Especially consider the first two items above when the nonlinear solver fails during initialization.

  To get more information consider the options:
   * Simulation/Setup/Translation/Generate listing of translated Modelica code in dsmodel.mof
   * Simulation/Setup/Translation/List non-linear iteration variables
   * Simulation/Setup/Debug/Store variables after failed initialization
     - If a failure to solve a nonlinear equation caused failed initialization.
   * The options under the group Simulation/Setup/Debug/Nonlinear solver diagnostics

  Jacobian inverse norm estimate: 16659.3
  Condition number estimate: 6908.66
  1-norm of the residual = 52027.4

  Last value of the solution:
  Last value of the residual:


Warning: Failed to solve nonlinear system using Newton solver.
  During initialization at time: 0
  Tag: extended initialization.nonlinear[1]

  Common causes:
   * The system of equations has no solution - the residual will be above zero.
     - This may be caused by initial conditions not being fully specified, check the translation log.
     - In some cases the event-logic can cause this.
   * Starting values are too far from the solution, see homotopy in the manual.
     - In rare cases this could occur at events.
   * The equations are too discontinuous for the nonlinear solver - the residual will have knees.
     - Likely caused by over-using noEvent.
  Especially consider the first two items above when the nonlinear solver fails during initialization.

  To get more information consider the options:
   * Simulation/Setup/Translation/Generate listing of translated Modelica code in dsmodel.mof
   * Simulation/Setup/Translation/List non-linear iteration variables
   * Simulation/Setup/Debug/Store variables after failed initialization
     - If a failure to solve a nonlinear equation caused failed initialization.
   * The options under the group Simulation/Setup/Debug/Nonlinear solver diagnostics

  Jacobian inverse norm estimate: 16659.2
  Condition number estimate: 6905.05
  1-norm of the residual = 52026.8

  Last value of the solution:
  Last value of the residual:


Warning: Failed to solve nonlinear system using Newton solver.
  During initialization at time: 0
  Tag: extended initialization.nonlinear[1]

  Common causes:
   * The system of equations has no solution - the residual will be above zero.
     - This may be caused by initial conditions not being fully specified, check the translation log.
     - In some cases the event-logic can cause this.
   * Starting values are too far from the solution, see homotopy in the manual.
     - In rare cases this could occur at events.
   * The equations are too discontinuous for the nonlinear solver - the residual will have knees.
     - Likely caused by over-using noEvent.
  Especially consider the first two items above when the nonlinear solver fails during initialization.

  To get more information consider the options:
   * Simulation/Setup/Translation/Generate listing of translated Modelica code in dsmodel.mof
   * Simulation/Setup/Translation/List non-linear iteration variables
   * Simulation/Setup/Debug/Store variables after failed initialization
     - If a failure to solve a nonlinear equation caused failed initialization.
   * The options under the group Simulation/Setup/Debug/Nonlinear solver diagnostics

  Jacobian inverse norm estimate: 16659.1
  Condition number estimate: 6893.67
  1-norm of the residual = 52026.2

  Last value of the solution:
  Last value of the residual:


Warning: Failed to solve nonlinear system using Newton solver.
  During initialization at time: 0
  Tag: extended initialization.nonlinear[1]

  Common causes:
   * The system of equations has no solution - the residual will be above zero.
     - This may be caused by initial conditions not being fully specified, check the translation log.
     - In some cases the event-logic can cause this.
   * Starting values are too far from the solution, see homotopy in the manual.
     - In rare cases this could occur at events.
   * The equations are too discontinuous for the nonlinear solver - the residual will have knees.
     - Likely caused by over-using noEvent.
  Especially consider the first two items above when the nonlinear solver fails during initialization.

  To get more information consider the options:
   * Simulation/Setup/Translation/Generate listing of translated Modelica code in dsmodel.mof
   * Simulation/Setup/Translation/List non-linear iteration variables
   * Simulation/Setup/Debug/Store variables after failed initialization
     - If a failure to solve a nonlinear equation caused failed initialization.
   * The options under the group Simulation/Setup/Debug/Nonlinear solver diagnostics

  Jacobian inverse norm estimate: 16659.3
  Condition number estimate: 6886.69
  1-norm of the residual = 52025.6

  Last value of the solution:
  Last value of the residual:


Warning: Failed to solve nonlinear system using Newton solver.
  During initialization at time: 0
  Tag: extended initialization.nonlinear[1]

  Common causes:
   * The system of equations has no solution - the residual will be above zero.
     - This may be caused by initial conditions not being fully specified, check the translation log.
     - In some cases the event-logic can cause this.
   * Starting values are too far from the solution, see homotopy in the manual.
     - In rare cases this could occur at events.
   * The equations are too discontinuous for the nonlinear solver - the residual will have knees.
     - Likely caused by over-using noEvent.
  Especially consider the first two items above when the nonlinear solver fails during initialization.

  To get more information consider the options:
   * Simulation/Setup/Translation/Generate listing of translated Modelica code in dsmodel.mof
   * Simulation/Setup/Translation/List non-linear iteration variables
   * Simulation/Setup/Debug/Store variables after failed initialization
     - If a failure to solve a nonlinear equation caused failed initialization.
   * The options under the group Simulation/Setup/Debug/Nonlinear solver diagnostics

  Jacobian inverse norm estimate: 16659.6
  Condition number estimate: 6876.91
  1-norm of the residual = 52025

  Last value of the solution:
  Last value of the residual:


Warning: Failed to solve nonlinear system using Newton solver.
  During initialization at time: 0
  Tag: extended initialization.nonlinear[1]

  Common causes:
   * The system of equations has no solution - the residual will be above zero.
     - This may be caused by initial conditions not being fully specified, check the translation log.
     - In some cases the event-logic can cause this.
   * Starting values are too far from the solution, see homotopy in the manual.
     - In rare cases this could occur at events.
   * The equations are too discontinuous for the nonlinear solver - the residual will have knees.
     - Likely caused by over-using noEvent.
  Especially consider the first two items above when the nonlinear solver fails during initialization.

  To get more information consider the options:
   * Simulation/Setup/Translation/Generate listing of translated Modelica code in dsmodel.mof
   * Simulation/Setup/Translation/List non-linear iteration variables
   * Simulation/Setup/Debug/Store variables after failed initialization
     - If a failure to solve a nonlinear equation caused failed initialization.
   * The options under the group Simulation/Setup/Debug/Nonlinear solver diagnostics

  Jacobian inverse norm estimate: 16658.8
  Condition number estimate: 6867.82
  1-norm of the residual = 52024.4

  Last value of the solution:
  Last value of the residual:


Warning: Failed to solve nonlinear system using Newton solver.
  During initialization at time: 0
  Tag: extended initialization.nonlinear[1]

  Common causes:
   * The system of equations has no solution - the residual will be above zero.
     - This may be caused by initial conditions not being fully specified, check the translation log.
     - In some cases the event-logic can cause this.
   * Starting values are too far from the solution, see homotopy in the manual.
     - In rare cases this could occur at events.
   * The equations are too discontinuous for the nonlinear solver - the residual will have knees.
     - Likely caused by over-using noEvent.
  Especially consider the first two items above when the nonlinear solver fails during initialization.

  To get more information consider the options:
   * Simulation/Setup/Translation/Generate listing of translated Modelica code in dsmodel.mof
   * Simulation/Setup/Translation/List non-linear iteration variables
   * Simulation/Setup/Debug/Store variables after failed initialization
     - If a failure to solve a nonlinear equation caused failed initialization.
   * The options under the group Simulation/Setup/Debug/Nonlinear solver diagnostics

  Jacobian inverse norm estimate: 16658.7
  Condition number estimate: 6858.26
  1-norm of the residual = 52023.8

  Last value of the solution:
  Last value of the residual:


Warning: Failed to solve nonlinear system using Newton solver.
  During initialization at time: 0
  Tag: extended initialization.nonlinear[1]

  Common causes:
   * The system of equations has no solution - the residual will be above zero.

Warning: Failed to solve nonlinear system using Newton solver.
  During initialization at time: 0
  Tag: extended initialization.nonlinear[1]

  Common causes:
   * The system of equations has no solution - the residual will be above zero.
     - This may be caused by initial conditions not being fully specified, check the translation log.
     - In some cases the event-logic can cause this.
   * Starting values are too far from the solution, see homotopy in the manual.
     - In rare cases this could occur at events.
   * The equations are too discontinuous for the nonlinear solver - the residual will have knees.
     - Likely caused by over-using noEvent.
  Especially consider the first two items above when the nonlinear solver fails during initialization.

  To get more information consider the options:
   * Simulation/Setup/Translation/Generate listing of translated Modelica code in dsmodel.mof
   * Simulation/Setup/Translation/List non-linear iteration variables
   * Simulation/Setup/Debug/Store variables after failed initialization
     - If a failure to solve a nonlinear equation caused failed initialization.
   * The options under the group Simulation/Setup/Debug/Nonlinear solver diagnostics

  Jacobian inverse norm estimate: 13359.2
  Condition number estimate: 3878.88
  1-norm of the residual = 785346

  Last value of the solution:
  Last value of the residual:


Warning: Failed to solve nonlinear system using Newton solver.
  During initialization at time: 0
  Tag: extended initialization.nonlinear[1]

  For debugging help refer to the first error message of this type.

  Jacobian inverse norm estimate: 13358.3
  Condition number estimate: 3878.49
  1-norm of the residual = 653802

  Last value of the solution:
  Last value of the residual:


Warning: Failed to solve nonlinear system using Newton solver.
  During initialization at time: 0
  Tag: extended initialization.nonlinear[1]

  Common causes:
   * The system of equations has no solution - the residual will be above zero.
     - This may be caused by initial conditions not being fully specified, check the translation log.
     - In some cases the event-logic can cause this.
   * Starting values are too far from the solution, see homotopy in the manual.
     - In rare cases this could occur at events.
   * The equations are too discontinuous for the nonlinear solver - the residual will have knees.
     - Likely caused by over-using noEvent.
  Especially consider the first two items above when the nonlinear solver fails during initialization.

  To get more information consider the options:
   * Simulation/Setup/Translation/Generate listing of translated Modelica code in dsmodel.mof
   * Simulation/Setup/Translation/List non-linear iteration variables
   * Simulation/Setup/Debug/Store variables after failed initialization
     - If a failure to solve a nonlinear equation caused failed initialization.
   * The options under the group Simulation/Setup/Debug/Nonlinear solver diagnostics

  Jacobian inverse norm estimate: 13356.3
  Condition number estimate: 3877.43
  1-norm of the residual = 653716

  Last value of the solution:
  Last value of the residual:


Warning: Failed to solve nonlinear system using Newton solver.
  During initialization at time: 0
  Tag: extended initialization.nonlinear[1]

  Common causes:
   * The system of equations has no solution - the residual will be above zero.
     - This may be caused by initial conditions not being fully specified, check the translation log.
     - In some cases the event-logic can cause this.
   * Starting values are too far from the solution, see homotopy in the manual.
     - In rare cases this could occur at events.
   * The equations are too discontinuous for the nonlinear solver - the residual will have knees.
     - Likely caused by over-using noEvent.
  Especially consider the first two items above when the nonlinear solver fails during initialization.

  To get more information consider the options:
   * Simulation/Setup/Translation/Generate listing of translated Modelica code in dsmodel.mof
   * Simulation/Setup/Translation/List non-linear iteration variables
   * Simulation/Setup/Debug/Store variables after failed initialization
     - If a failure to solve a nonlinear equation caused failed initialization.
   * The options under the group Simulation/Setup/Debug/Nonlinear solver diagnostics

  Jacobian inverse norm estimate: 13355.2
  Condition number estimate: 4240.66
  1-norm of the residual = 653674

  Last value of the solution:
  Last value of the residual:


Warning: Failed to solve nonlinear system using Newton solver.
  During initialization at time: 0
  Tag: extended initialization.nonlinear[1]

  Common causes:
   * The system of equations has no solution - the residual will be above zero.
     - This may be caused by initial conditions not being fully specified, check the translation log.
     - In some cases the event-logic can cause this.
   * Starting values are too far from the solution, see homotopy in the manual.
     - In rare cases this could occur at events.
   * The equations are too discontinuous for the nonlinear solver - the residual will have knees.
     - Likely caused by over-using noEvent.
  Especially consider the first two items above when the nonlinear solver fails during initialization.

  To get more information consider the options:
   * Simulation/Setup/Translation/Generate listing of translated Modelica code in dsmodel.mof
   * Simulation/Setup/Translation/List non-linear iteration variables
   * Simulation/Setup/Debug/Store variables after failed initialization
     - If a failure to solve a nonlinear equation caused failed initialization.
   * The options under the group Simulation/Setup/Debug/Nonlinear solver diagnostics

  Jacobian inverse norm estimate: 13354.7
  Condition number estimate: 3874.69
  1-norm of the residual = 653630

  Last value of the solution:
  Last value of the residual:


Warning: Failed to solve nonlinear system using Newton solver.
  During initialization at time: 0
  Tag: extended initialization.nonlinear[1]

  Common causes:
   * The system of equations has no solution - the residual will be above zero.
     - This may be caused by initial conditions not being fully specified, check the translation log.
     - In some cases the event-logic can cause this.
   * Starting values are too far from the solution, see homotopy in the manual.
     - In rare cases this could occur at events.
   * The equations are too discontinuous for the nonlinear solver - the residual will have knees.
     - Likely caused by over-using noEvent.
  Especially consider the first two items above when the nonlinear solver fails during initialization.

  To get more information consider the options:
   * Simulation/Setup/Translation/Generate listing of translated Modelica code in dsmodel.mof
   * Simulation/Setup/Translation/List non-linear iteration variables
   * Simulation/Setup/Debug/Store variables after failed initialization
     - If a failure to solve a nonlinear equation caused failed initialization.
   * The options under the group Simulation/Setup/Debug/Nonlinear solver diagnostics

  Jacobian inverse norm estimate: 13338
  Condition number estimate: 3867.14
  1-norm of the residual = 652401

  Last value of the solution:
  Last value of the residual:


Warning: Failed to solve nonlinear system using Newton solver.
  During initialization at time: 0
  Tag: extended initialization.nonlinear[1]

  Common causes:
   * The system of equations has no solution - the residual will be above zero.
     - This may be caused by initial conditions not being fully specified, check the translation log.
     - In some cases the event-logic can cause this.
   * Starting values are too far from the solution, see homotopy in the manual.
     - In rare cases this could occur at events.
   * The equations are too discontinuous for the nonlinear solver - the residual will have knees.
     - Likely caused by over-using noEvent.
  Especially consider the first two items above when the nonlinear solver fails during initialization.

  To get more information consider the options:
   * Simulation/Setup/Translation/Generate listing of translated Modelica code in dsmodel.mof
   * Simulation/Setup/Translation/List non-linear iteration variables
   * Simulation/Setup/Debug/Store variables after failed initialization
     - If a failure to solve a nonlinear equation caused failed initialization.
   * The options under the group Simulation/Setup/Debug/Nonlinear solver diagnostics

  Jacobian inverse norm estimate: 13323.1
  Condition number estimate: 3860.67
  1-norm of the residual = 652058

  Last value of the solution:
  Last value of the residual:


Warning: Failed to solve nonlinear system using Newton solver.
  During initialization at time: 0
  Tag: extended initialization.nonlinear[1]

  Common causes:
   * The system of equations has no solution - the residual will be above zero.
     - This may be caused by initial conditions not being fully specified, check the translation log.
     - In some cases the event-logic can cause this.
   * Starting values are too far from the solution, see homotopy in the manual.
     - In rare cases this could occur at events.
   * The equations are too discontinuous for the nonlinear solver - the residual will have knees.
     - Likely caused by over-using noEvent.
  Especially consider the first two items above when the nonlinear solver fails during initialization.

  To get more information consider the options:
   * Simulation/Setup/Translation/Generate listing of translated Modelica code in dsmodel.mof
   * Simulation/Setup/Translation/List non-linear iteration variables
   * Simulation/Setup/Debug/Store variables after failed initialization
     - If a failure to solve a nonlinear equation caused failed initialization.
   * The options under the group Simulation/Setup/Debug/Nonlinear solver diagnostics

  Jacobian inverse norm estimate: 13322
  Condition number estimate: 3855.24
  1-norm of the residual = 651998

  Last value of the solution:
  Last value of the residual:


Warning: Failed to solve nonlinear system using Newton solver.
  During initialization at time: 0
  Tag: extended initialization.nonlinear[1]

  Common causes:
   * The system of equations has no solution - the residual will be above zero.
     - This may be caused by initial conditions not being fully specified, check the translation log.
     - In some cases the event-logic can cause this.
   * Starting values are too far from the solution, see homotopy in the manual.
     - In rare cases this could occur at events.
   * The equations are too discontinuous for the nonlinear solver - the residual will have knees.
     - Likely caused by over-using noEvent.
  Especially consider the first two items above when the nonlinear solver fails during initialization.

  To get more information consider the options:
   * Simulation/Setup/Translation/Generate listing of translated Modelica code in dsmodel.mof
   * Simulation/Setup/Translation/List non-linear iteration variables
   * Simulation/Setup/Debug/Store variables after failed initialization
     - If a failure to solve a nonlinear equation caused failed initialization.
   * The options under the group Simulation/Setup/Debug/Nonlinear solver diagnostics

  Jacobian inverse norm estimate: 13321.2
  Condition number estimate: 4312.48
  1-norm of the residual = 651962

  Last value of the solution:
  Last value of the residual:


Warning: Failed to solve nonlinear system using Newton solver.
  During initialization at time: 0
  Tag: extended initialization.nonlinear[1]

  Common causes:
   * The system of equations has no solution - the residual will be above zero.
     - This may be caused by initial conditions not being fully specified, check the translation log.
     - In some cases the event-logic can cause this.
   * Starting values are too far from the solution, see homotopy in the manual.
     - In rare cases this could occur at events.
   * The equations are too discontinuous for the nonlinear solver - the residual will have knees.
     - Likely caused by over-using noEvent.
  Especially consider the first two items above when the nonlinear solver fails during initialization.

  To get more information consider the options:
   * Simulation/Setup/Translation/Generate listing of translated Modelica code in dsmodel.mof
   * Simulation/Setup/Translation/List non-linear iteration variables
   * Simulation/Setup/Debug/Store variables after failed initialization
     - If a failure to solve a nonlinear equation caused failed initialization.
   * The options under the group Simulation/Setup/Debug/Nonlinear solver diagnostics

  Jacobian inverse norm estimate: 13319.7
  Condition number estimate: 3854.74
  1-norm of the residual = 651879

  Last value of the solution:
  Last value of the residual:


Warning: Failed to solve nonlinear system using Newton solver.
  During initialization at time: 0
  Tag: extended initialization.nonlinear[1]

  Common causes:
   * The system of equations has no solution - the residual will be above zero.
     - This may be caused by initial conditions not being fully specified, check the translation log.
     - In some cases the event-logic can cause this.
   * Starting values are too far from the solution, see homotopy in the manual.
     - In rare cases this could occur at events.
   * The equations are too discontinuous for the nonlinear solver - the residual will have knees.
     - Likely caused by over-using noEvent.
  Especially consider the first two items above when the nonlinear solver fails during initialization.

  To get more information consider the options:
   * Simulation/Setup/Translation/Generate listing of translated Modelica code in dsmodel.mof
   * Simulation/Setup/Translation/List non-linear iteration variables
   * Simulation/Setup/Debug/Store variables after failed initialization
     - If a failure to solve a nonlinear equation caused failed initialization.
   * The options under the group Simulation/Setup/Debug/Nonlinear solver diagnostics

  Jacobian inverse norm estimate: 13319.2
  Condition number estimate: 2286.9
  1-norm of the residual = 651864

  Last value of the solution:
  Last value of the residual:


Warning: Failed to solve nonlinear system using Newton solver.
  During initialization at time: 0
  Tag: extended initialization.nonlinear[1]

  Common causes:
   * The system of equations has no solution - the residual will be above zero.
     - This may be caused by initial conditions not being fully specified, check the translation log.
     - In some cases the event-logic can cause this.
   * Starting values are too far from the solution, see homotopy in the manual.
     - In rare cases this could occur at events.
   * The equations are too discontinuous for the nonlinear solver - the residual will have knees.
     - Likely caused by over-using noEvent.
  Especially consider the first two items above when the nonlinear solver fails during initialization.

  To get more information consider the options:
   * Simulation/Setup/Translation/Generate listing of translated Modelica code in dsmodel.mof
   * Simulation/Setup/Translation/List non-linear iteration variables
   * Simulation/Setup/Debug/Store variables after failed initialization
     - If a failure to solve a nonlinear equation caused failed initialization.
   * The options under the group Simulation/Setup/Debug/Nonlinear solver diagnostics

  Jacobian inverse norm estimate: 13318.2
  Condition number estimate: 3853.65
  1-norm of the residual = 651818

  Last value of the solution:
  Last value of the residual:


Warning: Failed to solve nonlinear system using Newton solver.
  During initialization at time: 0
  Tag: extended initialization.nonlinear[1]

  Common causes:
   * The system of equations has no solution - the residual will be above zero.
     - This may be caused by initial conditions not being fully specified, check the translation log.
     - In some cases the event-logic can cause this.
   * Starting values are too far from the solution, see homotopy in the manual.
     - In rare cases this could occur at events.
   * The equations are too discontinuous for the nonlinear solver - the residual will have knees.
[SunModel::SunInstance] creating sun new instance
[CityEnergyModel::Instance]
  |-- export outputs enabled: 1
  |-- export visualization enabled: 0
  |-- export report enabled: 0
  |-- export building report enabled: 0
  |-- solar shading coefficients enabled: building
  |-- solar shading components: building
[CityEnergyModelInstance] execute start ...
execute at time=3600
[CityEnergyModelInstance] execute.simulation start ...
[CityEnergyModelInstance] execute.simulation.solarMasks start ...
[CityEnergyModelInstance] execute.simulation.solarMasks current done in 0.000295321 s
[CityEnergyModelInstance] execute.simulation.buildingExecuteStep start ...
[CityEnergyModelInstance] execute.simulation.buildingExecuteStep current done in 36.7428 s
[CityEnergyModelInstance] execute.simulation current done in 36.7436 s
[CityEnergyModelInstance] execute.postprocess start ...
[CityEnergyModelInstance] exportOutputs start ...
[CityEnergyModelInstance] exportOutputs current done in 10.8387 s
[CityEnergyModelInstance] execute.postprocess current done in 10.8387 s
execute at time=7200
[CityEnergyModelInstance] execute.simulation start ...
[CityEnergyModelInstance] execute.simulation.solarMasks start ...
[CityEnergyModelInstance] execute.simulation.solarMasks current done in 0.000198571 s
[CityEnergyModelInstance] execute.simulation.buildingExecuteStep start ...
[CityEnergyModelInstance] execute.simulation.buildingExecuteStep current done in 1.04327 s
[CityEnergyModelInstance] execute.simulation current done in 1.04394 s
[CityEnergyModelInstance] execute.postprocess start ...
[CityEnergyModelInstance] exportOutputs start ...
[CityEnergyModelInstance] exportOutputs current done in 1.52898 s
[CityEnergyModelInstance] execute.postprocess current done in 1.52908 s
execute at time=10800
[CityEnergyModelInstance] execute.simulation start ...
[CityEnergyModelInstance] execute.simulation.solarMasks start ...
[CityEnergyModelInstance] execute.simulation.solarMasks current done in 0.000204221 s
[CityEnergyModelInstance] execute.simulation.buildingExecuteStep start ...
[CityEnergyModelInstance] execute.simulation.buildingExecuteStep current done in 0.686244 s
[CityEnergyModelInstance] execute.simulation current done in 0.686893 s
[CityEnergyModelInstance] execute.postprocess start ...
[CityEnergyModelInstance] exportOutputs start ...
[CityEnergyModelInstance] exportOutputs current done in 0.320701 s
[CityEnergyModelInstance] execute.postprocess current done in 0.320782 s
execute at time=14400
[CityEnergyModelInstance] execute.simulation start ...
[CityEnergyModelInstance] execute.simulation.solarMasks start ...
[CityEnergyModelInstance] execute.simulation.solarMasks current done in 0.00021905 s
[CityEnergyModelInstance] execute.simulation.buildingExecuteStep start ...
[CityEnergyModelInstance] execute.simulation.buildingExecuteStep current done in 0.612266 s
[CityEnergyModelInstance] execute.simulation current done in 0.612974 s
[CityEnergyModelInstance] execute.postprocess start ...
[CityEnergyModelInstance] exportOutputs start ...
[CityEnergyModelInstance] exportOutputs current done in 0.259846 s
[CityEnergyModelInstance] execute.postprocess current done in 0.259946 s
execute at time=18000
[CityEnergyModelInstance] execute.simulation start ...
[CityEnergyModelInstance] execute.simulation.solarMasks start ...
[CityEnergyModelInstance] execute.simulation.solarMasks current done in 0.0002093 s
[CityEnergyModelInstance] execute.simulation.buildingExecuteStep start ...
[CityEnergyModelInstance] execute.simulation.buildingExecuteStep current done in 0.635239 s
[CityEnergyModelInstance] execute.simulation current done in 0.635862 s
[CityEnergyModelInstance] execute.postprocess start ...
[CityEnergyModelInstance] exportOutputs start ...
[CityEnergyModelInstance] exportOutputs current done in 0.203353 s
[CityEnergyModelInstance] execute.postprocess current done in 0.203454 s
execute at time=21600
[CityEnergyModelInstance] execute.simulation start ...
[CityEnergyModelInstance] execute.simulation.solarMasks start ...
[CityEnergyModelInstance] execute.simulation.solarMasks current done in 0.0002016 s
[CityEnergyModelInstance] execute.simulation.buildingExecuteStep start ...
[CityEnergyModelInstance] execute.simulation.buildingExecuteStep current done in 0.668218 s
[CityEnergyModelInstance] execute.simulation current done in 0.668862 s
[CityEnergyModelInstance] execute.postprocess start ...
[CityEnergyModelInstance] exportOutputs start ...
[CityEnergyModelInstance] exportOutputs current done in 0.290593 s
[CityEnergyModelInstance] execute.postprocess current done in 0.290674 s
execute at time=25200
[CityEnergyModelInstance] execute.simulation start ...
[CityEnergyModelInstance] execute.simulation.solarMasks start ...
[CityEnergyModelInstance] execute.simulation.solarMasks current done in 0.00021222 s
[CityEnergyModelInstance] execute.simulation.buildingExecuteStep start ...
[CityEnergyModelInstance] execute.simulation.buildingExecuteStep current done in 0.667332 s
[CityEnergyModelInstance] execute.simulation current done in 0.667974 s
[CityEnergyModelInstance] execute.postprocess start ...
[CityEnergyModelInstance] exportOutputs start ...
[CityEnergyModelInstance] exportOutputs current done in 0.328538 s
[CityEnergyModelInstance] execute.postprocess current done in 0.328626 s
execute at time=28800
[CityEnergyModelInstance] execute.simulation start ...
[CityEnergyModelInstance] execute.simulation.solarMasks start ...
[CityEnergyModelInstance] execute.simulation.solarMasks current done in 0.000211481 s
[CityEnergyModelInstance] execute.simulation.buildingExecuteStep start ...
[CityEnergyModelInstance] execute.simulation.buildingExecuteStep current done in 0.840024 s
[CityEnergyModelInstance] execute.simulation current done in 0.84076 s
[CityEnergyModelInstance] execute.postprocess start ...
[CityEnergyModelInstance] exportOutputs start ...
[CityEnergyModelInstance] exportOutputs current done in 0.360647 s
[CityEnergyModelInstance] execute.postprocess current done in 0.360725 s
execute at time=32400
[CityEnergyModelInstance] execute.simulation start ...
[CityEnergyModelInstance] execute.simulation.solarMasks start ...
[CityEnergyModelInstance] execute.simulation.solarMasks current done in 0.00022702 s
[CityEnergyModelInstance] execute.simulation.buildingExecuteStep start ...
[CityEnergyModelInstance] execute.simulation.buildingExecuteStep current done in 0.680284 s
[CityEnergyModelInstance] execute.simulation current done in 0.680973 s
[CityEnergyModelInstance] execute.postprocess start ...
[CityEnergyModelInstance] exportOutputs start ...
[CityEnergyModelInstance] exportOutputs current done in 0.301464 s
[CityEnergyModelInstance] execute.postprocess current done in 0.301546 s
execute at time=36000
[CityEnergyModelInstance] execute.simulation start ...
[CityEnergyModelInstance] execute.simulation.solarMasks start ...
[CityEnergyModelInstance] execute.simulation.solarMasks current done in 0.000201001 s
[CityEnergyModelInstance] execute.simulation.buildingExecuteStep start ...
[CityEnergyModelInstance] execute.simulation.buildingExecuteStep current done in 0.825054 s
[CityEnergyModelInstance] execute.simulation current done in 0.825801 s
[CityEnergyModelInstance] execute.postprocess start ...
[CityEnergyModelInstance] exportOutputs start ...
[CityEnergyModelInstance] exportOutputs current done in 0.346222 s
[CityEnergyModelInstance] execute.postprocess current done in 0.346296 s
execute at time=39600
[CityEnergyModelInstance] execute.simulation start ...
[CityEnergyModelInstance] execute.simulation.solarMasks start ...
[CityEnergyModelInstance] execute.simulation.solarMasks current done in 0.000199431 s
[CityEnergyModelInstance] execute.simulation.buildingExecuteStep start ...
[CityEnergyModelInstance] execute.simulation.buildingExecuteStep current done in 0.658235 s
[CityEnergyModelInstance] execute.simulation current done in 0.658908 s
[CityEnergyModelInstance] execute.postprocess start ...
[CityEnergyModelInstance] exportOutputs start ...
[CityEnergyModelInstance] exportOutputs current done in 0.293481 s
[CityEnergyModelInstance] execute.postprocess current done in 0.293554 s
execute at time=43200
[CityEnergyModelInstance] execute.simulation start ...
[CityEnergyModelInstance] execute.simulation.solarMasks start ...
[CityEnergyModelInstance] execute.simulation.solarMasks current done in 0.000215251 s
[CityEnergyModelInstance] execute.simulation.buildingExecuteStep start ...
[CityEnergyModelInstance] execute.simulation.buildingExecuteStep current done in 0.606731 s
[CityEnergyModelInstance] execute.simulation current done in 0.607411 s
[CityEnergyModelInstance] execute.postprocess start ...
[CityEnergyModelInstance] exportOutputs start ...
[CityEnergyModelInstance] exportOutputs current done in 0.253792 s
[CityEnergyModelInstance] execute.postprocess current done in 0.253861 s
execute at time=46800
[CityEnergyModelInstance] execute.simulation start ...
[CityEnergyModelInstance] execute.simulation.solarMasks start ...
[CityEnergyModelInstance] execute.simulation.solarMasks current done in 0.00020848 s
[CityEnergyModelInstance] execute.simulation.buildingExecuteStep start ...
[CityEnergyModelInstance] execute.simulation.buildingExecuteStep current done in 0.722204 s
[CityEnergyModelInstance] execute.simulation current done in 0.722856 s
[CityEnergyModelInstance] execute.postprocess start ...
[CityEnergyModelInstance] exportOutputs start ...
[CityEnergyModelInstance] exportOutputs current done in 0.303515 s
[CityEnergyModelInstance] execute.postprocess current done in 0.303587 s
execute at time=50400
[CityEnergyModelInstance] execute.simulation start ...
[CityEnergyModelInstance] execute.simulation.solarMasks start ...
[CityEnergyModelInstance] execute.simulation.solarMasks current done in 0.00019716 s
[CityEnergyModelInstance] execute.simulation.buildingExecuteStep start ...
[CityEnergyModelInstance] execute.simulation.buildingExecuteStep current done in 0.833707 s
[CityEnergyModelInstance] execute.simulation current done in 0.834335 s
[CityEnergyModelInstance] execute.postprocess start ...
[CityEnergyModelInstance] exportOutputs start ...
[CityEnergyModelInstance] exportOutputs current done in 0.302349 s
[CityEnergyModelInstance] execute.postprocess current done in 0.302425 s
execute at time=54000
[CityEnergyModelInstance] execute.simulation start ...
[CityEnergyModelInstance] execute.simulation.solarMasks start ...
[CityEnergyModelInstance] execute.simulation.solarMasks current done in 0.000200591 s
[CityEnergyModelInstance] execute.simulation.buildingExecuteStep start ...
[CityEnergyModelInstance] execute.simulation.buildingExecuteStep current done in 0.722845 s
[CityEnergyModelInstance] execute.simulation current done in 0.723427 s
[CityEnergyModelInstance] execute.postprocess start ...
[CityEnergyModelInstance] exportOutputs start ...
[CityEnergyModelInstance] exportOutputs current done in 0.284688 s
[CityEnergyModelInstance] execute.postprocess current done in 0.284756 s
execute at time=57600
[CityEnergyModelInstance] execute.simulation start ...
[CityEnergyModelInstance] execute.simulation.solarMasks start ...
[CityEnergyModelInstance] execute.simulation.solarMasks current done in 0.00020593 s
[CityEnergyModelInstance] execute.simulation.buildingExecuteStep start ...
[CityEnergyModelInstance] execute.simulation.buildingExecuteStep current done in 0.69606 s
[CityEnergyModelInstance] execute.simulation current done in 0.696745 s
[CityEnergyModelInstance] execute.postprocess start ...
[CityEnergyModelInstance] exportOutputs start ...
[CityEnergyModelInstance] exportOutputs current done in 0.50209 s
[CityEnergyModelInstance] execute.postprocess current done in 0.502177 s
execute at time=61200
[CityEnergyModelInstance] execute.simulation start ...
[CityEnergyModelInstance] execute.simulation.solarMasks start ...
[CityEnergyModelInstance] execute.simulation.solarMasks current done in 0.000210801 s
[CityEnergyModelInstance] execute.simulation.buildingExecuteStep start ...
[CityEnergyModelInstance] execute.simulation.buildingExecuteStep current done in 0.714437 s
[CityEnergyModelInstance] execute.simulation current done in 0.715098 s
[CityEnergyModelInstance] execute.postprocess start ...
[CityEnergyModelInstance] exportOutputs start ...
[CityEnergyModelInstance] exportOutputs current done in 0.251424 s
[CityEnergyModelInstance] execute.postprocess current done in 0.251507 s
execute at time=64800
[CityEnergyModelInstance] execute.simulation start ...
[CityEnergyModelInstance] execute.simulation.solarMasks start ...
[CityEnergyModelInstance] execute.simulation.solarMasks current done in 0.00020518 s
[CityEnergyModelInstance] execute.simulation.buildingExecuteStep start ...
[CityEnergyModelInstance] execute.simulation.buildingExecuteStep current done in 0.693692 s
[CityEnergyModelInstance] execute.simulation current done in 0.694321 s
[CityEnergyModelInstance] execute.postprocess start ...
[CityEnergyModelInstance] exportOutputs start ...
[CityEnergyModelInstance] exportOutputs current done in 0.322395 s
[CityEnergyModelInstance] execute.postprocess current done in 0.322464 s
execute at time=68400
[CityEnergyModelInstance] execute.simulation start ...
[CityEnergyModelInstance] execute.simulation.solarMasks start ...
[CityEnergyModelInstance] execute.simulation.solarMasks current done in 0.000201531 s
[CityEnergyModelInstance] execute.simulation.buildingExecuteStep start ...
[CityEnergyModelInstance] execute.simulation.buildingExecuteStep current done in 0.730977 s
[CityEnergyModelInstance] execute.simulation current done in 0.731625 s
[CityEnergyModelInstance] execute.postprocess start ...
[CityEnergyModelInstance] exportOutputs start ...
[CityEnergyModelInstance] exportOutputs current done in 0.338224 s
[CityEnergyModelInstance] execute.postprocess current done in 0.338295 s
execute at time=72000
[CityEnergyModelInstance] execute.simulation start ...
[CityEnergyModelInstance] execute.simulation.solarMasks start ...
[CityEnergyModelInstance] execute.simulation.solarMasks current done in 0.000220051 s
[CityEnergyModelInstance] execute.simulation.buildingExecuteStep start ...
[CityEnergyModelInstance] execute.simulation.buildingExecuteStep current done in 0.690704 s
[CityEnergyModelInstance] execute.simulation current done in 0.691357 s
[CityEnergyModelInstance] execute.postprocess start ...
[CityEnergyModelInstance] exportOutputs start ...
[CityEnergyModelInstance] exportOutputs current done in 0.316725 s
[CityEnergyModelInstance] execute.postprocess current done in 0.316809 s
execute at time=75600
[CityEnergyModelInstance] execute.simulation start ...
[CityEnergyModelInstance] execute.simulation.solarMasks start ...
[CityEnergyModelInstance] execute.simulation.solarMasks current done in 0.000198841 s
[CityEnergyModelInstance] execute.simulation.buildingExecuteStep start ...
[CityEnergyModelInstance] execute.simulation.buildingExecuteStep current done in 0.803351 s
[CityEnergyModelInstance] execute.simulation current done in 0.804003 s
[CityEnergyModelInstance] execute.postprocess start ...
[CityEnergyModelInstance] exportOutputs start ...
[CityEnergyModelInstance] exportOutputs current done in 0.330996 s
[CityEnergyModelInstance] execute.postprocess current done in 0.331068 s
execute at time=79200
[CityEnergyModelInstance] execute.simulation start ...
[CityEnergyModelInstance] execute.simulation.solarMasks start ...
[CityEnergyModelInstance] execute.simulation.solarMasks current done in 0.000206611 s
[CityEnergyModelInstance] execute.simulation.buildingExecuteStep start ...
[CityEnergyModelInstance] execute.simulation.buildingExecuteStep current done in 0.652864 s
[CityEnergyModelInstance] execute.simulation current done in 0.6535 s
[CityEnergyModelInstance] execute.postprocess start ...
[CityEnergyModelInstance] exportOutputs start ...
[CityEnergyModelInstance] exportOutputs current done in 1.43141 s
[CityEnergyModelInstance] execute.postprocess current done in 1.43147 s
execute at time=82800
[CityEnergyModelInstance] execute.simulation start ...
[CityEnergyModelInstance] execute.simulation.solarMasks start ...
[CityEnergyModelInstance] execute.simulation.solarMasks current done in 0.00020442 s
[CityEnergyModelInstance] execute.simulation.buildingExecuteStep start ...
[CityEnergyModelInstance] execute.simulation.buildingExecuteStep current done in 0.714191 s
[CityEnergyModelInstance] execute.simulation current done in 0.714882 s
[CityEnergyModelInstance] execute.postprocess start ...
[CityEnergyModelInstance] exportOutputs start ...
[CityEnergyModelInstance] exportOutputs current done in 1.52072 s
[CityEnergyModelInstance] execute.postprocess current done in 1.52079 s
execute at time=86400
[CityEnergyModelInstance] execute.simulation start ...
[CityEnergyModelInstance] execute.simulation.solarMasks start ...
[CityEnergyModelInstance] execute.simulation.solarMasks current done in 0.000254481 s
[CityEnergyModelInstance] execute.simulation.buildingExecuteStep start ...
[CityEnergyModelInstance] execute.simulation.buildingExecuteStep current done in 0.810587 s
[CityEnergyModelInstance] execute.simulation current done in 0.811342 s
[CityEnergyModelInstance] execute.postprocess start ...
[CityEnergyModelInstance] exportOutputs start ...
[CityEnergyModelInstance] exportOutputs current done in 1.58283 s
[CityEnergyModelInstance] execute.postprocess current done in 1.5829 s
[CityEnergyModelInstance] execute current done in 76.2834 s
     - Likely caused by over-using noEvent.
  Especially consider the first two items above when the nonlinear solver fails during initialization.

  To get more information consider the options:
   * Simulation/Setup/Translation/Generate listing of translated Modelica code in dsmodel.mof
   * Simulation/Setup/Translation/List non-linear iteration variables
   * Simulation/Setup/Debug/Store variables after failed initialization
     - If a failure to solve a nonlinear equation caused failed initialization.
   * The options under the group Simulation/Setup/Debug/Nonlinear solver diagnostics

  Jacobian inverse norm estimate: 13317.6
  Condition number estimate: 4300.33
  1-norm of the residual = 651782

  Last value of the solution:
  Last value of the residual:

     - This may be caused by initial conditions not being fully specified, check the translation log.
     - In some cases the event-logic can cause this.
   * Starting values are too far from the solution, see homotopy in the manual.
     - In rare cases this could occur at events.
   * The equations are too discontinuous for the nonlinear solver - the residual will have knees.
     - Likely caused by over-using noEvent.
  Especially consider the first two items above when the nonlinear solver fails during initialization.

  To get more information consider the options:
   * Simulation/Setup/Translation/Generate listing of translated Modelica code in dsmodel.mof
   * Simulation/Setup/Translation/List non-linear iteration variables
   * Simulation/Setup/Debug/Store variables after failed initialization
     - If a failure to solve a nonlinear equation caused failed initialization.
   * The options under the group Simulation/Setup/Debug/Nonlinear solver diagnostics

  Jacobian inverse norm estimate: 16659.3
  Condition number estimate: 6850.03
  1-norm of the residual = 52023.2

  Last value of the solution:
  Last value of the residual:

+-------------------------------------------------------------------------------------------------------------------------------+
|                                                     City_Energy_Modeling                                                      |
+-------------------------------------------------------------------------------------------------------------------------------+
| +-------------+-------------------------------------------------------------------------------------------------------------+ |
| | logs        | /disco2fs/ehpc-dev-2024d05-047/vchabannes/apptainer_home/kub/ef19bbc6/Paris_partitioned/np_384/logs         | |
| +-------------+-------------------------------------------------------------------------------------------------------------+ |
| | journal     | /disco2fs/ehpc-dev-2024d05-047/vchabannes/apptainer_home/kub/ef19bbc6/Paris_partitioned/np_384/journal.json | |
| +-------------+-------------------------------------------------------------------------------------------------------------+ |
| | directories | +------------------------------------------------------------------------------------------------+          | |
| |             | | /disco2fs/ehpc-dev-2024d05-047/vchabannes/apptainer_home/kub/ef19bbc6/Paris_partitioned/np_384 |          | |
| |             | +------------------------------------------------------------------------------------------------+          | |
| |             | | /disco2fs/ehpc-dev-2024d05-047/vchabannes/apptainer_home                                       |          | |
| |             | +------------------------------------------------------------------------------------------------+          | |
| +-------------+-------------------------------------------------------------------------------------------------------------+ |
+-------------------------------------------------------------------------------------------------------------------------------+

[ Stopping Feel++ ] application City_Energy_Modeling execution time 98.9196s</code></pre>
</div>
</div>
</div>
</div>
<div class="sect1">
<h2 id="_feelpp_kub_cem_info"><a class="anchor" href="#_feelpp_kub_cem_info"></a>4. feelpp_kub_cem.INFO</h2>
<div class="sectionbody">
<div class="listingblock">
<div class="content">
<pre class="highlightjs highlight"><code class="language-bash hljs" data-lang="bash">Log file created at: 2025/04/04 17:23:20
Running on machine: cn0235
Log line format: [IWEF]mmdd hh:mm:ss.uuuuuu threadid file:line] msg
I0404 17:23:20.268456 123630 environment.cpp:1708] File /input_data/kub_benchmark/4km/preprocessing/partitioning/np_384/mesh.lod0.json found
I0404 17:23:20.270126 123630 loadmesh.hpp:246]  Loading mesh in json+h5 format "/input_data/kub_benchmark/4km/preprocessing/partitioning/np_384/mesh.lod0.json"
I0404 17:23:21.654332 123630 partitionio.hpp:1134] read stat points 3941037,10243,0
I0404 17:23:21.654349 123630 partitionio.hpp:1137] read stat elements 6969553,18152,0
I0404 17:23:21.654351 123630 partitionio.hpp:1140] read stat ghost_elements 1059,0,0
I0404 17:23:21.654353 123630 partitionio.hpp:1143] read stat marked_faces 785260,2052,0
I0404 17:23:21.654357 123630 partitionio.hpp:1146] read stat marked_edges 0,0,0
I0404 17:23:21.654359 123630 partitionio.hpp:1149] read stat marked_points 0,0,0
I0404 17:23:21.654554 123630 partitionio.hpp:1168] loaded points_ids:1x3941037
I0404 17:23:21.654597 123630 partitionio.hpp:1170] loaded points_coords:1x11823111
I0404 17:23:21.835090 123630 partitionio.hpp:1267] loaded elements:1x27878212
I0404 17:23:21.888788 123630 partitionio.hpp:1373] loaded ghost_elements:1x1059
I0404 17:23:21.912362 123630 partitionio.hpp:1568] loaded marked_subentities:1x2355780
I0404 17:23:21.928877 123630 meshimpl.hpp:1411] We have 2052 faces in the database
I0404 17:23:21.953845 123630 meshimpl.hpp:1890] update boundary points...
I0404 17:23:21.953982 123630 meshimpl.hpp:1910] update boundary elements...
I0404 17:23:25.418929 123630 mpifmu.cpp:149] [mpifmu] unzipPath=/disco2fs/ehpc-dev-2024d05-047/vchabannes/apptainer_home/kub/ef19bbc6/Paris_partitioned/np_384/fmus/fmi4cpp_sun using unzipPath: /disco2fs/ehpc-dev-2024d05-047/vchabannes/apptainer_home/kub/ef19bbc6/Paris_partitioned/np_384/fmus/fmi4cpp_sun ,fmuName: sun
I0404 17:23:25.479893 123630 mpifmu.cpp:183] [mpifmu] Using input weather file
I0404 17:23:25.480247 123630 mpifmu.cpp:201] [mpifmu] uncompressed fmu ready for consumption
I0404 17:23:25.504624 123630 mpifmu.cpp:149] [mpifmu] unzipPath=/disco2fs/ehpc-dev-2024d05-047/vchabannes/apptainer_home/kub/ef19bbc6/Paris_partitioned/np_384/fmus/fmi4cpp_lod0.buildingfloor0 using unzipPath: /disco2fs/ehpc-dev-2024d05-047/vchabannes/apptainer_home/kub/ef19bbc6/Paris_partitioned/np_384/fmus/fmi4cpp_lod0.buildingfloor0 ,fmuName: lod0.buildingfloor0
I0404 17:23:25.571699 123630 mpifmu.cpp:183] [mpifmu] Using input weather file
I0404 17:23:25.572121 123630 mpifmu.cpp:201] [mpifmu] uncompressed fmu ready for consumption
I0404 17:23:25.634218 123630 mpifmu.cpp:149] [mpifmu] unzipPath=/disco2fs/ehpc-dev-2024d05-047/vchabannes/apptainer_home/kub/ef19bbc6/Paris_partitioned/np_384/fmus/fmi4cpp_lod0.buildingfloor1 using unzipPath: /disco2fs/ehpc-dev-2024d05-047/vchabannes/apptainer_home/kub/ef19bbc6/Paris_partitioned/np_384/fmus/fmi4cpp_lod0.buildingfloor1 ,fmuName: lod0.buildingfloor1
I0404 17:23:25.706789 123630 mpifmu.cpp:183] [mpifmu] Using input weather file
I0404 17:23:25.707231 123630 mpifmu.cpp:201] [mpifmu] uncompressed fmu ready for consumption
I0404 17:23:25.816586 123630 mpifmu.cpp:149] [mpifmu] unzipPath=/disco2fs/ehpc-dev-2024d05-047/vchabannes/apptainer_home/kub/ef19bbc6/Paris_partitioned/np_384/fmus/fmi4cpp_lod0.buildingfloor2 using unzipPath: /disco2fs/ehpc-dev-2024d05-047/vchabannes/apptainer_home/kub/ef19bbc6/Paris_partitioned/np_384/fmus/fmi4cpp_lod0.buildingfloor2 ,fmuName: lod0.buildingfloor2
I0404 17:23:25.896389 123630 mpifmu.cpp:183] [mpifmu] Using input weather file
I0404 17:23:25.896868 123630 mpifmu.cpp:201] [mpifmu] uncompressed fmu ready for consumption
I0404 17:23:26.045013 123630 mpifmu.cpp:149] [mpifmu] unzipPath=/disco2fs/ehpc-dev-2024d05-047/vchabannes/apptainer_home/kub/ef19bbc6/Paris_partitioned/np_384/fmus/fmi4cpp_lod0.buildingfloor3 using unzipPath: /disco2fs/ehpc-dev-2024d05-047/vchabannes/apptainer_home/kub/ef19bbc6/Paris_partitioned/np_384/fmus/fmi4cpp_lod0.buildingfloor3 ,fmuName: lod0.buildingfloor3
I0404 17:23:26.137605 123630 mpifmu.cpp:183] [mpifmu] Using input weather file
I0404 17:23:26.138088 123630 mpifmu.cpp:201] [mpifmu] uncompressed fmu ready for consumption
I0404 17:23:26.339946 123630 mpifmu.cpp:149] [mpifmu] unzipPath=/disco2fs/ehpc-dev-2024d05-047/vchabannes/apptainer_home/kub/ef19bbc6/Paris_partitioned/np_384/fmus/fmi4cpp_lod0.buildingfloor4 using unzipPath: /disco2fs/ehpc-dev-2024d05-047/vchabannes/apptainer_home/kub/ef19bbc6/Paris_partitioned/np_384/fmus/fmi4cpp_lod0.buildingfloor4 ,fmuName: lod0.buildingfloor4
I0404 17:23:26.435231 123630 mpifmu.cpp:183] [mpifmu] Using input weather file
I0404 17:23:26.435742 123630 mpifmu.cpp:201] [mpifmu] uncompressed fmu ready for consumption
I0404 17:23:26.669605 123630 mpifmu.cpp:149] [mpifmu] unzipPath=/disco2fs/ehpc-dev-2024d05-047/vchabannes/apptainer_home/kub/ef19bbc6/Paris_partitioned/np_384/fmus/fmi4cpp_lod0.buildingfloor5 using unzipPath: /disco2fs/ehpc-dev-2024d05-047/vchabannes/apptainer_home/kub/ef19bbc6/Paris_partitioned/np_384/fmus/fmi4cpp_lod0.buildingfloor5 ,fmuName: lod0.buildingfloor5
I0404 17:23:26.772505 123630 mpifmu.cpp:183] [mpifmu] Using input weather file
I0404 17:23:26.773006 123630 mpifmu.cpp:201] [mpifmu] uncompressed fmu ready for consumption
I0404 17:23:27.029640 123630 mpifmu.cpp:149] [mpifmu] unzipPath=/disco2fs/ehpc-dev-2024d05-047/vchabannes/apptainer_home/kub/ef19bbc6/Paris_partitioned/np_384/fmus/fmi4cpp_lod0.buildingfloor6 using unzipPath: /disco2fs/ehpc-dev-2024d05-047/vchabannes/apptainer_home/kub/ef19bbc6/Paris_partitioned/np_384/fmus/fmi4cpp_lod0.buildingfloor6 ,fmuName: lod0.buildingfloor6
I0404 17:23:27.140715 123630 mpifmu.cpp:183] [mpifmu] Using input weather file
I0404 17:23:27.141178 123630 mpifmu.cpp:201] [mpifmu] uncompressed fmu ready for consumption
I0404 17:23:27.498838 123630 mpifmu.cpp:149] [mpifmu] unzipPath=/disco2fs/ehpc-dev-2024d05-047/vchabannes/apptainer_home/kub/ef19bbc6/Paris_partitioned/np_384/fmus/fmi4cpp_lod0.buildingfloor7 using unzipPath: /disco2fs/ehpc-dev-2024d05-047/vchabannes/apptainer_home/kub/ef19bbc6/Paris_partitioned/np_384/fmus/fmi4cpp_lod0.buildingfloor7 ,fmuName: lod0.buildingfloor7
I0404 17:23:27.616257 123630 mpifmu.cpp:183] [mpifmu] Using input weather file
I0404 17:23:27.616747 123630 mpifmu.cpp:201] [mpifmu] uncompressed fmu ready for consumption
I0404 17:23:28.045853 123630 mpifmu.cpp:149] [mpifmu] unzipPath=/disco2fs/ehpc-dev-2024d05-047/vchabannes/apptainer_home/kub/ef19bbc6/Paris_partitioned/np_384/fmus/fmi4cpp_lod0.buildingfloor8 using unzipPath: /disco2fs/ehpc-dev-2024d05-047/vchabannes/apptainer_home/kub/ef19bbc6/Paris_partitioned/np_384/fmus/fmi4cpp_lod0.buildingfloor8 ,fmuName: lod0.buildingfloor8
I0404 17:23:28.172016 123630 mpifmu.cpp:183] [mpifmu] Using input weather file
I0404 17:23:28.172498 123630 mpifmu.cpp:201] [mpifmu] uncompressed fmu ready for consumption
I0404 17:23:28.602596 123630 mpifmu.cpp:149] [mpifmu] unzipPath=/disco2fs/ehpc-dev-2024d05-047/vchabannes/apptainer_home/kub/ef19bbc6/Paris_partitioned/np_384/fmus/fmi4cpp_lod0.buildingfloor9 using unzipPath: /disco2fs/ehpc-dev-2024d05-047/vchabannes/apptainer_home/kub/ef19bbc6/Paris_partitioned/np_384/fmus/fmi4cpp_lod0.buildingfloor9 ,fmuName: lod0.buildingfloor9
I0404 17:23:28.738546 123630 mpifmu.cpp:183] [mpifmu] Using input weather file
I0404 17:23:28.739041 123630 mpifmu.cpp:201] [mpifmu] uncompressed fmu ready for consumption
W0404 17:23:29.338249 123630 buildingmodel.cpp:45] [BuildingModel::Instance] building instance 53944183 not simulated
W0404 17:23:30.051280 123630 buildingmodel.cpp:45] [BuildingModel::Instance] building instance 53262623 not simulated
W0404 17:23:30.185526 123630 buildingmodel.cpp:45] [BuildingModel::Instance] building instance 69034129 not simulated
W0404 17:23:30.197642 123630 buildingmodel.cpp:45] [BuildingModel::Instance] building instance 53943354 not simulated
W0404 17:23:30.215425 123630 buildingmodel.cpp:45] [BuildingModel::Instance] building instance 69034176 not simulated
W0404 17:23:30.330446 123630 buildingmodel.cpp:45] [BuildingModel::Instance] building instance 54031800 not simulated
W0404 17:23:31.309027 123630 buildingmodel.cpp:45] [BuildingModel::Instance] building instance 54031772 not simulated
W0404 17:23:31.368381 123630 buildingmodel.cpp:45] [BuildingModel::Instance] building instance 69034147 not simulated
W0404 17:23:31.839188 123630 buildingmodel.cpp:45] [BuildingModel::Instance] building instance 54031748 not simulated
W0404 17:23:31.843832 123630 buildingmodel.cpp:45] [BuildingModel::Instance] building instance 54031929 not simulated
W0404 17:23:32.957422 123630 buildingmodel.cpp:45] [BuildingModel::Instance] building instance 69034494 not simulated
W0404 17:23:33.856885 123630 buildingmodel.cpp:45] [BuildingModel::Instance] building instance 54031854 not simulated
W0404 17:23:34.980254 123630 buildingmodel.cpp:45] [BuildingModel::Instance] building instance 69034181 not simulated
W0404 17:23:35.226621 123630 buildingmodel.cpp:45] [BuildingModel::Instance] building instance 54031697 not simulated
W0404 17:23:35.428506 123630 buildingmodel.cpp:45] [BuildingModel::Instance] building instance 54031703 not simulated
W0404 17:23:35.495827 123630 buildingmodel.cpp:45] [BuildingModel::Instance] building instance 53944140 not simulated
W0404 17:23:36.656931 123630 buildingmodel.cpp:45] [BuildingModel::Instance] building instance 54031809 not simulated
W0404 17:23:36.779351 123630 buildingmodel.cpp:45] [BuildingModel::Instance] building instance 54031699 not simulated
W0404 17:23:36.859551 123630 buildingmodel.cpp:45] [BuildingModel::Instance] building instance 53943739 not simulated
W0404 17:23:37.366849 123630 buildingmodel.cpp:45] [BuildingModel::Instance] building instance 53944452 not simulated
I0404 17:23:40.472191 123630 worldcomm.cpp:895] [rank 0] [DofTable::build] starts, has mesh support: false
I0404 17:23:40.474023 123630 worldcomm.cpp:895] [rank 0] [DofTable::buildDofMap] starts, dof_indices empty: true
I0404 17:23:40.474030 123630 worldcomm.cpp:895] [rank 0] [DofTable::buildDofMap] allocation done
I0404 17:23:40.474331 123630 worldcomm.cpp:895] [rank 0] [DofTable::buildDofMap]  n_elts =  18152 on processor 0
I0404 17:23:40.478767 123630 worldcomm.cpp:895] [rank 0] [builddofmap - 0] dof generation hasNoElt : false theFirstDF: 0 thelastDof: 18151
I0404 17:23:40.478771 123630 worldcomm.cpp:895] [rank 0] [builddofmap - 0] gather discontinuous dof info hasNoElt : false theFirstDF: 0 thelastDof: 18151
I0404 17:23:40.485489 123630 worldcomm.cpp:895] [rank 0] [DofTable::buildGhostDofMap rank=0] starts. hasMeshSupport: false
I0404 17:23:40.500233 123630 element_impl.hpp:199] creating element u : u
I0404 17:23:40.500324 123630 element_impl.hpp:199] creating element u : u
I0404 17:23:40.500415 123630 element_impl.hpp:199] creating element u : u
I0404 17:23:40.500515 123630 element_impl.hpp:199] creating element u : u
I0404 17:23:40.500617 123630 element_impl.hpp:199] creating element u : u
I0404 17:23:40.500728 123630 element_impl.hpp:199] creating element u : u
I0404 17:23:40.500816 123630 element_impl.hpp:199] creating element u : u
I0404 17:23:40.500909 123630 element_impl.hpp:199] creating element u : u
I0404 17:23:40.500991 123630 element_impl.hpp:199] creating element u : u
I0404 17:23:40.507903 123630 exporterimpl.hpp:219] [Exporter] format :  ensightgold
I0404 17:23:40.507912 123630 exporterimpl.hpp:220] [Exporter] N      :  1
I0404 17:24:57.678905 123630 environment.cpp:2423] Environment::clearSomeMemory before: PETSC get current memory usage (resident memory): 1.12331e+06  KBytes 1123.31  MBytes 1.12331 GBytes
I0404 17:24:57.679070 123630 environment.cpp:2428] Environment::clearSomeMemory before: PETSC get current PETSC Malloc usage: 0  KBytes 0 MBytes 0 GBytes
I0404 17:24:57.679081 123630 environment.cpp:2430] Environment::clearSomeMemory before: PETSC get maximum PETSC Malloc usage(largest memory ever used so far): 0  KBytes 0 MBytes 0 GBytes
I0404 17:24:57.679111 123630 environment.cpp:2423] Environment::clearSomeMemory after: PETSC get current memory usage (resident memory): 1.12331e+06  KBytes 1123.31  MBytes 1.12331 GBytes
I0404 17:24:57.679116 123630 environment.cpp:2428] Environment::clearSomeMemory after: PETSC get current PETSC Malloc usage: 0  KBytes 0 MBytes 0 GBytes
I0404 17:24:57.679121 123630 environment.cpp:2430] Environment::clearSomeMemory after: PETSC get maximum PETSC Malloc usage(largest memory ever used so far): 0  KBytes 0 MBytes 0 GBytes</code></pre>
</div>
</div>
</div>
</div>
<div class="sect1">
<h2 id="_feelpp_kub_cem_warning"><a class="anchor" href="#_feelpp_kub_cem_warning"></a>5. feelpp_kub_cem.WARNING</h2>
<div class="sectionbody">
<div class="listingblock">
<div class="content">
<pre class="highlightjs highlight"><code class="language-bash hljs" data-lang="bash">Log file created at: 2025/04/04 17:23:29
Running on machine: cn0235
Log line format: [IWEF]mmdd hh:mm:ss.uuuuuu threadid file:line] msg
W0404 17:23:29.338249 123630 buildingmodel.cpp:45] [BuildingModel::Instance] building instance 53944183 not simulated
W0404 17:23:30.051280 123630 buildingmodel.cpp:45] [BuildingModel::Instance] building instance 53262623 not simulated
W0404 17:23:30.185526 123630 buildingmodel.cpp:45] [BuildingModel::Instance] building instance 69034129 not simulated
W0404 17:23:30.197642 123630 buildingmodel.cpp:45] [BuildingModel::Instance] building instance 53943354 not simulated
W0404 17:23:30.215425 123630 buildingmodel.cpp:45] [BuildingModel::Instance] building instance 69034176 not simulated
W0404 17:23:30.330446 123630 buildingmodel.cpp:45] [BuildingModel::Instance] building instance 54031800 not simulated
W0404 17:23:31.309027 123630 buildingmodel.cpp:45] [BuildingModel::Instance] building instance 54031772 not simulated
W0404 17:23:31.368381 123630 buildingmodel.cpp:45] [BuildingModel::Instance] building instance 69034147 not simulated
W0404 17:23:31.839188 123630 buildingmodel.cpp:45] [BuildingModel::Instance] building instance 54031748 not simulated
W0404 17:23:31.843832 123630 buildingmodel.cpp:45] [BuildingModel::Instance] building instance 54031929 not simulated
W0404 17:23:32.957422 123630 buildingmodel.cpp:45] [BuildingModel::Instance] building instance 69034494 not simulated
W0404 17:23:33.856885 123630 buildingmodel.cpp:45] [BuildingModel::Instance] building instance 54031854 not simulated
W0404 17:23:34.980254 123630 buildingmodel.cpp:45] [BuildingModel::Instance] building instance 69034181 not simulated
W0404 17:23:35.226621 123630 buildingmodel.cpp:45] [BuildingModel::Instance] building instance 54031697 not simulated
W0404 17:23:35.428506 123630 buildingmodel.cpp:45] [BuildingModel::Instance] building instance 54031703 not simulated
W0404 17:23:35.495827 123630 buildingmodel.cpp:45] [BuildingModel::Instance] building instance 53944140 not simulated
W0404 17:23:36.656931 123630 buildingmodel.cpp:45] [BuildingModel::Instance] building instance 54031809 not simulated
W0404 17:23:36.779351 123630 buildingmodel.cpp:45] [BuildingModel::Instance] building instance 54031699 not simulated
W0404 17:23:36.859551 123630 buildingmodel.cpp:45] [BuildingModel::Instance] building instance 53943739 not simulated
W0404 17:23:37.366849 123630 buildingmodel.cpp:45] [BuildingModel::Instance] building instance 53944452 not simulated</code></pre>
</div>
</div>
</div>
</div>
</article>
  </div>
</main>
</div>
<footer class="footer" style="border-top: 2px solid #e9e9e9; background-color: #fafafa; padding-bottom: 2em; padding-top: 2em;">
    <div class="container" style="display: flex; flex-direction: column; align-items: center; gap: 0.5em;">
        <div>
            <a href="https://www.cemosis.fr">
                <img src="../../../../../../_/img/cemosis-logo.svg" alt="Cemosis logo" height="50">
            </a>
        </div>
        <span style="font-size: 0.8rem; color: #9e9e9e"> 2025 <a href="https://www.cemosis.fr" style="text-decoration: underline;">Cemosis</a>, Universit de Strasbourg</span>
    </div>
</footer>
<script id="site-script" src="../../../../../../_/js/site.js" data-ui-root-path="../../../../../../_"></script>


<script async src="../../../../../../_/js/vendor/fontawesome-icon-defs.js"></script>
<script async src="../../../../../../_/js/vendor/fontawesome.js"></script>
<script async src="../../../../../../_/js/vendor/highlight.js"></script>


<script type="text/javascript">
function toggleFullScreen() {
   var doc = window.document;
   var docEl = doc.documentElement;

   var requestFullScreen = docEl.requestFullscreen || docEl.mozRequestFullScreen || docEl.webkitRequestFullScreen || docEl.msRequestFullscreen;
   var cancelFullScreen = doc.exitFullscreen || doc.mozCancelFullScreen || doc.webkitExitFullscreen || doc.msExitFullscreen;

   if(!doc.fullscreenElement && !doc.mozFullScreenElement && !doc.webkitFullscreenElement && !doc.msFullscreenElement) {
       requestFullScreen.call(docEl);
   }
   else {
       cancelFullScreen.call(doc);
   }
}
</script>
  </body>
</html>
