<!DOCTYPE html>
<html lang="en">
  <head>
    <meta charset="utf-8">
    <meta name="viewport" content="width=device-width,initial-scale=1">
    <title>ReFrame logs :: Ktirio Benchmarks</title>
    <link rel="canonical" href="https://feelpp.github.io/bench.ktirio.fr/ktirio_benchmarks/logs/discoverer/feelpp_kub_cem/Paris_partitioned/2025_04_04T15_02_21Z0300/f7b49e60.html">
    <meta name="generator" content="Antora 3.1.10">
    <link rel="stylesheet" href="../../../../../../_/css/site.css">
<link rel="icon" href="../../../../../../_/img/favicon.ico" type="image/x-icon">
<script>!function(l,p){if(l.protocol!==p&&l.host=="docs.antora.org"){l.protocol=p}else if(/\.gitlab\.io$/.test(l.host)){l.replace(p+"//docs.antora.org"+l.pathname.substr(l.pathname.indexOf("/",1))+l.search+l.hash)}}(location,"https:")</script>

<script src="../../../../../../_/js/vendor/tabs-block-extension.js"></script>
<script src="../../../../../../_/js/vendor/tabs-block-behavior.js"></script>



<script type="text/x-mathjax-config">
MathJax.Hub.Config({
  messageStyle: "none",
  tex2jax: {
    inlineMath: [['$','$'], ['\\(','\\)']],
    displayMath: [['$$','$$'], ['\\[','\\]']],
    processEscapes: true,
    processEnvironments: true,
    ignoreClass: "nostem|nolatexmath"
  },
  asciimath2jax: {
    delimiters: [["\\$", "\\$"]],
    ignoreClass: "nostem|noasciimath"
  },

  TeX: {
      Macros: {
      bold: ["{\\bf #1}",1],
      calTh: "{\\mathcal{T}_h}",
      card: ["{\\operatorname{card}(#1)}",1],
      card: ["{\\operatorname{card}(#1)}",1],
      Ck: ["{\\mathcal{C}^{#1}}",1],
      deformt: ["{\\mathbf{\\varepsilon(#1)}}",1],
      diam: "{\\operatorname{diam}}",
      dim: ["{\\operatorname{dim}(#1)}",1],
      disp: ["{\\mathbf{#1}}",1],
      domain: "{\\Omega}",
      ds: "",
      essinf: "{\\operatorname{ess}\\, \\operatorname{inf}}",
      F:"{\\mathcal{F}}",
      geo: "{\\mathrm{geo}}",
      Ich: ["{\\mathcal{I}^{#1}_{c,h}#2}",2],
      Id: "{\\mathcal{I}}",
      Ilag: ["{\\mathcal{I}^{\\mathrm{lag}}_{#1}}",1],
      jump: ["{[\\![ #1 ]\\!]}",1],
      n:"{\\mathbf{n}}",
      Ne: "{N_{\\mathrm{e}}}",
      Next: "{\\mathrm{n}}",
      nf: "{n_f}",
      ngeo: "{n_{\\mathrm{geo}}}",
      Nma: "{N_{\\mathrm{ma}}}",
      NN: "{\\mathbb N}",
      Nno: "{N_{\\mathrm{no}}}",
      Nso: "{N_{\\mathrm{so}}}",
      opdim: "{\\operatorname{dim}}",
      p: "{\\mathrm{p}}",
      P:"{\\mathcal{P}}",
      Pch: ["{P^{#1}_{c,h}}",1],
      Pcho: ["{P^{#1}_{c,h,0}}",1],
      Pk: ["{\\mathcal{P}^{#1}}",1],
      poly: ["{\\mathbb{#1}",1],
      poly: ["{\\mathbb{#1}}",1],
      prect: ["{\\left\\(#1\\right\\)}",1],
      q:"{\\mathbf{q}}",
      Qch: ["{Q^{#1}_{c,h}}",1],
      Qk: ["{\\mathcal{Q}^{#1}}",1],
      R: ["{\\mathbb{R}^{#1}}",1],
      RR: "{\\mathbb R}",
      set: ["{\\left\\{#1\\right\\}}",1],
      stresst: ["{\\mathbf{\\sigma(#1)}}",1],
      T:"{\\mathcal{T}}",
      tr: "{\\operatorname{tr}}",
      v:"{\\mathbf{v}}",
      vertiii: ["\\left\\vert\\kern-0.25ex\\left\\vert\\kern-0.25ex\\left\\vert #1 \\right\\vert\\kern-0.25ex\\right\\vert\\kern-0.25ex\\right\\vert",1]
  },
  extensions: ["mhchem.js"] 
  }
});
</script>
<!--<script type="text/javascript" async src="https://cdnjs.cloudflare.com/ajax/libs/mathjax/2.7.3/MathJax.js?config=TeX-MML-AM_CHTML"></script>-->
<!-- <script src='https://cdnjs.cloudflare.com/ajax/libs/mathjax/2.7.4/MathJax.js?config=TeX-MML-AM_CHTML' async></script> -->
<script src='https://cdnjs.cloudflare.com/ajax/libs/mathjax/2.7.7/MathJax.js?config=TeX-AMS_CHTML'></script>
<!--<script src="https://cdnjs.cloudflare.com/ajax/libs/mathjax/2.6.0/MathJax.js?config=TeX-MML-AM_HTMLorMML"></script>-->

<!--<link rel="stylesheet" href="https://cdnjs.cloudflare.com/ajax/libs/KaTeX/0.9.0/katex.min.css" integrity="sha384-TEMocfGvRuD1rIAacqrknm5BQZ7W7uWitoih+jMNFXQIbNl16bO8OZmylH/Vi/Ei" crossorigin="anonymous">
<script src="https://cdnjs.cloudflare.com/ajax/libs/KaTeX/0.9.0/katex.min.js" integrity="sha384-jmxIlussZWB7qCuB+PgKG1uLjjxbVVIayPJwi6cG6Zb4YKq0JIw+OMnkkEC7kYCq" crossorigin="anonymous"></script>-->
<script>var uiRootPath = '../../../../../../_'</script>

  </head>
  <body class="article">
<header class="header">
    <nav class="navbar navbar-expand-sm bg-dark navbar-dark navbar-template-project" style="border-top: 4px solid #9E9E9E">
        <div class="navbar-brand">
            <div class="navbar-item feelpp-logo">
            <a href="https://hidalgo2.eu"><img class="cemosis-logo" src="../../../../../../_/img/logo-hidalgo2-color.png" alt="Ktirio Benchmarks"></a>            
            &nbsp;&nbsp;&nbsp;&nbsp;
            <a href="https://eurohpc-ju.europa.eu/"><img class="cemosis-logo" src="../../../../../../_/img/logo-eurohpc-ju.png" alt="Ktirio Benchmarks"></a>            
            &nbsp;&nbsp;&nbsp;&nbsp;
            <a href="https://numpex.org/"><img class="cemosis-logo" src="../../../../../../_/img/logo-numpex.png" alt="Ktirio Benchmarks"></a>            
            &nbsp;&nbsp;&nbsp;&nbsp;
            <a href="https://www.economie.gouv.fr/france-2030"><img class="cemosis-logo" src="../../../../../../_/img/logo-france-2030.jpg" alt="Ktirio Benchmarks"></a>
            </div>  
            <button class="navbar-burger" data-target="topbar-nav">
                <span></span>
                <span></span>
                <span></span>
            </button>
        </div>

        <div id="topbar-nav" class="navbar-menu">
            <div class="navbar-end">
                <div class="navbar-item">
                    <a href="https://docs.feelpp.org/">Documentation Reference</a>
                </div>
                <div class="navbar-item">
                    <a class="navbar-brand"  href="https://www.cemosis.fr">
                        <a href="https://feelpp.github.io/bench.ktirio.fr"><img class="cemosis-logo" src="../../../../../../_/img/logo-unistra.svg"></a>
                        &nbsp;&nbsp;&nbsp;&nbsp;
                        <a href="https://feelpp.github.io/bench.ktirio.fr"><img class="cemosis-logo" src="../../../../../../_/img/logo-cnrs.svg"></a>
                        &nbsp;&nbsp;&nbsp;&nbsp;
                        <img class="cemosis-logo"  src="../../../../../../_/img/cemosis-logo.svg" alt="Cemosis logo"/>
                    </a>
                </div>
            </div>
        </div>
    </nav>
</header>
<div class="body">
<a href="#" class="menu-expand-toggle"></a>
<div class="nav-container" data-component="ktirio_benchmarks" data-version="">
  <aside class="nav">
    <div class="panels">
<div class="nav-panel-menu is-active" data-panel="menu">
  <nav class="nav-menu">
    <h3 class="title"><a href="../../../../../index.html">Ktirio Benchmarks</a></h3>
<ul class="nav-list">
  <li class="nav-item" data-depth="0">
<ul class="nav-list">
  <li class="nav-item" data-depth="1">
    <a class="nav-link" href="../../../../../index.html">Ktirio Benchmarks</a>
  </li>
  <li class="nav-item" data-depth="1">
    <a class="nav-link" href="../../../../../about.html">About</a>
  </li>
</ul>
  </li>
</ul>
  </nav>
</div>
<div class="nav-panel-explore" data-panel="explore">
  <div class="context">
    <span class="title">Ktirio Benchmarks</span>
    <span class="version"></span>
  </div>
  <ul class="components">
      <li class="component is-current">
        <a class="title" href="../../../../../index.html">Ktirio Benchmarks</a>
      </li>
  </ul>
</div>
    </div>
  </aside>
</div>
<main class="article">
<div class="toolbar" role="navigation">
  <button class="nav-toggle"></button>
    <a href="../../../../../index.html" class="home-link"></a>
  <nav class="breadcrumbs" aria-label="breadcrumbs">
  <ul>
    <li><a href="../../../../../index.html">Ktirio Benchmarks</a></li>
    <li><a href="f7b49e60.html">ReFrame logs</a></li>
  </ul>
</nav>

  
    <div class="edit-this-page"><a href="https://github.com/feelpp/bench.ktirio.fr/edit/HEAD/docs/modules/ROOT/pages/logs/discoverer/feelpp_kub_cem/Paris_partitioned/2025_04_04T15_02_21Z0300/f7b49e60.adoc">Edit this Page</a></div>
  
  <div class="page-downloads">
  <span class="label">Download as</span>
  <ul class="download-options">
    <li>
      <a onclick="print(this)" href="#" data-toggle="tooltip" data-placement="left" title="Print to PDF"
         class="pdf-download">
        <img class="pdf-file-icon icon" src="../../../../../../_/img/pdf.svg"/> .pdf
      </a>
    </li>
  </ul>
</div>
</div>

  <div class="content">
<aside class="toc sidebar" data-title="Contents" data-levels="2">
  <div class="toc-menu"></div>
</aside>
<article class="doc">
<h1 class="page">ReFrame logs</h1>
<div class="sect1">
<h2 id="_reframe_scheduler_script"><a class="anchor" href="#_reframe_scheduler_script"></a>1. ReFrame scheduler script</h2>
<div class="sectionbody">
<div class="listingblock">
<div class="content">
<pre class="highlightjs highlight"><code class="language-bash hljs" data-lang="bash">#!/bin/bash
#SBATCH --job-name="rfm_RegressionTest_f7b49e60"
#SBATCH --ntasks=384
#SBATCH --cpus-per-task=1
#SBATCH --output=rfm_job.out
#SBATCH --error=rfm_job.err
#SBATCH --exclusive
#SBATCH --partition=cn
#SBATCH --nodes=3
#SBATCH --account=ehpc-dev-2024d05-047
#SBATCH --qos=ehpc-dev-2024d05-047
#SBATCH --threads-per-core=1
#SBATCH --time=0-00:30:0
source /etc/profile.d/modules.sh
export MODULEPATH=/opt/software/modulefiles:$MODULEPATH
module load openmpi/4/gcc/latest
srun singularity exec -B"/discofs/ehpc-dev-2024d05-047/vchabannes/tmp_reframe/stage/discoverer/cn/default/RegressionTest_f7b49e60:/rfm_workdir" --home /disco2fs/ehpc-dev-2024d05-047/vchabannes/apptainer_home --bind /disco2fs/ehpc-dev-2024d05-047/vchabannes/inputdataset/f7b49e60:/input_data --env OMP_NUM_THREADS=1 /home/vchabannes/discofs_project/vchabannes/images_sif/kub_feature-cem_partitioning-sif feelpp_kub_cem --config-files /input_data/kub/idealHeaters.cfg --cem.simulator.sun.filename=/input_data/kub/simulators/Sun.fmu --cem.simulator.lod0.modelisation.maxfloors=10 --cem.preprocessing.dataregistry.directory=/input_data/kub_benchmark/5km/preprocessing --cem.weather.filename=/input_data/kub/Paris/weather.csv --cem.scenarios.filename=/input_data/kub/scenarios_local/scenarios.json --cem.instance.time.start=0 --cem.instance.time.stop=86400 --cem.instance.time.step=3600 --cem.instance.postprocess.export.visualization.enabled=false --cem.instance.postprocess.export.report.enabled=false --cem.instance.postprocess.export.outputs.csv.enabled=false --cem.instance.postprocess.export.outputs.enabled=true --cem.instance.solar_shading.enabled=false --cem.instance.idealflows.enabled=true --cem.database.directory /disco2fs/ehpc-dev-2024d05-047/vchabannes/apptainer_home/kub/f7b49e60/Paris_partitioned --directory /disco2fs/ehpc-dev-2024d05-047/vchabannes/apptainer_home/kub/f7b49e60/Paris_partitioned --cem.instance.solar_shading.ray-tracing.quad-order 3</code></pre>
</div>
</div>
</div>
</div>
<div class="sect1">
<h2 id="_reframe_error_log"><a class="anchor" href="#_reframe_error_log"></a>2. ReFrame error log</h2>
<div class="sectionbody">
<div class="listingblock">
<div class="content">
<pre class="highlightjs highlight"><code class="language-bash hljs" data-lang="bash">slurmstepd: error: Unable to get current working directory: No such file or directory
Loading openmpi/4/gcc/latest
  Loading requirement: ucx/1/latest libfabric/1/latest
slurmstepd: error: Unable to get current working directory: No such file or directory
slurmstepd: error: Unable to get current working directory: No such file or directory
slurmstepd: error: Unable to get current working directory: No such file or directory
[cn0235:118500] PMIX ERROR: ERROR in file ../../../../../../src/mca/gds/ds12/gds_ds12_lock_pthread.c at line 169
[cn0235:119917] PMIX ERROR: ERROR in file ../../../../../../src/mca/gds/ds12/gds_ds12_lock_pthread.c at line 169
[cn0235:118096] PMIX ERROR: ERROR in file ../../../../../../src/mca/gds/ds12/gds_ds12_lock_pthread.c at line 169
[cn0235:120579] PMIX ERROR: ERROR in file ../../../../../../src/mca/gds/ds12/gds_ds12_lock_pthread.c at line 169
[cn0235:118106] PMIX ERROR: ERROR in file ../../../../../../src/mca/gds/ds12/gds_ds12_lock_pthread.c at line 169
[cn0235:119774] PMIX ERROR: ERROR in file ../../../../../../src/mca/gds/ds12/gds_ds12_lock_pthread.c at line 169
[cn0235:120263] PMIX ERROR: ERROR in file ../../../../../../src/mca/gds/ds12/gds_ds12_lock_pthread.c at line 169
[cn0235:118494] PMIX ERROR: ERROR in file ../../../../../../src/mca/gds/ds12/gds_ds12_lock_pthread.c at line 169
[cn0235:119775] PMIX ERROR: ERROR in file ../../../../../../src/mca/gds/ds12/gds_ds12_lock_pthread.c at line 169
[cn0235:120233] PMIX ERROR: ERROR in file ../../../../../../src/mca/gds/ds12/gds_ds12_lock_pthread.c at line 169
[cn0235:118683] PMIX ERROR: ERROR in file ../../../../../../src/mca/gds/ds12/gds_ds12_lock_pthread.c at line 169
[cn0235:120580] PMIX ERROR: ERROR in file ../../../../../../src/mca/gds/ds12/gds_ds12_lock_pthread.c at line 169
[cn0235:119315] PMIX ERROR: ERROR in file ../../../../../../src/mca/gds/ds12/gds_ds12_lock_pthread.c at line 169
[cn0235:118094] PMIX ERROR: ERROR in file ../../../../../../src/mca/gds/ds12/gds_ds12_lock_pthread.c at line 169
[cn0235:118098] PMIX ERROR: ERROR in file ../../../../../../src/mca/gds/ds12/gds_ds12_lock_pthread.c at line 169
[cn0235:118097] PMIX ERROR: ERROR in file ../../../../../../src/mca/gds/ds12/gds_ds12_lock_pthread.c at line 169
[cn0235:118112] PMIX ERROR: ERROR in file ../../../../../../src/mca/gds/ds12/gds_ds12_lock_pthread.c at line 169
[cn0235:119907] PMIX ERROR: ERROR in file ../../../../../../src/mca/gds/ds12/gds_ds12_lock_pthread.c at line 169
[cn0235:118116] PMIX ERROR: ERROR in file ../../../../../../src/mca/gds/ds12/gds_ds12_lock_pthread.c at line 169
[cn0235:118689] PMIX ERROR: ERROR in file ../../../../../../src/mca/gds/ds12/gds_ds12_lock_pthread.c at line 169
[cn0235:120431] PMIX ERROR: ERROR in file ../../../../../../src/mca/gds/ds12/gds_ds12_lock_pthread.c at line 169
[cn0235:120257] PMIX ERROR: ERROR in file ../../../../../../src/mca/gds/ds12/gds_ds12_lock_pthread.c at line 169
[cn0235:118095] PMIX ERROR: ERROR in file ../../../../../../src/mca/gds/ds12/gds_ds12_lock_pthread.c at line 169
[cn0235:119932] PMIX ERROR: ERROR in file ../../../../../../src/mca/gds/ds12/gds_ds12_lock_pthread.c at line 169
[cn0235:120581] PMIX ERROR: ERROR in file ../../../../../../src/mca/gds/ds12/gds_ds12_lock_pthread.c at line 169
[cn0235:118099] PMIX ERROR: ERROR in file ../../../../../../src/mca/gds/ds12/gds_ds12_lock_pthread.c at line 169
[cn0235:118543] PMIX ERROR: ERROR in file ../../../../../../src/mca/gds/ds12/gds_ds12_lock_pthread.c at line 169
[cn0235:119486] PMIX ERROR: ERROR in file ../../../../../../src/mca/gds/ds12/gds_ds12_lock_pthread.c at line 169
[cn0235:119926] PMIX ERROR: ERROR in file ../../../../../../src/mca/gds/ds12/gds_ds12_lock_pthread.c at line 169
[cn0235:119780] PMIX ERROR: ERROR in file ../../../../../../src/mca/gds/ds12/gds_ds12_lock_pthread.c at line 169
[cn0235:119299] PMIX ERROR: ERROR in file ../../../../../../src/mca/gds/ds12/gds_ds12_lock_pthread.c at line 169
[cn0235:118671] PMIX ERROR: ERROR in file ../../../../../../src/mca/gds/ds12/gds_ds12_lock_pthread.c at line 169
[cn0235:119488] PMIX ERROR: ERROR in file ../../../../../../src/mca/gds/ds12/gds_ds12_lock_pthread.c at line 169
[cn0235:120573] PMIX ERROR: ERROR in file ../../../../../../src/mca/gds/ds12/gds_ds12_lock_pthread.c at line 169
[cn0235:118532] PMIX ERROR: ERROR in file ../../../../../../src/mca/gds/ds12/gds_ds12_lock_pthread.c at line 169
[cn0235:118687] PMIX ERROR: ERROR in file ../../../../../../src/mca/gds/ds12/gds_ds12_lock_pthread.c at line 169
[cn0235:119923] PMIX ERROR: ERROR in file ../../../../../../src/mca/gds/ds12/gds_ds12_lock_pthread.c at line 169
[cn0235:119325] PMIX ERROR: ERROR in file ../../../../../../src/mca/gds/ds12/gds_ds12_lock_pthread.c at line 169
[cn0235:118502] PMIX ERROR: ERROR in file ../../../../../../src/mca/gds/ds12/gds_ds12_lock_pthread.c at line 169
[cn0235:119931] PMIX ERROR: ERROR in file ../../../../../../src/mca/gds/ds12/gds_ds12_lock_pthread.c at line 169
[cn0235:120590] PMIX ERROR: ERROR in file ../../../../../../src/mca/gds/ds12/gds_ds12_lock_pthread.c at line 169
[cn0235:118101] PMIX ERROR: ERROR in file ../../../../../../src/mca/gds/ds12/gds_ds12_lock_pthread.c at line 169
[cn0235:118686] PMIX ERROR: ERROR in file ../../../../../../src/mca/gds/ds12/gds_ds12_lock_pthread.c at line 169
[cn0235:119300] PMIX ERROR: ERROR in file ../../../../../../src/mca/gds/ds12/gds_ds12_lock_pthread.c at line 169
[cn0235:118504] PMIX ERROR: ERROR in file ../../../../../../src/mca/gds/ds12/gds_ds12_lock_pthread.c at line 169
[cn0235:118495] PMIX ERROR: ERROR in file ../../../../../../src/mca/gds/ds12/gds_ds12_lock_pthread.c at line 169
[cn0235:120578] PMIX ERROR: ERROR in file ../../../../../../src/mca/gds/ds12/gds_ds12_lock_pthread.c at line 169
[cn0235:119491] PMIX ERROR: ERROR in file ../../../../../../src/mca/gds/ds12/gds_ds12_lock_pthread.c at line 169
[cn0235:119828] PMIX ERROR: ERROR in file ../../../../../../src/mca/gds/ds12/gds_ds12_lock_pthread.c at line 169
[cn0235:119305] PMIX ERROR: ERROR in file ../../../../../../src/mca/gds/ds12/gds_ds12_lock_pthread.c at line 169
[cn0235:120575] PMIX ERROR: ERROR in file ../../../../../../src/mca/gds/ds12/gds_ds12_lock_pthread.c at line 169
[cn0235:118677] PMIX ERROR: ERROR in file ../../../../../../src/mca/gds/ds12/gds_ds12_lock_pthread.c at line 169
[cn0235:118114] PMIX ERROR: ERROR in file ../../../../../../src/mca/gds/ds12/gds_ds12_lock_pthread.c at line 169
[cn0235:118682] PMIX ERROR: ERROR in file ../../../../../../src/mca/gds/ds12/gds_ds12_lock_pthread.c at line 169
[cn0235:119322] PMIX ERROR: ERROR in file ../../../../../../src/mca/gds/ds12/gds_ds12_lock_pthread.c at line 169
[cn0235:118684] PMIX ERROR: ERROR in file ../../../../../../src/mca/gds/ds12/gds_ds12_lock_pthread.c at line 169
[cn0235:118549] PMIX ERROR: ERROR in file ../../../../../../src/mca/gds/ds12/gds_ds12_lock_pthread.c at line 169
[cn0235:118525] PMIX ERROR: ERROR in file ../../../../../../src/mca/gds/ds12/gds_ds12_lock_pthread.c at line 169
[cn0235:119321] PMIX ERROR: ERROR in file ../../../../../../src/mca/gds/ds12/gds_ds12_lock_pthread.c at line 169
[cn0235:118115] PMIX ERROR: ERROR in file ../../../../../../src/mca/gds/ds12/gds_ds12_lock_pthread.c at line 169
[cn0235:118674] PMIX ERROR: ERROR in file ../../../../../../src/mca/gds/ds12/gds_ds12_lock_pthread.c at line 169
[cn0235:118103] PMIX ERROR: ERROR in file ../../../../../../src/mca/gds/ds12/gds_ds12_lock_pthread.c at line 169
[cn0235:118522] PMIX ERROR: ERROR in file ../../../../../../src/mca/gds/ds12/gds_ds12_lock_pthread.c at line 169
[cn0235:118679] PMIX ERROR: ERROR in file ../../../../../../src/mca/gds/ds12/gds_ds12_lock_pthread.c at line 169
[cn0235:120239] PMIX ERROR: ERROR in file ../../../../../../src/mca/gds/ds12/gds_ds12_lock_pthread.c at line 169
[cn0235:118109] PMIX ERROR: ERROR in file ../../../../../../src/mca/gds/ds12/gds_ds12_lock_pthread.c at line 169
[cn0235:118669] PMIX ERROR: ERROR in file ../../../../../../src/mca/gds/ds12/gds_ds12_lock_pthread.c at line 169
[cn0235:118111] PMIX ERROR: ERROR in file ../../../../../../src/mca/gds/ds12/gds_ds12_lock_pthread.c at line 169
[cn0235:119484] PMIX ERROR: ERROR in file ../../../../../../src/mca/gds/ds12/gds_ds12_lock_pthread.c at line 169
[cn0235:118670] PMIX ERROR: ERROR in file ../../../../../../src/mca/gds/ds12/gds_ds12_lock_pthread.c at line 169
[cn0235:118541] PMIX ERROR: ERROR in file ../../../../../../src/mca/gds/ds12/gds_ds12_lock_pthread.c at line 169
[cn0235:118102] PMIX ERROR: ERROR in file ../../../../../../src/mca/gds/ds12/gds_ds12_lock_pthread.c at line 169
[cn0235:120245] PMIX ERROR: ERROR in file ../../../../../../src/mca/gds/ds12/gds_ds12_lock_pthread.c at line 169
[cn0235:118685] PMIX ERROR: ERROR in file ../../../../../../src/mca/gds/ds12/gds_ds12_lock_pthread.c at line 169
[cn0235:119489] PMIX ERROR: ERROR in file ../../../../../../src/mca/gds/ds12/gds_ds12_lock_pthread.c at line 169
[cn0235:118104] PMIX ERROR: ERROR in file ../../../../../../src/mca/gds/ds12/gds_ds12_lock_pthread.c at line 169
[cn0235:120255] PMIX ERROR: ERROR in file ../../../../../../src/mca/gds/ds12/gds_ds12_lock_pthread.c at line 169
[cn0235:120236] PMIX ERROR: ERROR in file ../../../../../../src/mca/gds/ds12/gds_ds12_lock_pthread.c at line 169
[cn0235:119490] PMIX ERROR: ERROR in file ../../../../../../src/mca/gds/ds12/gds_ds12_lock_pthread.c at line 169
[cn0235:119301] PMIX ERROR: ERROR in file ../../../../../../src/mca/gds/ds12/gds_ds12_lock_pthread.c at line 169
[cn0235:118503] PMIX ERROR: ERROR in file ../../../../../../src/mca/gds/ds12/gds_ds12_lock_pthread.c at line 169
[cn0235:119304] PMIX ERROR: ERROR in file ../../../../../../src/mca/gds/ds12/gds_ds12_lock_pthread.c at line 169
[cn0235:120572] PMIX ERROR: ERROR in file ../../../../../../src/mca/gds/ds12/gds_ds12_lock_pthread.c at line 169
[cn0235:119912] PMIX ERROR: ERROR in file ../../../../../../src/mca/gds/ds12/gds_ds12_lock_pthread.c at line 169
[cn0235:120269] PMIX ERROR: ERROR in file ../../../../../../src/mca/gds/ds12/gds_ds12_lock_pthread.c at line 169
[cn0235:120235] PMIX ERROR: ERROR in file ../../../../../../src/mca/gds/ds12/gds_ds12_lock_pthread.c at line 169
[cn0235:120234] PMIX ERROR: ERROR in file ../../../../../../src/mca/gds/ds12/gds_ds12_lock_pthread.c at line 169
[cn0235:119798] PMIX ERROR: ERROR in file ../../../../../../src/mca/gds/ds12/gds_ds12_lock_pthread.c at line 169
[cn0235:120598] PMIX ERROR: ERROR in file ../../../../../../src/mca/gds/ds12/gds_ds12_lock_pthread.c at line 169
[cn0235:119771] PMIX ERROR: ERROR in file ../../../../../../src/mca/gds/ds12/gds_ds12_lock_pthread.c at line 169
[cn0235:120849] PMIX ERROR: ERROR in file ../../../../../../src/mca/gds/ds12/gds_ds12_lock_pthread.c at line 169
[cn0235:118680] PMIX ERROR: ERROR in file ../../../../../../src/mca/gds/ds12/gds_ds12_lock_pthread.c at line 169
[cn0235:118110] PMIX ERROR: ERROR in file ../../../../../../src/mca/gds/ds12/gds_ds12_lock_pthread.c at line 169
[cn0235:119323] PMIX ERROR: ERROR in file ../../../../../../src/mca/gds/ds12/gds_ds12_lock_pthread.c at line 169
[cn0235:119924] PMIX ERROR: ERROR in file ../../../../../../src/mca/gds/ds12/gds_ds12_lock_pthread.c at line 169
[cn0235:120606] PMIX ERROR: ERROR in file ../../../../../../src/mca/gds/ds12/gds_ds12_lock_pthread.c at line 169
[cn0235:118678] PMIX ERROR: ERROR in file ../../../../../../src/mca/gds/ds12/gds_ds12_lock_pthread.c at line 169
[cn0235:119309] PMIX ERROR: ERROR in file ../../../../../../src/mca/gds/ds12/gds_ds12_lock_pthread.c at line 169
[cn0235:120576] PMIX ERROR: ERROR in file ../../../../../../src/mca/gds/ds12/gds_ds12_lock_pthread.c at line 169
[cn0235:119487] PMIX ERROR: ERROR in file ../../../../../../src/mca/gds/ds12/gds_ds12_lock_pthread.c at line 169
[cn0235:118681] PMIX ERROR: ERROR in file ../../../../../../src/mca/gds/ds12/gds_ds12_lock_pthread.c at line 169
[cn0235:119772] PMIX ERROR: ERROR in file ../../../../../../src/mca/gds/ds12/gds_ds12_lock_pthread.c at line 169
[cn0235:119778] PMIX ERROR: ERROR in file ../../../../../../src/mca/gds/ds12/gds_ds12_lock_pthread.c at line 169
[cn0235:119485] PMIX ERROR: ERROR in file ../../../../../../src/mca/gds/ds12/gds_ds12_lock_pthread.c at line 169
[cn0235:119913] PMIX ERROR: ERROR in file ../../../../../../src/mca/gds/ds12/gds_ds12_lock_pthread.c at line 169
[cn0235:120262] PMIX ERROR: ERROR in file ../../../../../../src/mca/gds/ds12/gds_ds12_lock_pthread.c at line 169
[cn0235:119930] PMIX ERROR: ERROR in file ../../../../../../src/mca/gds/ds12/gds_ds12_lock_pthread.c at line 169
[cn0235:119480] PMIX ERROR: ERROR in file ../../../../../../src/mca/gds/ds12/gds_ds12_lock_pthread.c at line 169
[cn0235:119773] PMIX ERROR: ERROR in file ../../../../../../src/mca/gds/ds12/gds_ds12_lock_pthread.c at line 169
[cn0235:119920] PMIX ERROR: ERROR in file ../../../../../../src/mca/gds/ds12/gds_ds12_lock_pthread.c at line 169
[cn0235:118105] PMIX ERROR: ERROR in file ../../../../../../src/mca/gds/ds12/gds_ds12_lock_pthread.c at line 169
[cn0235:118113] PMIX ERROR: ERROR in file ../../../../../../src/mca/gds/ds12/gds_ds12_lock_pthread.c at line 169
[cn0235:120601] PMIX ERROR: ERROR in file ../../../../../../src/mca/gds/ds12/gds_ds12_lock_pthread.c at line 169
[cn0235:119320] PMIX ERROR: ERROR in file ../../../../../../src/mca/gds/ds12/gds_ds12_lock_pthread.c at line 169
[cn0235:120574] PMIX ERROR: ERROR in file ../../../../../../src/mca/gds/ds12/gds_ds12_lock_pthread.c at line 169
[cn0235:118092] PMIX ERROR: ERROR in file ../../../../../../src/mca/gds/ds12/gds_ds12_lock_pthread.c at line 169
[cn0235:120273] PMIX ERROR: ERROR in file ../../../../../../src/mca/gds/ds12/gds_ds12_lock_pthread.c at line 169
[cn0235:119324] PMIX ERROR: ERROR in file ../../../../../../src/mca/gds/ds12/gds_ds12_lock_pthread.c at line 169
[cn0235:120251] PMIX ERROR: ERROR in file ../../../../../../src/mca/gds/ds12/gds_ds12_lock_pthread.c at line 169
[cn0235:119779] PMIX ERROR: ERROR in file ../../../../../../src/mca/gds/ds12/gds_ds12_lock_pthread.c at line 169
[cn0235:118107] PMIX ERROR: ERROR in file ../../../../../../src/mca/gds/ds12/gds_ds12_lock_pthread.c at line 169
[cn0235:118688] PMIX ERROR: ERROR in file ../../../../../../src/mca/gds/ds12/gds_ds12_lock_pthread.c at line 169
[cn0235:120244] PMIX ERROR: ERROR in file ../../../../../../src/mca/gds/ds12/gds_ds12_lock_pthread.c at line 169
[cn0235:119310] PMIX ERROR: ERROR in file ../../../../../../src/mca/gds/ds12/gds_ds12_lock_pthread.c at line 169
[cn0235:118093] PMIX ERROR: ERROR in file ../../../../../../src/mca/gds/ds12/gds_ds12_lock_pthread.c at line 169
[cn0235:118100] PMIX ERROR: ERROR in file ../../../../../../src/mca/gds/ds12/gds_ds12_lock_pthread.c at line 169
[cn0235:120261] PMIX ERROR: ERROR in file ../../../../../../src/mca/gds/ds12/gds_ds12_lock_pthread.c at line 169
[cn0235:118108] PMIX ERROR: ERROR in file ../../../../../../src/mca/gds/ds12/gds_ds12_lock_pthread.c at line 169
[cn0239:1098522] PMIX ERROR: ERROR in file ../../../../../../src/mca/gds/ds12/gds_ds12_lock_pthread.c at line 169
[cn0239:1100396] PMIX ERROR: ERROR in file ../../../../../../src/mca/gds/ds12/gds_ds12_lock_pthread.c at line 169
[cn0239:1098445] PMIX ERROR: ERROR in file ../../../../../../src/mca/gds/ds12/gds_ds12_lock_pthread.c at line 169
[cn0239:1098490] PMIX ERROR: ERROR in file ../../../../../../src/mca/gds/ds12/gds_ds12_lock_pthread.c at line 169
[cn0239:1098503] PMIX ERROR: ERROR in file ../../../../../../src/mca/gds/ds12/gds_ds12_lock_pthread.c at line 169
[cn0239:1098451] PMIX ERROR: ERROR in file ../../../../../../src/mca/gds/ds12/gds_ds12_lock_pthread.c at line 169
[cn0239:1098495] PMIX ERROR: ERROR in file ../../../../../../src/mca/gds/ds12/gds_ds12_lock_pthread.c at line 169
[cn0239:1098459] PMIX ERROR: ERROR in file ../../../../../../src/mca/gds/ds12/gds_ds12_lock_pthread.c at line 169
[cn0239:1098448] PMIX ERROR: ERROR in file ../../../../../../src/mca/gds/ds12/gds_ds12_lock_pthread.c at line 169
[cn0239:1098544] PMIX ERROR: ERROR in file ../../../../../../src/mca/gds/ds12/gds_ds12_lock_pthread.c at line 169
[cn0239:1098501] PMIX ERROR: ERROR in file ../../../../../../src/mca/gds/ds12/gds_ds12_lock_pthread.c at line 169
[cn0239:1098539] PMIX ERROR: ERROR in file ../../../../../../src/mca/gds/ds12/gds_ds12_lock_pthread.c at line 169
[cn0239:1100390] PMIX ERROR: ERROR in file ../../../../../../src/mca/gds/ds12/gds_ds12_lock_pthread.c at line 169
[cn0239:1098493] PMIX ERROR: ERROR in file ../../../../../../src/mca/gds/ds12/gds_ds12_lock_pthread.c at line 169
[cn0239:1098516] PMIX ERROR: ERROR in file ../../../../../../src/mca/gds/ds12/gds_ds12_lock_pthread.c at line 169
[cn0239:1098449] PMIX ERROR: ERROR in file ../../../../../../src/mca/gds/ds12/gds_ds12_lock_pthread.c at line 169
[cn0239:1098494] PMIX ERROR: ERROR in file ../../../../../../src/mca/gds/ds12/gds_ds12_lock_pthread.c at line 169
[cn0239:1098498] PMIX ERROR: ERROR in file ../../../../../../src/mca/gds/ds12/gds_ds12_lock_pthread.c at line 169
[cn0239:1098526] PMIX ERROR: ERROR in file ../../../../../../src/mca/gds/ds12/gds_ds12_lock_pthread.c at line 169
[cn0239:1098472] PMIX ERROR: ERROR in file ../../../../../../src/mca/gds/ds12/gds_ds12_lock_pthread.c at line 169
[cn0239:1098512] PMIX ERROR: ERROR in file ../../../../../../src/mca/gds/ds12/gds_ds12_lock_pthread.c at line 169
[cn0239:1098506] PMIX ERROR: ERROR in file ../../../../../../src/mca/gds/ds12/gds_ds12_lock_pthread.c at line 169
[cn0239:1100386] PMIX ERROR: ERROR in file ../../../../../../src/mca/gds/ds12/gds_ds12_lock_pthread.c at line 169
[cn0239:1098500] PMIX ERROR: ERROR in file ../../../../../../src/mca/gds/ds12/gds_ds12_lock_pthread.c at line 169
[cn0239:1098460] PMIX ERROR: ERROR in file ../../../../../../src/mca/gds/ds12/gds_ds12_lock_pthread.c at line 169
[cn0239:1098491] PMIX ERROR: ERROR in file ../../../../../../src/mca/gds/ds12/gds_ds12_lock_pthread.c at line 169
[cn0239:1098545] PMIX ERROR: ERROR in file ../../../../../../src/mca/gds/ds12/gds_ds12_lock_pthread.c at line 169
[cn0239:1098521] PMIX ERROR: ERROR in file ../../../../../../src/mca/gds/ds12/gds_ds12_lock_pthread.c at line 169
[cn0239:1098497] PMIX ERROR: ERROR in file ../../../../../../src/mca/gds/ds12/gds_ds12_lock_pthread.c at line 169
[cn0239:1098492] PMIX ERROR: ERROR in file ../../../../../../src/mca/gds/ds12/gds_ds12_lock_pthread.c at line 169
[cn0239:1098480] PMIX ERROR: ERROR in file ../../../../../../src/mca/gds/ds12/gds_ds12_lock_pthread.c at line 169
[cn0239:1098515] PMIX ERROR: ERROR in file ../../../../../../src/mca/gds/ds12/gds_ds12_lock_pthread.c at line 169
[cn0239:1098529] PMIX ERROR: ERROR in file ../../../../../../src/mca/gds/ds12/gds_ds12_lock_pthread.c at line 169
[cn0239:1098496] PMIX ERROR: ERROR in file ../../../../../../src/mca/gds/ds12/gds_ds12_lock_pthread.c at line 169
[cn0239:1098485] PMIX ERROR: ERROR in file ../../../../../../src/mca/gds/ds12/gds_ds12_lock_pthread.c at line 169
[cn0239:1098470] PMIX ERROR: ERROR in file ../../../../../../src/mca/gds/ds12/gds_ds12_lock_pthread.c at line 169
[cn0239:1098510] PMIX ERROR: ERROR in file ../../../../../../src/mca/gds/ds12/gds_ds12_lock_pthread.c at line 169
[cn0239:1098519] PMIX ERROR: ERROR in file ../../../../../../src/mca/gds/ds12/gds_ds12_lock_pthread.c at line 169
[cn0239:1098476] PMIX ERROR: ERROR in file ../../../../../../src/mca/gds/ds12/gds_ds12_lock_pthread.c at line 169
[cn0239:1098551] PMIX ERROR: ERROR in file ../../../../../../src/mca/gds/ds12/gds_ds12_lock_pthread.c at line 169
[cn0239:1098538] PMIX ERROR: ERROR in file ../../../../../../src/mca/gds/ds12/gds_ds12_lock_pthread.c at line 169
[cn0239:1098535] PMIX ERROR: ERROR in file ../../../../../../src/mca/gds/ds12/gds_ds12_lock_pthread.c at line 169
[cn0239:1098549] PMIX ERROR: ERROR in file ../../../../../../src/mca/gds/ds12/gds_ds12_lock_pthread.c at line 169
[cn0239:1098517] PMIX ERROR: ERROR in file ../../../../../../src/mca/gds/ds12/gds_ds12_lock_pthread.c at line 169
[cn0239:1098467] PMIX ERROR: ERROR in file ../../../../../../src/mca/gds/ds12/gds_ds12_lock_pthread.c at line 169
[cn0239:1098514] PMIX ERROR: ERROR in file ../../../../../../src/mca/gds/ds12/gds_ds12_lock_pthread.c at line 169
[cn0239:1098455] PMIX ERROR: ERROR in file ../../../../../../src/mca/gds/ds12/gds_ds12_lock_pthread.c at line 169
[cn0239:1098527] PMIX ERROR: ERROR in file ../../../../../../src/mca/gds/ds12/gds_ds12_lock_pthread.c at line 169
[cn0239:1098534] PMIX ERROR: ERROR in file ../../../../../../src/mca/gds/ds12/gds_ds12_lock_pthread.c at line 169
[cn0239:1098446] PMIX ERROR: ERROR in file ../../../../../../src/mca/gds/ds12/gds_ds12_lock_pthread.c at line 169
[cn0239:1098518] PMIX ERROR: ERROR in file ../../../../../../src/mca/gds/ds12/gds_ds12_lock_pthread.c at line 169
[cn0239:1098546] PMIX ERROR: ERROR in file ../../../../../../src/mca/gds/ds12/gds_ds12_lock_pthread.c at line 169
[cn0239:1098452] PMIX ERROR: ERROR in file ../../../../../../src/mca/gds/ds12/gds_ds12_lock_pthread.c at line 169
[cn0239:1098508] PMIX ERROR: ERROR in file ../../../../../../src/mca/gds/ds12/gds_ds12_lock_pthread.c at line 169
[cn0239:1098468] PMIX ERROR: ERROR in file ../../../../../../src/mca/gds/ds12/gds_ds12_lock_pthread.c at line 169
[cn0239:1098479] PMIX ERROR: ERROR in file ../../../../../../src/mca/gds/ds12/gds_ds12_lock_pthread.c at line 169
[cn0239:1098548] PMIX ERROR: ERROR in file ../../../../../../src/mca/gds/ds12/gds_ds12_lock_pthread.c at line 169
[cn0239:1098554] PMIX ERROR: ERROR in file ../../../../../../src/mca/gds/ds12/gds_ds12_lock_pthread.c at line 169
[cn0239:1098557] PMIX ERROR: ERROR in file ../../../../../../src/mca/gds/ds12/gds_ds12_lock_pthread.c at line 169
[cn0239:1100391] PMIX ERROR: ERROR in file ../../../../../../src/mca/gds/ds12/gds_ds12_lock_pthread.c at line 169
[cn0239:1098471] PMIX ERROR: ERROR in file ../../../../../../src/mca/gds/ds12/gds_ds12_lock_pthread.c at line 169
[cn0239:1098463] PMIX ERROR: ERROR in file ../../../../../../src/mca/gds/ds12/gds_ds12_lock_pthread.c at line 169
[cn0239:1098475] PMIX ERROR: ERROR in file ../../../../../../src/mca/gds/ds12/gds_ds12_lock_pthread.c at line 169
[cn0239:1098477] PMIX ERROR: ERROR in file ../../../../../../src/mca/gds/ds12/gds_ds12_lock_pthread.c at line 169
[cn0239:1098502] PMIX ERROR: ERROR in file ../../../../../../src/mca/gds/ds12/gds_ds12_lock_pthread.c at line 169
[cn0239:1098465] PMIX ERROR: ERROR in file ../../../../../../src/mca/gds/ds12/gds_ds12_lock_pthread.c at line 169
[cn0239:1098450] PMIX ERROR: ERROR in file ../../../../../../src/mca/gds/ds12/gds_ds12_lock_pthread.c at line 169
[cn0239:1098542] PMIX ERROR: ERROR in file ../../../../../../src/mca/gds/ds12/gds_ds12_lock_pthread.c at line 169
[cn0239:1098541] PMIX ERROR: ERROR in file ../../../../../../src/mca/gds/ds12/gds_ds12_lock_pthread.c at line 169
[cn0239:1100394] PMIX ERROR: ERROR in file ../../../../../../src/mca/gds/ds12/gds_ds12_lock_pthread.c at line 169
[cn0239:1098458] PMIX ERROR: ERROR in file ../../../../../../src/mca/gds/ds12/gds_ds12_lock_pthread.c at line 169
[cn0239:1100385] PMIX ERROR: ERROR in file ../../../../../../src/mca/gds/ds12/gds_ds12_lock_pthread.c at line 169
[cn0239:1098505] PMIX ERROR: ERROR in file ../../../../../../src/mca/gds/ds12/gds_ds12_lock_pthread.c at line 169
[cn0239:1098531] PMIX ERROR: ERROR in file ../../../../../../src/mca/gds/ds12/gds_ds12_lock_pthread.c at line 169
[cn0239:1098483] PMIX ERROR: ERROR in file ../../../../../../src/mca/gds/ds12/gds_ds12_lock_pthread.c at line 169
[cn0239:1098523] PMIX ERROR: ERROR in file ../../../../../../src/mca/gds/ds12/gds_ds12_lock_pthread.c at line 169
[cn0239:1098556] PMIX ERROR: ERROR in file ../../../../../../src/mca/gds/ds12/gds_ds12_lock_pthread.c at line 169
[cn0239:1098513] PMIX ERROR: ERROR in file ../../../../../../src/mca/gds/ds12/gds_ds12_lock_pthread.c at line 169
[cn0239:1098553] PMIX ERROR: ERROR in file ../../../../../../src/mca/gds/ds12/gds_ds12_lock_pthread.c at line 169
[cn0239:1098499] PMIX ERROR: ERROR in file ../../../../../../src/mca/gds/ds12/gds_ds12_lock_pthread.c at line 169
[cn0239:1098482] PMIX ERROR: ERROR in file ../../../../../../src/mca/gds/ds12/gds_ds12_lock_pthread.c at line 169
[cn0239:1100387] PMIX ERROR: ERROR in file ../../../../../../src/mca/gds/ds12/gds_ds12_lock_pthread.c at line 169
[cn0239:1098453] PMIX ERROR: ERROR in file ../../../../../../src/mca/gds/ds12/gds_ds12_lock_pthread.c at line 169
[cn0239:1098530] PMIX ERROR: ERROR in file ../../../../../../src/mca/gds/ds12/gds_ds12_lock_pthread.c at line 169
[cn0239:1098469] PMIX ERROR: ERROR in file ../../../../../../src/mca/gds/ds12/gds_ds12_lock_pthread.c at line 169
[cn0239:1098447] PMIX ERROR: ERROR in file ../../../../../../src/mca/gds/ds12/gds_ds12_lock_pthread.c at line 169
[cn0239:1098489] PMIX ERROR: ERROR in file ../../../../../../src/mca/gds/ds12/gds_ds12_lock_pthread.c at line 169
[cn0239:1098462] PMIX ERROR: ERROR in file ../../../../../../src/mca/gds/ds12/gds_ds12_lock_pthread.c at line 169
[cn0239:1098487] PMIX ERROR: ERROR in file ../../../../../../src/mca/gds/ds12/gds_ds12_lock_pthread.c at line 169
[cn0239:1098504] PMIX ERROR: ERROR in file ../../../../../../src/mca/gds/ds12/gds_ds12_lock_pthread.c at line 169
[cn0239:1098528] PMIX ERROR: ERROR in file ../../../../../../src/mca/gds/ds12/gds_ds12_lock_pthread.c at line 169
[cn0239:1100389] PMIX ERROR: ERROR in file ../../../../../../src/mca/gds/ds12/gds_ds12_lock_pthread.c at line 169
[cn0239:1098464] PMIX ERROR: ERROR in file ../../../../../../src/mca/gds/ds12/gds_ds12_lock_pthread.c at line 169
[cn0239:1098511] PMIX ERROR: ERROR in file ../../../../../../src/mca/gds/ds12/gds_ds12_lock_pthread.c at line 169
[cn0239:1098550] PMIX ERROR: ERROR in file ../../../../../../src/mca/gds/ds12/gds_ds12_lock_pthread.c at line 169
[cn0239:1098540] PMIX ERROR: ERROR in file ../../../../../../src/mca/gds/ds12/gds_ds12_lock_pthread.c at line 169
[cn0239:1098473] PMIX ERROR: ERROR in file ../../../../../../src/mca/gds/ds12/gds_ds12_lock_pthread.c at line 169
[cn0239:1098443] PMIX ERROR: ERROR in file ../../../../../../src/mca/gds/ds12/gds_ds12_lock_pthread.c at line 169
[cn0239:1098520] PMIX ERROR: ERROR in file ../../../../../../src/mca/gds/ds12/gds_ds12_lock_pthread.c at line 169
[cn0239:1098537] PMIX ERROR: ERROR in file ../../../../../../src/mca/gds/ds12/gds_ds12_lock_pthread.c at line 169
[cn0239:1098488] PMIX ERROR: ERROR in file ../../../../../../src/mca/gds/ds12/gds_ds12_lock_pthread.c at line 169
[cn0239:1098461] PMIX ERROR: ERROR in file ../../../../../../src/mca/gds/ds12/gds_ds12_lock_pthread.c at line 169
[cn0239:1100383] PMIX ERROR: ERROR in file ../../../../../../src/mca/gds/ds12/gds_ds12_lock_pthread.c at line 169
[cn0239:1098525] PMIX ERROR: ERROR in file ../../../../../../src/mca/gds/ds12/gds_ds12_lock_pthread.c at line 169
[cn0239:1098444] PMIX ERROR: ERROR in file ../../../../../../src/mca/gds/ds12/gds_ds12_lock_pthread.c at line 169
[cn0239:1098509] PMIX ERROR: ERROR in file ../../../../../../src/mca/gds/ds12/gds_ds12_lock_pthread.c at line 169
[cn0239:1098486] PMIX ERROR: ERROR in file ../../../../../../src/mca/gds/ds12/gds_ds12_lock_pthread.c at line 169
[cn0239:1098481] PMIX ERROR: ERROR in file ../../../../../../src/mca/gds/ds12/gds_ds12_lock_pthread.c at line 169
[cn0239:1098466] PMIX ERROR: ERROR in file ../../../../../../src/mca/gds/ds12/gds_ds12_lock_pthread.c at line 169
[cn0239:1098524] PMIX ERROR: ERROR in file ../../../../../../src/mca/gds/ds12/gds_ds12_lock_pthread.c at line 169
[cn0239:1098536] PMIX ERROR: ERROR in file ../../../../../../src/mca/gds/ds12/gds_ds12_lock_pthread.c at line 169
[cn0239:1098533] PMIX ERROR: ERROR in file ../../../../../../src/mca/gds/ds12/gds_ds12_lock_pthread.c at line 169
[cn0239:1098478] PMIX ERROR: ERROR in file ../../../../../../src/mca/gds/ds12/gds_ds12_lock_pthread.c at line 169
[cn0239:1098552] PMIX ERROR: ERROR in file ../../../../../../src/mca/gds/ds12/gds_ds12_lock_pthread.c at line 169
[cn0239:1098555] PMIX ERROR: ERROR in file ../../../../../../src/mca/gds/ds12/gds_ds12_lock_pthread.c at line 169
[cn0239:1098457] PMIX ERROR: ERROR in file ../../../../../../src/mca/gds/ds12/gds_ds12_lock_pthread.c at line 169
[cn0239:1098532] PMIX ERROR: ERROR in file ../../../../../../src/mca/gds/ds12/gds_ds12_lock_pthread.c at line 169
[cn0239:1100393] PMIX ERROR: ERROR in file ../../../../../../src/mca/gds/ds12/gds_ds12_lock_pthread.c at line 169
[cn0239:1100384] PMIX ERROR: ERROR in file ../../../../../../src/mca/gds/ds12/gds_ds12_lock_pthread.c at line 169
[cn0239:1098454] PMIX ERROR: ERROR in file ../../../../../../src/mca/gds/ds12/gds_ds12_lock_pthread.c at line 169
[cn0239:1098456] PMIX ERROR: ERROR in file ../../../../../../src/mca/gds/ds12/gds_ds12_lock_pthread.c at line 169
[cn0239:1098507] PMIX ERROR: ERROR in file ../../../../../../src/mca/gds/ds12/gds_ds12_lock_pthread.c at line 169
[cn0239:1098474] PMIX ERROR: ERROR in file ../../../../../../src/mca/gds/ds12/gds_ds12_lock_pthread.c at line 169
[cn0239:1098547] PMIX ERROR: ERROR in file ../../../../../../src/mca/gds/ds12/gds_ds12_lock_pthread.c at line 169
[cn0239:1098484] PMIX ERROR: ERROR in file ../../../../../../src/mca/gds/ds12/gds_ds12_lock_pthread.c at line 169
[cn0239:1098543] PMIX ERROR: ERROR in file ../../../../../../src/mca/gds/ds12/gds_ds12_lock_pthread.c at line 169
[cn0239:1100388] PMIX ERROR: ERROR in file ../../../../../../src/mca/gds/ds12/gds_ds12_lock_pthread.c at line 169
[cn0239:1100392] PMIX ERROR: ERROR in file ../../../../../../src/mca/gds/ds12/gds_ds12_lock_pthread.c at line 169
[cn0236:119331] PMIX ERROR: ERROR in file ../../../../../../src/mca/gds/ds12/gds_ds12_lock_pthread.c at line 169
[cn0236:120218] PMIX ERROR: ERROR in file ../../../../../../src/mca/gds/ds12/gds_ds12_lock_pthread.c at line 169
[cn0236:119315] PMIX ERROR: ERROR in file ../../../../../../src/mca/gds/ds12/gds_ds12_lock_pthread.c at line 169
[cn0236:118648] PMIX ERROR: ERROR in file ../../../../../../src/mca/gds/ds12/gds_ds12_lock_pthread.c at line 169
[cn0236:119808] PMIX ERROR: ERROR in file ../../../../../../src/mca/gds/ds12/gds_ds12_lock_pthread.c at line 169
[cn0236:118649] PMIX ERROR: ERROR in file ../../../../../../src/mca/gds/ds12/gds_ds12_lock_pthread.c at line 169
[cn0236:119485] PMIX ERROR: ERROR in file ../../../../../../src/mca/gds/ds12/gds_ds12_lock_pthread.c at line 169
[cn0236:119797] PMIX ERROR: ERROR in file ../../../../../../src/mca/gds/ds12/gds_ds12_lock_pthread.c at line 169
[cn0236:120203] PMIX ERROR: ERROR in file ../../../../../../src/mca/gds/ds12/gds_ds12_lock_pthread.c at line 169
[cn0236:118325] PMIX ERROR: ERROR in file ../../../../../../src/mca/gds/ds12/gds_ds12_lock_pthread.c at line 169
[cn0236:119958] PMIX ERROR: ERROR in file ../../../../../../src/mca/gds/ds12/gds_ds12_lock_pthread.c at line 169
[cn0236:118692] PMIX ERROR: ERROR in file ../../../../../../src/mca/gds/ds12/gds_ds12_lock_pthread.c at line 169
[cn0236:118323] PMIX ERROR: ERROR in file ../../../../../../src/mca/gds/ds12/gds_ds12_lock_pthread.c at line 169
[cn0236:117747] PMIX ERROR: ERROR in file ../../../../../../src/mca/gds/ds12/gds_ds12_lock_pthread.c at line 169
[cn0236:119807] PMIX ERROR: ERROR in file ../../../../../../src/mca/gds/ds12/gds_ds12_lock_pthread.c at line 169
[cn0236:118607] PMIX ERROR: ERROR in file ../../../../../../src/mca/gds/ds12/gds_ds12_lock_pthread.c at line 169
[cn0236:119482] PMIX ERROR: ERROR in file ../../../../../../src/mca/gds/ds12/gds_ds12_lock_pthread.c at line 169
[cn0236:117744] PMIX ERROR: ERROR in file ../../../../../../src/mca/gds/ds12/gds_ds12_lock_pthread.c at line 169
[cn0236:117772] PMIX ERROR: ERROR in file ../../../../../../src/mca/gds/ds12/gds_ds12_lock_pthread.c at line 169
[cn0236:118324] PMIX ERROR: ERROR in file ../../../../../../src/mca/gds/ds12/gds_ds12_lock_pthread.c at line 169
[cn0236:117753] PMIX ERROR: ERROR in file ../../../../../../src/mca/gds/ds12/gds_ds12_lock_pthread.c at line 169
[cn0236:117763] PMIX ERROR: ERROR in file ../../../../../../src/mca/gds/ds12/gds_ds12_lock_pthread.c at line 169
[cn0236:117746] PMIX ERROR: ERROR in file ../../../../../../src/mca/gds/ds12/gds_ds12_lock_pthread.c at line 169
[cn0236:118592] PMIX ERROR: ERROR in file ../../../../../../src/mca/gds/ds12/gds_ds12_lock_pthread.c at line 169
[cn0236:119825] PMIX ERROR: ERROR in file ../../../../../../src/mca/gds/ds12/gds_ds12_lock_pthread.c at line 169
[cn0236:119953] PMIX ERROR: ERROR in file ../../../../../../src/mca/gds/ds12/gds_ds12_lock_pthread.c at line 169
[cn0236:119467] PMIX ERROR: ERROR in file ../../../../../../src/mca/gds/ds12/gds_ds12_lock_pthread.c at line 169
[cn0236:117748] PMIX ERROR: ERROR in file ../../../../../../src/mca/gds/ds12/gds_ds12_lock_pthread.c at line 169
[cn0236:119303] PMIX ERROR: ERROR in file ../../../../../../src/mca/gds/ds12/gds_ds12_lock_pthread.c at line 169
[cn0236:119304] PMIX ERROR: ERROR in file ../../../../../../src/mca/gds/ds12/gds_ds12_lock_pthread.c at line 169
[cn0236:118661] PMIX ERROR: ERROR in file ../../../../../../src/mca/gds/ds12/gds_ds12_lock_pthread.c at line 169
[cn0236:119486] PMIX ERROR: ERROR in file ../../../../../../src/mca/gds/ds12/gds_ds12_lock_pthread.c at line 169
[cn0236:120223] PMIX ERROR: ERROR in file ../../../../../../src/mca/gds/ds12/gds_ds12_lock_pthread.c at line 169
[cn0236:119940] PMIX ERROR: ERROR in file ../../../../../../src/mca/gds/ds12/gds_ds12_lock_pthread.c at line 169
[cn0236:119954] PMIX ERROR: ERROR in file ../../../../../../src/mca/gds/ds12/gds_ds12_lock_pthread.c at line 169
[cn0236:119492] PMIX ERROR: ERROR in file ../../../../../../src/mca/gds/ds12/gds_ds12_lock_pthread.c at line 169
[cn0236:119951] PMIX ERROR: ERROR in file ../../../../../../src/mca/gds/ds12/gds_ds12_lock_pthread.c at line 169
[cn0236:119317] PMIX ERROR: ERROR in file ../../../../../../src/mca/gds/ds12/gds_ds12_lock_pthread.c at line 169
[cn0236:117749] PMIX ERROR: ERROR in file ../../../../../../src/mca/gds/ds12/gds_ds12_lock_pthread.c at line 169
[cn0236:118623] PMIX ERROR: ERROR in file ../../../../../../src/mca/gds/ds12/gds_ds12_lock_pthread.c at line 169
[cn0236:118666] PMIX ERROR: ERROR in file ../../../../../../src/mca/gds/ds12/gds_ds12_lock_pthread.c at line 169
[cn0236:120224] PMIX ERROR: ERROR in file ../../../../../../src/mca/gds/ds12/gds_ds12_lock_pthread.c at line 169
[cn0236:119346] PMIX ERROR: ERROR in file ../../../../../../src/mca/gds/ds12/gds_ds12_lock_pthread.c at line 169
[cn0236:118647] PMIX ERROR: ERROR in file ../../../../../../src/mca/gds/ds12/gds_ds12_lock_pthread.c at line 169
[cn0236:117761] PMIX ERROR: ERROR in file ../../../../../../src/mca/gds/ds12/gds_ds12_lock_pthread.c at line 169
[cn0236:119431] PMIX ERROR: ERROR in file ../../../../../../src/mca/gds/ds12/gds_ds12_lock_pthread.c at line 169
[cn0236:119459] PMIX ERROR: ERROR in file ../../../../../../src/mca/gds/ds12/gds_ds12_lock_pthread.c at line 169
[cn0236:120201] PMIX ERROR: ERROR in file ../../../../../../src/mca/gds/ds12/gds_ds12_lock_pthread.c at line 169
[cn0236:119302] PMIX ERROR: ERROR in file ../../../../../../src/mca/gds/ds12/gds_ds12_lock_pthread.c at line 169
[cn0236:119461] PMIX ERROR: ERROR in file ../../../../../../src/mca/gds/ds12/gds_ds12_lock_pthread.c at line 169
[cn0236:118615] PMIX ERROR: ERROR in file ../../../../../../src/mca/gds/ds12/gds_ds12_lock_pthread.c at line 169
[cn0236:118663] PMIX ERROR: ERROR in file ../../../../../../src/mca/gds/ds12/gds_ds12_lock_pthread.c at line 169
[cn0236:120215] PMIX ERROR: ERROR in file ../../../../../../src/mca/gds/ds12/gds_ds12_lock_pthread.c at line 169
[cn0236:120204] PMIX ERROR: ERROR in file ../../../../../../src/mca/gds/ds12/gds_ds12_lock_pthread.c at line 169
[cn0236:117750] PMIX ERROR: ERROR in file ../../../../../../src/mca/gds/ds12/gds_ds12_lock_pthread.c at line 169
[cn0236:118376] PMIX ERROR: ERROR in file ../../../../../../src/mca/gds/ds12/gds_ds12_lock_pthread.c at line 169
[cn0236:117765] PMIX ERROR: ERROR in file ../../../../../../src/mca/gds/ds12/gds_ds12_lock_pthread.c at line 169
[cn0236:119305] PMIX ERROR: ERROR in file ../../../../../../src/mca/gds/ds12/gds_ds12_lock_pthread.c at line 169
[cn0236:119493] PMIX ERROR: ERROR in file ../../../../../../src/mca/gds/ds12/gds_ds12_lock_pthread.c at line 169
[cn0236:118667] PMIX ERROR: ERROR in file ../../../../../../src/mca/gds/ds12/gds_ds12_lock_pthread.c at line 169
[cn0236:119476] PMIX ERROR: ERROR in file ../../../../../../src/mca/gds/ds12/gds_ds12_lock_pthread.c at line 169
[cn0236:118596] PMIX ERROR: ERROR in file ../../../../../../src/mca/gds/ds12/gds_ds12_lock_pthread.c at line 169
[cn0236:117770] PMIX ERROR: ERROR in file ../../../../../../src/mca/gds/ds12/gds_ds12_lock_pthread.c at line 169
[cn0236:118372] PMIX ERROR: ERROR in file ../../../../../../src/mca/gds/ds12/gds_ds12_lock_pthread.c at line 169
[cn0236:119815] PMIX ERROR: ERROR in file ../../../../../../src/mca/gds/ds12/gds_ds12_lock_pthread.c at line 169
[cn0236:119814] PMIX ERROR: ERROR in file ../../../../../../src/mca/gds/ds12/gds_ds12_lock_pthread.c at line 169
[cn0236:120208] PMIX ERROR: ERROR in file ../../../../../../src/mca/gds/ds12/gds_ds12_lock_pthread.c at line 169
[cn0236:118621] PMIX ERROR: ERROR in file ../../../../../../src/mca/gds/ds12/gds_ds12_lock_pthread.c at line 169
[cn0236:117768] PMIX ERROR: ERROR in file ../../../../../../src/mca/gds/ds12/gds_ds12_lock_pthread.c at line 169
[cn0236:117754] PMIX ERROR: ERROR in file ../../../../../../src/mca/gds/ds12/gds_ds12_lock_pthread.c at line 169
[cn0236:118602] PMIX ERROR: ERROR in file ../../../../../../src/mca/gds/ds12/gds_ds12_lock_pthread.c at line 169
[cn0236:117752] PMIX ERROR: ERROR in file ../../../../../../src/mca/gds/ds12/gds_ds12_lock_pthread.c at line 169
[cn0236:117769] PMIX ERROR: ERROR in file ../../../../../../src/mca/gds/ds12/gds_ds12_lock_pthread.c at line 169
[cn0236:118668] PMIX ERROR: ERROR in file ../../../../../../src/mca/gds/ds12/gds_ds12_lock_pthread.c at line 169
[cn0236:120205] PMIX ERROR: ERROR in file ../../../../../../src/mca/gds/ds12/gds_ds12_lock_pthread.c at line 169
[cn0236:117766] PMIX ERROR: ERROR in file ../../../../../../src/mca/gds/ds12/gds_ds12_lock_pthread.c at line 169
[cn0236:118593] PMIX ERROR: ERROR in file ../../../../../../src/mca/gds/ds12/gds_ds12_lock_pthread.c at line 169
[cn0236:119961] PMIX ERROR: ERROR in file ../../../../../../src/mca/gds/ds12/gds_ds12_lock_pthread.c at line 169
[cn0236:120199] PMIX ERROR: ERROR in file ../../../../../../src/mca/gds/ds12/gds_ds12_lock_pthread.c at line 169
[cn0236:118697] PMIX ERROR: ERROR in file ../../../../../../src/mca/gds/ds12/gds_ds12_lock_pthread.c at line 169
[cn0236:117774] PMIX ERROR: ERROR in file ../../../../../../src/mca/gds/ds12/gds_ds12_lock_pthread.c at line 169
[cn0236:118614] PMIX ERROR: ERROR in file ../../../../../../src/mca/gds/ds12/gds_ds12_lock_pthread.c at line 169
[cn0236:120206] PMIX ERROR: ERROR in file ../../../../../../src/mca/gds/ds12/gds_ds12_lock_pthread.c at line 169
[cn0236:117757] PMIX ERROR: ERROR in file ../../../../../../src/mca/gds/ds12/gds_ds12_lock_pthread.c at line 169
[cn0236:118373] PMIX ERROR: ERROR in file ../../../../../../src/mca/gds/ds12/gds_ds12_lock_pthread.c at line 169
[cn0236:120200] PMIX ERROR: ERROR in file ../../../../../../src/mca/gds/ds12/gds_ds12_lock_pthread.c at line 169
[cn0236:117751] PMIX ERROR: ERROR in file ../../../../../../src/mca/gds/ds12/gds_ds12_lock_pthread.c at line 169
[cn0236:119809] PMIX ERROR: ERROR in file ../../../../../../src/mca/gds/ds12/gds_ds12_lock_pthread.c at line 169
[cn0236:119330] PMIX ERROR: ERROR in file ../../../../../../src/mca/gds/ds12/gds_ds12_lock_pthread.c at line 169
[cn0236:117764] PMIX ERROR: ERROR in file ../../../../../../src/mca/gds/ds12/gds_ds12_lock_pthread.c at line 169
[cn0236:117755] PMIX ERROR: ERROR in file ../../../../../../src/mca/gds/ds12/gds_ds12_lock_pthread.c at line 169
[cn0236:117756] PMIX ERROR: ERROR in file ../../../../../../src/mca/gds/ds12/gds_ds12_lock_pthread.c at line 169
[cn0236:117773] PMIX ERROR: ERROR in file ../../../../../../src/mca/gds/ds12/gds_ds12_lock_pthread.c at line 169
[cn0236:120219] PMIX ERROR: ERROR in file ../../../../../../src/mca/gds/ds12/gds_ds12_lock_pthread.c at line 169
[cn0236:118322] PMIX ERROR: ERROR in file ../../../../../../src/mca/gds/ds12/gds_ds12_lock_pthread.c at line 169
[cn0236:118374] PMIX ERROR: ERROR in file ../../../../../../src/mca/gds/ds12/gds_ds12_lock_pthread.c at line 169
[cn0236:119329] PMIX ERROR: ERROR in file ../../../../../../src/mca/gds/ds12/gds_ds12_lock_pthread.c at line 169
[cn0236:117767] PMIX ERROR: ERROR in file ../../../../../../src/mca/gds/ds12/gds_ds12_lock_pthread.c at line 169
[cn0236:120217] PMIX ERROR: ERROR in file ../../../../../../src/mca/gds/ds12/gds_ds12_lock_pthread.c at line 169
[cn0236:118660] PMIX ERROR: ERROR in file ../../../../../../src/mca/gds/ds12/gds_ds12_lock_pthread.c at line 169
[cn0236:118674] PMIX ERROR: ERROR in file ../../../../../../src/mca/gds/ds12/gds_ds12_lock_pthread.c at line 169
[cn0236:119813] PMIX ERROR: ERROR in file ../../../../../../src/mca/gds/ds12/gds_ds12_lock_pthread.c at line 169
[cn0236:118616] PMIX ERROR: ERROR in file ../../../../../../src/mca/gds/ds12/gds_ds12_lock_pthread.c at line 169
[cn0236:119491] PMIX ERROR: ERROR in file ../../../../../../src/mca/gds/ds12/gds_ds12_lock_pthread.c at line 169
[cn0236:119321] PMIX ERROR: ERROR in file ../../../../../../src/mca/gds/ds12/gds_ds12_lock_pthread.c at line 169
[cn0236:117771] PMIX ERROR: ERROR in file ../../../../../../src/mca/gds/ds12/gds_ds12_lock_pthread.c at line 169
[cn0236:118693] PMIX ERROR: ERROR in file ../../../../../../src/mca/gds/ds12/gds_ds12_lock_pthread.c at line 169
[cn0236:118622] PMIX ERROR: ERROR in file ../../../../../../src/mca/gds/ds12/gds_ds12_lock_pthread.c at line 169
[cn0236:119799] PMIX ERROR: ERROR in file ../../../../../../src/mca/gds/ds12/gds_ds12_lock_pthread.c at line 169
[cn0236:117745] PMIX ERROR: ERROR in file ../../../../../../src/mca/gds/ds12/gds_ds12_lock_pthread.c at line 169
[cn0236:119929] PMIX ERROR: ERROR in file ../../../../../../src/mca/gds/ds12/gds_ds12_lock_pthread.c at line 169
[cn0236:118676] PMIX ERROR: ERROR in file ../../../../../../src/mca/gds/ds12/gds_ds12_lock_pthread.c at line 169
[cn0236:117760] PMIX ERROR: ERROR in file ../../../../../../src/mca/gds/ds12/gds_ds12_lock_pthread.c at line 169
[cn0236:119947] PMIX ERROR: ERROR in file ../../../../../../src/mca/gds/ds12/gds_ds12_lock_pthread.c at line 169
[cn0236:118656] PMIX ERROR: ERROR in file ../../../../../../src/mca/gds/ds12/gds_ds12_lock_pthread.c at line 169
[cn0236:120207] PMIX ERROR: ERROR in file ../../../../../../src/mca/gds/ds12/gds_ds12_lock_pthread.c at line 169
[cn0236:119798] PMIX ERROR: ERROR in file ../../../../../../src/mca/gds/ds12/gds_ds12_lock_pthread.c at line 169
[cn0236:119320] PMIX ERROR: ERROR in file ../../../../../../src/mca/gds/ds12/gds_ds12_lock_pthread.c at line 169
[cn0236:119827] PMIX ERROR: ERROR in file ../../../../../../src/mca/gds/ds12/gds_ds12_lock_pthread.c at line 169
[cn0236:118700] PMIX ERROR: ERROR in file ../../../../../../src/mca/gds/ds12/gds_ds12_lock_pthread.c at line 169
[cn0236:118643] PMIX ERROR: ERROR in file ../../../../../../src/mca/gds/ds12/gds_ds12_lock_pthread.c at line 169
[cn0236:117762] PMIX ERROR: ERROR in file ../../../../../../src/mca/gds/ds12/gds_ds12_lock_pthread.c at line 169
[cn0236:118699] PMIX ERROR: ERROR in file ../../../../../../src/mca/gds/ds12/gds_ds12_lock_pthread.c at line 169
[cn0236:118379] PMIX ERROR: ERROR in file ../../../../../../src/mca/gds/ds12/gds_ds12_lock_pthread.c at line 169
[cn0236:117759] PMIX ERROR: ERROR in file ../../../../../../src/mca/gds/ds12/gds_ds12_lock_pthread.c at line 169
[cn0236:117758] PMIX ERROR: ERROR in file ../../../../../../src/mca/gds/ds12/gds_ds12_lock_pthread.c at line 169
[cn0236:118370] PMIX ERROR: ERROR in file ../../../../../../src/mca/gds/ds12/gds_ds12_lock_pthread.c at line 169
[cn0236:119301] PMIX ERROR: ERROR in file ../../../../../../src/mca/gds/ds12/gds_ds12_lock_pthread.c at line 169</code></pre>
</div>
</div>
</div>
</div>
<div class="sect1">
<h2 id="_reframe_output_log"><a class="anchor" href="#_reframe_output_log"></a>3. ReFrame output log</h2>
<div class="sectionbody">
<div class="listingblock">
<div class="content">
<pre class="highlightjs highlight"><code class="language-bash hljs" data-lang="bash">Reading /input_data/kub/idealHeaters.cfg...
[ Starting Feel++ ] application City_Energy_Modeling version 0.111.0-preview.120 date 2025-Apr-04
[feelpp] create Feel++ root repository: /disco2fs/ehpc-dev-2024d05-047/vchabannes/apptainer_home/kub/f7b49e60/Paris_partitioned

[feelpp] create Feel++ geo repository: /disco2fs/ehpc-dev-2024d05-047/vchabannes/apptainer_home/kub/f7b49e60/Paris_partitioned/geo

[feelpp] create Feel++ results directory: /disco2fs/ehpc-dev-2024d05-047/vchabannes/apptainer_home/kub/f7b49e60/Paris_partitioned/np_384

[feelpp] create Feel++ expressions directory: /disco2fs/ehpc-dev-2024d05-047/vchabannes/apptainer_home/kub/f7b49e60/Paris_partitioned/exprs

[feelpp] create Feel++ logs directory: /disco2fs/ehpc-dev-2024d05-047/vchabannes/apptainer_home/kub/f7b49e60/Paris_partitioned/np_384/logs

 . City_Energy_Modeling files are stored in /disco2fs/ehpc-dev-2024d05-047/vchabannes/apptainer_home/kub/f7b49e60/Paris_partitioned/np_384
 .. logfiles :/disco2fs/ehpc-dev-2024d05-047/vchabannes/apptainer_home/kub/f7b49e60/Paris_partitioned/np_384/logs
[ KUB ] application City_Energy_modeling version 0.5.0
[CityEnergyModelload] constructor start ...
[CityEnergyModelload] constructor current done in 0.0808287 s
[CityEnergyModelload] updateForUse start ...
[CityEnergyModelload] preprocessing start ...
[CityEnergyModelload] updatePreprocessingForUse start ...
[CityEnergyModelload] updatePreprocessingForUse current done in 0.0122004 s
[CityEnergyModelload] preprocessing current done in 0.029844 s
[CityEnergyModelload] importPreprocessing start ...
[loadMesh] Loading mesh in format json+h5: "/input_data/kub_benchmark/5km/preprocessing/partitioning/np_384/mesh.lod0.json"
[CityEnergyModelload] importPreprocessing current done in 8.5813 s
[CityEnergyModelload] scenarios start ...
[CityEnergyModelload] scenarios current done in 0.235332 s
[CityEnergyModelload] weather start ...
[CityEnergyModelload] weather current done in 0.0820969 s
[CityEnergyModelload] sunModel start ...
checking if fmu tmp path /disco2fs/ehpc-dev-2024d05-047/vchabannes/apptainer_home/kub/f7b49e60/Paris_partitioned/np_384/fmus/fmi4cpp_sun exists: false
unzipping /disco2fs/ehpc-dev-2024d05-047/vchabannes/apptainer_home/kub/f7b49e60/Paris_partitioned/simulators/sun.fmu in /disco2fs/ehpc-dev-2024d05-047/vchabannes/apptainer_home/kub/f7b49e60/Paris_partitioned/np_384/fmus/fmi4cpp_sun
[CityEnergyModelload] sunModel current done in 0.0803998 s
[CityEnergyModelload] initBuildingModels start ...
checking if fmu tmp path /disco2fs/ehpc-dev-2024d05-047/vchabannes/apptainer_home/kub/f7b49e60/Paris_partitioned/np_384/fmus/fmi4cpp_lod0.buildingfloor0 exists: false
unzipping /disco2fs/ehpc-dev-2024d05-047/vchabannes/apptainer_home/kub/f7b49e60/Paris_partitioned/simulators/lod0.buildingfloor0.fmu in /disco2fs/ehpc-dev-2024d05-047/vchabannes/apptainer_home/kub/f7b49e60/Paris_partitioned/np_384/fmus/fmi4cpp_lod0.buildingfloor0
checking if fmu tmp path /disco2fs/ehpc-dev-2024d05-047/vchabannes/apptainer_home/kub/f7b49e60/Paris_partitioned/np_384/fmus/fmi4cpp_lod0.buildingfloor1 exists: false
unzipping /disco2fs/ehpc-dev-2024d05-047/vchabannes/apptainer_home/kub/f7b49e60/Paris_partitioned/simulators/lod0.buildingfloor1.fmu in /disco2fs/ehpc-dev-2024d05-047/vchabannes/apptainer_home/kub/f7b49e60/Paris_partitioned/np_384/fmus/fmi4cpp_lod0.buildingfloor1
checking if fmu tmp path /disco2fs/ehpc-dev-2024d05-047/vchabannes/apptainer_home/kub/f7b49e60/Paris_partitioned/np_384/fmus/fmi4cpp_lod0.buildingfloor2 exists: false
unzipping /disco2fs/ehpc-dev-2024d05-047/vchabannes/apptainer_home/kub/f7b49e60/Paris_partitioned/simulators/lod0.buildingfloor2.fmu in /disco2fs/ehpc-dev-2024d05-047/vchabannes/apptainer_home/kub/f7b49e60/Paris_partitioned/np_384/fmus/fmi4cpp_lod0.buildingfloor2
checking if fmu tmp path /disco2fs/ehpc-dev-2024d05-047/vchabannes/apptainer_home/kub/f7b49e60/Paris_partitioned/np_384/fmus/fmi4cpp_lod0.buildingfloor3 exists: false
unzipping /disco2fs/ehpc-dev-2024d05-047/vchabannes/apptainer_home/kub/f7b49e60/Paris_partitioned/simulators/lod0.buildingfloor3.fmu in /disco2fs/ehpc-dev-2024d05-047/vchabannes/apptainer_home/kub/f7b49e60/Paris_partitioned/np_384/fmus/fmi4cpp_lod0.buildingfloor3
checking if fmu tmp path /disco2fs/ehpc-dev-2024d05-047/vchabannes/apptainer_home/kub/f7b49e60/Paris_partitioned/np_384/fmus/fmi4cpp_lod0.buildingfloor4 exists: false
unzipping /disco2fs/ehpc-dev-2024d05-047/vchabannes/apptainer_home/kub/f7b49e60/Paris_partitioned/simulators/lod0.buildingfloor4.fmu in /disco2fs/ehpc-dev-2024d05-047/vchabannes/apptainer_home/kub/f7b49e60/Paris_partitioned/np_384/fmus/fmi4cpp_lod0.buildingfloor4
checking if fmu tmp path /disco2fs/ehpc-dev-2024d05-047/vchabannes/apptainer_home/kub/f7b49e60/Paris_partitioned/np_384/fmus/fmi4cpp_lod0.buildingfloor5 exists: false
unzipping /disco2fs/ehpc-dev-2024d05-047/vchabannes/apptainer_home/kub/f7b49e60/Paris_partitioned/simulators/lod0.buildingfloor5.fmu in /disco2fs/ehpc-dev-2024d05-047/vchabannes/apptainer_home/kub/f7b49e60/Paris_partitioned/np_384/fmus/fmi4cpp_lod0.buildingfloor5
checking if fmu tmp path /disco2fs/ehpc-dev-2024d05-047/vchabannes/apptainer_home/kub/f7b49e60/Paris_partitioned/np_384/fmus/fmi4cpp_lod0.buildingfloor6 exists: false
unzipping /disco2fs/ehpc-dev-2024d05-047/vchabannes/apptainer_home/kub/f7b49e60/Paris_partitioned/simulators/lod0.buildingfloor6.fmu in /disco2fs/ehpc-dev-2024d05-047/vchabannes/apptainer_home/kub/f7b49e60/Paris_partitioned/np_384/fmus/fmi4cpp_lod0.buildingfloor6
checking if fmu tmp path /disco2fs/ehpc-dev-2024d05-047/vchabannes/apptainer_home/kub/f7b49e60/Paris_partitioned/np_384/fmus/fmi4cpp_lod0.buildingfloor7 exists: false
unzipping /disco2fs/ehpc-dev-2024d05-047/vchabannes/apptainer_home/kub/f7b49e60/Paris_partitioned/simulators/lod0.buildingfloor7.fmu in /disco2fs/ehpc-dev-2024d05-047/vchabannes/apptainer_home/kub/f7b49e60/Paris_partitioned/np_384/fmus/fmi4cpp_lod0.buildingfloor7
checking if fmu tmp path /disco2fs/ehpc-dev-2024d05-047/vchabannes/apptainer_home/kub/f7b49e60/Paris_partitioned/np_384/fmus/fmi4cpp_lod0.buildingfloor8 exists: false
unzipping /disco2fs/ehpc-dev-2024d05-047/vchabannes/apptainer_home/kub/f7b49e60/Paris_partitioned/simulators/lod0.buildingfloor8.fmu in /disco2fs/ehpc-dev-2024d05-047/vchabannes/apptainer_home/kub/f7b49e60/Paris_partitioned/np_384/fmus/fmi4cpp_lod0.buildingfloor8
checking if fmu tmp path /disco2fs/ehpc-dev-2024d05-047/vchabannes/apptainer_home/kub/f7b49e60/Paris_partitioned/np_384/fmus/fmi4cpp_lod0.buildingfloor9 exists: false
unzipping /disco2fs/ehpc-dev-2024d05-047/vchabannes/apptainer_home/kub/f7b49e60/Paris_partitioned/simulators/lod0.buildingfloor9.fmu in /disco2fs/ehpc-dev-2024d05-047/vchabannes/apptainer_home/kub/f7b49e60/Paris_partitioned/np_384/fmus/fmi4cpp_lod0.buildingfloor9
[CityEnergyModelload] initBuildingModels current done in 3.70202 s
[CityEnergyModelload] updateForUse current done in 12.7113 s

Warning: Failed to solve nonlinear system using Newton solver.
  During initialization at time: 0
  Tag: extended initialization.nonlinear[1]

  Common causes:
   * The system of equations has no solution - the residual will be above zero.
     - This may be caused by initial conditions not being fully specified, check the translation log.
     - In some cases the event-logic can cause this.
   * Starting values are too far from the solution, see homotopy in the manual.
     - In rare cases this could occur at events.
   * The equations are too discontinuous for the nonlinear solver - the residual will have knees.
     - Likely caused by over-using noEvent.
  Especially consider the first two items above when the nonlinear solver fails during initialization.

  To get more information consider the options:
   * Simulation/Setup/Translation/Generate listing of translated Modelica code in dsmodel.mof
   * Simulation/Setup/Translation/List non-linear iteration variables
   * Simulation/Setup/Debug/Store variables after failed initialization
     - If a failure to solve a nonlinear equation caused failed initialization.
   * The options under the group Simulation/Setup/Debug/Nonlinear solver diagnostics

  Jacobian inverse norm estimate: 16662.2
  Condition number estimate: 10272.4
  1-norm of the residual = 56040.7

  Last value of the solution:
  Last value of the residual:


Warning: Failed to solve nonlinear system using Newton solver.
  During initialization at time: 0
  Tag: extended initialization.nonlinear[1]

  For debugging help refer to the first error message of this type.

  Jacobian inverse norm estimate: 16662.6
  Condition number estimate: 5285.39
  1-norm of the residual = 52041.1

  Last value of the solution:
  Last value of the residual:


Warning: Failed to solve nonlinear system using Newton solver.
  During initialization at time: 0
  Tag: extended initialization.nonlinear[1]

  Common causes:
   * The system of equations has no solution - the residual will be above zero.
     - This may be caused by initial conditions not being fully specified, check the translation log.
     - In some cases the event-logic can cause this.
   * Starting values are too far from the solution, see homotopy in the manual.
     - In rare cases this could occur at events.
   * The equations are too discontinuous for the nonlinear solver - the residual will have knees.
     - Likely caused by over-using noEvent.
  Especially consider the first two items above when the nonlinear solver fails during initialization.

  To get more information consider the options:
   * Simulation/Setup/Translation/Generate listing of translated Modelica code in dsmodel.mof
   * Simulation/Setup/Translation/List non-linear iteration variables
   * Simulation/Setup/Debug/Store variables after failed initialization
     - If a failure to solve a nonlinear equation caused failed initialization.
   * The options under the group Simulation/Setup/Debug/Nonlinear solver diagnostics

  Jacobian inverse norm estimate: 16661.8
  Condition number estimate: 5221.49
  1-norm of the residual = 52040.8

  Last value of the solution:
  Last value of the residual:


Warning: Failed to solve nonlinear system using Newton solver.
  During initialization at time: 0
  Tag: extended initialization.nonlinear[1]

  Common causes:
   * The system of equations has no solution - the residual will be above zero.
     - This may be caused by initial conditions not being fully specified, check the translation log.
     - In some cases the event-logic can cause this.
   * Starting values are too far from the solution, see homotopy in the manual.
     - In rare cases this could occur at events.
   * The equations are too discontinuous for the nonlinear solver - the residual will have knees.
     - Likely caused by over-using noEvent.
  Especially consider the first two items above when the nonlinear solver fails during initialization.

  To get more information consider the options:
   * Simulation/Setup/Translation/Generate listing of translated Modelica code in dsmodel.mof
   * Simulation/Setup/Translation/List non-linear iteration variables
   * Simulation/Setup/Debug/Store variables after failed initialization
     - If a failure to solve a nonlinear equation caused failed initialization.
   * The options under the group Simulation/Setup/Debug/Nonlinear solver diagnostics

  Jacobian inverse norm estimate: 16661
  Condition number estimate: 5302.12
  1-norm of the residual = 52034.8

  Last value of the solution:
  Last value of the residual:


Warning: Failed to solve nonlinear system using Newton solver.
  During initialization at time: 0
  Tag: extended initialization.nonlinear[1]

  Common causes:
   * The system of equations has no solution - the residual will be above zero.
     - This may be caused by initial conditions not being fully specified, check the translation log.
     - In some cases the event-logic can cause this.
   * Starting values are too far from the solution, see homotopy in the manual.
     - In rare cases this could occur at events.
   * The equations are too discontinuous for the nonlinear solver - the residual will have knees.
     - Likely caused by over-using noEvent.
  Especially consider the first two items above when the nonlinear solver fails during initialization.

  To get more information consider the options:
   * Simulation/Setup/Translation/Generate listing of translated Modelica code in dsmodel.mof
   * Simulation/Setup/Translation/List non-linear iteration variables
   * Simulation/Setup/Debug/Store variables after failed initialization
     - If a failure to solve a nonlinear equation caused failed initialization.
   * The options under the group Simulation/Setup/Debug/Nonlinear solver diagnostics

  Jacobian inverse norm estimate: 16661.2
  Condition number estimate: 5197.36
  1-norm of the residual = 52033.8

  Last value of the solution:
  Last value of the residual:


Warning: Failed to solve nonlinear system using Newton solver.
  During initialization at time: 0
  Tag: extended initialization.nonlinear[1]

  Common causes:
   * The system of equations has no solution - the residual will be above zero.
     - This may be caused by initial conditions not being fully specified, check the translation log.
     - In some cases the event-logic can cause this.
   * Starting values are too far from the solution, see homotopy in the manual.
     - In rare cases this could occur at events.
   * The equations are too discontinuous for the nonlinear solver - the residual will have knees.
     - Likely caused by over-using noEvent.
  Especially consider the first two items above when the nonlinear solver fails during initialization.

  To get more information consider the options:
   * Simulation/Setup/Translation/Generate listing of translated Modelica code in dsmodel.mof
   * Simulation/Setup/Translation/List non-linear iteration variables
   * Simulation/Setup/Debug/Store variables after failed initialization
     - If a failure to solve a nonlinear equation caused failed initialization.
   * The options under the group Simulation/Setup/Debug/Nonlinear solver diagnostics

  Jacobian inverse norm estimate: 16660.8
  Condition number estimate: 5301.01
  1-norm of the residual = 52033.5

  Last value of the solution:
  Last value of the residual:


Warning: Failed to solve nonlinear system using Newton solver.
  During initialization at time: 0
  Tag: extended initialization.nonlinear[1]

  Common causes:
   * The system of equations has no solution - the residual will be above zero.
     - This may be caused by initial conditions not being fully specified, check the translation log.
     - In some cases the event-logic can cause this.
   * Starting values are too far from the solution, see homotopy in the manual.
     - In rare cases this could occur at events.
   * The equations are too discontinuous for the nonlinear solver - the residual will have knees.
     - Likely caused by over-using noEvent.
  Especially consider the first two items above when the nonlinear solver fails during initialization.

  To get more information consider the options:
   * Simulation/Setup/Translation/Generate listing of translated Modelica code in dsmodel.mof
   * Simulation/Setup/Translation/List non-linear iteration variables
   * Simulation/Setup/Debug/Store variables after failed initialization
     - If a failure to solve a nonlinear equation caused failed initialization.
   * The options under the group Simulation/Setup/Debug/Nonlinear solver diagnostics

  Jacobian inverse norm estimate: 16660.6
  Condition number estimate: 11619
  1-norm of the residual = 52031.9

  Last value of the solution:
  Last value of the residual:


Warning: Failed to solve nonlinear system using Newton solver.
  During initialization at time: 0
  Tag: extended initialization.nonlinear[1]

  Common causes:
   * The system of equations has no solution - the residual will be above zero.
     - This may be caused by initial conditions not being fully specified, check the translation log.
     - In some cases the event-logic can cause this.
   * Starting values are too far from the solution, see homotopy in the manual.
     - In rare cases this could occur at events.
   * The equations are too discontinuous for the nonlinear solver - the residual will have knees.
     - Likely caused by over-using noEvent.
  Especially consider the first two items above when the nonlinear solver fails during initialization.

  To get more information consider the options:
   * Simulation/Setup/Translation/Generate listing of translated Modelica code in dsmodel.mof
   * Simulation/Setup/Translation/List non-linear iteration variables
   * Simulation/Setup/Debug/Store variables after failed initialization
     - If a failure to solve a nonlinear equation caused failed initialization.
   * The options under the group Simulation/Setup/Debug/Nonlinear solver diagnostics

  Jacobian inverse norm estimate: 16660.2
  Condition number estimate: 5082.05
  1-norm of the residual = 52031.7

  Last value of the solution:
  Last value of the residual:


Warning: Failed to solve nonlinear system using Newton solver.
  During initialization at time: 0
  Tag: extended initialization.nonlinear[1]

  Common causes:
   * The system of equations has no solution - the residual will be above zero.
     - This may be caused by initial conditions not being fully specified, check the translation log.
     - In some cases the event-logic can cause this.
   * Starting values are too far from the solution, see homotopy in the manual.
     - In rare cases this could occur at events.
   * The equations are too discontinuous for the nonlinear solver - the residual will have knees.
     - Likely caused by over-using noEvent.
  Especially consider the first two items above when the nonlinear solver fails during initialization.

  To get more information consider the options:
   * Simulation/Setup/Translation/Generate listing of translated Modelica code in dsmodel.mof
   * Simulation/Setup/Translation/List non-linear iteration variables
   * Simulation/Setup/Debug/Store variables after failed initialization
     - If a failure to solve a nonlinear equation caused failed initialization.
   * The options under the group Simulation/Setup/Debug/Nonlinear solver diagnostics

  Jacobian inverse norm estimate: 16660
  Condition number estimate: 5142.86
  1-norm of the residual = 52030.9

  Last value of the solution:
  Last value of the residual:


Warning: Failed to solve nonlinear system using Newton solver.
  During initialization at time: 0
  Tag: extended initialization.nonlinear[1]

  Common causes:
   * The system of equations has no solution - the residual will be above zero.
     - This may be caused by initial conditions not being fully specified, check the translation log.
     - In some cases the event-logic can cause this.
   * Starting values are too far from the solution, see homotopy in the manual.
     - In rare cases this could occur at events.
   * The equations are too discontinuous for the nonlinear solver - the residual will have knees.
     - Likely caused by over-using noEvent.
  Especially consider the first two items above when the nonlinear solver fails during initialization.

  To get more information consider the options:
   * Simulation/Setup/Translation/Generate listing of translated Modelica code in dsmodel.mof
   * Simulation/Setup/Translation/List non-linear iteration variables
   * Simulation/Setup/Debug/Store variables after failed initialization
     - If a failure to solve a nonlinear equation caused failed initialization.
   * The options under the group Simulation/Setup/Debug/Nonlinear solver diagnostics

  Jacobian inverse norm estimate: 16660.3
  Condition number estimate: 7176.84
  1-norm of the residual = 52030.4

  Last value of the solution:
  Last value of the residual:


Warning: Failed to solve nonlinear system using Newton solver.
  During initialization at time: 0
  Tag: extended initialization.nonlinear[1]

  Common causes:
   * The system of equations has no solution - the residual will be above zero.
     - This may be caused by initial conditions not being fully specified, check the translation log.
     - In some cases the event-logic can cause this.
   * Starting values are too far from the solution, see homotopy in the manual.
     - In rare cases this could occur at events.
   * The equations are too discontinuous for the nonlinear solver - the residual will have knees.
     - Likely caused by over-using noEvent.
  Especially consider the first two items above when the nonlinear solver fails during initialization.

  To get more information consider the options:
   * Simulation/Setup/Translation/Generate listing of translated Modelica code in dsmodel.mof
   * Simulation/Setup/Translation/List non-linear iteration variables
   * Simulation/Setup/Debug/Store variables after failed initialization
     - If a failure to solve a nonlinear equation caused failed initialization.
   * The options under the group Simulation/Setup/Debug/Nonlinear solver diagnostics

  Jacobian inverse norm estimate: 16659.8
  Condition number estimate: 6821.09
  1-norm of the residual = 52029.8

  Last value of the solution:
  Last value of the residual:


Warning: Failed to solve nonlinear system using Newton solver.
  During initialization at time: 0
  Tag: extended initialization.nonlinear[1]

  Common causes:
   * The system of equations has no solution - the residual will be above zero.
     - This may be caused by initial conditions not being fully specified, check the translation log.
     - In some cases the event-logic can cause this.
   * Starting values are too far from the solution, see homotopy in the manual.
     - In rare cases this could occur at events.
   * The equations are too discontinuous for the nonlinear solver - the residual will have knees.
     - Likely caused by over-using noEvent.
  Especially consider the first two items above when the nonlinear solver fails during initialization.

  To get more information consider the options:
   * Simulation/Setup/Translation/Generate listing of translated Modelica code in dsmodel.mof
   * Simulation/Setup/Translation/List non-linear iteration variables
   * Simulation/Setup/Debug/Store variables after failed initialization
     - If a failure to solve a nonlinear equation caused failed initialization.
   * The options under the group Simulation/Setup/Debug/Nonlinear solver diagnostics

  Jacobian inverse norm estimate: 16660
  Condition number estimate: 6980.86
  1-norm of the residual = 52029.2

  Last value of the solution:
  Last value of the residual:


Warning: Failed to solve nonlinear system using Newton solver.
  During initialization at time: 0
  Tag: extended initialization.nonlinear[1]

  Common causes:
   * The system of equations has no solution - the residual will be above zero.
     - This may be caused by initial conditions not being fully specified, check the translation log.
     - In some cases the event-logic can cause this.
   * Starting values are too far from the solution, see homotopy in the manual.
     - In rare cases this could occur at events.
   * The equations are too discontinuous for the nonlinear solver - the residual will have knees.
     - Likely caused by over-using noEvent.
  Especially consider the first two items above when the nonlinear solver fails during initialization.

  To get more information consider the options:
   * Simulation/Setup/Translation/Generate listing of translated Modelica code in dsmodel.mof
   * Simulation/Setup/Translation/List non-linear iteration variables
   * Simulation/Setup/Debug/Store variables after failed initialization
     - If a failure to solve a nonlinear equation caused failed initialization.
   * The options under the group Simulation/Setup/Debug/Nonlinear solver diagnostics

  Jacobian inverse norm estimate: 16659.9
  Condition number estimate: 6910.55
  1-norm of the residual = 52028.6

  Last value of the solution:
  Last value of the residual:


Warning: Failed to solve nonlinear system using Newton solver.
  During initialization at time: 0
  Tag: extended initialization.nonlinear[1]

  Common causes:
   * The system of equations has no solution - the residual will be above zero.
     - This may be caused by initial conditions not being fully specified, check the translation log.
     - In some cases the event-logic can cause this.
   * Starting values are too far from the solution, see homotopy in the manual.
     - In rare cases this could occur at events.
   * The equations are too discontinuous for the nonlinear solver - the residual will have knees.
     - Likely caused by over-using noEvent.
  Especially consider the first two items above when the nonlinear solver fails during initialization.

  To get more information consider the options:
   * Simulation/Setup/Translation/Generate listing of translated Modelica code in dsmodel.mof
   * Simulation/Setup/Translation/List non-linear iteration variables
   * Simulation/Setup/Debug/Store variables after failed initialization
     - If a failure to solve a nonlinear equation caused failed initialization.
   * The options under the group Simulation/Setup/Debug/Nonlinear solver diagnostics

  Jacobian inverse norm estimate: 16659.5
  Condition number estimate: 6928.05
  1-norm of the residual = 52028

  Last value of the solution:
  Last value of the residual:


Warning: Failed to solve nonlinear system using Newton solver.
  During initialization at time: 0
  Tag: extended initialization.nonlinear[1]

  Common causes:
   * The system of equations has no solution - the residual will be above zero.
     - This may be caused by initial conditions not being fully specified, check the translation log.
     - In some cases the event-logic can cause this.
   * Starting values are too far from the solution, see homotopy in the manual.
     - In rare cases this could occur at events.
   * The equations are too discontinuous for the nonlinear solver - the residual will have knees.
     - Likely caused by over-using noEvent.
  Especially consider the first two items above when the nonlinear solver fails during initialization.

  To get more information consider the options:
   * Simulation/Setup/Translation/Generate listing of translated Modelica code in dsmodel.mof
   * Simulation/Setup/Translation/List non-linear iteration variables
   * Simulation/Setup/Debug/Store variables after failed initialization
     - If a failure to solve a nonlinear equation caused failed initialization.
   * The options under the group Simulation/Setup/Debug/Nonlinear solver diagnostics

  Jacobian inverse norm estimate: 16659.3
  Condition number estimate: 6908.66
  1-norm of the residual = 52027.4

  Last value of the solution:
  Last value of the residual:


Warning: Failed to solve nonlinear system using Newton solver.
  During initialization at time: 0
  Tag: extended initialization.nonlinear[1]

  Common causes:
   * The system of equations has no solution - the residual will be above zero.
     - This may be caused by initial conditions not being fully specified, check the translation log.
     - In some cases the event-logic can cause this.
   * Starting values are too far from the solution, see homotopy in the manual.
     - In rare cases this could occur at events.
   * The equations are too discontinuous for the nonlinear solver - the residual will have knees.
     - Likely caused by over-using noEvent.
  Especially consider the first two items above when the nonlinear solver fails during initialization.

  To get more information consider the options:
   * Simulation/Setup/Translation/Generate listing of translated Modelica code in dsmodel.mof
   * Simulation/Setup/Translation/List non-linear iteration variables
   * Simulation/Setup/Debug/Store variables after failed initialization
     - If a failure to solve a nonlinear equation caused failed initialization.
   * The options under the group Simulation/Setup/Debug/Nonlinear solver diagnostics

  Jacobian inverse norm estimate: 16659.2
  Condition number estimate: 6905.05
  1-norm of the residual = 52026.8

  Last value of the solution:
  Last value of the residual:


Warning: Failed to solve nonlinear system using Newton solver.
  During initialization at time: 0
  Tag: extended initialization.nonlinear[1]

  Common causes:
   * The system of equations has no solution - the residual will be above zero.
     - This may be caused by initial conditions not being fully specified, check the translation log.
     - In some cases the event-logic can cause this.
   * Starting values are too far from the solution, see homotopy in the manual.
     - In rare cases this could occur at events.
   * The equations are too discontinuous for the nonlinear solver - the residual will have knees.
     - Likely caused by over-using noEvent.
  Especially consider the first two items above when the nonlinear solver fails during initialization.

  To get more information consider the options:
   * Simulation/Setup/Translation/Generate listing of translated Modelica code in dsmodel.mof
   * Simulation/Setup/Translation/List non-linear iteration variables
   * Simulation/Setup/Debug/Store variables after failed initialization
     - If a failure to solve a nonlinear equation caused failed initialization.
   * The options under the group Simulation/Setup/Debug/Nonlinear solver diagnostics

  Jacobian inverse norm estimate: 16659.1
  Condition number estimate: 6893.67
  1-norm of the residual = 52026.2

  Last value of the solution:
  Last value of the residual:


Warning: Failed to solve nonlinear system using Newton solver.
  During initialization at time: 0
  Tag: extended initialization.nonlinear[1]

  Common causes:
   * The system of equations has no solution - the residual will be above zero.
     - This may be caused by initial conditions not being fully specified, check the translation log.
     - In some cases the event-logic can cause this.
   * Starting values are too far from the solution, see homotopy in the manual.
     - In rare cases this could occur at events.
   * The equations are too discontinuous for the nonlinear solver - the residual will have knees.
     - Likely caused by over-using noEvent.
  Especially consider the first two items above when the nonlinear solver fails during initialization.

  To get more information consider the options:
   * Simulation/Setup/Translation/Generate listing of translated Modelica code in dsmodel.mof
   * Simulation/Setup/Translation/List non-linear iteration variables
   * Simulation/Setup/Debug/Store variables after failed initialization
     - If a failure to solve a nonlinear equation caused failed initialization.
   * The options under the group Simulation/Setup/Debug/Nonlinear solver diagnostics

  Jacobian inverse norm estimate: 16659.3
  Condition number estimate: 6886.69
  1-norm of the residual = 52025.6

  Last value of the solution:
  Last value of the residual:


Warning: Failed to solve nonlinear system using Newton solver.
  During initialization at time: 0
  Tag: extended initialization.nonlinear[1]

  Common causes:
   * The system of equations has no solution - the residual will be above zero.
     - This may be caused by initial conditions not being fully specified, check the translation log.
     - In some cases the event-logic can cause this.
   * Starting values are too far from the solution, see homotopy in the manual.
     - In rare cases this could occur at events.
   * The equations are too discontinuous for the nonlinear solver - the residual will have knees.
     - Likely caused by over-using noEvent.
  Especially consider the first two items above when the nonlinear solver fails during initialization.

  To get more information consider the options:
   * Simulation/Setup/Translation/Generate listing of translated Modelica code in dsmodel.mof
   * Simulation/Setup/Translation/List non-linear iteration variables
   * Simulation/Setup/Debug/Store variables after failed initialization
     - If a failure to solve a nonlinear equation caused failed initialization.
   * The options under the group Simulation/Setup/Debug/Nonlinear solver diagnostics

  Jacobian inverse norm estimate: 16659.6
  Condition number estimate: 6876.91
  1-norm of the residual = 52025

  Last value of the solution:
  Last value of the residual:


Warning: Failed to solve nonlinear system using Newton solver.
  During initialization at time: 0
  Tag: extended initialization.nonlinear[1]

  Common causes:
   * The system of equations has no solution - the residual will be above zero.
     - This may be caused by initial conditions not being fully specified, check the translation log.
     - In some cases the event-logic can cause this.
   * Starting values are too far from the solution, see homotopy in the manual.
     - In rare cases this could occur at events.
   * The equations are too discontinuous for the nonlinear solver - the residual will have knees.
     - Likely caused by over-using noEvent.
  Especially consider the first two items above when the nonlinear solver fails during initialization.

  To get more information consider the options:
   * Simulation/Setup/Translation/Generate listing of translated Modelica code in dsmodel.mof
   * Simulation/Setup/Translation/List non-linear iteration variables
   * Simulation/Setup/Debug/Store variables after failed initialization
     - If a failure to solve a nonlinear equation caused failed initialization.
   * The options under the group Simulation/Setup/Debug/Nonlinear solver diagnostics

  Jacobian inverse norm estimate: 16658.8
  Condition number estimate: 6867.82
  1-norm of the residual = 52024.4

  Last value of the solution:
  Last value of the residual:


Warning: Failed to solve nonlinear system using Newton solver.
  During initialization at time: 0
  Tag: extended initialization.nonlinear[1]

  Common causes:
   * The system of equations has no solution - the residual will be above zero.
     - This may be caused by initial conditions not being fully specified, check the translation log.
     - In some cases the event-logic can cause this.
   * Starting values are too far from the solution, see homotopy in the manual.
     - In rare cases this could occur at events.
   * The equations are too discontinuous for the nonlinear solver - the residual will have knees.
     - Likely caused by over-using noEvent.
  Especially consider the first two items above when the nonlinear solver fails during initialization.

  To get more information consider the options:
   * Simulation/Setup/Translation/Generate listing of translated Modelica code in dsmodel.mof
   * Simulation/Setup/Translation/List non-linear iteration variables
   * Simulation/Setup/Debug/Store variables after failed initialization
     - If a failure to solve a nonlinear equation caused failed initialization.
   * The options under the group Simulation/Setup/Debug/Nonlinear solver diagnostics

  Jacobian inverse norm estimate: 16658.7
  Condition number estimate: 6858.26
  1-norm of the residual = 52023.8

  Last value of the solution:
  Last value of the residual:


Warning: Failed to solve nonlinear system using Newton solver.
  During initialization at time: 0
  Tag: extended initialization.nonlinear[1]

  Common causes:
   * The system of equations has no solution - the residual will be above zero.

Warning: Failed to solve nonlinear system using Newton solver.
  During initialization at time: 0
  Tag: extended initialization.nonlinear[1]

  Common causes:
   * The system of equations has no solution - the residual will be above zero.
     - This may be caused by initial conditions not being fully specified, check the translation log.
     - In some cases the event-logic can cause this.
   * Starting values are too far from the solution, see homotopy in the manual.
     - In rare cases this could occur at events.
   * The equations are too discontinuous for the nonlinear solver - the residual will have knees.
     - Likely caused by over-using noEvent.
  Especially consider the first two items above when the nonlinear solver fails during initialization.

  To get more information consider the options:
   * Simulation/Setup/Translation/Generate listing of translated Modelica code in dsmodel.mof
   * Simulation/Setup/Translation/List non-linear iteration variables
   * Simulation/Setup/Debug/Store variables after failed initialization
     - If a failure to solve a nonlinear equation caused failed initialization.
   * The options under the group Simulation/Setup/Debug/Nonlinear solver diagnostics

  Jacobian inverse norm estimate: 10271.9
  Condition number estimate: 1470.69
  1-norm of the residual = 434938

  Last value of the solution:
  Last value of the residual:


Warning: Failed to solve nonlinear system using Newton solver.
  During initialization at time: 0
  Tag: extended initialization.nonlinear[1]

  For debugging help refer to the first error message of this type.

  Jacobian inverse norm estimate: 10271.8
  Condition number estimate: 4503.45
  1-norm of the residual = 432471

  Last value of the solution:
  Last value of the residual:


Warning: Failed to solve nonlinear system using Newton solver.
  During initialization at time: 0
  Tag: extended initialization.nonlinear[1]

  Common causes:
   * The system of equations has no solution - the residual will be above zero.
     - This may be caused by initial conditions not being fully specified, check the translation log.
     - In some cases the event-logic can cause this.
   * Starting values are too far from the solution, see homotopy in the manual.
     - In rare cases this could occur at events.
   * The equations are too discontinuous for the nonlinear solver - the residual will have knees.
     - Likely caused by over-using noEvent.
  Especially consider the first two items above when the nonlinear solver fails during initialization.

  To get more information consider the options:
   * Simulation/Setup/Translation/Generate listing of translated Modelica code in dsmodel.mof
   * Simulation/Setup/Translation/List non-linear iteration variables
   * Simulation/Setup/Debug/Store variables after failed initialization
     - If a failure to solve a nonlinear equation caused failed initialization.
   * The options under the group Simulation/Setup/Debug/Nonlinear solver diagnostics

  Jacobian inverse norm estimate: 10271.7
  Condition number estimate: 3483.17
  1-norm of the residual = 432471

  Last value of the solution:
  Last value of the residual:


Warning: Failed to solve nonlinear system using Newton solver.
  During initialization at time: 0
  Tag: extended initialization.nonlinear[1]

  Common causes:
   * The system of equations has no solution - the residual will be above zero.
     - This may be caused by initial conditions not being fully specified, check the translation log.
     - In some cases the event-logic can cause this.
   * Starting values are too far from the solution, see homotopy in the manual.
     - In rare cases this could occur at events.
   * The equations are too discontinuous for the nonlinear solver - the residual will have knees.
     - Likely caused by over-using noEvent.
  Especially consider the first two items above when the nonlinear solver fails during initialization.

  To get more information consider the options:
   * Simulation/Setup/Translation/Generate listing of translated Modelica code in dsmodel.mof

Warning: Failed to solve nonlinear system using Newton solver.
  During initialization at time: 0
  Tag: extended initialization.nonlinear[1]

  Common causes:
   * The system of equations has no solution - the residual will be above zero.
     - This may be caused by initial conditions not being fully specified, check the translation log.
     - In some cases the event-logic can cause this.
   * Starting values are too far from the solution, see homotopy in the manual.
     - In rare cases this could occur at events.
   * The equations are too discontinuous for the nonlinear solver - the residual will have knees.
     - Likely caused by over-using noEvent.
  Especially consider the first two items above when the nonlinear solver fails during initialization.

  To get more information consider the options:
   * Simulation/Setup/Translation/Generate listing of translated Modelica code in dsmodel.mof
   * Simulation/Setup/Translation/List non-linear iteration variables
   * Simulation/Setup/Debug/Store variables after failed initialization
     - If a failure to solve a nonlinear equation caused failed initialization.
   * The options under the group Simulation/Setup/Debug/Nonlinear solver diagnostics

  Jacobian inverse norm estimate: 13359.2
  Condition number estimate: 3878.88
  1-norm of the residual = 785346

  Last value of the solution:
  Last value of the residual:


Warning: Failed to solve nonlinear system using Newton solver.
  During initialization at time: 0
  Tag: extended initialization.nonlinear[1]

  For debugging help refer to the first error message of this type.

  Jacobian inverse norm estimate: 13358.3
  Condition number estimate: 3878.49
  1-norm of the residual = 653802

  Last value of the solution:
  Last value of the residual:


Warning: Failed to solve nonlinear system using Newton solver.
  During initialization at time: 0
  Tag: extended initialization.nonlinear[1]

  Common causes:
   * The system of equations has no solution - the residual will be above zero.
     - This may be caused by initial conditions not being fully specified, check the translation log.
     - In some cases the event-logic can cause this.
   * Starting values are too far from the solution, see homotopy in the manual.
     - In rare cases this could occur at events.
   * The equations are too discontinuous for the nonlinear solver - the residual will have knees.
     - Likely caused by over-using noEvent.
  Especially consider the first two items above when the nonlinear solver fails during initialization.

  To get more information consider the options:
   * Simulation/Setup/Translation/Generate listing of translated Modelica code in dsmodel.mof
   * Simulation/Setup/Translation/List non-linear iteration variables
   * Simulation/Setup/Debug/Store variables after failed initialization
     - If a failure to solve a nonlinear equation caused failed initialization.
   * The options under the group Simulation/Setup/Debug/Nonlinear solver diagnostics

  Jacobian inverse norm estimate: 13356.3
  Condition number estimate: 3877.43
  1-norm of the residual = 653716

  Last value of the solution:
  Last value of the residual:


Warning: Failed to solve nonlinear system using Newton solver.
  During initialization at time: 0
  Tag: extended initialization.nonlinear[1]

  Common causes:
   * The system of equations has no solution - the residual will be above zero.
     - This may be caused by initial conditions not being fully specified, check the translation log.
     - In some cases the event-logic can cause this.
   * Starting values are too far from the solution, see homotopy in the manual.
     - In rare cases this could occur at events.
   * The equations are too discontinuous for the nonlinear solver - the residual will have knees.
     - Likely caused by over-using noEvent.
  Especially consider the first two items above when the nonlinear solver fails during initialization.

  To get more information consider the options:
   * Simulation/Setup/Translation/Generate listing of translated Modelica code in dsmodel.mof
   * Simulation/Setup/Translation/List non-linear iteration variables
   * Simulation/Setup/Debug/Store variables after failed initialization
     - If a failure to solve a nonlinear equation caused failed initialization.
   * The options under the group Simulation/Setup/Debug/Nonlinear solver diagnostics

  Jacobian inverse norm estimate: 13355.2
  Condition number estimate: 4240.66
  1-norm of the residual = 653674

  Last value of the solution:
  Last value of the residual:


Warning: Failed to solve nonlinear system using Newton solver.
  During initialization at time: 0
  Tag: extended initialization.nonlinear[1]

  Common causes:
   * The system of equations has no solution - the residual will be above zero.
     - This may be caused by initial conditions not being fully specified, check the translation log.
     - In some cases the event-logic can cause this.
   * Starting values are too far from the solution, see homotopy in the manual.
     - In rare cases this could occur at events.
   * The equations are too discontinuous for the nonlinear solver - the residual will have knees.
     - Likely caused by over-using noEvent.
  Especially consider the first two items above when the nonlinear solver fails during initialization.

  To get more information consider the options:
   * Simulation/Setup/Translation/Generate listing of translated Modelica code in dsmodel.mof
   * Simulation/Setup/Translation/List non-linear iteration variables
   * Simulation/Setup/Debug/Store variables after failed initialization
     - If a failure to solve a nonlinear equation caused failed initialization.
   * The options under the group Simulation/Setup/Debug/Nonlinear solver diagnostics

  Jacobian inverse norm estimate: 13354.7
  Condition number estimate: 3874.69
  1-norm of the residual = 653630

  Last value of the solution:
  Last value of the residual:


Warning: Failed to solve nonlinear system using Newton solver.
  During initialization at time: 0
  Tag: extended initialization.nonlinear[1]

  Common causes:
   * The system of equations has no solution - the residual will be above zero.
     - This may be caused by initial conditions not being fully specified, check the translation log.
     - In some cases the event-logic can cause this.
   * Starting values are too far from the solution, see homotopy in the manual.
     - In rare cases this could occur at events.
   * The equations are too discontinuous for the nonlinear solver - the residual will have knees.
     - Likely caused by over-using noEvent.
  Especially consider the first two items above when the nonlinear solver fails during initialization.

  To get more information consider the options:
   * Simulation/Setup/Translation/Generate listing of translated Modelica code in dsmodel.mof
   * Simulation/Setup/Translation/List non-linear iteration variables
   * Simulation/Setup/Debug/Store variables after failed initialization
     - If a failure to solve a nonlinear equation caused failed initialization.
   * The options under the group Simulation/Setup/Debug/Nonlinear solver diagnostics

  Jacobian inverse norm estimate: 13338
  Condition number estimate: 3867.14
  1-norm of the residual = 652401

  Last value of the solution:
  Last value of the residual:


Warning: Failed to solve nonlinear system using Newton solver.
  During initialization at time: 0
  Tag: extended initialization.nonlinear[1]

  Common causes:
   * The system of equations has no solution - the residual will be above zero.
     - This may be caused by initial conditions not being fully specified, check the translation log.
     - In some cases the event-logic can cause this.
   * Starting values are too far from the solution, see homotopy in the manual.
     - In rare cases this could occur at events.
   * The equations are too discontinuous for the nonlinear solver - the residual will have knees.
     - Likely caused by over-using noEvent.
  Especially consider the first two items above when the nonlinear solver fails during initialization.

  To get more information consider the options:
   * Simulation/Setup/Translation/Generate listing of translated Modelica code in dsmodel.mof
   * Simulation/Setup/Translation/List non-linear iteration variables
   * Simulation/Setup/Debug/Store variables after failed initialization
     - If a failure to solve a nonlinear equation caused failed initialization.
   * The options under the group Simulation/Setup/Debug/Nonlinear solver diagnostics

  Jacobian inverse norm estimate: 13323.1
  Condition number estimate: 3860.67
  1-norm of the residual = 652058

  Last value of the solution:
  Last value of the residual:


Warning: Failed to solve nonlinear system using Newton solver.
  During initialization at time: 0
  Tag: extended initialization.nonlinear[1]

  Common causes:
   * The system of equations has no solution - the residual will be above zero.
     - This may be caused by initial conditions not being fully specified, check the translation log.
     - In some cases the event-logic can cause this.
   * Starting values are too far from the solution, see homotopy in the manual.
     - In rare cases this could occur at events.
   * The equations are too discontinuous for the nonlinear solver - the residual will have knees.
     - Likely caused by over-using noEvent.
  Especially consider the first two items above when the nonlinear solver fails during initialization.

  To get more information consider the options:
   * Simulation/Setup/Translation/Generate listing of translated Modelica code in dsmodel.mof
   * Simulation/Setup/Translation/List non-linear iteration variables
   * Simulation/Setup/Debug/Store variables after failed initialization
     - If a failure to solve a nonlinear equation caused failed initialization.
   * The options under the group Simulation/Setup/Debug/Nonlinear solver diagnostics

  Jacobian inverse norm estimate: 13322
  Condition number estimate: 3855.24
  1-norm of the residual = 651998

  Last value of the solution:
  Last value of the residual:


Warning: Failed to solve nonlinear system using Newton solver.
  During initialization at time: 0
  Tag: extended initialization.nonlinear[1]

  Common causes:
   * The system of equations has no solution - the residual will be above zero.
     - This may be caused by initial conditions not being fully specified, check the translation log.
     - In some cases the event-logic can cause this.
   * Starting values are too far from the solution, see homotopy in the manual.
     - In rare cases this could occur at events.
   * The equations are too discontinuous for the nonlinear solver - the residual will have knees.
     - Likely caused by over-using noEvent.
  Especially consider the first two items above when the nonlinear solver fails during initialization.

  To get more information consider the options:
   * Simulation/Setup/Translation/Generate listing of translated Modelica code in dsmodel.mof
   * Simulation/Setup/Translation/List non-linear iteration variables
   * Simulation/Setup/Debug/Store variables after failed initialization
     - If a failure to solve a nonlinear equation caused failed initialization.
   * The options under the group Simulation/Setup/Debug/Nonlinear solver diagnostics

  Jacobian inverse norm estimate: 13321.2
  Condition number estimate: 4312.48
  1-norm of the residual = 651962

  Last value of the solution:
  Last value of the residual:


Warning: Failed to solve nonlinear system using Newton solver.
  During initialization at time: 0
  Tag: extended initialization.nonlinear[1]

  Common causes:
   * The system of equations has no solution - the residual will be above zero.
     - This may be caused by initial conditions not being fully specified, check the translation log.
     - In some cases the event-logic can cause this.
   * Starting values are too far from the solution, see homotopy in the manual.
     - In rare cases this could occur at events.
   * The equations are too discontinuous for the nonlinear solver - the residual will have knees.
     - Likely caused by over-using noEvent.
  Especially consider the first two items above when the nonlinear solver fails during initialization.

  To get more information consider the options:
   * Simulation/Setup/Translation/Generate listing of translated Modelica code in dsmodel.mof
   * Simulation/Setup/Translation/List non-linear iteration variables
   * Simulation/Setup/Debug/Store variables after failed initialization
     - If a failure to solve a nonlinear equation caused failed initialization.
   * The options under the group Simulation/Setup/Debug/Nonlinear solver diagnostics

  Jacobian inverse norm estimate: 13319.7
  Condition number estimate: 3854.74
  1-norm of the residual = 651879

  Last value of the solution:
  Last value of the residual:


Warning: Failed to solve nonlinear system using Newton solver.
  During initialization at time: 0
  Tag: extended initialization.nonlinear[1]

  Common causes:
   * The system of equations has no solution - the residual will be above zero.
     - This may be caused by initial conditions not being fully specified, check the translation log.
     - In some cases the event-logic can cause this.
   * Starting values are too far from the solution, see homotopy in the manual.
     - In rare cases this could occur at events.
   * The equations are too discontinuous for the nonlinear solver - the residual will have knees.
     - Likely caused by over-using noEvent.
  Especially consider the first two items above when the nonlinear solver fails during initialization.

  To get more information consider the options:
   * Simulation/Setup/Translation/Generate listing of translated Modelica code in dsmodel.mof
   * Simulation/Setup/Translation/List non-linear iteration variables
   * Simulation/Setup/Debug/Store variables after failed initialization
     - If a failure to solve a nonlinear equation caused failed initialization.
   * The options under the group Simulation/Setup/Debug/Nonlinear solver diagnostics

  Jacobian inverse norm estimate: 13319.2
  Condition number estimate: 2286.9
  1-norm of the residual = 651864

  Last value of the solution:
  Last value of the residual:


Warning: Failed to solve nonlinear system using Newton solver.
  During initialization at time: 0
  Tag: extended initialization.nonlinear[1]

  Common causes:
   * The system of equations has no solution - the residual will be above zero.
     - This may be caused by initial conditions not being fully specified, check the translation log.
     - In some cases the event-logic can cause this.
   * Starting values are too far from the solution, see homotopy in the manual.
     - In rare cases this could occur at events.
   * The equations are too discontinuous for the nonlinear solver - the residual will have knees.
     - Likely caused by over-using noEvent.
  Especially consider the first two items above when the nonlinear solver fails during initialization.

  To get more information consider the options:
   * Simulation/Setup/Translation/Generate listing of translated Modelica code in dsmodel.mof
   * Simulation/Setup/Translation/List non-linear iteration variables
   * Simulation/Setup/Debug/Store variables after failed initialization
     - If a failure to solve a nonlinear equation caused failed initialization.
   * The options under the group Simulation/Setup/Debug/Nonlinear solver diagnostics

  Jacobian inverse norm estimate: 13318.2
  Condition number estimate: 3853.65
  1-norm of the residual = 651818

  Last value of the solution:
  Last value of the residual:


Warning: Failed to solve nonlinear system using Newton solver.
  During initialization at time: 0
  Tag: extended initialization.nonlinear[1]

  Common causes:
   * The system of equations has no solution - the residual will be above zero.
     - This may be caused by initial conditions not being fully specified, check the translation log.
     - In some cases the event-logic can cause this.
   * Starting values are too far from the solution, see homotopy in the manual.
     - In rare cases this could occur at events.
   * The equations are too discontinuous for the nonlinear solver - the residual will have knees.

Warning: Failed to solve nonlinear system using Newton solver.
  During initialization at time: 0
  Tag: extended initialization.nonlinear[1]

  Common causes:
   * The system of equations has no solution - the residual will be above zero.
     - This may be caused by initial conditions not being fully specified, check the translation log.
     - In some cases the event-logic can cause this.
   * Starting values are too far from the solution, see homotopy in the manual.
     - In rare cases this could occur at events.
   * The equations are too discontinuous for the nonlinear solver - the residual will have knees.
     - Likely caused by over-using noEvent.
  Especially consider the first two items above when the nonlinear solver fails during initialization.

  To get more information consider the options:
   * Simulation/Setup/Translation/Generate listing of translated Modelica code in dsmodel.mof
   * Simulation/Setup/Translation/List non-linear iteration variables
   * Simulation/Setup/Debug/Store variables after failed initialization
     - If a failure to solve a nonlinear equation caused failed initialization.
   * The options under the group Simulation/Setup/Debug/Nonlinear solver diagnostics

  Jacobian inverse norm estimate: 15236.6
  Condition number estimate: 2372.51
  1-norm of the residual = 234473

  Last value of the solution:
  Last value of the residual:


Warning: Failed to solve nonlinear system using Newton solver.
  During initialization at time: 0
  Tag: extended initialization.nonlinear[1]

  For debugging help refer to the first error message of this type.

  Jacobian inverse norm estimate: 15236.5
  Condition number estimate: 4586.39
  1-norm of the residual = 208295

  Last value of the solution:
  Last value of the residual:


Warning: Failed to solve nonlinear system using Newton solver.
  During initialization at time: 0
  Tag: extended initialization.nonlinear[1]

  Common causes:
   * The system of equations has no solution - the residual will be above zero.
     - This may be caused by initial conditions not being fully specified, check the translation log.
     - In some cases the event-logic can cause this.
   * Starting values are too far from the solution, see homotopy in the manual.
     - In rare cases this could occur at events.
   * The equations are too discontinuous for the nonlinear solver - the residual will have knees.
     - Likely caused by over-using noEvent.
  Especially consider the first two items above when the nonlinear solver fails during initialization.

  To get more information consider the options:
   * Simulation/Setup/Translation/Generate listing of translated Modelica code in dsmodel.mof
   * Simulation/Setup/Translation/List non-linear iteration variables
   * Simulation/Setup/Debug/Store variables after failed initialization
     - If a failure to solve a nonlinear equation caused failed initialization.
   * The options under the group Simulation/Setup/Debug/Nonlinear solver diagnostics

  Jacobian inverse norm estimate: 15236.2
  Condition number estimate: 556.087
  1-norm of the residual = 208286

  Last value of the solution:
  Last value of the residual:


Warning: Failed to solve nonlinear system using Newton solver.
  During initialization at time: 0
  Tag: extended initialization.nonlinear[1]

  Common causes:
   * The system of equations has no solution - the residual will be above zero.
     - This may be caused by initial conditions not being fully specified, check the translation log.
     - In some cases the event-logic can cause this.
   * Starting values are too far from the solution, see homotopy in the manual.
     - In rare cases this could occur at events.
   * The equations are too discontinuous for the nonlinear solver - the residual will have knees.
     - Likely caused by over-using noEvent.
  Especially consider the first two items above when the nonlinear solver fails during initialization.

  To get more information consider the options:
   * Simulation/Setup/Translation/Generate listing of translated Modelica code in dsmodel.mof
[SunModel::SunInstance] creating sun new instance
[CityEnergyModel::Instance]
  |-- export outputs enabled: 1
  |-- export visualization enabled: 0
  |-- export report enabled: 0
  |-- export building report enabled: 0
  |-- solar shading coefficients enabled: building
  |-- solar shading components: building
[CityEnergyModelInstance] execute start ...
execute at time=3600
[CityEnergyModelInstance] execute.simulation start ...
[CityEnergyModelInstance] execute.simulation.solarMasks start ...
[CityEnergyModelInstance] execute.simulation.solarMasks current done in 0.000416851 s
[CityEnergyModelInstance] execute.simulation.buildingExecuteStep start ...
[CityEnergyModelInstance] execute.simulation.buildingExecuteStep current done in 91.6284 s
[CityEnergyModelInstance] execute.simulation current done in 91.6292 s
[CityEnergyModelInstance] execute.postprocess start ...
[CityEnergyModelInstance] exportOutputs start ...
[CityEnergyModelInstance] exportOutputs current done in 0.222163 s
[CityEnergyModelInstance] execute.postprocess current done in 0.222371 s
execute at time=7200
[CityEnergyModelInstance] execute.simulation start ...
[CityEnergyModelInstance] execute.simulation.solarMasks start ...
[CityEnergyModelInstance] execute.simulation.solarMasks current done in 0.00670011 s
[CityEnergyModelInstance] execute.simulation.buildingExecuteStep start ...
[CityEnergyModelInstance] execute.simulation.buildingExecuteStep current done in 1.8845 s
[CityEnergyModelInstance] execute.simulation current done in 1.8916 s
[CityEnergyModelInstance] execute.postprocess start ...
[CityEnergyModelInstance] exportOutputs start ...
[CityEnergyModelInstance] exportOutputs current done in 1.64322 s
[CityEnergyModelInstance] execute.postprocess current done in 1.64337 s
execute at time=10800
[CityEnergyModelInstance] execute.simulation start ...
[CityEnergyModelInstance] execute.simulation.solarMasks start ...
[CityEnergyModelInstance] execute.simulation.solarMasks current done in 0.000310011 s
[CityEnergyModelInstance] execute.simulation.buildingExecuteStep start ...
[CityEnergyModelInstance] execute.simulation.buildingExecuteStep current done in 1.35404 s
[CityEnergyModelInstance] execute.simulation current done in 1.35478 s
[CityEnergyModelInstance] execute.postprocess start ...
[CityEnergyModelInstance] exportOutputs start ...
[CityEnergyModelInstance] exportOutputs current done in 0.117318 s
[CityEnergyModelInstance] execute.postprocess current done in 0.117546 s
execute at time=14400
[CityEnergyModelInstance] execute.simulation start ...
[CityEnergyModelInstance] execute.simulation.solarMasks start ...
[CityEnergyModelInstance] execute.simulation.solarMasks current done in 0.000289861 s
[CityEnergyModelInstance] execute.simulation.buildingExecuteStep start ...
[CityEnergyModelInstance] execute.simulation.buildingExecuteStep current done in 1.25242 s
[CityEnergyModelInstance] execute.simulation current done in 1.25317 s
[CityEnergyModelInstance] execute.postprocess start ...
[CityEnergyModelInstance] exportOutputs start ...
[CityEnergyModelInstance] exportOutputs current done in 0.142882 s
[CityEnergyModelInstance] execute.postprocess current done in 0.143079 s
execute at time=18000
[CityEnergyModelInstance] execute.simulation start ...
[CityEnergyModelInstance] execute.simulation.solarMasks start ...
[CityEnergyModelInstance] execute.simulation.solarMasks current done in 0.000257381 s
[CityEnergyModelInstance] execute.simulation.buildingExecuteStep start ...
[CityEnergyModelInstance] execute.simulation.buildingExecuteStep current done in 1.18832 s
[CityEnergyModelInstance] execute.simulation current done in 1.18899 s
[CityEnergyModelInstance] execute.postprocess start ...
[CityEnergyModelInstance] exportOutputs start ...
[CityEnergyModelInstance] exportOutputs current done in 0.666672 s
[CityEnergyModelInstance] execute.postprocess current done in 0.66687 s
execute at time=21600
[CityEnergyModelInstance] execute.simulation start ...
[CityEnergyModelInstance] execute.simulation.solarMasks start ...
[CityEnergyModelInstance] execute.simulation.solarMasks current done in 0.000249361 s
[CityEnergyModelInstance] execute.simulation.buildingExecuteStep start ...
[CityEnergyModelInstance] execute.simulation.buildingExecuteStep current done in 1.35794 s
[CityEnergyModelInstance] execute.simulation current done in 1.35856 s
[CityEnergyModelInstance] execute.postprocess start ...
[CityEnergyModelInstance] exportOutputs start ...
[CityEnergyModelInstance] exportOutputs current done in 0.123909 s
[CityEnergyModelInstance] execute.postprocess current done in 0.12413 s
execute at time=25200
[CityEnergyModelInstance] execute.simulation start ...
[CityEnergyModelInstance] execute.simulation.solarMasks start ...
[CityEnergyModelInstance] execute.simulation.solarMasks current done in 0.000265141 s
[CityEnergyModelInstance] execute.simulation.buildingExecuteStep start ...
[CityEnergyModelInstance] execute.simulation.buildingExecuteStep current done in 1.32312 s
[CityEnergyModelInstance] execute.simulation current done in 1.3238 s
[CityEnergyModelInstance] execute.postprocess start ...
[CityEnergyModelInstance] exportOutputs start ...
[CityEnergyModelInstance] exportOutputs current done in 0.1263 s
[CityEnergyModelInstance] execute.postprocess current done in 0.126529 s
execute at time=28800
[CityEnergyModelInstance] execute.simulation start ...
[CityEnergyModelInstance] execute.simulation.solarMasks start ...
[CityEnergyModelInstance] execute.simulation.solarMasks current done in 0.000254751 s
[CityEnergyModelInstance] execute.simulation.buildingExecuteStep start ...
[CityEnergyModelInstance] execute.simulation.buildingExecuteStep current done in 1.56937 s
[CityEnergyModelInstance] execute.simulation current done in 1.56997 s
[CityEnergyModelInstance] execute.postprocess start ...
[CityEnergyModelInstance] exportOutputs start ...
[CityEnergyModelInstance] exportOutputs current done in 0.142424 s
[CityEnergyModelInstance] execute.postprocess current done in 0.142612 s
execute at time=32400
[CityEnergyModelInstance] execute.simulation start ...
[CityEnergyModelInstance] execute.simulation.solarMasks start ...
[CityEnergyModelInstance] execute.simulation.solarMasks current done in 0.000276221 s
[CityEnergyModelInstance] execute.simulation.buildingExecuteStep start ...
[CityEnergyModelInstance] execute.simulation.buildingExecuteStep current done in 1.27505 s
[CityEnergyModelInstance] execute.simulation current done in 1.27569 s
[CityEnergyModelInstance] execute.postprocess start ...
[CityEnergyModelInstance] exportOutputs start ...
[CityEnergyModelInstance] exportOutputs current done in 0.208736 s
[CityEnergyModelInstance] execute.postprocess current done in 0.208922 s
execute at time=36000
[CityEnergyModelInstance] execute.simulation start ...
[CityEnergyModelInstance] execute.simulation.solarMasks start ...
[CityEnergyModelInstance] execute.simulation.solarMasks current done in 0.000279171 s
[CityEnergyModelInstance] execute.simulation.buildingExecuteStep start ...
[CityEnergyModelInstance] execute.simulation.buildingExecuteStep current done in 1.7952 s
[CityEnergyModelInstance] execute.simulation current done in 1.79588 s
[CityEnergyModelInstance] execute.postprocess start ...
[CityEnergyModelInstance] exportOutputs start ...
[CityEnergyModelInstance] exportOutputs current done in 0.119742 s
[CityEnergyModelInstance] execute.postprocess current done in 0.119945 s
execute at time=39600
[CityEnergyModelInstance] execute.simulation start ...
[CityEnergyModelInstance] execute.simulation.solarMasks start ...
[CityEnergyModelInstance] execute.simulation.solarMasks current done in 0.00591423 s
[CityEnergyModelInstance] execute.simulation.buildingExecuteStep start ...
[CityEnergyModelInstance] execute.simulation.buildingExecuteStep current done in 1.3465 s
[CityEnergyModelInstance] execute.simulation current done in 1.35308 s
[CityEnergyModelInstance] execute.postprocess start ...
[CityEnergyModelInstance] exportOutputs start ...
[CityEnergyModelInstance] exportOutputs current done in 0.118934 s
[CityEnergyModelInstance] execute.postprocess current done in 0.119138 s
execute at time=43200
[CityEnergyModelInstance] execute.simulation start ...
[CityEnergyModelInstance] execute.simulation.solarMasks start ...
[CityEnergyModelInstance] execute.simulation.solarMasks current done in 0.00027216 s
[CityEnergyModelInstance] execute.simulation.buildingExecuteStep start ...
[CityEnergyModelInstance] execute.simulation.buildingExecuteStep current done in 1.2008 s
[CityEnergyModelInstance] execute.simulation current done in 1.20152 s
[CityEnergyModelInstance] execute.postprocess start ...
[CityEnergyModelInstance] exportOutputs start ...
[CityEnergyModelInstance] exportOutputs current done in 0.126067 s
[CityEnergyModelInstance] execute.postprocess current done in 0.126269 s
execute at time=46800
[CityEnergyModelInstance] execute.simulation start ...
[CityEnergyModelInstance] execute.simulation.solarMasks start ...
[CityEnergyModelInstance] execute.simulation.solarMasks current done in 0.000703262 s
[CityEnergyModelInstance] execute.simulation.buildingExecuteStep start ...
[CityEnergyModelInstance] execute.simulation.buildingExecuteStep current done in 1.53235 s
[CityEnergyModelInstance] execute.simulation current done in 1.5335 s
[CityEnergyModelInstance] execute.postprocess start ...
[CityEnergyModelInstance] exportOutputs start ...
[CityEnergyModelInstance] exportOutputs current done in 0.123789 s
[CityEnergyModelInstance] execute.postprocess current done in 0.12405 s
execute at time=50400
[CityEnergyModelInstance] execute.simulation start ...
[CityEnergyModelInstance] execute.simulation.solarMasks start ...
[CityEnergyModelInstance] execute.simulation.solarMasks current done in 0.00298886 s
[CityEnergyModelInstance] execute.simulation.buildingExecuteStep start ...
[CityEnergyModelInstance] execute.simulation.buildingExecuteStep current done in 1.62161 s
[CityEnergyModelInstance] execute.simulation current done in 1.62514 s
[CityEnergyModelInstance] execute.postprocess start ...
[CityEnergyModelInstance] exportOutputs start ...
[CityEnergyModelInstance] exportOutputs current done in 0.967192 s
[CityEnergyModelInstance] execute.postprocess current done in 0.9674 s
execute at time=54000
[CityEnergyModelInstance] execute.simulation start ...
[CityEnergyModelInstance] execute.simulation.solarMasks start ...
[CityEnergyModelInstance] execute.simulation.solarMasks current done in 0.000260021 s
[CityEnergyModelInstance] execute.simulation.buildingExecuteStep start ...
[CityEnergyModelInstance] execute.simulation.buildingExecuteStep current done in 1.63258 s
[CityEnergyModelInstance] execute.simulation current done in 1.63337 s
[CityEnergyModelInstance] execute.postprocess start ...
[CityEnergyModelInstance] exportOutputs start ...
[CityEnergyModelInstance] exportOutputs current done in 0.18845 s
[CityEnergyModelInstance] execute.postprocess current done in 0.188644 s
execute at time=57600
[CityEnergyModelInstance] execute.simulation start ...
[CityEnergyModelInstance] execute.simulation.solarMasks start ...
[CityEnergyModelInstance] execute.simulation.solarMasks current done in 0.00587432 s
[CityEnergyModelInstance] execute.simulation.buildingExecuteStep start ...
[CityEnergyModelInstance] execute.simulation.buildingExecuteStep current done in 1.35719 s
[CityEnergyModelInstance] execute.simulation current done in 1.36357 s
[CityEnergyModelInstance] execute.postprocess start ...
[CityEnergyModelInstance] exportOutputs start ...
[CityEnergyModelInstance] exportOutputs current done in 0.272051 s
[CityEnergyModelInstance] execute.postprocess current done in 0.272257 s
execute at time=61200
[CityEnergyModelInstance] execute.simulation start ...
[CityEnergyModelInstance] execute.simulation.solarMasks start ...
[CityEnergyModelInstance] execute.simulation.solarMasks current done in 0.000277841 s
[CityEnergyModelInstance] execute.simulation.buildingExecuteStep start ...
[CityEnergyModelInstance] execute.simulation.buildingExecuteStep current done in 1.41742 s
[CityEnergyModelInstance] execute.simulation current done in 1.41812 s
[CityEnergyModelInstance] execute.postprocess start ...
[CityEnergyModelInstance] exportOutputs start ...
[CityEnergyModelInstance] exportOutputs current done in 0.157329 s
[CityEnergyModelInstance] execute.postprocess current done in 0.157527 s
execute at time=64800
[CityEnergyModelInstance] execute.simulation start ...
[CityEnergyModelInstance] execute.simulation.solarMasks start ...
[CityEnergyModelInstance] execute.simulation.solarMasks current done in 0.000245551 s
[CityEnergyModelInstance] execute.simulation.buildingExecuteStep start ...
[CityEnergyModelInstance] execute.simulation.buildingExecuteStep current done in 1.44442 s
[CityEnergyModelInstance] execute.simulation current done in 1.4452 s
[CityEnergyModelInstance] execute.postprocess start ...
[CityEnergyModelInstance] exportOutputs start ...
[CityEnergyModelInstance] exportOutputs current done in 0.31448 s
[CityEnergyModelInstance] execute.postprocess current done in 0.31469 s
execute at time=68400
[CityEnergyModelInstance] execute.simulation start ...
[CityEnergyModelInstance] execute.simulation.solarMasks start ...
[CityEnergyModelInstance] execute.simulation.solarMasks current done in 0.000272371 s
[CityEnergyModelInstance] execute.simulation.buildingExecuteStep start ...
[CityEnergyModelInstance] execute.simulation.buildingExecuteStep current done in 1.39308 s
[CityEnergyModelInstance] execute.simulation current done in 1.39382 s
[CityEnergyModelInstance] execute.postprocess start ...
[CityEnergyModelInstance] exportOutputs start ...
[CityEnergyModelInstance] exportOutputs current done in 0.225377 s
[CityEnergyModelInstance] execute.postprocess current done in 0.225546 s
execute at time=72000
[CityEnergyModelInstance] execute.simulation start ...
[CityEnergyModelInstance] execute.simulation.solarMasks start ...
[CityEnergyModelInstance] execute.simulation.solarMasks current done in 0.000272931 s
[CityEnergyModelInstance] execute.simulation.buildingExecuteStep start ...
[CityEnergyModelInstance] execute.simulation.buildingExecuteStep current done in 1.32756 s
[CityEnergyModelInstance] execute.simulation current done in 1.32829 s
[CityEnergyModelInstance] execute.postprocess start ...
[CityEnergyModelInstance] exportOutputs start ...
[CityEnergyModelInstance] exportOutputs current done in 0.12378 s
[CityEnergyModelInstance] execute.postprocess current done in 0.123992 s
execute at time=75600
[CityEnergyModelInstance] execute.simulation start ...
[CityEnergyModelInstance] execute.simulation.solarMasks start ...
[CityEnergyModelInstance] execute.simulation.solarMasks current done in 0.000254801 s
[CityEnergyModelInstance] execute.simulation.buildingExecuteStep start ...
[CityEnergyModelInstance] execute.simulation.buildingExecuteStep current done in 1.56778 s
[CityEnergyModelInstance] execute.simulation current done in 1.56843 s
[CityEnergyModelInstance] execute.postprocess start ...
[CityEnergyModelInstance] exportOutputs start ...
[CityEnergyModelInstance] exportOutputs current done in 0.111089 s
[CityEnergyModelInstance] execute.postprocess current done in 0.111311 s
execute at time=79200
[CityEnergyModelInstance] execute.simulation start ...
[CityEnergyModelInstance] execute.simulation.solarMasks start ...
[CityEnergyModelInstance] execute.simulation.solarMasks current done in 0.00025949 s
[CityEnergyModelInstance] execute.simulation.buildingExecuteStep start ...
[CityEnergyModelInstance] execute.simulation.buildingExecuteStep current done in 1.25202 s
[CityEnergyModelInstance] execute.simulation current done in 1.25274 s
[CityEnergyModelInstance] execute.postprocess start ...
[CityEnergyModelInstance] exportOutputs start ...
[CityEnergyModelInstance] exportOutputs current done in 1.16886 s
[CityEnergyModelInstance] execute.postprocess current done in 1.16903 s
execute at time=82800
[CityEnergyModelInstance] execute.simulation start ...
[CityEnergyModelInstance] execute.simulation.solarMasks start ...
[CityEnergyModelInstance] execute.simulation.solarMasks current done in 0.00624013 s
[CityEnergyModelInstance] execute.simulation.buildingExecuteStep start ...
[CityEnergyModelInstance] execute.simulation.buildingExecuteStep current done in 1.39966 s
[CityEnergyModelInstance] execute.simulation current done in 1.40636 s
[CityEnergyModelInstance] execute.postprocess start ...
[CityEnergyModelInstance] exportOutputs start ...
[CityEnergyModelInstance] exportOutputs current done in 1.59503 s
[CityEnergyModelInstance] execute.postprocess current done in 1.5952 s
execute at time=86400
[CityEnergyModelInstance] execute.simulation start ...
[CityEnergyModelInstance] execute.simulation.solarMasks start ...
[CityEnergyModelInstance] execute.simulation.solarMasks current done in 0.00029356 s
[CityEnergyModelInstance] execute.simulation.buildingExecuteStep start ...
[CityEnergyModelInstance] execute.simulation.buildingExecuteStep current done in 1.57562 s
[CityEnergyModelInstance] execute.simulation current done in 1.57637 s
[CityEnergyModelInstance] execute.postprocess start ...
[CityEnergyModelInstance] exportOutputs start ...
[CityEnergyModelInstance] exportOutputs current done in 1.66136 s
[CityEnergyModelInstance] execute.postprocess current done in 1.66155 s
[CityEnergyModelInstance] execute current done in 135.413 s
   * Simulation/Setup/Translation/List non-linear iteration variables
   * Simulation/Setup/Debug/Store variables after failed initialization
     - If a failure to solve a nonlinear equation caused failed initialization.
   * The options under the group Simulation/Setup/Debug/Nonlinear solver diagnostics

  Jacobian inverse norm estimate: 10271.6
  Condition number estimate: 5109.82
  1-norm of the residual = 432470

  Last value of the solution:
  Last value of the residual:

   * Simulation/Setup/Translation/List non-linear iteration variables
   * Simulation/Setup/Debug/Store variables after failed initialization
     - If a failure to solve a nonlinear equation caused failed initialization.
   * The options under the group Simulation/Setup/Debug/Nonlinear solver diagnostics

  Jacobian inverse norm estimate: 15236
  Condition number estimate: 292.626
  1-norm of the residual = 208285

  Last value of the solution:
  Last value of the residual:

     - Likely caused by over-using noEvent.
  Especially consider the first two items above when the nonlinear solver fails during initialization.

  To get more information consider the options:
   * Simulation/Setup/Translation/Generate listing of translated Modelica code in dsmodel.mof
   * Simulation/Setup/Translation/List non-linear iteration variables
   * Simulation/Setup/Debug/Store variables after failed initialization
     - If a failure to solve a nonlinear equation caused failed initialization.
   * The options under the group Simulation/Setup/Debug/Nonlinear solver diagnostics

  Jacobian inverse norm estimate: 13317.6
  Condition number estimate: 4300.33
  1-norm of the residual = 651782

  Last value of the solution:
  Last value of the residual:

     - This may be caused by initial conditions not being fully specified, check the translation log.
     - In some cases the event-logic can cause this.
   * Starting values are too far from the solution, see homotopy in the manual.
     - In rare cases this could occur at events.
   * The equations are too discontinuous for the nonlinear solver - the residual will have knees.
     - Likely caused by over-using noEvent.
  Especially consider the first two items above when the nonlinear solver fails during initialization.

  To get more information consider the options:
   * Simulation/Setup/Translation/Generate listing of translated Modelica code in dsmodel.mof
   * Simulation/Setup/Translation/List non-linear iteration variables
   * Simulation/Setup/Debug/Store variables after failed initialization
     - If a failure to solve a nonlinear equation caused failed initialization.
   * The options under the group Simulation/Setup/Debug/Nonlinear solver diagnostics

  Jacobian inverse norm estimate: 16659.3
  Condition number estimate: 6850.03
  1-norm of the residual = 52023.2

  Last value of the solution:
  Last value of the residual:

+-------------------------------------------------------------------------------------------------------------------------------+
|                                                     City_Energy_Modeling                                                      |
+-------------------------------------------------------------------------------------------------------------------------------+
| +-------------+-------------------------------------------------------------------------------------------------------------+ |
| | logs        | /disco2fs/ehpc-dev-2024d05-047/vchabannes/apptainer_home/kub/f7b49e60/Paris_partitioned/np_384/logs         | |
| +-------------+-------------------------------------------------------------------------------------------------------------+ |
| | journal     | /disco2fs/ehpc-dev-2024d05-047/vchabannes/apptainer_home/kub/f7b49e60/Paris_partitioned/np_384/journal.json | |
| +-------------+-------------------------------------------------------------------------------------------------------------+ |
| | directories | +------------------------------------------------------------------------------------------------+          | |
| |             | | /disco2fs/ehpc-dev-2024d05-047/vchabannes/apptainer_home/kub/f7b49e60/Paris_partitioned/np_384 |          | |
| |             | +------------------------------------------------------------------------------------------------+          | |
| |             | | /disco2fs/ehpc-dev-2024d05-047/vchabannes/apptainer_home                                       |          | |
| |             | +------------------------------------------------------------------------------------------------+          | |
| +-------------+-------------------------------------------------------------------------------------------------------------+ |
+-------------------------------------------------------------------------------------------------------------------------------+

[ Stopping Feel++ ] application City_Energy_Modeling execution time 167.971s</code></pre>
</div>
</div>
</div>
</div>
<div class="sect1">
<h2 id="_feelpp_kub_cem_info"><a class="anchor" href="#_feelpp_kub_cem_info"></a>4. feelpp_kub_cem.INFO</h2>
<div class="sectionbody">
<div class="listingblock">
<div class="content">
<pre class="highlightjs highlight"><code class="language-bash hljs" data-lang="bash">Log file created at: 2025/04/04 17:17:41
Running on machine: cn0235
Log line format: [IWEF]mmdd hh:mm:ss.uuuuuu threadid file:line] msg
I0404 17:17:41.058851 120598 environment.cpp:1708] File /input_data/kub_benchmark/5km/preprocessing/partitioning/np_384/mesh.lod0.json found
I0404 17:17:41.060564 120598 loadmesh.hpp:246]  Loading mesh in json+h5 format "/input_data/kub_benchmark/5km/preprocessing/partitioning/np_384/mesh.lod0.json"
I0404 17:17:43.283509 120598 partitionio.hpp:1134] read stat points 5857551,15184,0
I0404 17:17:43.283524 120598 partitionio.hpp:1137] read stat elements 10338975,26922,0
I0404 17:17:43.283526 120598 partitionio.hpp:1140] read stat ghost_elements 1543,0,0
I0404 17:17:43.283528 120598 partitionio.hpp:1143] read stat marked_faces 1230904,3204,0
I0404 17:17:43.283530 120598 partitionio.hpp:1146] read stat marked_edges 0,0,0
I0404 17:17:43.283532 120598 partitionio.hpp:1149] read stat marked_points 0,0,0
I0404 17:17:43.283707 120598 partitionio.hpp:1168] loaded points_ids:1x5857551
I0404 17:17:43.283761 120598 partitionio.hpp:1170] loaded points_coords:1x17572653
I0404 17:17:43.390393 120598 partitionio.hpp:1267] loaded elements:1x41355900
I0404 17:17:43.467001 120598 partitionio.hpp:1373] loaded ghost_elements:1x1543
I0404 17:17:43.492211 120598 partitionio.hpp:1568] loaded marked_subentities:1x3692712
I0404 17:17:43.511621 120598 meshimpl.hpp:1411] We have 3204 faces in the database
I0404 17:17:43.555684 120598 meshimpl.hpp:1890] update boundary points...
I0404 17:17:43.556397 120598 meshimpl.hpp:1910] update boundary elements...
I0404 17:17:49.262101 120598 mpifmu.cpp:149] [mpifmu] unzipPath=/disco2fs/ehpc-dev-2024d05-047/vchabannes/apptainer_home/kub/f7b49e60/Paris_partitioned/np_384/fmus/fmi4cpp_sun using unzipPath: /disco2fs/ehpc-dev-2024d05-047/vchabannes/apptainer_home/kub/f7b49e60/Paris_partitioned/np_384/fmus/fmi4cpp_sun ,fmuName: sun
I0404 17:17:49.315584 120598 mpifmu.cpp:183] [mpifmu] Using input weather file
I0404 17:17:49.315932 120598 mpifmu.cpp:201] [mpifmu] uncompressed fmu ready for consumption
I0404 17:17:49.360410 120598 mpifmu.cpp:149] [mpifmu] unzipPath=/disco2fs/ehpc-dev-2024d05-047/vchabannes/apptainer_home/kub/f7b49e60/Paris_partitioned/np_384/fmus/fmi4cpp_lod0.buildingfloor0 using unzipPath: /disco2fs/ehpc-dev-2024d05-047/vchabannes/apptainer_home/kub/f7b49e60/Paris_partitioned/np_384/fmus/fmi4cpp_lod0.buildingfloor0 ,fmuName: lod0.buildingfloor0
I0404 17:17:49.423899 120598 mpifmu.cpp:183] [mpifmu] Using input weather file
I0404 17:17:49.424368 120598 mpifmu.cpp:201] [mpifmu] uncompressed fmu ready for consumption
I0404 17:17:49.497268 120598 mpifmu.cpp:149] [mpifmu] unzipPath=/disco2fs/ehpc-dev-2024d05-047/vchabannes/apptainer_home/kub/f7b49e60/Paris_partitioned/np_384/fmus/fmi4cpp_lod0.buildingfloor1 using unzipPath: /disco2fs/ehpc-dev-2024d05-047/vchabannes/apptainer_home/kub/f7b49e60/Paris_partitioned/np_384/fmus/fmi4cpp_lod0.buildingfloor1 ,fmuName: lod0.buildingfloor1
I0404 17:17:49.572602 120598 mpifmu.cpp:183] [mpifmu] Using input weather file
I0404 17:17:49.573061 120598 mpifmu.cpp:201] [mpifmu] uncompressed fmu ready for consumption
I0404 17:17:49.676813 120598 mpifmu.cpp:149] [mpifmu] unzipPath=/disco2fs/ehpc-dev-2024d05-047/vchabannes/apptainer_home/kub/f7b49e60/Paris_partitioned/np_384/fmus/fmi4cpp_lod0.buildingfloor2 using unzipPath: /disco2fs/ehpc-dev-2024d05-047/vchabannes/apptainer_home/kub/f7b49e60/Paris_partitioned/np_384/fmus/fmi4cpp_lod0.buildingfloor2 ,fmuName: lod0.buildingfloor2
I0404 17:17:49.757095 120598 mpifmu.cpp:183] [mpifmu] Using input weather file
I0404 17:17:49.757571 120598 mpifmu.cpp:201] [mpifmu] uncompressed fmu ready for consumption
I0404 17:17:49.897387 120598 mpifmu.cpp:149] [mpifmu] unzipPath=/disco2fs/ehpc-dev-2024d05-047/vchabannes/apptainer_home/kub/f7b49e60/Paris_partitioned/np_384/fmus/fmi4cpp_lod0.buildingfloor3 using unzipPath: /disco2fs/ehpc-dev-2024d05-047/vchabannes/apptainer_home/kub/f7b49e60/Paris_partitioned/np_384/fmus/fmi4cpp_lod0.buildingfloor3 ,fmuName: lod0.buildingfloor3
I0404 17:17:49.985093 120598 mpifmu.cpp:183] [mpifmu] Using input weather file
I0404 17:17:49.985558 120598 mpifmu.cpp:201] [mpifmu] uncompressed fmu ready for consumption
I0404 17:17:50.169279 120598 mpifmu.cpp:149] [mpifmu] unzipPath=/disco2fs/ehpc-dev-2024d05-047/vchabannes/apptainer_home/kub/f7b49e60/Paris_partitioned/np_384/fmus/fmi4cpp_lod0.buildingfloor4 using unzipPath: /disco2fs/ehpc-dev-2024d05-047/vchabannes/apptainer_home/kub/f7b49e60/Paris_partitioned/np_384/fmus/fmi4cpp_lod0.buildingfloor4 ,fmuName: lod0.buildingfloor4
I0404 17:17:50.264938 120598 mpifmu.cpp:183] [mpifmu] Using input weather file
I0404 17:17:50.265431 120598 mpifmu.cpp:201] [mpifmu] uncompressed fmu ready for consumption
I0404 17:17:50.522177 120598 mpifmu.cpp:149] [mpifmu] unzipPath=/disco2fs/ehpc-dev-2024d05-047/vchabannes/apptainer_home/kub/f7b49e60/Paris_partitioned/np_384/fmus/fmi4cpp_lod0.buildingfloor5 using unzipPath: /disco2fs/ehpc-dev-2024d05-047/vchabannes/apptainer_home/kub/f7b49e60/Paris_partitioned/np_384/fmus/fmi4cpp_lod0.buildingfloor5 ,fmuName: lod0.buildingfloor5
I0404 17:17:50.625474 120598 mpifmu.cpp:183] [mpifmu] Using input weather file
I0404 17:17:50.625993 120598 mpifmu.cpp:201] [mpifmu] uncompressed fmu ready for consumption
I0404 17:17:50.890833 120598 mpifmu.cpp:149] [mpifmu] unzipPath=/disco2fs/ehpc-dev-2024d05-047/vchabannes/apptainer_home/kub/f7b49e60/Paris_partitioned/np_384/fmus/fmi4cpp_lod0.buildingfloor6 using unzipPath: /disco2fs/ehpc-dev-2024d05-047/vchabannes/apptainer_home/kub/f7b49e60/Paris_partitioned/np_384/fmus/fmi4cpp_lod0.buildingfloor6 ,fmuName: lod0.buildingfloor6
I0404 17:17:51.001725 120598 mpifmu.cpp:183] [mpifmu] Using input weather file
I0404 17:17:51.002238 120598 mpifmu.cpp:201] [mpifmu] uncompressed fmu ready for consumption
I0404 17:17:51.353825 120598 mpifmu.cpp:149] [mpifmu] unzipPath=/disco2fs/ehpc-dev-2024d05-047/vchabannes/apptainer_home/kub/f7b49e60/Paris_partitioned/np_384/fmus/fmi4cpp_lod0.buildingfloor7 using unzipPath: /disco2fs/ehpc-dev-2024d05-047/vchabannes/apptainer_home/kub/f7b49e60/Paris_partitioned/np_384/fmus/fmi4cpp_lod0.buildingfloor7 ,fmuName: lod0.buildingfloor7
I0404 17:17:51.473508 120598 mpifmu.cpp:183] [mpifmu] Using input weather file
I0404 17:17:51.473994 120598 mpifmu.cpp:201] [mpifmu] uncompressed fmu ready for consumption
I0404 17:17:51.869041 120598 mpifmu.cpp:149] [mpifmu] unzipPath=/disco2fs/ehpc-dev-2024d05-047/vchabannes/apptainer_home/kub/f7b49e60/Paris_partitioned/np_384/fmus/fmi4cpp_lod0.buildingfloor8 using unzipPath: /disco2fs/ehpc-dev-2024d05-047/vchabannes/apptainer_home/kub/f7b49e60/Paris_partitioned/np_384/fmus/fmi4cpp_lod0.buildingfloor8 ,fmuName: lod0.buildingfloor8
I0404 17:17:51.995167 120598 mpifmu.cpp:183] [mpifmu] Using input weather file
I0404 17:17:51.995692 120598 mpifmu.cpp:201] [mpifmu] uncompressed fmu ready for consumption
I0404 17:17:52.389350 120598 mpifmu.cpp:149] [mpifmu] unzipPath=/disco2fs/ehpc-dev-2024d05-047/vchabannes/apptainer_home/kub/f7b49e60/Paris_partitioned/np_384/fmus/fmi4cpp_lod0.buildingfloor9 using unzipPath: /disco2fs/ehpc-dev-2024d05-047/vchabannes/apptainer_home/kub/f7b49e60/Paris_partitioned/np_384/fmus/fmi4cpp_lod0.buildingfloor9 ,fmuName: lod0.buildingfloor9
I0404 17:17:52.529554 120598 mpifmu.cpp:183] [mpifmu] Using input weather file
I0404 17:17:52.530071 120598 mpifmu.cpp:201] [mpifmu] uncompressed fmu ready for consumption
W0404 17:17:53.079900 120598 buildingmodel.cpp:45] [BuildingModel::Instance] building instance 82683255 not simulated
W0404 17:17:54.441633 120598 buildingmodel.cpp:45] [BuildingModel::Instance] building instance 81427748 not simulated
W0404 17:17:57.855819 120598 buildingmodel.cpp:45] [BuildingModel::Instance] building instance 80301554 not simulated
W0404 17:17:58.884887 120598 buildingmodel.cpp:45] [BuildingModel::Instance] building instance 80301562 not simulated
W0404 17:17:59.526993 120598 buildingmodel.cpp:45] [BuildingModel::Instance] building instance 70185065 not simulated
W0404 17:18:01.881837 120598 buildingmodel.cpp:45] [BuildingModel::Instance] building instance 80853681 not simulated
W0404 17:18:02.766599 120598 buildingmodel.cpp:45] [BuildingModel::Instance] building instance 80858453 not simulated
W0404 17:18:03.855265 120598 buildingmodel.cpp:45] [BuildingModel::Instance] building instance 81427772 not simulated
W0404 17:18:06.694700 120598 buildingmodel.cpp:45] [BuildingModel::Instance] building instance 81779068 not simulated
W0404 17:18:06.792953 120598 buildingmodel.cpp:45] [BuildingModel::Instance] building instance 81792454 not simulated
W0404 17:18:07.796667 120598 buildingmodel.cpp:45] [BuildingModel::Instance] building instance 81792487 not simulated
W0404 17:18:07.800405 120598 buildingmodel.cpp:45] [BuildingModel::Instance] building instance 80858512 not simulated
W0404 17:18:08.093277 120598 buildingmodel.cpp:45] [BuildingModel::Instance] building instance 81792529 not simulated
W0404 17:18:08.105619 120598 buildingmodel.cpp:45] [BuildingModel::Instance] building instance 81427630 not simulated
W0404 17:18:08.526717 120598 buildingmodel.cpp:45] [BuildingModel::Instance] building instance 81427719 not simulated
W0404 17:18:10.381219 120598 buildingmodel.cpp:45] [BuildingModel::Instance] building instance 81779162 not simulated
I0404 17:18:11.103971 120598 worldcomm.cpp:895] [rank 0] [DofTable::build] starts, has mesh support: false
I0404 17:18:11.107286 120598 worldcomm.cpp:895] [rank 0] [DofTable::buildDofMap] starts, dof_indices empty: true
I0404 17:18:11.107311 120598 worldcomm.cpp:895] [rank 0] [DofTable::buildDofMap] allocation done
I0404 17:18:11.107964 120598 worldcomm.cpp:895] [rank 0] [DofTable::buildDofMap]  n_elts =  26922 on processor 0
I0404 17:18:11.115180 120598 worldcomm.cpp:895] [rank 0] [builddofmap - 0] dof generation hasNoElt : false theFirstDF: 0 thelastDof: 26921
I0404 17:18:11.115192 120598 worldcomm.cpp:895] [rank 0] [builddofmap - 0] gather discontinuous dof info hasNoElt : false theFirstDF: 0 thelastDof: 26921
I0404 17:18:11.123292 120598 worldcomm.cpp:895] [rank 0] [DofTable::buildGhostDofMap rank=0] starts. hasMeshSupport: false
I0404 17:18:11.139408 120598 element_impl.hpp:199] creating element u : u
I0404 17:18:11.139571 120598 element_impl.hpp:199] creating element u : u
I0404 17:18:11.139770 120598 element_impl.hpp:199] creating element u : u
I0404 17:18:11.139964 120598 element_impl.hpp:199] creating element u : u
I0404 17:18:11.140134 120598 element_impl.hpp:199] creating element u : u
I0404 17:18:11.140301 120598 element_impl.hpp:199] creating element u : u
I0404 17:18:11.140461 120598 element_impl.hpp:199] creating element u : u
I0404 17:18:11.140632 120598 element_impl.hpp:199] creating element u : u
I0404 17:18:11.140805 120598 element_impl.hpp:199] creating element u : u
I0404 17:18:11.153277 120598 exporterimpl.hpp:219] [Exporter] format :  ensightgold
I0404 17:18:11.153287 120598 exporterimpl.hpp:220] [Exporter] N      :  1
I0404 17:20:27.764778 120598 environment.cpp:2423] Environment::clearSomeMemory before: PETSC get current memory usage (resident memory): 1.63258e+06  KBytes 1632.58  MBytes 1.63258 GBytes
I0404 17:20:27.765312 120598 environment.cpp:2428] Environment::clearSomeMemory before: PETSC get current PETSC Malloc usage: 0  KBytes 0 MBytes 0 GBytes
I0404 17:20:27.765323 120598 environment.cpp:2430] Environment::clearSomeMemory before: PETSC get maximum PETSC Malloc usage(largest memory ever used so far): 0  KBytes 0 MBytes 0 GBytes
I0404 17:20:27.765363 120598 environment.cpp:2423] Environment::clearSomeMemory after: PETSC get current memory usage (resident memory): 1.63258e+06  KBytes 1632.58  MBytes 1.63258 GBytes
I0404 17:20:27.765372 120598 environment.cpp:2428] Environment::clearSomeMemory after: PETSC get current PETSC Malloc usage: 0  KBytes 0 MBytes 0 GBytes
I0404 17:20:27.765379 120598 environment.cpp:2430] Environment::clearSomeMemory after: PETSC get maximum PETSC Malloc usage(largest memory ever used so far): 0  KBytes 0 MBytes 0 GBytes</code></pre>
</div>
</div>
</div>
</div>
<div class="sect1">
<h2 id="_feelpp_kub_cem_warning"><a class="anchor" href="#_feelpp_kub_cem_warning"></a>5. feelpp_kub_cem.WARNING</h2>
<div class="sectionbody">
<div class="listingblock">
<div class="content">
<pre class="highlightjs highlight"><code class="language-bash hljs" data-lang="bash">Log file created at: 2025/04/04 17:17:53
Running on machine: cn0235
Log line format: [IWEF]mmdd hh:mm:ss.uuuuuu threadid file:line] msg
W0404 17:17:53.079900 120598 buildingmodel.cpp:45] [BuildingModel::Instance] building instance 82683255 not simulated
W0404 17:17:54.441633 120598 buildingmodel.cpp:45] [BuildingModel::Instance] building instance 81427748 not simulated
W0404 17:17:57.855819 120598 buildingmodel.cpp:45] [BuildingModel::Instance] building instance 80301554 not simulated
W0404 17:17:58.884887 120598 buildingmodel.cpp:45] [BuildingModel::Instance] building instance 80301562 not simulated
W0404 17:17:59.526993 120598 buildingmodel.cpp:45] [BuildingModel::Instance] building instance 70185065 not simulated
W0404 17:18:01.881837 120598 buildingmodel.cpp:45] [BuildingModel::Instance] building instance 80853681 not simulated
W0404 17:18:02.766599 120598 buildingmodel.cpp:45] [BuildingModel::Instance] building instance 80858453 not simulated
W0404 17:18:03.855265 120598 buildingmodel.cpp:45] [BuildingModel::Instance] building instance 81427772 not simulated
W0404 17:18:06.694700 120598 buildingmodel.cpp:45] [BuildingModel::Instance] building instance 81779068 not simulated
W0404 17:18:06.792953 120598 buildingmodel.cpp:45] [BuildingModel::Instance] building instance 81792454 not simulated
W0404 17:18:07.796667 120598 buildingmodel.cpp:45] [BuildingModel::Instance] building instance 81792487 not simulated
W0404 17:18:07.800405 120598 buildingmodel.cpp:45] [BuildingModel::Instance] building instance 80858512 not simulated
W0404 17:18:08.093277 120598 buildingmodel.cpp:45] [BuildingModel::Instance] building instance 81792529 not simulated
W0404 17:18:08.105619 120598 buildingmodel.cpp:45] [BuildingModel::Instance] building instance 81427630 not simulated
W0404 17:18:08.526717 120598 buildingmodel.cpp:45] [BuildingModel::Instance] building instance 81427719 not simulated
W0404 17:18:10.381219 120598 buildingmodel.cpp:45] [BuildingModel::Instance] building instance 81779162 not simulated</code></pre>
</div>
</div>
</div>
</div>
</article>
  </div>
</main>
</div>
<footer class="footer" style="border-top: 2px solid #e9e9e9; background-color: #fafafa; padding-bottom: 2em; padding-top: 2em;">
    <div class="container" style="display: flex; flex-direction: column; align-items: center; gap: 0.5em;">
        <div>
            <a href="https://www.cemosis.fr">
                <img src="../../../../../../_/img/cemosis-logo.svg" alt="Cemosis logo" height="50">
            </a>
        </div>
        <span style="font-size: 0.8rem; color: #9e9e9e"> 2025 <a href="https://www.cemosis.fr" style="text-decoration: underline;">Cemosis</a>, Universit de Strasbourg</span>
    </div>
</footer>
<script id="site-script" src="../../../../../../_/js/site.js" data-ui-root-path="../../../../../../_"></script>


<script async src="../../../../../../_/js/vendor/fontawesome-icon-defs.js"></script>
<script async src="../../../../../../_/js/vendor/fontawesome.js"></script>
<script async src="../../../../../../_/js/vendor/highlight.js"></script>


<script type="text/javascript">
function toggleFullScreen() {
   var doc = window.document;
   var docEl = doc.documentElement;

   var requestFullScreen = docEl.requestFullscreen || docEl.mozRequestFullScreen || docEl.webkitRequestFullScreen || docEl.msRequestFullscreen;
   var cancelFullScreen = doc.exitFullscreen || doc.mozCancelFullScreen || doc.webkitExitFullscreen || doc.msExitFullscreen;

   if(!doc.fullscreenElement && !doc.mozFullScreenElement && !doc.webkitFullscreenElement && !doc.msFullscreenElement) {
       requestFullScreen.call(docEl);
   }
   else {
       cancelFullScreen.call(doc);
   }
}
</script>
  </body>
</html>
